Jul 13, 2018 4:19:11 PM eu.bavenir.ogwapi.App initialize
CONFIG: Log file: log/18-07-13T16_19_11.553-gateway.log
Jul 13, 2018 4:19:11 PM eu.bavenir.ogwapi.App main
FINE: Vicinity Gateway API initialized.
Jul 13, 2018 4:19:11 PM eu.bavenir.ogwapi.App main
FINE: API thread started.
Jul 13, 2018 4:19:11 PM eu.bavenir.ogwapi.restapi.RestletThread run
CONFIG: HTTP server configured.
Jul 13, 2018 4:19:11 PM eu.bavenir.ogwapi.restapi.Api configureChallengeScheme
CONFIG: HTTP Basic challenge authentication scheme configured.
Jul 13, 2018 4:19:11 PM org.restlet.Application start
INFO: Starting eu.bavenir.ogwapi.restapi.Api application
Jul 13, 2018 4:19:11 PM org.restlet.engine.application.ApplicationHelper start
FINE: By default, an application should be attached to a parent component in order to let application's outbound root handle calls properly.
Jul 13, 2018 4:19:11 PM eu.bavenir.ogwapi.restapi.RestletThread run
FINE: HTTP server component started.
Jul 13, 2018 4:19:50 PM eu.bavenir.ogwapi.commons.CommunicationManager isConnected
WARNING: Null record in the connection descriptor pool. Object ID: 'test_vcnt0'.
Jul 13, 2018 4:19:50 PM eu.bavenir.ogwapi.commons.connectors.http.RestAgentConnector <init>
CONFIG: HTTPS protocol disabled for Agent communication
Jul 13, 2018 4:19:50 PM eu.bavenir.ogwapi.commons.engines.xmpp.XmppMessageEngine buildNewConnection
CONFIG: Creating a new connection to XMPP server 'commserver.bavenir.eu:5222' as 'test_vcnt0@vicinity.eu'
Jul 13, 2018 4:19:50 PM eu.bavenir.ogwapi.commons.engines.xmpp.XmppMessageEngine buildNewConnection
CONFIG: XMPP SECURE CONNECTION IS DISABLED.
Jul 13, 2018 4:19:51 PM eu.bavenir.ogwapi.commons.CommunicationManager establishConnection
INFO: Connection for 'test_vcnt0' was established.
Jul 13, 2018 4:19:51 PM eu.bavenir.ogwapi.commons.CommunicationManager establishConnection
FINEST: A new connection for 'test_vcnt0' was added into connection pool.
Jul 13, 2018 4:19:51 PM eu.bavenir.ogwapi.restapi.security.AuthenticationVerifier verify
FINE: Valid credentials received from a client with IP 127.0.0.1.
Jul 13, 2018 4:19:51 PM org.restlet.security.ChallengeAuthenticator authenticate
FINE: Authentication succeeded. Valid credentials provided for identifier: test_vcnt0.
Jul 13, 2018 4:19:51 PM org.restlet.security.Authenticator authenticated
FINE: The authentication succeeded for the identifer "test_vcnt0" using the HTTP_Basic scheme.
Jul 13, 2018 4:19:51 PM org.restlet.routing.TemplateRoute score
FINER: Call score for the "/objects/login" URI pattern: 0.0
Jul 13, 2018 4:19:51 PM org.restlet.routing.TemplateRoute score
FINER: Call score for the "/objects/logout" URI pattern: 0.0
Jul 13, 2018 4:19:51 PM org.restlet.routing.TemplateRoute score
FINER: Call score for the "/objects/{oid}/properties" URI pattern: 0.0
Jul 13, 2018 4:19:51 PM org.restlet.routing.TemplateRoute score
FINER: Call score for the "/objects/{oid}/properties/{pid}" URI pattern: 0.0
Jul 13, 2018 4:19:51 PM org.restlet.routing.TemplateRoute score
FINER: Call score for the "/objects/{oid}/actions" URI pattern: 0.0
Jul 13, 2018 4:19:51 PM org.restlet.routing.TemplateRoute score
FINER: Call score for the "/objects/{oid}/actions/{aid}" URI pattern: 1.0
Jul 13, 2018 4:19:51 PM org.restlet.routing.Router logRoute
FINE: Selected route: "/objects/{oid}/actions/{aid}" -> Finder for ObjectsOidActionsAid
Jul 13, 2018 4:19:51 PM org.restlet.routing.TemplateRoute beforeHandle
FINER: 40 characters were matched
Jul 13, 2018 4:19:51 PM org.restlet.routing.TemplateRoute beforeHandle
FINE: New base URI: "http://localhost:8181/api/objects/org1dev1/actions/device-1-aid-1". No remaining part to match
Jul 13, 2018 4:19:51 PM org.restlet.routing.TemplateRoute beforeHandle
FINER: Delegating the call to the target Restlet
Jul 13, 2018 4:19:51 PM org.restlet.engine.application.StrictConneg scoreAnnotation
FINE: Score of annotation "MethodAnnotationInfo [javaMethod: public org.restlet.representation.Representation eu.bavenir.ogwapi.restapi.services.ObjectsOidActionsAid.accept(org.restlet.representation.Representation), javaClass: class eu.bavenir.ogwapi.restapi.services.ObjectsOidActionsAid, restletMethod: POST, input: json, value: json, output: json, query: null]"= 0.5
Jul 13, 2018 4:19:51 PM org.restlet.engine.application.StrictConneg scoreVariant
FINE: Total score of variant "[application/json]"= 0.08383334
Jul 13, 2018 4:19:51 PM org.restlet.service.ConverterService toObject
FINE: The following converter was selected for the [application/json] representation: org.restlet.engine.converter.DefaultConverter@6b9c1b89
Jul 13, 2018 4:19:56 PM eu.bavenir.ogwapi.commons.ConnectionDescriptor startAction
INFO: Destination object org1dev1 is not online.
Jul 13, 2018 4:19:56 PM org.restlet.service.ConverterService toRepresentation
FINE: Converter selected for JsonRepresentation: DefaultConverter
Jul 13, 2018 4:20:03 PM eu.bavenir.ogwapi.restapi.security.AuthenticationVerifier verify
FINE: Valid credentials received from a client with IP 127.0.0.1.
Jul 13, 2018 4:20:03 PM org.restlet.security.ChallengeAuthenticator authenticate
FINE: Authentication succeeded. Valid credentials provided for identifier: test_vcnt0.
Jul 13, 2018 4:20:03 PM org.restlet.security.Authenticator authenticated
FINE: The authentication succeeded for the identifer "test_vcnt0" using the HTTP_Basic scheme.
Jul 13, 2018 4:20:03 PM org.restlet.routing.TemplateRoute score
FINER: Call score for the "/objects/login" URI pattern: 0.0
Jul 13, 2018 4:20:03 PM org.restlet.routing.TemplateRoute score
FINER: Call score for the "/objects/logout" URI pattern: 0.0
Jul 13, 2018 4:20:03 PM org.restlet.routing.TemplateRoute score
FINER: Call score for the "/objects/{oid}/properties" URI pattern: 0.0
Jul 13, 2018 4:20:03 PM org.restlet.routing.TemplateRoute score
FINER: Call score for the "/objects/{oid}/properties/{pid}" URI pattern: 0.0
Jul 13, 2018 4:20:03 PM org.restlet.routing.TemplateRoute score
FINER: Call score for the "/objects/{oid}/actions" URI pattern: 0.0
Jul 13, 2018 4:20:03 PM org.restlet.routing.TemplateRoute score
FINER: Call score for the "/objects/{oid}/actions/{aid}" URI pattern: 1.0
Jul 13, 2018 4:20:03 PM org.restlet.routing.Router logRoute
FINE: Selected route: "/objects/{oid}/actions/{aid}" -> Finder for ObjectsOidActionsAid
Jul 13, 2018 4:20:03 PM org.restlet.routing.TemplateRoute beforeHandle
FINER: 40 characters were matched
Jul 13, 2018 4:20:03 PM org.restlet.routing.TemplateRoute beforeHandle
FINE: New base URI: "http://localhost:8181/api/objects/org1dev1/actions/device-1-aid-1". No remaining part to match
Jul 13, 2018 4:20:03 PM org.restlet.routing.TemplateRoute beforeHandle
FINER: Delegating the call to the target Restlet
Jul 13, 2018 4:20:03 PM org.restlet.engine.application.StrictConneg scoreAnnotation
FINE: Score of annotation "MethodAnnotationInfo [javaMethod: public org.restlet.representation.Representation eu.bavenir.ogwapi.restapi.services.ObjectsOidActionsAid.accept(org.restlet.representation.Representation), javaClass: class eu.bavenir.ogwapi.restapi.services.ObjectsOidActionsAid, restletMethod: POST, input: json, value: json, output: json, query: null]"= 0.5
Jul 13, 2018 4:20:03 PM org.restlet.engine.application.StrictConneg scoreVariant
FINE: Total score of variant "[application/json]"= 0.08383334
Jul 13, 2018 4:20:03 PM org.restlet.service.ConverterService toObject
FINE: The following converter was selected for the [application/json] representation: org.restlet.engine.converter.DefaultConverter@6b9c1b89
Jul 13, 2018 4:20:03 PM eu.bavenir.ogwapi.commons.ConnectionDescriptor processIncommingMessage
FINEST: New message from org1dev1: {"messageType":2,"requestId":950446051,"responseCode":0,"responseCodeReason":null,"responseBody":"{\"error\":false,\"message\":[{\"startAction\":\"success\"},{\"taskID\":\"50368ae0-660f-4a0b-8c8e-a1f449ad365c\"}]}"}
Jul 13, 2018 4:20:03 PM eu.bavenir.ogwapi.commons.ConnectionDescriptor processIncommingMessage
FINEST: This message is a response. Adding to incoming queue - message count: 0
Jul 13, 2018 4:20:03 PM org.restlet.service.ConverterService toRepresentation
FINE: Converter selected for JsonRepresentation: DefaultConverter
Jul 13, 2018 4:21:19 PM eu.bavenir.ogwapi.restapi.security.AuthenticationVerifier verify
FINE: Valid credentials received from a client with IP 127.0.0.1.
Jul 13, 2018 4:21:19 PM org.restlet.security.ChallengeAuthenticator authenticate
FINE: Authentication succeeded. Valid credentials provided for identifier: test_vcnt0.
Jul 13, 2018 4:21:19 PM org.restlet.security.Authenticator authenticated
FINE: The authentication succeeded for the identifer "test_vcnt0" using the HTTP_Basic scheme.
Jul 13, 2018 4:21:19 PM org.restlet.routing.TemplateRoute score
FINER: Call score for the "/objects/login" URI pattern: 0.0
Jul 13, 2018 4:21:19 PM org.restlet.routing.TemplateRoute score
FINER: Call score for the "/objects/logout" URI pattern: 0.0
Jul 13, 2018 4:21:19 PM org.restlet.routing.TemplateRoute score
FINER: Call score for the "/objects/{oid}/properties" URI pattern: 0.0
Jul 13, 2018 4:21:19 PM org.restlet.routing.TemplateRoute score
FINER: Call score for the "/objects/{oid}/properties/{pid}" URI pattern: 0.0
Jul 13, 2018 4:21:19 PM org.restlet.routing.TemplateRoute score
FINER: Call score for the "/objects/{oid}/actions" URI pattern: 0.0
Jul 13, 2018 4:21:19 PM org.restlet.routing.TemplateRoute score
FINER: Call score for the "/objects/{oid}/actions/{aid}" URI pattern: 1.0
Jul 13, 2018 4:21:19 PM org.restlet.routing.Router logRoute
FINE: Selected route: "/objects/{oid}/actions/{aid}" -> Finder for ObjectsOidActionsAid
Jul 13, 2018 4:21:19 PM org.restlet.routing.TemplateRoute beforeHandle
FINER: 40 characters were matched
Jul 13, 2018 4:21:19 PM org.restlet.routing.TemplateRoute beforeHandle
FINE: New base URI: "http://localhost:8181/api/objects/org1dev1/actions/device-1-aid-1". No remaining part to match
Jul 13, 2018 4:21:19 PM org.restlet.routing.TemplateRoute beforeHandle
FINER: Delegating the call to the target Restlet
Jul 13, 2018 4:21:19 PM org.restlet.engine.application.StrictConneg scoreAnnotation
FINE: Score of annotation "MethodAnnotationInfo [javaMethod: public org.restlet.representation.Representation eu.bavenir.ogwapi.restapi.services.ObjectsOidActionsAid.accept(org.restlet.representation.Representation), javaClass: class eu.bavenir.ogwapi.restapi.services.ObjectsOidActionsAid, restletMethod: POST, input: json, value: json, output: json, query: null]"= 0.5
Jul 13, 2018 4:21:19 PM org.restlet.engine.application.StrictConneg scoreVariant
FINE: Total score of variant "[application/json]"= 0.08383334
Jul 13, 2018 4:21:19 PM org.restlet.service.ConverterService toObject
FINE: The following converter was selected for the [application/json] representation: org.restlet.engine.converter.DefaultConverter@6b9c1b89
Jul 13, 2018 4:21:19 PM eu.bavenir.ogwapi.commons.ConnectionDescriptor processIncommingMessage
FINEST: New message from org1dev1: {"messageType":2,"requestId":609452753,"responseCode":0,"responseCodeReason":null,"responseBody":"{\"error\":false,\"message\":[{\"startAction\":\"success\"},{\"taskID\":\"a2e9887b-eb66-4f60-9e4a-9e4c68644bcd\"}]}"}
Jul 13, 2018 4:21:19 PM eu.bavenir.ogwapi.commons.ConnectionDescriptor processIncommingMessage
FINEST: This message is a response. Adding to incoming queue - message count: 0
Jul 13, 2018 4:21:19 PM org.restlet.service.ConverterService toRepresentation
FINE: Converter selected for JsonRepresentation: DefaultConverter
Jul 13, 2018 4:21:39 PM eu.bavenir.ogwapi.restapi.security.AuthenticationVerifier verify
FINE: Valid credentials received from a client with IP 127.0.0.1.
Jul 13, 2018 4:21:39 PM org.restlet.security.ChallengeAuthenticator authenticate
FINE: Authentication succeeded. Valid credentials provided for identifier: test_vcnt0.
Jul 13, 2018 4:21:39 PM org.restlet.security.Authenticator authenticated
FINE: The authentication succeeded for the identifer "test_vcnt0" using the HTTP_Basic scheme.
Jul 13, 2018 4:21:39 PM org.restlet.routing.TemplateRoute score
FINER: Call score for the "/objects/login" URI pattern: 0.0
Jul 13, 2018 4:21:39 PM org.restlet.routing.TemplateRoute score
FINER: Call score for the "/objects/logout" URI pattern: 0.0
Jul 13, 2018 4:21:39 PM org.restlet.routing.TemplateRoute score
FINER: Call score for the "/objects/{oid}/properties" URI pattern: 0.0
Jul 13, 2018 4:21:39 PM org.restlet.routing.TemplateRoute score
FINER: Call score for the "/objects/{oid}/properties/{pid}" URI pattern: 0.0
Jul 13, 2018 4:21:39 PM org.restlet.routing.TemplateRoute score
FINER: Call score for the "/objects/{oid}/actions" URI pattern: 0.0
Jul 13, 2018 4:21:39 PM org.restlet.routing.TemplateRoute score
FINER: Call score for the "/objects/{oid}/actions/{aid}" URI pattern: 1.0
Jul 13, 2018 4:21:39 PM org.restlet.routing.Router logRoute
FINE: Selected route: "/objects/{oid}/actions/{aid}" -> Finder for ObjectsOidActionsAid
Jul 13, 2018 4:21:39 PM org.restlet.routing.TemplateRoute beforeHandle
FINER: 40 characters were matched
Jul 13, 2018 4:21:39 PM org.restlet.routing.TemplateRoute beforeHandle
FINE: New base URI: "http://localhost:8181/api/objects/org1dev1/actions/device-1-aid-1". No remaining part to match
Jul 13, 2018 4:21:39 PM org.restlet.routing.TemplateRoute beforeHandle
FINER: Delegating the call to the target Restlet
Jul 13, 2018 4:21:39 PM org.restlet.engine.application.StrictConneg scoreAnnotation
FINE: Score of annotation "MethodAnnotationInfo [javaMethod: public org.restlet.representation.Representation eu.bavenir.ogwapi.restapi.services.ObjectsOidActionsAid.accept(org.restlet.representation.Representation), javaClass: class eu.bavenir.ogwapi.restapi.services.ObjectsOidActionsAid, restletMethod: POST, input: json, value: json, output: json, query: null]"= 0.5
Jul 13, 2018 4:21:39 PM org.restlet.engine.application.StrictConneg scoreVariant
FINE: Total score of variant "[application/json]"= 0.08383334
Jul 13, 2018 4:21:39 PM org.restlet.service.ConverterService toObject
FINE: The following converter was selected for the [application/json] representation: org.restlet.engine.converter.DefaultConverter@6b9c1b89
Jul 13, 2018 4:21:39 PM eu.bavenir.ogwapi.commons.ConnectionDescriptor processIncommingMessage
FINEST: New message from org1dev1: {"messageType":2,"requestId":255137428,"responseCode":0,"responseCodeReason":null,"responseBody":"{\"error\":false,\"message\":[{\"startAction\":\"success\"},{\"taskID\":\"678806ac-129c-4b17-b511-cb00c42c03c3\"}]}"}
Jul 13, 2018 4:21:39 PM eu.bavenir.ogwapi.commons.ConnectionDescriptor processIncommingMessage
FINEST: This message is a response. Adding to incoming queue - message count: 0
Jul 13, 2018 4:21:39 PM org.restlet.service.ConverterService toRepresentation
FINE: Converter selected for JsonRepresentation: DefaultConverter
Jul 13, 2018 4:23:30 PM eu.bavenir.ogwapi.restapi.security.AuthenticationVerifier verify
FINE: Valid credentials received from a client with IP 127.0.0.1.
Jul 13, 2018 4:23:30 PM org.restlet.security.ChallengeAuthenticator authenticate
FINE: Authentication succeeded. Valid credentials provided for identifier: test_vcnt0.
Jul 13, 2018 4:23:30 PM org.restlet.security.Authenticator authenticated
FINE: The authentication succeeded for the identifer "test_vcnt0" using the HTTP_Basic scheme.
Jul 13, 2018 4:23:30 PM org.restlet.routing.TemplateRoute score
FINER: Call score for the "/objects/login" URI pattern: 0.0
Jul 13, 2018 4:23:30 PM org.restlet.routing.TemplateRoute score
FINER: Call score for the "/objects/logout" URI pattern: 0.0
Jul 13, 2018 4:23:30 PM org.restlet.routing.TemplateRoute score
FINER: Call score for the "/objects/{oid}/properties" URI pattern: 0.0
Jul 13, 2018 4:23:30 PM org.restlet.routing.TemplateRoute score
FINER: Call score for the "/objects/{oid}/properties/{pid}" URI pattern: 0.0
Jul 13, 2018 4:23:30 PM org.restlet.routing.TemplateRoute score
FINER: Call score for the "/objects/{oid}/actions" URI pattern: 0.0
Jul 13, 2018 4:23:30 PM org.restlet.routing.TemplateRoute score
FINER: Call score for the "/objects/{oid}/actions/{aid}" URI pattern: 0.0
Jul 13, 2018 4:23:30 PM org.restlet.routing.TemplateRoute score
FINER: Call score for the "/objects/{oid}/actions/{aid}/tasks/{tid}" URI pattern: 1.0
Jul 13, 2018 4:23:30 PM org.restlet.routing.Router logRoute
FINE: Selected route: "/objects/{oid}/actions/{aid}/tasks/{tid}" -> Finder for ObjectsOidActionsAidTasksTid
Jul 13, 2018 4:23:30 PM org.restlet.routing.TemplateRoute beforeHandle
FINER: 83 characters were matched
Jul 13, 2018 4:23:30 PM org.restlet.routing.TemplateRoute beforeHandle
FINE: New base URI: "http://localhost:8181/api/objects/org1dev1/actions/device-1-aid-1/tasks/50368ae0-660f-4a0b-8c8e-a1f449ad365c". No remaining part to match
Jul 13, 2018 4:23:30 PM org.restlet.routing.TemplateRoute beforeHandle
FINER: Delegating the call to the target Restlet
Jul 13, 2018 4:23:30 PM org.restlet.engine.application.StrictConneg scoreAnnotation
FINE: Score of annotation "MethodAnnotationInfo [javaMethod: public org.restlet.representation.Representation eu.bavenir.ogwapi.restapi.services.ObjectsOidActionsAidTasksTid.represent(), javaClass: class eu.bavenir.ogwapi.restapi.services.ObjectsOidActionsAidTasksTid, restletMethod: GET, input: null, value: null, output: null, query: null]"= 0.5
Jul 13, 2018 4:23:30 PM org.restlet.engine.application.StrictConneg scoreVariant
FINE: Total score of variant "[*/*]"= 0.041791666
Jul 13, 2018 4:23:30 PM eu.bavenir.ogwapi.commons.ConnectionDescriptor processIncommingMessage
FINEST: New message from org1dev1: {"messageType":2,"requestId":800637245,"responseCode":0,"responseCodeReason":null,"responseBody":"{\"error\":false,\"message\":[{\"taskStatus\":\"finished\"},{\"returnValue\":\"{\\n\\t\\\"value\\\": \\\"computed\\\"\\n}\"}]}"}
Jul 13, 2018 4:23:30 PM eu.bavenir.ogwapi.commons.ConnectionDescriptor processIncommingMessage
FINEST: This message is a response. Adding to incoming queue - message count: 0
Jul 13, 2018 4:23:30 PM org.restlet.service.ConverterService toRepresentation
FINE: Converter selected for JsonRepresentation: DefaultConverter
Jul 13, 2018 4:24:04 PM eu.bavenir.ogwapi.restapi.security.AuthenticationVerifier verify
FINE: Valid credentials received from a client with IP 127.0.0.1.
Jul 13, 2018 4:24:04 PM org.restlet.security.ChallengeAuthenticator authenticate
FINE: Authentication succeeded. Valid credentials provided for identifier: test_vcnt0.
Jul 13, 2018 4:24:04 PM org.restlet.security.Authenticator authenticated
FINE: The authentication succeeded for the identifer "test_vcnt0" using the HTTP_Basic scheme.
Jul 13, 2018 4:24:04 PM org.restlet.routing.TemplateRoute score
FINER: Call score for the "/objects/login" URI pattern: 0.0
Jul 13, 2018 4:24:04 PM org.restlet.routing.TemplateRoute score
FINER: Call score for the "/objects/logout" URI pattern: 0.0
Jul 13, 2018 4:24:04 PM org.restlet.routing.TemplateRoute score
FINER: Call score for the "/objects/{oid}/properties" URI pattern: 0.0
Jul 13, 2018 4:24:04 PM org.restlet.routing.TemplateRoute score
FINER: Call score for the "/objects/{oid}/properties/{pid}" URI pattern: 0.0
Jul 13, 2018 4:24:04 PM org.restlet.routing.TemplateRoute score
FINER: Call score for the "/objects/{oid}/actions" URI pattern: 0.0
Jul 13, 2018 4:24:04 PM org.restlet.routing.TemplateRoute score
FINER: Call score for the "/objects/{oid}/actions/{aid}" URI pattern: 0.0
Jul 13, 2018 4:24:04 PM org.restlet.routing.TemplateRoute score
FINER: Call score for the "/objects/{oid}/actions/{aid}/tasks/{tid}" URI pattern: 1.0
Jul 13, 2018 4:24:04 PM org.restlet.routing.Router logRoute
FINE: Selected route: "/objects/{oid}/actions/{aid}/tasks/{tid}" -> Finder for ObjectsOidActionsAidTasksTid
Jul 13, 2018 4:24:04 PM org.restlet.routing.TemplateRoute beforeHandle
FINER: 83 characters were matched
Jul 13, 2018 4:24:04 PM org.restlet.routing.TemplateRoute beforeHandle
FINE: New base URI: "http://localhost:8181/api/objects/org1dev1/actions/device-1-aid-1/tasks/a2e9887b-eb66-4f60-9e4a-9e4c68644bcd". No remaining part to match
Jul 13, 2018 4:24:04 PM org.restlet.routing.TemplateRoute beforeHandle
FINER: Delegating the call to the target Restlet
Jul 13, 2018 4:24:04 PM org.restlet.engine.application.StrictConneg scoreAnnotation
FINE: Score of annotation "MethodAnnotationInfo [javaMethod: public org.restlet.representation.Representation eu.bavenir.ogwapi.restapi.services.ObjectsOidActionsAidTasksTid.represent(), javaClass: class eu.bavenir.ogwapi.restapi.services.ObjectsOidActionsAidTasksTid, restletMethod: GET, input: null, value: null, output: null, query: null]"= 0.5
Jul 13, 2018 4:24:04 PM org.restlet.engine.application.StrictConneg scoreVariant
FINE: Total score of variant "[*/*]"= 0.041791666
Jul 13, 2018 4:24:04 PM eu.bavenir.ogwapi.commons.ConnectionDescriptor processIncommingMessage
FINEST: New message from org1dev1: {"messageType":2,"requestId":1889082771,"responseCode":0,"responseCodeReason":null,"responseBody":"{\"error\":false,\"message\":[{\"taskStatus\":\"running\"},{\"returnValue\":null}]}"}
Jul 13, 2018 4:24:04 PM eu.bavenir.ogwapi.commons.ConnectionDescriptor processIncommingMessage
FINEST: This message is a response. Adding to incoming queue - message count: 0
Jul 13, 2018 4:24:04 PM org.restlet.service.ConverterService toRepresentation
FINE: Converter selected for JsonRepresentation: DefaultConverter
Jul 13, 2018 4:24:27 PM eu.bavenir.ogwapi.restapi.security.AuthenticationVerifier verify
FINE: Valid credentials received from a client with IP 127.0.0.1.
Jul 13, 2018 4:24:27 PM org.restlet.security.ChallengeAuthenticator authenticate
FINE: Authentication succeeded. Valid credentials provided for identifier: test_vcnt0.
Jul 13, 2018 4:24:27 PM org.restlet.security.Authenticator authenticated
FINE: The authentication succeeded for the identifer "test_vcnt0" using the HTTP_Basic scheme.
Jul 13, 2018 4:24:27 PM org.restlet.routing.TemplateRoute score
FINER: Call score for the "/objects/login" URI pattern: 0.0
Jul 13, 2018 4:24:27 PM org.restlet.routing.TemplateRoute score
FINER: Call score for the "/objects/logout" URI pattern: 0.0
Jul 13, 2018 4:24:27 PM org.restlet.routing.TemplateRoute score
FINER: Call score for the "/objects/{oid}/properties" URI pattern: 0.0
Jul 13, 2018 4:24:27 PM org.restlet.routing.TemplateRoute score
FINER: Call score for the "/objects/{oid}/properties/{pid}" URI pattern: 0.0
Jul 13, 2018 4:24:27 PM org.restlet.routing.TemplateRoute score
FINER: Call score for the "/objects/{oid}/actions" URI pattern: 0.0
Jul 13, 2018 4:24:27 PM org.restlet.routing.TemplateRoute score
FINER: Call score for the "/objects/{oid}/actions/{aid}" URI pattern: 0.0
Jul 13, 2018 4:24:27 PM org.restlet.routing.TemplateRoute score
FINER: Call score for the "/objects/{oid}/actions/{aid}/tasks/{tid}" URI pattern: 1.0
Jul 13, 2018 4:24:27 PM org.restlet.routing.Router logRoute
FINE: Selected route: "/objects/{oid}/actions/{aid}/tasks/{tid}" -> Finder for ObjectsOidActionsAidTasksTid
Jul 13, 2018 4:24:27 PM org.restlet.routing.TemplateRoute beforeHandle
FINER: 83 characters were matched
Jul 13, 2018 4:24:27 PM org.restlet.routing.TemplateRoute beforeHandle
FINE: New base URI: "http://localhost:8181/api/objects/org1dev1/actions/device-1-aid-1/tasks/a2e9887b-eb66-4f60-9e4a-9e4c68644bcd". No remaining part to match
Jul 13, 2018 4:24:27 PM org.restlet.routing.TemplateRoute beforeHandle
FINER: Delegating the call to the target Restlet
Jul 13, 2018 4:24:27 PM org.restlet.engine.application.StrictConneg scoreAnnotation
FINE: Score of annotation "MethodAnnotationInfo [javaMethod: public org.restlet.representation.Representation eu.bavenir.ogwapi.restapi.services.ObjectsOidActionsAidTasksTid.represent(), javaClass: class eu.bavenir.ogwapi.restapi.services.ObjectsOidActionsAidTasksTid, restletMethod: GET, input: null, value: null, output: null, query: null]"= 0.5
Jul 13, 2018 4:24:27 PM org.restlet.engine.application.StrictConneg scoreVariant
FINE: Total score of variant "[*/*]"= 0.041791666
Jul 13, 2018 4:24:27 PM eu.bavenir.ogwapi.commons.ConnectionDescriptor processIncommingMessage
FINEST: New message from org1dev1: {"messageType":2,"requestId":2005821776,"responseCode":0,"responseCodeReason":null,"responseBody":"{\"error\":false,\"message\":[{\"taskStatus\":\"running\"},{\"returnValue\":\"{\\n\\t\\\"value\\\": \\\"computing\\\"\\n}\"}]}"}
Jul 13, 2018 4:24:27 PM eu.bavenir.ogwapi.commons.ConnectionDescriptor processIncommingMessage
FINEST: This message is a response. Adding to incoming queue - message count: 0
Jul 13, 2018 4:24:27 PM org.restlet.service.ConverterService toRepresentation
FINE: Converter selected for JsonRepresentation: DefaultConverter
Jul 13, 2018 4:25:41 PM eu.bavenir.ogwapi.restapi.security.AuthenticationVerifier verify
FINE: Valid credentials received from a client with IP 127.0.0.1.
Jul 13, 2018 4:25:41 PM org.restlet.security.ChallengeAuthenticator authenticate
FINE: Authentication succeeded. Valid credentials provided for identifier: test_vcnt0.
Jul 13, 2018 4:25:41 PM org.restlet.security.Authenticator authenticated
FINE: The authentication succeeded for the identifer "test_vcnt0" using the HTTP_Basic scheme.
Jul 13, 2018 4:25:41 PM org.restlet.routing.TemplateRoute score
FINER: Call score for the "/objects/login" URI pattern: 0.0
Jul 13, 2018 4:25:41 PM org.restlet.routing.TemplateRoute score
FINER: Call score for the "/objects/logout" URI pattern: 0.0
Jul 13, 2018 4:25:41 PM org.restlet.routing.TemplateRoute score
FINER: Call score for the "/objects/{oid}/properties" URI pattern: 0.0
Jul 13, 2018 4:25:41 PM org.restlet.routing.TemplateRoute score
FINER: Call score for the "/objects/{oid}/properties/{pid}" URI pattern: 0.0
Jul 13, 2018 4:25:41 PM org.restlet.routing.TemplateRoute score
FINER: Call score for the "/objects/{oid}/actions" URI pattern: 0.0
Jul 13, 2018 4:25:41 PM org.restlet.routing.TemplateRoute score
FINER: Call score for the "/objects/{oid}/actions/{aid}" URI pattern: 0.0
Jul 13, 2018 4:25:41 PM org.restlet.routing.TemplateRoute score
FINER: Call score for the "/objects/{oid}/actions/{aid}/tasks/{tid}" URI pattern: 1.0
Jul 13, 2018 4:25:41 PM org.restlet.routing.Router logRoute
FINE: Selected route: "/objects/{oid}/actions/{aid}/tasks/{tid}" -> Finder for ObjectsOidActionsAidTasksTid
Jul 13, 2018 4:25:41 PM org.restlet.routing.TemplateRoute beforeHandle
FINER: 83 characters were matched
Jul 13, 2018 4:25:41 PM org.restlet.routing.TemplateRoute beforeHandle
FINE: New base URI: "http://localhost:8181/api/objects/org1dev1/actions/device-1-aid-1/tasks/a2e9887b-eb66-4f60-9e4a-9e4c68644bcd". No remaining part to match
Jul 13, 2018 4:25:41 PM org.restlet.routing.TemplateRoute beforeHandle
FINER: Delegating the call to the target Restlet
Jul 13, 2018 4:25:41 PM org.restlet.engine.application.StrictConneg scoreAnnotation
FINE: Score of annotation "MethodAnnotationInfo [javaMethod: public org.restlet.representation.Representation eu.bavenir.ogwapi.restapi.services.ObjectsOidActionsAidTasksTid.represent(), javaClass: class eu.bavenir.ogwapi.restapi.services.ObjectsOidActionsAidTasksTid, restletMethod: GET, input: null, value: null, output: null, query: null]"= 0.5
Jul 13, 2018 4:25:41 PM org.restlet.engine.application.StrictConneg scoreVariant
FINE: Total score of variant "[*/*]"= 0.041791666
Jul 13, 2018 4:25:41 PM eu.bavenir.ogwapi.commons.ConnectionDescriptor processIncommingMessage
FINEST: New message from org1dev1: {"messageType":2,"requestId":964918593,"responseCode":0,"responseCodeReason":null,"responseBody":"{\"error\":false,\"message\":[{\"taskStatus\":\"failed\"},{\"returnValue\":\"{\\n\\t\\\"value\\\": \\\"uncomputable\\\"\\n}\"}]}"}
Jul 13, 2018 4:25:41 PM eu.bavenir.ogwapi.commons.ConnectionDescriptor processIncommingMessage
FINEST: This message is a response. Adding to incoming queue - message count: 0
Jul 13, 2018 4:25:41 PM org.restlet.service.ConverterService toRepresentation
FINE: Converter selected for JsonRepresentation: DefaultConverter
Jul 13, 2018 4:25:58 PM eu.bavenir.ogwapi.restapi.security.AuthenticationVerifier verify
FINE: Valid credentials received from a client with IP 127.0.0.1.
Jul 13, 2018 4:25:58 PM org.restlet.security.ChallengeAuthenticator authenticate
FINE: Authentication succeeded. Valid credentials provided for identifier: test_vcnt0.
Jul 13, 2018 4:25:58 PM org.restlet.security.Authenticator authenticated
FINE: The authentication succeeded for the identifer "test_vcnt0" using the HTTP_Basic scheme.
Jul 13, 2018 4:25:58 PM org.restlet.routing.TemplateRoute score
FINER: Call score for the "/objects/login" URI pattern: 0.0
Jul 13, 2018 4:25:58 PM org.restlet.routing.TemplateRoute score
FINER: Call score for the "/objects/logout" URI pattern: 0.0
Jul 13, 2018 4:25:58 PM org.restlet.routing.TemplateRoute score
FINER: Call score for the "/objects/{oid}/properties" URI pattern: 0.0
Jul 13, 2018 4:25:58 PM org.restlet.routing.TemplateRoute score
FINER: Call score for the "/objects/{oid}/properties/{pid}" URI pattern: 0.0
Jul 13, 2018 4:25:58 PM org.restlet.routing.TemplateRoute score
FINER: Call score for the "/objects/{oid}/actions" URI pattern: 0.0
Jul 13, 2018 4:25:58 PM org.restlet.routing.TemplateRoute score
FINER: Call score for the "/objects/{oid}/actions/{aid}" URI pattern: 0.0
Jul 13, 2018 4:25:58 PM org.restlet.routing.TemplateRoute score
FINER: Call score for the "/objects/{oid}/actions/{aid}/tasks/{tid}" URI pattern: 1.0
Jul 13, 2018 4:25:58 PM org.restlet.routing.Router logRoute
FINE: Selected route: "/objects/{oid}/actions/{aid}/tasks/{tid}" -> Finder for ObjectsOidActionsAidTasksTid
Jul 13, 2018 4:25:58 PM org.restlet.routing.TemplateRoute beforeHandle
FINER: 83 characters were matched
Jul 13, 2018 4:25:58 PM org.restlet.routing.TemplateRoute beforeHandle
FINE: New base URI: "http://localhost:8181/api/objects/org1dev1/actions/device-1-aid-1/tasks/50368ae0-660f-4a0b-8c8e-a1f449ad365c". No remaining part to match
Jul 13, 2018 4:25:58 PM org.restlet.routing.TemplateRoute beforeHandle
FINER: Delegating the call to the target Restlet
Jul 13, 2018 4:25:58 PM org.restlet.engine.application.StrictConneg scoreAnnotation
FINE: Score of annotation "MethodAnnotationInfo [javaMethod: public org.restlet.representation.Representation eu.bavenir.ogwapi.restapi.services.ObjectsOidActionsAidTasksTid.represent(), javaClass: class eu.bavenir.ogwapi.restapi.services.ObjectsOidActionsAidTasksTid, restletMethod: GET, input: null, value: null, output: null, query: null]"= 0.5
Jul 13, 2018 4:25:58 PM org.restlet.engine.application.StrictConneg scoreVariant
FINE: Total score of variant "[*/*]"= 0.041791666
Jul 13, 2018 4:25:58 PM eu.bavenir.ogwapi.commons.ConnectionDescriptor processIncommingMessage
FINEST: New message from org1dev1: {"messageType":2,"requestId":1266265845,"responseCode":0,"responseCodeReason":null,"responseBody":"{\"error\":false,\"message\":[{\"taskStatus\":\"finished\"},{\"returnValue\":\"{\\n\\t\\\"value\\\": \\\"computed\\\"\\n}\"}]}"}
Jul 13, 2018 4:25:58 PM eu.bavenir.ogwapi.commons.ConnectionDescriptor processIncommingMessage
FINEST: This message is a response. Adding to incoming queue - message count: 0
Jul 13, 2018 4:25:58 PM org.restlet.service.ConverterService toRepresentation
FINE: Converter selected for JsonRepresentation: DefaultConverter
Jul 13, 2018 4:26:12 PM eu.bavenir.ogwapi.restapi.security.AuthenticationVerifier verify
FINE: Valid credentials received from a client with IP 127.0.0.1.
Jul 13, 2018 4:26:12 PM org.restlet.security.ChallengeAuthenticator authenticate
FINE: Authentication succeeded. Valid credentials provided for identifier: test_vcnt0.
Jul 13, 2018 4:26:12 PM org.restlet.security.Authenticator authenticated
FINE: The authentication succeeded for the identifer "test_vcnt0" using the HTTP_Basic scheme.
Jul 13, 2018 4:26:12 PM org.restlet.routing.TemplateRoute score
FINER: Call score for the "/objects/login" URI pattern: 0.0
Jul 13, 2018 4:26:12 PM org.restlet.routing.TemplateRoute score
FINER: Call score for the "/objects/logout" URI pattern: 0.0
Jul 13, 2018 4:26:12 PM org.restlet.routing.TemplateRoute score
FINER: Call score for the "/objects/{oid}/properties" URI pattern: 0.0
Jul 13, 2018 4:26:12 PM org.restlet.routing.TemplateRoute score
FINER: Call score for the "/objects/{oid}/properties/{pid}" URI pattern: 0.0
Jul 13, 2018 4:26:12 PM org.restlet.routing.TemplateRoute score
FINER: Call score for the "/objects/{oid}/actions" URI pattern: 0.0
Jul 13, 2018 4:26:12 PM org.restlet.routing.TemplateRoute score
FINER: Call score for the "/objects/{oid}/actions/{aid}" URI pattern: 0.0
Jul 13, 2018 4:26:12 PM org.restlet.routing.TemplateRoute score
FINER: Call score for the "/objects/{oid}/actions/{aid}/tasks/{tid}" URI pattern: 1.0
Jul 13, 2018 4:26:12 PM org.restlet.routing.Router logRoute
FINE: Selected route: "/objects/{oid}/actions/{aid}/tasks/{tid}" -> Finder for ObjectsOidActionsAidTasksTid
Jul 13, 2018 4:26:12 PM org.restlet.routing.TemplateRoute beforeHandle
FINER: 83 characters were matched
Jul 13, 2018 4:26:12 PM org.restlet.routing.TemplateRoute beforeHandle
FINE: New base URI: "http://localhost:8181/api/objects/org1dev1/actions/device-1-aid-1/tasks/a2e9887b-eb66-4f60-9e4a-9e4c68644bcd". No remaining part to match
Jul 13, 2018 4:26:12 PM org.restlet.routing.TemplateRoute beforeHandle
FINER: Delegating the call to the target Restlet
Jul 13, 2018 4:26:12 PM org.restlet.engine.application.StrictConneg scoreAnnotation
FINE: Score of annotation "MethodAnnotationInfo [javaMethod: public org.restlet.representation.Representation eu.bavenir.ogwapi.restapi.services.ObjectsOidActionsAidTasksTid.represent(), javaClass: class eu.bavenir.ogwapi.restapi.services.ObjectsOidActionsAidTasksTid, restletMethod: GET, input: null, value: null, output: null, query: null]"= 0.5
Jul 13, 2018 4:26:12 PM org.restlet.engine.application.StrictConneg scoreVariant
FINE: Total score of variant "[*/*]"= 0.041791666
Jul 13, 2018 4:26:12 PM eu.bavenir.ogwapi.commons.ConnectionDescriptor processIncommingMessage
FINEST: New message from org1dev1: {"messageType":2,"requestId":2080569118,"responseCode":0,"responseCodeReason":null,"responseBody":"{\"error\":false,\"message\":[{\"taskStatus\":\"failed\"},{\"returnValue\":\"{\\n\\t\\\"value\\\": \\\"uncomputable\\\"\\n}\"}]}"}
Jul 13, 2018 4:26:12 PM eu.bavenir.ogwapi.commons.ConnectionDescriptor processIncommingMessage
FINEST: This message is a response. Adding to incoming queue - message count: 0
Jul 13, 2018 4:26:12 PM org.restlet.service.ConverterService toRepresentation
FINE: Converter selected for JsonRepresentation: DefaultConverter
Jul 13, 2018 4:26:42 PM eu.bavenir.ogwapi.restapi.security.AuthenticationVerifier verify
FINE: Valid credentials received from a client with IP 127.0.0.1.
Jul 13, 2018 4:26:42 PM org.restlet.security.ChallengeAuthenticator authenticate
FINE: Authentication succeeded. Valid credentials provided for identifier: test_vcnt0.
Jul 13, 2018 4:26:42 PM org.restlet.security.Authenticator authenticated
FINE: The authentication succeeded for the identifer "test_vcnt0" using the HTTP_Basic scheme.
Jul 13, 2018 4:26:42 PM org.restlet.routing.TemplateRoute score
FINER: Call score for the "/objects/login" URI pattern: 0.0
Jul 13, 2018 4:26:42 PM org.restlet.routing.TemplateRoute score
FINER: Call score for the "/objects/logout" URI pattern: 0.0
Jul 13, 2018 4:26:42 PM org.restlet.routing.TemplateRoute score
FINER: Call score for the "/objects/{oid}/properties" URI pattern: 0.0
Jul 13, 2018 4:26:42 PM org.restlet.routing.TemplateRoute score
FINER: Call score for the "/objects/{oid}/properties/{pid}" URI pattern: 0.0
Jul 13, 2018 4:26:42 PM org.restlet.routing.TemplateRoute score
FINER: Call score for the "/objects/{oid}/actions" URI pattern: 0.0
Jul 13, 2018 4:26:42 PM org.restlet.routing.TemplateRoute score
FINER: Call score for the "/objects/{oid}/actions/{aid}" URI pattern: 0.0
Jul 13, 2018 4:26:42 PM org.restlet.routing.TemplateRoute score
FINER: Call score for the "/objects/{oid}/actions/{aid}/tasks/{tid}" URI pattern: 1.0
Jul 13, 2018 4:26:42 PM org.restlet.routing.Router logRoute
FINE: Selected route: "/objects/{oid}/actions/{aid}/tasks/{tid}" -> Finder for ObjectsOidActionsAidTasksTid
Jul 13, 2018 4:26:42 PM org.restlet.routing.TemplateRoute beforeHandle
FINER: 83 characters were matched
Jul 13, 2018 4:26:42 PM org.restlet.routing.TemplateRoute beforeHandle
FINE: New base URI: "http://localhost:8181/api/objects/org1dev1/actions/device-1-aid-1/tasks/50368ae0-660f-4a0b-8c8e-a1f449ad365c". No remaining part to match
Jul 13, 2018 4:26:42 PM org.restlet.routing.TemplateRoute beforeHandle
FINER: Delegating the call to the target Restlet
Jul 13, 2018 4:26:42 PM org.restlet.engine.application.StrictConneg scoreAnnotation
FINE: Score of annotation "MethodAnnotationInfo [javaMethod: public org.restlet.representation.Representation eu.bavenir.ogwapi.restapi.services.ObjectsOidActionsAidTasksTid.represent(), javaClass: class eu.bavenir.ogwapi.restapi.services.ObjectsOidActionsAidTasksTid, restletMethod: GET, input: null, value: null, output: null, query: null]"= 0.5
Jul 13, 2018 4:26:42 PM org.restlet.engine.application.StrictConneg scoreVariant
FINE: Total score of variant "[*/*]"= 0.041791666
Jul 13, 2018 4:26:43 PM eu.bavenir.ogwapi.commons.ConnectionDescriptor processIncommingMessage
FINEST: New message from org1dev1: {"messageType":2,"requestId":772311889,"responseCode":0,"responseCodeReason":null,"responseBody":"{\"error\":false,\"message\":[{\"taskStatus\":\"finished\"},{\"returnValue\":\"{\\n\\t\\\"value\\\": \\\"computed\\\"\\n}\"}]}"}
Jul 13, 2018 4:26:43 PM eu.bavenir.ogwapi.commons.ConnectionDescriptor processIncommingMessage
FINEST: This message is a response. Adding to incoming queue - message count: 0
Jul 13, 2018 4:26:43 PM org.restlet.service.ConverterService toRepresentation
FINE: Converter selected for JsonRepresentation: DefaultConverter
Jul 13, 2018 4:27:41 PM eu.bavenir.ogwapi.restapi.security.AuthenticationVerifier verify
FINE: Valid credentials received from a client with IP 127.0.0.1.
Jul 13, 2018 4:27:41 PM org.restlet.security.ChallengeAuthenticator authenticate
FINE: Authentication succeeded. Valid credentials provided for identifier: test_vcnt0.
Jul 13, 2018 4:27:41 PM org.restlet.security.Authenticator authenticated
FINE: The authentication succeeded for the identifer "test_vcnt0" using the HTTP_Basic scheme.
Jul 13, 2018 4:27:41 PM org.restlet.routing.TemplateRoute score
FINER: Call score for the "/objects/login" URI pattern: 0.0
Jul 13, 2018 4:27:41 PM org.restlet.routing.TemplateRoute score
FINER: Call score for the "/objects/logout" URI pattern: 0.0
Jul 13, 2018 4:27:41 PM org.restlet.routing.TemplateRoute score
FINER: Call score for the "/objects/{oid}/properties" URI pattern: 0.0
Jul 13, 2018 4:27:41 PM org.restlet.routing.TemplateRoute score
FINER: Call score for the "/objects/{oid}/properties/{pid}" URI pattern: 0.0
Jul 13, 2018 4:27:41 PM org.restlet.routing.TemplateRoute score
FINER: Call score for the "/objects/{oid}/actions" URI pattern: 0.0
Jul 13, 2018 4:27:41 PM org.restlet.routing.TemplateRoute score
FINER: Call score for the "/objects/{oid}/actions/{aid}" URI pattern: 0.0
Jul 13, 2018 4:27:41 PM org.restlet.routing.TemplateRoute score
FINER: Call score for the "/objects/{oid}/actions/{aid}/tasks/{tid}" URI pattern: 1.0
Jul 13, 2018 4:27:41 PM org.restlet.routing.Router logRoute
FINE: Selected route: "/objects/{oid}/actions/{aid}/tasks/{tid}" -> Finder for ObjectsOidActionsAidTasksTid
Jul 13, 2018 4:27:41 PM org.restlet.routing.TemplateRoute beforeHandle
FINER: 83 characters were matched
Jul 13, 2018 4:27:41 PM org.restlet.routing.TemplateRoute beforeHandle
FINE: New base URI: "http://localhost:8181/api/objects/org1dev1/actions/device-1-aid-1/tasks/678806ac-129c-4b17-b511-cb00c42c03c3". No remaining part to match
Jul 13, 2018 4:27:41 PM org.restlet.routing.TemplateRoute beforeHandle
FINER: Delegating the call to the target Restlet
Jul 13, 2018 4:27:41 PM org.restlet.engine.application.StrictConneg scoreAnnotation
FINE: Score of annotation "MethodAnnotationInfo [javaMethod: public org.restlet.representation.Representation eu.bavenir.ogwapi.restapi.services.ObjectsOidActionsAidTasksTid.represent(), javaClass: class eu.bavenir.ogwapi.restapi.services.ObjectsOidActionsAidTasksTid, restletMethod: GET, input: null, value: null, output: null, query: null]"= 0.5
Jul 13, 2018 4:27:41 PM org.restlet.engine.application.StrictConneg scoreVariant
FINE: Total score of variant "[*/*]"= 0.041791666
Jul 13, 2018 4:27:41 PM eu.bavenir.ogwapi.commons.ConnectionDescriptor processIncommingMessage
FINEST: New message from org1dev1: {"messageType":2,"requestId":582268508,"responseCode":0,"responseCodeReason":null,"responseBody":"{\"error\":false,\"message\":[{\"taskStatus\":\"running\"},{\"returnValue\":null}]}"}
Jul 13, 2018 4:27:41 PM eu.bavenir.ogwapi.commons.ConnectionDescriptor processIncommingMessage
FINEST: This message is a response. Adding to incoming queue - message count: 0
Jul 13, 2018 4:27:41 PM org.restlet.service.ConverterService toRepresentation
FINE: Converter selected for JsonRepresentation: DefaultConverter
