Jul 12, 2018 1:10:00 PM eu.bavenir.ogwapi.App initialize
CONFIG: Log file: log/18-07-12T13_10_00.211-gateway.log
Jul 12, 2018 1:10:00 PM eu.bavenir.ogwapi.App main
FINE: Vicinity Gateway API initialized.
Jul 12, 2018 1:10:00 PM eu.bavenir.ogwapi.App main
FINE: API thread started.
Jul 12, 2018 1:10:00 PM eu.bavenir.ogwapi.restapi.RestletThread run
CONFIG: HTTP server configured.
Jul 12, 2018 1:10:00 PM eu.bavenir.ogwapi.restapi.Api configureChallengeScheme
CONFIG: HTTP Basic challenge authentication scheme configured.
Jul 12, 2018 1:10:00 PM org.restlet.Application start
INFO: Starting eu.bavenir.ogwapi.restapi.Api application
Jul 12, 2018 1:10:00 PM org.restlet.engine.application.ApplicationHelper start
FINE: By default, an application should be attached to a parent component in order to let application's outbound root handle calls properly.
Jul 12, 2018 1:10:00 PM eu.bavenir.ogwapi.restapi.RestletThread run
FINE: HTTP server component started.
Jul 12, 2018 1:11:41 PM eu.bavenir.ogwapi.commons.CommunicationManager isConnected
WARNING: Null record in the connection descriptor pool. Object ID: 'test_vcnt0'.
Jul 12, 2018 1:11:41 PM eu.bavenir.ogwapi.commons.connectors.http.RestAgentConnector <init>
CONFIG: HTTPS protocol disabled for Agent communication
Jul 12, 2018 1:11:41 PM eu.bavenir.ogwapi.commons.engines.xmpp.XmppMessageEngine buildNewConnection
CONFIG: Creating a new connection to XMPP server 'commserver.bavenir.eu:5222' as 'test_vcnt0@vicinity.eu'
Jul 12, 2018 1:11:41 PM eu.bavenir.ogwapi.commons.engines.xmpp.XmppMessageEngine buildNewConnection
CONFIG: XMPP SECURE CONNECTION IS DISABLED.
Jul 12, 2018 1:11:42 PM eu.bavenir.ogwapi.commons.CommunicationManager establishConnection
INFO: Connection for 'test_vcnt0' was established.
Jul 12, 2018 1:11:42 PM eu.bavenir.ogwapi.commons.CommunicationManager establishConnection
FINEST: A new connection for 'test_vcnt0' was added into connection pool.
Jul 12, 2018 1:11:42 PM eu.bavenir.ogwapi.restapi.security.AuthenticationVerifier verify
FINE: Valid credentials received from a client with IP 127.0.0.1.
Jul 12, 2018 1:11:42 PM org.restlet.security.ChallengeAuthenticator authenticate
FINE: Authentication succeeded. Valid credentials provided for identifier: test_vcnt0.
Jul 12, 2018 1:11:42 PM org.restlet.security.Authenticator authenticated
FINE: The authentication succeeded for the identifer "test_vcnt0" using the HTTP_Basic scheme.
Jul 12, 2018 1:11:42 PM org.restlet.routing.TemplateRoute score
FINER: Call score for the "/objects/login" URI pattern: 0.0
Jul 12, 2018 1:11:42 PM org.restlet.routing.TemplateRoute score
FINER: Call score for the "/objects/logout" URI pattern: 0.0
Jul 12, 2018 1:11:42 PM org.restlet.routing.TemplateRoute score
FINER: Call score for the "/objects/{oid}/properties" URI pattern: 0.0
Jul 12, 2018 1:11:42 PM org.restlet.routing.TemplateRoute score
FINER: Call score for the "/objects/{oid}/properties/{pid}" URI pattern: 1.0
Jul 12, 2018 1:11:42 PM org.restlet.routing.Router logRoute
FINE: Selected route: "/objects/{oid}/properties/{pid}" -> Finder for ObjectsOidPropertiesPid
Jul 12, 2018 1:11:42 PM org.restlet.routing.TemplateRoute beforeHandle
FINER: 43 characters were matched
Jul 12, 2018 1:11:42 PM org.restlet.routing.TemplateRoute beforeHandle
FINE: New base URI: "http://localhost:8181/api/objects/org1dev1/properties/device-1-pid-1". No remaining part to match
Jul 12, 2018 1:11:42 PM org.restlet.routing.TemplateRoute beforeHandle
FINER: Delegating the call to the target Restlet
Jul 12, 2018 1:11:42 PM org.restlet.engine.application.StrictConneg scoreAnnotation
FINE: Score of annotation "MethodAnnotationInfo [javaMethod: public org.restlet.representation.Representation eu.bavenir.ogwapi.restapi.services.ObjectsOidPropertiesPid.store(org.restlet.representation.Representation), javaClass: class eu.bavenir.ogwapi.restapi.services.ObjectsOidPropertiesPid, restletMethod: PUT, input: json, value: json, output: json, query: null]"= 0.5
Jul 12, 2018 1:11:42 PM org.restlet.engine.application.StrictConneg scoreVariant
FINE: Total score of variant "[application/json]"= 0.08383334
Jul 12, 2018 1:11:42 PM org.restlet.service.ConverterService toObject
FINE: The following converter was selected for the [application/json] representation: org.restlet.engine.converter.DefaultConverter@3aadf5a8
Jul 12, 2018 1:11:47 PM eu.bavenir.ogwapi.commons.ConnectionDescriptor setPropertyOfRemoteObject
INFO: Destination object org1dev1 is not online.
Jul 12, 2018 1:11:47 PM org.restlet.service.ConverterService toRepresentation
FINE: Converter selected for JsonRepresentation: DefaultConverter
Jul 12, 2018 1:12:36 PM eu.bavenir.ogwapi.restapi.security.AuthenticationVerifier verify
FINE: Valid credentials received from a client with IP 127.0.0.1.
Jul 12, 2018 1:12:36 PM org.restlet.security.ChallengeAuthenticator authenticate
FINE: Authentication succeeded. Valid credentials provided for identifier: test_vcnt0.
Jul 12, 2018 1:12:36 PM org.restlet.security.Authenticator authenticated
FINE: The authentication succeeded for the identifer "test_vcnt0" using the HTTP_Basic scheme.
Jul 12, 2018 1:12:36 PM org.restlet.routing.TemplateRoute score
FINER: Call score for the "/objects/login" URI pattern: 0.0
Jul 12, 2018 1:12:36 PM org.restlet.routing.TemplateRoute score
FINER: Call score for the "/objects/logout" URI pattern: 0.0
Jul 12, 2018 1:12:36 PM org.restlet.routing.TemplateRoute score
FINER: Call score for the "/objects/{oid}/properties" URI pattern: 0.0
Jul 12, 2018 1:12:36 PM org.restlet.routing.TemplateRoute score
FINER: Call score for the "/objects/{oid}/properties/{pid}" URI pattern: 1.0
Jul 12, 2018 1:12:36 PM org.restlet.routing.Router logRoute
FINE: Selected route: "/objects/{oid}/properties/{pid}" -> Finder for ObjectsOidPropertiesPid
Jul 12, 2018 1:12:36 PM org.restlet.routing.TemplateRoute beforeHandle
FINER: 43 characters were matched
Jul 12, 2018 1:12:36 PM org.restlet.routing.TemplateRoute beforeHandle
FINE: New base URI: "http://localhost:8181/api/objects/org1dev1/properties/device-1-pid-1". No remaining part to match
Jul 12, 2018 1:12:36 PM org.restlet.routing.TemplateRoute beforeHandle
FINER: Delegating the call to the target Restlet
Jul 12, 2018 1:12:36 PM org.restlet.engine.application.StrictConneg scoreAnnotation
FINE: Score of annotation "MethodAnnotationInfo [javaMethod: public org.restlet.representation.Representation eu.bavenir.ogwapi.restapi.services.ObjectsOidPropertiesPid.store(org.restlet.representation.Representation), javaClass: class eu.bavenir.ogwapi.restapi.services.ObjectsOidPropertiesPid, restletMethod: PUT, input: json, value: json, output: json, query: null]"= 0.5
Jul 12, 2018 1:12:36 PM org.restlet.engine.application.StrictConneg scoreVariant
FINE: Total score of variant "[application/json]"= 0.08383334
Jul 12, 2018 1:12:36 PM org.restlet.service.ConverterService toObject
FINE: The following converter was selected for the [application/json] representation: org.restlet.engine.converter.DefaultConverter@3aadf5a8
Jul 12, 2018 1:12:37 PM eu.bavenir.ogwapi.commons.ConnectionDescriptor processIncommingMessage
FINEST: New message from org1dev1: {"messageType":2,"requestId":1075715611,"responseCode":200,"responseCodeReason":"OK","responseBody":"{\"data\":{\"payload\":{\"data\":{\"echo\":\"get property on custom endpoint\",\"oid\":\"device-1\"}},\"echo\":\"set property on custom endpoint\",\"oid\":\"device-1\"},\"status\":\"success\"}"}
Jul 12, 2018 1:12:37 PM eu.bavenir.ogwapi.commons.ConnectionDescriptor processIncommingMessage
FINEST: This message is a response. Adding to incoming queue - message count: 0
Jul 12, 2018 1:12:37 PM org.restlet.service.ConverterService toRepresentation
FINE: Converter selected for JsonRepresentation: DefaultConverter
Jul 12, 2018 1:13:21 PM eu.bavenir.ogwapi.restapi.security.AuthenticationVerifier verify
FINE: Valid credentials received from a client with IP 127.0.0.1.
Jul 12, 2018 1:13:21 PM org.restlet.security.ChallengeAuthenticator authenticate
FINE: Authentication succeeded. Valid credentials provided for identifier: test_vcnt0.
Jul 12, 2018 1:13:21 PM org.restlet.security.Authenticator authenticated
FINE: The authentication succeeded for the identifer "test_vcnt0" using the HTTP_Basic scheme.
Jul 12, 2018 1:13:21 PM org.restlet.routing.TemplateRoute score
FINER: Call score for the "/objects/login" URI pattern: 0.0
Jul 12, 2018 1:13:21 PM org.restlet.routing.TemplateRoute score
FINER: Call score for the "/objects/logout" URI pattern: 1.0
Jul 12, 2018 1:13:21 PM org.restlet.routing.Router logRoute
FINE: Selected route: "/objects/logout" -> Finder for ObjectsLogout
Jul 12, 2018 1:13:21 PM org.restlet.routing.TemplateRoute beforeHandle
FINER: 15 characters were matched
Jul 12, 2018 1:13:21 PM org.restlet.routing.TemplateRoute beforeHandle
FINE: New base URI: "http://localhost:8181/api/objects/logout". No remaining part to match
Jul 12, 2018 1:13:21 PM org.restlet.routing.TemplateRoute beforeHandle
FINER: Delegating the call to the target Restlet
Jul 12, 2018 1:13:21 PM org.restlet.engine.application.StrictConneg scoreAnnotation
FINE: Score of annotation "MethodAnnotationInfo [javaMethod: public org.restlet.representation.Representation eu.bavenir.ogwapi.restapi.services.ObjectsLogout.represent(), javaClass: class eu.bavenir.ogwapi.restapi.services.ObjectsLogout, restletMethod: GET, input: null, value: null, output: null, query: null]"= 0.5
Jul 12, 2018 1:13:21 PM org.restlet.engine.application.StrictConneg scoreVariant
FINE: Total score of variant "[*/*]"= 0.041791666
Jul 12, 2018 1:13:21 PM eu.bavenir.ogwapi.commons.engines.xmpp.XmppMessageEngine disconnect
FINE: XMPP user 'test_vcnt0' disconnected.
Jul 12, 2018 1:13:21 PM eu.bavenir.ogwapi.commons.CommunicationManager terminateConnection
INFO: Connection for object ID 'test_vcnt0' destroyed.
Jul 12, 2018 1:13:21 PM org.restlet.service.ConverterService toRepresentation
FINE: Converter selected for JsonRepresentation: DefaultConverter
Jul 12, 2018 1:13:28 PM eu.bavenir.ogwapi.commons.CommunicationManager isConnected
WARNING: Null record in the connection descriptor pool. Object ID: 'test_vcnt0'.
Jul 12, 2018 1:13:28 PM eu.bavenir.ogwapi.commons.connectors.http.RestAgentConnector <init>
CONFIG: HTTPS protocol disabled for Agent communication
Jul 12, 2018 1:13:28 PM eu.bavenir.ogwapi.commons.engines.xmpp.XmppMessageEngine buildNewConnection
CONFIG: Creating a new connection to XMPP server 'commserver.bavenir.eu:5222' as 'test_vcnt0@vicinity.eu'
Jul 12, 2018 1:13:28 PM eu.bavenir.ogwapi.commons.engines.xmpp.XmppMessageEngine buildNewConnection
CONFIG: XMPP SECURE CONNECTION IS DISABLED.
Jul 12, 2018 1:13:28 PM eu.bavenir.ogwapi.commons.CommunicationManager establishConnection
INFO: Connection for 'test_vcnt0' was established.
Jul 12, 2018 1:13:28 PM eu.bavenir.ogwapi.commons.CommunicationManager establishConnection
FINEST: A new connection for 'test_vcnt0' was added into connection pool.
Jul 12, 2018 1:13:28 PM eu.bavenir.ogwapi.restapi.security.AuthenticationVerifier verify
FINE: Valid credentials received from a client with IP 127.0.0.1.
Jul 12, 2018 1:13:28 PM org.restlet.security.ChallengeAuthenticator authenticate
FINE: Authentication succeeded. Valid credentials provided for identifier: test_vcnt0.
Jul 12, 2018 1:13:28 PM org.restlet.security.Authenticator authenticated
FINE: The authentication succeeded for the identifer "test_vcnt0" using the HTTP_Basic scheme.
Jul 12, 2018 1:13:28 PM org.restlet.routing.TemplateRoute score
FINER: Call score for the "/objects/login" URI pattern: 0.0
Jul 12, 2018 1:13:28 PM org.restlet.routing.TemplateRoute score
FINER: Call score for the "/objects/logout" URI pattern: 0.0
Jul 12, 2018 1:13:28 PM org.restlet.routing.TemplateRoute score
FINER: Call score for the "/objects/{oid}/properties" URI pattern: 0.0
Jul 12, 2018 1:13:28 PM org.restlet.routing.TemplateRoute score
FINER: Call score for the "/objects/{oid}/properties/{pid}" URI pattern: 1.0
Jul 12, 2018 1:13:28 PM org.restlet.routing.Router logRoute
FINE: Selected route: "/objects/{oid}/properties/{pid}" -> Finder for ObjectsOidPropertiesPid
Jul 12, 2018 1:13:28 PM org.restlet.routing.TemplateRoute beforeHandle
FINER: 43 characters were matched
Jul 12, 2018 1:13:28 PM org.restlet.routing.TemplateRoute beforeHandle
FINE: New base URI: "http://localhost:8181/api/objects/org1dev1/properties/device-1-pid-1". No remaining part to match
Jul 12, 2018 1:13:28 PM org.restlet.routing.TemplateRoute beforeHandle
FINER: Delegating the call to the target Restlet
Jul 12, 2018 1:13:28 PM org.restlet.engine.application.StrictConneg scoreAnnotation
FINE: Score of annotation "MethodAnnotationInfo [javaMethod: public org.restlet.representation.Representation eu.bavenir.ogwapi.restapi.services.ObjectsOidPropertiesPid.store(org.restlet.representation.Representation), javaClass: class eu.bavenir.ogwapi.restapi.services.ObjectsOidPropertiesPid, restletMethod: PUT, input: json, value: json, output: json, query: null]"= 0.5
Jul 12, 2018 1:13:28 PM org.restlet.engine.application.StrictConneg scoreVariant
FINE: Total score of variant "[application/json]"= 0.08383334
Jul 12, 2018 1:13:28 PM org.restlet.service.ConverterService toObject
FINE: The following converter was selected for the [application/json] representation: org.restlet.engine.converter.DefaultConverter@3aadf5a8
Jul 12, 2018 1:13:34 PM eu.bavenir.ogwapi.commons.ConnectionDescriptor processIncommingMessage
FINEST: New message from org1dev1: {"messageType":2,"requestId":986680942,"responseCode":200,"responseCodeReason":"OK","responseBody":"{\"data\":{\"payload\":{\"data\":{\"echo\":\"get property on custom endpoint\",\"oid\":\"device-1\"}},\"echo\":\"set property on custom endpoint\",\"oid\":\"device-1\"},\"status\":\"success\"}"}
Jul 12, 2018 1:13:34 PM eu.bavenir.ogwapi.commons.ConnectionDescriptor processIncommingMessage
FINEST: This message is a response. Adding to incoming queue - message count: 0
Jul 12, 2018 1:13:34 PM org.restlet.service.ConverterService toRepresentation
FINE: Converter selected for JsonRepresentation: DefaultConverter
