Jul 13, 2018 2:43:22 PM eu.bavenir.ogwapi.App initialize
CONFIG: Log file: log/18-07-13T14_43_22.682-gateway.log
Jul 13, 2018 2:43:22 PM eu.bavenir.ogwapi.App main
FINE: Vicinity Gateway API initialized.
Jul 13, 2018 2:43:22 PM eu.bavenir.ogwapi.App main
FINE: API thread started.
Jul 13, 2018 2:43:22 PM eu.bavenir.ogwapi.restapi.RestletThread run
CONFIG: HTTP server configured.
Jul 13, 2018 2:43:22 PM eu.bavenir.ogwapi.restapi.Api configureChallengeScheme
CONFIG: HTTP Basic challenge authentication scheme configured.
Jul 13, 2018 2:43:22 PM org.restlet.Application start
INFO: Starting eu.bavenir.ogwapi.restapi.Api application
Jul 13, 2018 2:43:22 PM org.restlet.engine.application.ApplicationHelper start
FINE: By default, an application should be attached to a parent component in order to let application's outbound root handle calls properly.
Jul 13, 2018 2:43:22 PM eu.bavenir.ogwapi.restapi.RestletThread run
FINE: HTTP server component started.
Jul 13, 2018 2:43:54 PM eu.bavenir.ogwapi.commons.CommunicationManager isConnected
WARNING: Null record in the connection descriptor pool. Object ID: 'test_vcnt0'.
Jul 13, 2018 2:43:54 PM eu.bavenir.ogwapi.commons.connectors.http.RestAgentConnector <init>
CONFIG: HTTPS protocol disabled for Agent communication
Jul 13, 2018 2:43:54 PM eu.bavenir.ogwapi.commons.engines.xmpp.XmppMessageEngine buildNewConnection
CONFIG: Creating a new connection to XMPP server 'commserver.bavenir.eu:5222' as 'test_vcnt0@vicinity.eu'
Jul 13, 2018 2:43:54 PM eu.bavenir.ogwapi.commons.engines.xmpp.XmppMessageEngine buildNewConnection
CONFIG: XMPP SECURE CONNECTION IS DISABLED.
Jul 13, 2018 2:43:59 PM eu.bavenir.ogwapi.commons.CommunicationManager establishConnection
INFO: Connection for 'test_vcnt0' was established.
Jul 13, 2018 2:43:59 PM eu.bavenir.ogwapi.commons.CommunicationManager establishConnection
FINEST: A new connection for 'test_vcnt0' was added into connection pool.
Jul 13, 2018 2:44:00 PM eu.bavenir.ogwapi.restapi.security.AuthenticationVerifier verify
FINE: Valid credentials received from a client with IP 127.0.0.1.
Jul 13, 2018 2:44:00 PM org.restlet.security.ChallengeAuthenticator authenticate
FINE: Authentication succeeded. Valid credentials provided for identifier: test_vcnt0.
Jul 13, 2018 2:44:00 PM org.restlet.security.Authenticator authenticated
FINE: The authentication succeeded for the identifer "test_vcnt0" using the HTTP_Basic scheme.
Jul 13, 2018 2:44:00 PM org.restlet.routing.TemplateRoute score
FINER: Call score for the "/objects/login" URI pattern: 1.0
Jul 13, 2018 2:44:00 PM org.restlet.routing.Router logRoute
FINE: Selected route: "/objects/login" -> Finder for ObjectsLogin
Jul 13, 2018 2:44:00 PM org.restlet.routing.TemplateRoute beforeHandle
FINER: 14 characters were matched
Jul 13, 2018 2:44:00 PM org.restlet.routing.TemplateRoute beforeHandle
FINE: New base URI: "http://localhost:8181/api/objects/login". No remaining part to match
Jul 13, 2018 2:44:00 PM org.restlet.routing.TemplateRoute beforeHandle
FINER: Delegating the call to the target Restlet
Jul 13, 2018 2:44:00 PM org.restlet.engine.application.StrictConneg scoreAnnotation
FINE: Score of annotation "MethodAnnotationInfo [javaMethod: public org.restlet.representation.Representation eu.bavenir.ogwapi.restapi.services.ObjectsLogin.represent(), javaClass: class eu.bavenir.ogwapi.restapi.services.ObjectsLogin, restletMethod: GET, input: null, value: null, output: null, query: null]"= 0.5
Jul 13, 2018 2:44:00 PM org.restlet.engine.application.StrictConneg scoreVariant
FINE: Total score of variant "[*/*]"= 0.041791666
Jul 13, 2018 2:44:00 PM org.restlet.service.ConverterService toRepresentation
FINE: Converter selected for JsonRepresentation: DefaultConverter
Jul 13, 2018 2:44:04 PM eu.bavenir.ogwapi.restapi.security.AuthenticationVerifier verify
FINE: Valid credentials received from a client with IP 127.0.0.1.
Jul 13, 2018 2:44:04 PM org.restlet.security.ChallengeAuthenticator authenticate
FINE: Authentication succeeded. Valid credentials provided for identifier: test_vcnt0.
Jul 13, 2018 2:44:04 PM org.restlet.security.Authenticator authenticated
FINE: The authentication succeeded for the identifer "test_vcnt0" using the HTTP_Basic scheme.
Jul 13, 2018 2:44:04 PM org.restlet.routing.TemplateRoute score
FINER: Call score for the "/objects/login" URI pattern: 0.0
Jul 13, 2018 2:44:04 PM org.restlet.routing.TemplateRoute score
FINER: Call score for the "/objects/logout" URI pattern: 0.0
Jul 13, 2018 2:44:04 PM org.restlet.routing.TemplateRoute score
FINER: Call score for the "/objects/{oid}/properties" URI pattern: 0.0
Jul 13, 2018 2:44:04 PM org.restlet.routing.TemplateRoute score
FINER: Call score for the "/objects/{oid}/properties/{pid}" URI pattern: 0.0
Jul 13, 2018 2:44:04 PM org.restlet.routing.TemplateRoute score
FINER: Call score for the "/objects/{oid}/actions" URI pattern: 0.0
Jul 13, 2018 2:44:04 PM org.restlet.routing.TemplateRoute score
FINER: Call score for the "/objects/{oid}/actions/{aid}" URI pattern: 1.0
Jul 13, 2018 2:44:04 PM org.restlet.routing.Router logRoute
FINE: Selected route: "/objects/{oid}/actions/{aid}" -> Finder for ObjectsOidActionsAid
Jul 13, 2018 2:44:04 PM org.restlet.routing.TemplateRoute beforeHandle
FINER: 40 characters were matched
Jul 13, 2018 2:44:04 PM org.restlet.routing.TemplateRoute beforeHandle
FINE: New base URI: "http://localhost:8181/api/objects/org1dev1/actions/device-1-aid-1". No remaining part to match
Jul 13, 2018 2:44:04 PM org.restlet.routing.TemplateRoute beforeHandle
FINER: Delegating the call to the target Restlet
Jul 13, 2018 2:44:04 PM org.restlet.engine.application.StrictConneg scoreAnnotation
FINE: Score of annotation "MethodAnnotationInfo [javaMethod: public org.restlet.representation.Representation eu.bavenir.ogwapi.restapi.services.ObjectsOidActionsAid.accept(org.restlet.representation.Representation), javaClass: class eu.bavenir.ogwapi.restapi.services.ObjectsOidActionsAid, restletMethod: POST, input: json, value: json, output: json, query: null]"= 0.5
Jul 13, 2018 2:44:04 PM org.restlet.engine.application.StrictConneg scoreVariant
FINE: Total score of variant "[application/json]"= 0.08383334
Jul 13, 2018 2:44:04 PM org.restlet.service.ConverterService toObject
FINE: The following converter was selected for the [application/json] representation: org.restlet.engine.converter.DefaultConverter@3e48b766
Jul 13, 2018 2:44:05 PM eu.bavenir.ogwapi.commons.ConnectionDescriptor processIncommingMessage
FINEST: New message from org1dev1: {"messageType":2,"requestId":1391976394,"responseCode":0,"responseCodeReason":null,"responseBody":"{\"error\":false,\"message\":[{\"startAction\":\"success\"},{\"taskID\":\"1d779b7e-f17c-4c19-9dd4-77c516e0fd80\"}]}"}
Jul 13, 2018 2:44:05 PM eu.bavenir.ogwapi.commons.ConnectionDescriptor processIncommingMessage
FINEST: This message is a response. Adding to incoming queue - message count: 0
Jul 13, 2018 2:44:05 PM org.restlet.service.ConverterService toRepresentation
FINE: Converter selected for JsonRepresentation: DefaultConverter
Jul 13, 2018 2:44:21 PM eu.bavenir.ogwapi.restapi.security.AuthenticationVerifier verify
FINE: Valid credentials received from a client with IP 127.0.0.1.
Jul 13, 2018 2:44:21 PM org.restlet.security.ChallengeAuthenticator authenticate
FINE: Authentication succeeded. Valid credentials provided for identifier: test_vcnt0.
Jul 13, 2018 2:44:21 PM org.restlet.security.Authenticator authenticated
FINE: The authentication succeeded for the identifer "test_vcnt0" using the HTTP_Basic scheme.
Jul 13, 2018 2:44:21 PM org.restlet.routing.TemplateRoute score
FINER: Call score for the "/objects/login" URI pattern: 0.0
Jul 13, 2018 2:44:21 PM org.restlet.routing.TemplateRoute score
FINER: Call score for the "/objects/logout" URI pattern: 0.0
Jul 13, 2018 2:44:21 PM org.restlet.routing.TemplateRoute score
FINER: Call score for the "/objects/{oid}/properties" URI pattern: 0.0
Jul 13, 2018 2:44:21 PM org.restlet.routing.TemplateRoute score
FINER: Call score for the "/objects/{oid}/properties/{pid}" URI pattern: 0.0
Jul 13, 2018 2:44:21 PM org.restlet.routing.TemplateRoute score
FINER: Call score for the "/objects/{oid}/actions" URI pattern: 0.0
Jul 13, 2018 2:44:21 PM org.restlet.routing.TemplateRoute score
FINER: Call score for the "/objects/{oid}/actions/{aid}" URI pattern: 0.0
Jul 13, 2018 2:44:21 PM org.restlet.routing.TemplateRoute score
FINER: Call score for the "/objects/{oid}/actions/{aid}/tasks/{tid}" URI pattern: 1.0
Jul 13, 2018 2:44:21 PM org.restlet.routing.Router logRoute
FINE: Selected route: "/objects/{oid}/actions/{aid}/tasks/{tid}" -> Finder for ObjectsOidActionsAidTasksTid
Jul 13, 2018 2:44:21 PM org.restlet.routing.TemplateRoute beforeHandle
FINER: 83 characters were matched
Jul 13, 2018 2:44:21 PM org.restlet.routing.TemplateRoute beforeHandle
FINE: New base URI: "http://localhost:8181/api/objects/org1dev1/actions/device-1-aid-1/tasks/1d779b7e-f17c-4c19-9dd4-77c516e0fd80". No remaining part to match
Jul 13, 2018 2:44:21 PM org.restlet.routing.TemplateRoute beforeHandle
FINER: Delegating the call to the target Restlet
Jul 13, 2018 2:44:21 PM org.restlet.engine.application.StrictConneg scoreAnnotation
FINE: Score of annotation "MethodAnnotationInfo [javaMethod: public org.restlet.representation.Representation eu.bavenir.ogwapi.restapi.services.ObjectsOidActionsAidTasksTid.represent(), javaClass: class eu.bavenir.ogwapi.restapi.services.ObjectsOidActionsAidTasksTid, restletMethod: GET, input: null, value: null, output: null, query: null]"= 0.5
Jul 13, 2018 2:44:22 PM org.restlet.engine.application.StrictConneg scoreVariant
FINE: Total score of variant "[*/*]"= 0.041791666
Jul 13, 2018 2:44:22 PM eu.bavenir.ogwapi.commons.ConnectionDescriptor processIncommingMessage
FINEST: New message from org1dev1: {"messageType":2,"requestId":244195251,"responseCode":0,"responseCodeReason":null,"responseBody":"{\"error\":false,\"message\":[{\"taskStatus\":\"running\"},{\"returnValue\":null}]}"}
Jul 13, 2018 2:44:22 PM eu.bavenir.ogwapi.commons.ConnectionDescriptor processIncommingMessage
FINEST: This message is a response. Adding to incoming queue - message count: 0
Jul 13, 2018 2:44:22 PM org.restlet.service.ConverterService toRepresentation
FINE: Converter selected for JsonRepresentation: DefaultConverter
Jul 13, 2018 2:46:47 PM eu.bavenir.ogwapi.restapi.security.AuthenticationVerifier verify
FINE: Valid credentials received from a client with IP 127.0.0.1.
Jul 13, 2018 2:46:47 PM org.restlet.security.ChallengeAuthenticator authenticate
FINE: Authentication succeeded. Valid credentials provided for identifier: test_vcnt0.
Jul 13, 2018 2:46:47 PM org.restlet.security.Authenticator authenticated
FINE: The authentication succeeded for the identifer "test_vcnt0" using the HTTP_Basic scheme.
Jul 13, 2018 2:46:47 PM org.restlet.routing.TemplateRoute score
FINER: Call score for the "/objects/login" URI pattern: 0.0
Jul 13, 2018 2:46:47 PM org.restlet.routing.TemplateRoute score
FINER: Call score for the "/objects/logout" URI pattern: 0.0
Jul 13, 2018 2:46:47 PM org.restlet.routing.TemplateRoute score
FINER: Call score for the "/objects/{oid}/properties" URI pattern: 0.0
Jul 13, 2018 2:46:47 PM org.restlet.routing.TemplateRoute score
FINER: Call score for the "/objects/{oid}/properties/{pid}" URI pattern: 0.0
Jul 13, 2018 2:46:47 PM org.restlet.routing.TemplateRoute score
FINER: Call score for the "/objects/{oid}/actions" URI pattern: 0.0
Jul 13, 2018 2:46:47 PM org.restlet.routing.TemplateRoute score
FINER: Call score for the "/objects/{oid}/actions/{aid}" URI pattern: 1.0
Jul 13, 2018 2:46:47 PM org.restlet.routing.Router logRoute
FINE: Selected route: "/objects/{oid}/actions/{aid}" -> Finder for ObjectsOidActionsAid
Jul 13, 2018 2:46:47 PM org.restlet.routing.TemplateRoute beforeHandle
FINER: 40 characters were matched
Jul 13, 2018 2:46:47 PM org.restlet.routing.TemplateRoute beforeHandle
FINE: New base URI: "http://localhost:8181/api/objects/org1dev1/actions/device-1-aid-1". No remaining part to match
Jul 13, 2018 2:46:47 PM org.restlet.routing.TemplateRoute beforeHandle
FINER: Delegating the call to the target Restlet
Jul 13, 2018 2:46:47 PM org.restlet.engine.application.StrictConneg scoreAnnotation
FINE: Score of annotation "MethodAnnotationInfo [javaMethod: public org.restlet.representation.Representation eu.bavenir.ogwapi.restapi.services.ObjectsOidActionsAid.accept(org.restlet.representation.Representation), javaClass: class eu.bavenir.ogwapi.restapi.services.ObjectsOidActionsAid, restletMethod: POST, input: json, value: json, output: json, query: null]"= 0.5
Jul 13, 2018 2:46:47 PM org.restlet.engine.application.StrictConneg scoreVariant
FINE: Total score of variant "[application/json]"= 0.08383334
Jul 13, 2018 2:46:47 PM org.restlet.service.ConverterService toObject
FINE: The following converter was selected for the [application/json] representation: org.restlet.engine.converter.DefaultConverter@3e48b766
Jul 13, 2018 2:46:48 PM eu.bavenir.ogwapi.commons.ConnectionDescriptor processIncommingMessage
FINEST: New message from org1dev1: {"messageType":2,"requestId":859502639,"responseCode":0,"responseCodeReason":null,"responseBody":"{\"error\":false,\"message\":[{\"startAction\":\"success\"},{\"taskID\":\"d8163aec-69c4-46dc-bd47-277e073a16b1\"}]}"}
Jul 13, 2018 2:46:48 PM eu.bavenir.ogwapi.commons.ConnectionDescriptor processIncommingMessage
FINEST: This message is a response. Adding to incoming queue - message count: 0
Jul 13, 2018 2:46:48 PM org.restlet.service.ConverterService toRepresentation
FINE: Converter selected for JsonRepresentation: DefaultConverter
Jul 13, 2018 2:47:19 PM eu.bavenir.ogwapi.restapi.security.AuthenticationVerifier verify
FINE: Valid credentials received from a client with IP 127.0.0.1.
Jul 13, 2018 2:47:19 PM org.restlet.security.ChallengeAuthenticator authenticate
FINE: Authentication succeeded. Valid credentials provided for identifier: test_vcnt0.
Jul 13, 2018 2:47:19 PM org.restlet.security.Authenticator authenticated
FINE: The authentication succeeded for the identifer "test_vcnt0" using the HTTP_Basic scheme.
Jul 13, 2018 2:47:19 PM org.restlet.routing.TemplateRoute score
FINER: Call score for the "/objects/login" URI pattern: 0.0
Jul 13, 2018 2:47:19 PM org.restlet.routing.TemplateRoute score
FINER: Call score for the "/objects/logout" URI pattern: 0.0
Jul 13, 2018 2:47:19 PM org.restlet.routing.TemplateRoute score
FINER: Call score for the "/objects/{oid}/properties" URI pattern: 0.0
Jul 13, 2018 2:47:19 PM org.restlet.routing.TemplateRoute score
FINER: Call score for the "/objects/{oid}/properties/{pid}" URI pattern: 0.0
Jul 13, 2018 2:47:19 PM org.restlet.routing.TemplateRoute score
FINER: Call score for the "/objects/{oid}/actions" URI pattern: 0.0
Jul 13, 2018 2:47:19 PM org.restlet.routing.TemplateRoute score
FINER: Call score for the "/objects/{oid}/actions/{aid}" URI pattern: 0.0
Jul 13, 2018 2:47:19 PM org.restlet.routing.TemplateRoute score
FINER: Call score for the "/objects/{oid}/actions/{aid}/tasks/{tid}" URI pattern: 1.0
Jul 13, 2018 2:47:19 PM org.restlet.routing.Router logRoute
FINE: Selected route: "/objects/{oid}/actions/{aid}/tasks/{tid}" -> Finder for ObjectsOidActionsAidTasksTid
Jul 13, 2018 2:47:19 PM org.restlet.routing.TemplateRoute beforeHandle
FINER: 83 characters were matched
Jul 13, 2018 2:47:19 PM org.restlet.routing.TemplateRoute beforeHandle
FINE: New base URI: "http://localhost:8181/api/objects/org1dev1/actions/device-1-aid-1/tasks/1d779b7e-f17c-4c19-9dd4-77c516e0fd80". No remaining part to match
Jul 13, 2018 2:47:19 PM org.restlet.routing.TemplateRoute beforeHandle
FINER: Delegating the call to the target Restlet
Jul 13, 2018 2:47:19 PM org.restlet.engine.application.StrictConneg scoreAnnotation
FINE: Score of annotation "MethodAnnotationInfo [javaMethod: public org.restlet.representation.Representation eu.bavenir.ogwapi.restapi.services.ObjectsOidActionsAidTasksTid.represent(), javaClass: class eu.bavenir.ogwapi.restapi.services.ObjectsOidActionsAidTasksTid, restletMethod: GET, input: null, value: null, output: null, query: null]"= 0.5
Jul 13, 2018 2:47:19 PM org.restlet.engine.application.StrictConneg scoreVariant
FINE: Total score of variant "[*/*]"= 0.041791666
Jul 13, 2018 2:47:19 PM eu.bavenir.ogwapi.commons.ConnectionDescriptor processIncommingMessage
FINEST: New message from org1dev1: {"messageType":2,"requestId":71433367,"responseCode":0,"responseCodeReason":null,"responseBody":"{\"error\":false,\"message\":[{\"taskStatus\":\"running\"},{\"returnValue\":null}]}"}
Jul 13, 2018 2:47:19 PM eu.bavenir.ogwapi.commons.ConnectionDescriptor processIncommingMessage
FINEST: This message is a response. Adding to incoming queue - message count: 0
Jul 13, 2018 2:47:19 PM org.restlet.service.ConverterService toRepresentation
FINE: Converter selected for JsonRepresentation: DefaultConverter
Jul 13, 2018 2:47:32 PM eu.bavenir.ogwapi.restapi.security.AuthenticationVerifier verify
FINE: Valid credentials received from a client with IP 127.0.0.1.
Jul 13, 2018 2:47:32 PM org.restlet.security.ChallengeAuthenticator authenticate
FINE: Authentication succeeded. Valid credentials provided for identifier: test_vcnt0.
Jul 13, 2018 2:47:32 PM org.restlet.security.Authenticator authenticated
FINE: The authentication succeeded for the identifer "test_vcnt0" using the HTTP_Basic scheme.
Jul 13, 2018 2:47:32 PM org.restlet.routing.TemplateRoute score
FINER: Call score for the "/objects/login" URI pattern: 0.0
Jul 13, 2018 2:47:32 PM org.restlet.routing.TemplateRoute score
FINER: Call score for the "/objects/logout" URI pattern: 0.0
Jul 13, 2018 2:47:32 PM org.restlet.routing.TemplateRoute score
FINER: Call score for the "/objects/{oid}/properties" URI pattern: 0.0
Jul 13, 2018 2:47:32 PM org.restlet.routing.TemplateRoute score
FINER: Call score for the "/objects/{oid}/properties/{pid}" URI pattern: 0.0
Jul 13, 2018 2:47:32 PM org.restlet.routing.TemplateRoute score
FINER: Call score for the "/objects/{oid}/actions" URI pattern: 0.0
Jul 13, 2018 2:47:32 PM org.restlet.routing.TemplateRoute score
FINER: Call score for the "/objects/{oid}/actions/{aid}" URI pattern: 0.0
Jul 13, 2018 2:47:32 PM org.restlet.routing.TemplateRoute score
FINER: Call score for the "/objects/{oid}/actions/{aid}/tasks/{tid}" URI pattern: 1.0
Jul 13, 2018 2:47:32 PM org.restlet.routing.Router logRoute
FINE: Selected route: "/objects/{oid}/actions/{aid}/tasks/{tid}" -> Finder for ObjectsOidActionsAidTasksTid
Jul 13, 2018 2:47:32 PM org.restlet.routing.TemplateRoute beforeHandle
FINER: 83 characters were matched
Jul 13, 2018 2:47:32 PM org.restlet.routing.TemplateRoute beforeHandle
FINE: New base URI: "http://localhost:8181/api/objects/org1dev1/actions/device-1-aid-1/tasks/d8163aec-69c4-46dc-bd47-277e073a16b1". No remaining part to match
Jul 13, 2018 2:47:32 PM org.restlet.routing.TemplateRoute beforeHandle
FINER: Delegating the call to the target Restlet
Jul 13, 2018 2:47:32 PM org.restlet.engine.application.StrictConneg scoreAnnotation
FINE: Score of annotation "MethodAnnotationInfo [javaMethod: public org.restlet.representation.Representation eu.bavenir.ogwapi.restapi.services.ObjectsOidActionsAidTasksTid.represent(), javaClass: class eu.bavenir.ogwapi.restapi.services.ObjectsOidActionsAidTasksTid, restletMethod: GET, input: null, value: null, output: null, query: null]"= 0.5
Jul 13, 2018 2:47:32 PM org.restlet.engine.application.StrictConneg scoreVariant
FINE: Total score of variant "[*/*]"= 0.041791666
Jul 13, 2018 2:47:32 PM eu.bavenir.ogwapi.commons.ConnectionDescriptor processIncommingMessage
FINEST: New message from org1dev1: {"messageType":2,"requestId":1627376604,"responseCode":0,"responseCodeReason":null,"responseBody":"{\"error\":false,\"message\":[{\"taskStatus\":\"pending\"},{\"returnValue\":null}]}"}
Jul 13, 2018 2:47:32 PM eu.bavenir.ogwapi.commons.ConnectionDescriptor processIncommingMessage
FINEST: This message is a response. Adding to incoming queue - message count: 0
Jul 13, 2018 2:47:32 PM org.restlet.service.ConverterService toRepresentation
FINE: Converter selected for JsonRepresentation: DefaultConverter
Jul 13, 2018 2:47:41 PM eu.bavenir.ogwapi.restapi.security.AuthenticationVerifier verify
FINE: Valid credentials received from a client with IP 127.0.0.1.
Jul 13, 2018 2:47:41 PM org.restlet.security.ChallengeAuthenticator authenticate
FINE: Authentication succeeded. Valid credentials provided for identifier: test_vcnt0.
Jul 13, 2018 2:47:41 PM org.restlet.security.Authenticator authenticated
FINE: The authentication succeeded for the identifer "test_vcnt0" using the HTTP_Basic scheme.
Jul 13, 2018 2:47:41 PM org.restlet.routing.TemplateRoute score
FINER: Call score for the "/objects/login" URI pattern: 0.0
Jul 13, 2018 2:47:41 PM org.restlet.routing.TemplateRoute score
FINER: Call score for the "/objects/logout" URI pattern: 0.0
Jul 13, 2018 2:47:41 PM org.restlet.routing.TemplateRoute score
FINER: Call score for the "/objects/{oid}/properties" URI pattern: 0.0
Jul 13, 2018 2:47:41 PM org.restlet.routing.TemplateRoute score
FINER: Call score for the "/objects/{oid}/properties/{pid}" URI pattern: 0.0
Jul 13, 2018 2:47:41 PM org.restlet.routing.TemplateRoute score
FINER: Call score for the "/objects/{oid}/actions" URI pattern: 0.0
Jul 13, 2018 2:47:41 PM org.restlet.routing.TemplateRoute score
FINER: Call score for the "/objects/{oid}/actions/{aid}" URI pattern: 1.0
Jul 13, 2018 2:47:41 PM org.restlet.routing.Router logRoute
FINE: Selected route: "/objects/{oid}/actions/{aid}" -> Finder for ObjectsOidActionsAid
Jul 13, 2018 2:47:41 PM org.restlet.routing.TemplateRoute beforeHandle
FINER: 40 characters were matched
Jul 13, 2018 2:47:41 PM org.restlet.routing.TemplateRoute beforeHandle
FINE: New base URI: "http://localhost:8181/api/objects/org1dev1/actions/device-1-aid-1". No remaining part to match
Jul 13, 2018 2:47:41 PM org.restlet.routing.TemplateRoute beforeHandle
FINER: Delegating the call to the target Restlet
Jul 13, 2018 2:47:41 PM org.restlet.engine.application.StrictConneg scoreAnnotation
FINE: Score of annotation "MethodAnnotationInfo [javaMethod: public org.restlet.representation.Representation eu.bavenir.ogwapi.restapi.services.ObjectsOidActionsAid.accept(org.restlet.representation.Representation), javaClass: class eu.bavenir.ogwapi.restapi.services.ObjectsOidActionsAid, restletMethod: POST, input: json, value: json, output: json, query: null]"= 0.5
Jul 13, 2018 2:47:41 PM org.restlet.engine.application.StrictConneg scoreVariant
FINE: Total score of variant "[application/json]"= 0.08383334
Jul 13, 2018 2:47:41 PM org.restlet.service.ConverterService toObject
FINE: The following converter was selected for the [application/json] representation: org.restlet.engine.converter.DefaultConverter@3e48b766
Jul 13, 2018 2:47:41 PM eu.bavenir.ogwapi.commons.ConnectionDescriptor processIncommingMessage
FINEST: New message from org1dev1: {"messageType":2,"requestId":1740574018,"responseCode":0,"responseCodeReason":null,"responseBody":"{\"error\":false,\"message\":[{\"startAction\":\"success\"},{\"taskID\":\"5b8ff0ec-e91c-40d3-998d-5b67b1079843\"}]}"}
Jul 13, 2018 2:47:41 PM eu.bavenir.ogwapi.commons.ConnectionDescriptor processIncommingMessage
FINEST: This message is a response. Adding to incoming queue - message count: 0
Jul 13, 2018 2:47:41 PM org.restlet.service.ConverterService toRepresentation
FINE: Converter selected for JsonRepresentation: DefaultConverter
Jul 13, 2018 2:48:00 PM eu.bavenir.ogwapi.restapi.security.AuthenticationVerifier verify
FINE: Valid credentials received from a client with IP 127.0.0.1.
Jul 13, 2018 2:48:00 PM org.restlet.security.ChallengeAuthenticator authenticate
FINE: Authentication succeeded. Valid credentials provided for identifier: test_vcnt0.
Jul 13, 2018 2:48:00 PM org.restlet.security.Authenticator authenticated
FINE: The authentication succeeded for the identifer "test_vcnt0" using the HTTP_Basic scheme.
Jul 13, 2018 2:48:00 PM org.restlet.routing.TemplateRoute score
FINER: Call score for the "/objects/login" URI pattern: 0.0
Jul 13, 2018 2:48:00 PM org.restlet.routing.TemplateRoute score
FINER: Call score for the "/objects/logout" URI pattern: 0.0
Jul 13, 2018 2:48:00 PM org.restlet.routing.TemplateRoute score
FINER: Call score for the "/objects/{oid}/properties" URI pattern: 0.0
Jul 13, 2018 2:48:00 PM org.restlet.routing.TemplateRoute score
FINER: Call score for the "/objects/{oid}/properties/{pid}" URI pattern: 0.0
Jul 13, 2018 2:48:00 PM org.restlet.routing.TemplateRoute score
FINER: Call score for the "/objects/{oid}/actions" URI pattern: 0.0
Jul 13, 2018 2:48:00 PM org.restlet.routing.TemplateRoute score
FINER: Call score for the "/objects/{oid}/actions/{aid}" URI pattern: 0.0
Jul 13, 2018 2:48:00 PM org.restlet.routing.TemplateRoute score
FINER: Call score for the "/objects/{oid}/actions/{aid}/tasks/{tid}" URI pattern: 1.0
Jul 13, 2018 2:48:00 PM org.restlet.routing.Router logRoute
FINE: Selected route: "/objects/{oid}/actions/{aid}/tasks/{tid}" -> Finder for ObjectsOidActionsAidTasksTid
Jul 13, 2018 2:48:00 PM org.restlet.routing.TemplateRoute beforeHandle
FINER: 83 characters were matched
Jul 13, 2018 2:48:00 PM org.restlet.routing.TemplateRoute beforeHandle
FINE: New base URI: "http://localhost:8181/api/objects/org1dev1/actions/device-1-aid-1/tasks/5b8ff0ec-e91c-40d3-998d-5b67b1079843". No remaining part to match
Jul 13, 2018 2:48:00 PM org.restlet.routing.TemplateRoute beforeHandle
FINER: Delegating the call to the target Restlet
Jul 13, 2018 2:48:00 PM org.restlet.engine.application.StrictConneg scoreAnnotation
FINE: Score of annotation "MethodAnnotationInfo [javaMethod: public org.restlet.representation.Representation eu.bavenir.ogwapi.restapi.services.ObjectsOidActionsAidTasksTid.represent(), javaClass: class eu.bavenir.ogwapi.restapi.services.ObjectsOidActionsAidTasksTid, restletMethod: GET, input: null, value: null, output: null, query: null]"= 0.5
Jul 13, 2018 2:48:00 PM org.restlet.engine.application.StrictConneg scoreVariant
FINE: Total score of variant "[*/*]"= 0.041791666
Jul 13, 2018 2:48:01 PM eu.bavenir.ogwapi.commons.ConnectionDescriptor processIncommingMessage
FINEST: New message from org1dev1: {"messageType":2,"requestId":267809119,"responseCode":0,"responseCodeReason":null,"responseBody":"{\"error\":false,\"message\":[{\"taskStatus\":\"pending\"},{\"returnValue\":null}]}"}
Jul 13, 2018 2:48:01 PM eu.bavenir.ogwapi.commons.ConnectionDescriptor processIncommingMessage
FINEST: This message is a response. Adding to incoming queue - message count: 0
Jul 13, 2018 2:48:01 PM org.restlet.service.ConverterService toRepresentation
FINE: Converter selected for JsonRepresentation: DefaultConverter
Jul 13, 2018 2:48:33 PM eu.bavenir.ogwapi.restapi.security.AuthenticationVerifier verify
FINE: Valid credentials received from a client with IP 127.0.0.1.
Jul 13, 2018 2:48:33 PM org.restlet.security.ChallengeAuthenticator authenticate
FINE: Authentication succeeded. Valid credentials provided for identifier: test_vcnt0.
Jul 13, 2018 2:48:33 PM org.restlet.security.Authenticator authenticated
FINE: The authentication succeeded for the identifer "test_vcnt0" using the HTTP_Basic scheme.
Jul 13, 2018 2:48:33 PM org.restlet.routing.TemplateRoute score
FINER: Call score for the "/objects/login" URI pattern: 0.0
Jul 13, 2018 2:48:33 PM org.restlet.routing.TemplateRoute score
FINER: Call score for the "/objects/logout" URI pattern: 0.0
Jul 13, 2018 2:48:33 PM org.restlet.routing.TemplateRoute score
FINER: Call score for the "/objects/{oid}/properties" URI pattern: 0.0
Jul 13, 2018 2:48:33 PM org.restlet.routing.TemplateRoute score
FINER: Call score for the "/objects/{oid}/properties/{pid}" URI pattern: 0.0
Jul 13, 2018 2:48:33 PM org.restlet.routing.TemplateRoute score
FINER: Call score for the "/objects/{oid}/actions" URI pattern: 0.0
Jul 13, 2018 2:48:33 PM org.restlet.routing.TemplateRoute score
FINER: Call score for the "/objects/{oid}/actions/{aid}" URI pattern: 0.0
Jul 13, 2018 2:48:33 PM org.restlet.routing.TemplateRoute score
FINER: Call score for the "/objects/{oid}/actions/{aid}/tasks/{tid}" URI pattern: 1.0
Jul 13, 2018 2:48:33 PM org.restlet.routing.Router logRoute
FINE: Selected route: "/objects/{oid}/actions/{aid}/tasks/{tid}" -> Finder for ObjectsOidActionsAidTasksTid
Jul 13, 2018 2:48:33 PM org.restlet.routing.TemplateRoute beforeHandle
FINER: 83 characters were matched
Jul 13, 2018 2:48:33 PM org.restlet.routing.TemplateRoute beforeHandle
FINE: New base URI: "http://localhost:8181/api/objects/org1dev1/actions/device-1-aid-1/tasks/5b8ff0ec-e91c-40d3-998d-5b67b1079843". No remaining part to match
Jul 13, 2018 2:48:33 PM org.restlet.routing.TemplateRoute beforeHandle
FINER: Delegating the call to the target Restlet
Jul 13, 2018 2:48:33 PM org.restlet.engine.application.StrictConneg scoreAnnotation
FINE: Score of annotation "MethodAnnotationInfo [javaMethod: public org.restlet.representation.Representation eu.bavenir.ogwapi.restapi.services.ObjectsOidActionsAidTasksTid.remove(), javaClass: class eu.bavenir.ogwapi.restapi.services.ObjectsOidActionsAidTasksTid, restletMethod: DELETE, input: null, value: null, output: null, query: null]"= 0.5
Jul 13, 2018 2:48:33 PM org.restlet.engine.application.StrictConneg scoreVariant
FINE: Total score of variant "[*/*]"= 0.041791666
Jul 13, 2018 2:48:33 PM eu.bavenir.ogwapi.commons.ConnectionDescriptor processIncommingMessage
FINEST: New message from org1dev1: {"messageType":2,"requestId":750792901,"responseCode":0,"responseCodeReason":null,"responseBody":"{\"error\":false,\"message\":[{\"stopTask\":\"Cannot find task 5b8ff0ec-e91c-40d3-998d-5b67b1079843. Its status is unknown.\"}]}"}
Jul 13, 2018 2:48:33 PM eu.bavenir.ogwapi.commons.ConnectionDescriptor processIncommingMessage
FINEST: This message is a response. Adding to incoming queue - message count: 0
Jul 13, 2018 2:48:33 PM org.restlet.service.ConverterService toRepresentation
FINE: Converter selected for JsonRepresentation: DefaultConverter
