Apr 17, 2018 3:09:43 PM eu.bavenir.vicinity.gatewayapi.App initialize
CONFIG: Log file: /home/sulfo/Workspace/GatewayApi/log/18-04-17T15_09_43.042-gateway.log
Apr 17, 2018 3:09:43 PM eu.bavenir.vicinity.gatewayapi.App main
FINE: Vicinity Gateway API initialized.
Apr 17, 2018 3:09:43 PM eu.bavenir.vicinity.gatewayapi.App main
FINE: API thread started.
Apr 17, 2018 3:09:43 PM eu.bavenir.vicinity.gatewayapi.restapi.RestletThread run
CONFIG: HTTP server configured.
Apr 17, 2018 3:09:43 PM eu.bavenir.vicinity.gatewayapi.restapi.Api configureChallengeScheme
CONFIG: HTTP Basic challenge authentication scheme configured.
Apr 17, 2018 3:09:43 PM org.restlet.Application start
INFO: Starting eu.bavenir.vicinity.gatewayapi.restapi.Api application
Apr 17, 2018 3:09:43 PM org.restlet.engine.application.ApplicationHelper start
FINE: By default, an application should be attached to a parent component in order to let application's outbound root handle calls properly.
Apr 17, 2018 3:09:43 PM eu.bavenir.vicinity.gatewayapi.restapi.RestletThread run
FINE: HTTP server component started.
Apr 17, 2018 3:09:53 PM eu.bavenir.vicinity.gatewayapi.xmpp.CommunicationNode isConnected
WARNING: Null record in the connection descriptor pool. XMPP user: 'f31e6c8b-eaa4-4fd6-b32b-bad97496b24f'.
Apr 17, 2018 3:09:53 PM eu.bavenir.vicinity.gatewayapi.xmpp.AgentCommunicator <init>
CONFIG: HTTPS protocol disabled for Agent communication
Apr 17, 2018 3:09:53 PM eu.bavenir.vicinity.gatewayapi.xmpp.XmppConnectionDescriptor buildNewConnection
CONFIG: Creating a new connection to XMPP server 'dev_be.bavenir.eu:5222' as 'f31e6c8b-eaa4-4fd6-b32b-bad97496b24f@vicinity.eu'
Apr 17, 2018 3:09:54 PM eu.bavenir.vicinity.gatewayapi.xmpp.XmppConnectionDescriptor buildNewConnection
CONFIG: XMPP SECURE CONNECTION IS DISABLED.
Apr 17, 2018 3:09:54 PM eu.bavenir.vicinity.gatewayapi.xmpp.CommunicationNode establishConnection
INFO: XMPP connection for 'f31e6c8b-eaa4-4fd6-b32b-bad97496b24f' was established.
Apr 17, 2018 3:09:54 PM eu.bavenir.vicinity.gatewayapi.xmpp.CommunicationNode establishConnection
FINEST: A new connection for 'f31e6c8b-eaa4-4fd6-b32b-bad97496b24f' was added into connection pool.
Apr 17, 2018 3:09:54 PM eu.bavenir.vicinity.gatewayapi.restapi.security.AuthenticationVerifier verify
FINE: Valid credentials received from a client with IP 127.0.0.1.
Apr 17, 2018 3:09:54 PM org.restlet.security.ChallengeAuthenticator authenticate
FINE: Authentication succeeded. Valid credentials provided for identifier: f31e6c8b-eaa4-4fd6-b32b-bad97496b24f.
Apr 17, 2018 3:09:54 PM org.restlet.security.Authenticator authenticated
FINE: The authentication succeeded for the identifer "f31e6c8b-eaa4-4fd6-b32b-bad97496b24f" using the HTTP_Basic scheme.
Apr 17, 2018 3:09:54 PM org.restlet.routing.TemplateRoute score
FINER: Call score for the "/objects/login" URI pattern: 0.0
Apr 17, 2018 3:09:54 PM org.restlet.routing.TemplateRoute score
FINER: Call score for the "/objects/logout" URI pattern: 0.0
Apr 17, 2018 3:09:54 PM org.restlet.routing.TemplateRoute score
FINER: Call score for the "/objects/{oid}/properties" URI pattern: 0.0
Apr 17, 2018 3:09:54 PM org.restlet.routing.TemplateRoute score
FINER: Call score for the "/objects/{oid}/properties/{pid}" URI pattern: 0.0
Apr 17, 2018 3:09:54 PM org.restlet.routing.TemplateRoute score
FINER: Call score for the "/objects/{oid}/actions" URI pattern: 0.0
Apr 17, 2018 3:09:54 PM org.restlet.routing.TemplateRoute score
FINER: Call score for the "/objects/{oid}/actions/{aid}" URI pattern: 0.0
Apr 17, 2018 3:09:54 PM org.restlet.routing.TemplateRoute score
FINER: Call score for the "/objects/{oid}/actions/{aid}/tasks/{tid}" URI pattern: 0.0
Apr 17, 2018 3:09:54 PM org.restlet.routing.TemplateRoute score
FINER: Call score for the "/objects/{oid}/events" URI pattern: 0.0
Apr 17, 2018 3:09:54 PM org.restlet.routing.TemplateRoute score
FINER: Call score for the "/objects/{oid}/events/{eid}" URI pattern: 0.0
Apr 17, 2018 3:09:54 PM org.restlet.routing.TemplateRoute score
FINER: Call score for the "/events/{eid}" URI pattern: 0.0
Apr 17, 2018 3:09:54 PM org.restlet.routing.TemplateRoute score
FINER: Call score for the "/objects" URI pattern: 0.0
Apr 17, 2018 3:09:54 PM org.restlet.routing.TemplateRoute score
FINER: Call score for the "/objects/{oid}" URI pattern: 0.0
Apr 17, 2018 3:09:54 PM org.restlet.routing.TemplateRoute score
FINER: Call score for the "/agents/{agid}/objects" URI pattern: 1.0
Apr 17, 2018 3:09:54 PM org.restlet.routing.Router logRoute
FINE: Selected route: "/agents/{agid}/objects" -> Finder for AgentsAgidObjects
Apr 17, 2018 3:09:54 PM org.restlet.routing.TemplateRoute beforeHandle
FINER: 52 characters were matched
Apr 17, 2018 3:09:54 PM org.restlet.routing.TemplateRoute beforeHandle
FINE: New base URI: "http://localhost:8181/api/agents/f31e6c8b-eaa4-4fd6-b32b-bad97496b24f/objects". No remaining part to match
Apr 17, 2018 3:09:54 PM org.restlet.routing.TemplateRoute beforeHandle
FINER: Delegating the call to the target Restlet
Apr 17, 2018 3:09:54 PM org.restlet.engine.application.StrictConneg scoreAnnotation
FINE: Score of annotation "MethodAnnotationInfo [javaMethod: public org.restlet.representation.Representation eu.bavenir.vicinity.gatewayapi.restapi.services.AgentsAgidObjects.represent(), javaClass: class eu.bavenir.vicinity.gatewayapi.restapi.services.AgentsAgidObjects, restletMethod: GET, input: null, value: null, output: null, query: null]"= 0.5
Apr 17, 2018 3:09:54 PM org.restlet.engine.application.StrictConneg scoreVariant
FINE: Total score of variant "[*/*]"= 0.041791666
Apr 17, 2018 3:09:54 PM org.restlet.engine.application.ApplicationHelper$1 handle
FINE: Added runtime client for protocol: HTTPS
Apr 17, 2018 3:09:54 PM org.restlet.engine.connector.HttpClientHelper start
INFO: Starting the internal HTTP client
Apr 17, 2018 3:09:55 PM org.restlet.resource.ServerResource doCatch
SEVERE: Exception or error caught in server resource
org.restlet.resource.ResourceException: Internal Server Error (500) - The server encountered an unexpected condition which prevented it from fulfilling the request
	at org.restlet.resource.ServerResource.doHandle(ServerResource.java:527)
	at org.restlet.resource.ServerResource.get(ServerResource.java:723)
	at org.restlet.resource.ServerResource.doHandle(ServerResource.java:603)
	at org.restlet.resource.ServerResource.doNegotiatedHandle(ServerResource.java:662)
	at org.restlet.resource.ServerResource.doConditionalHandle(ServerResource.java:348)
	at org.restlet.resource.ServerResource.handle(ServerResource.java:1020)
	at org.restlet.resource.Finder.handle(Finder.java:236)
	at org.restlet.routing.Filter.doHandle(Filter.java:150)
	at org.restlet.routing.Filter.handle(Filter.java:197)
	at org.restlet.routing.Router.doHandle(Router.java:422)
	at org.restlet.routing.Router.handle(Router.java:641)
	at org.restlet.routing.Filter.doHandle(Filter.java:150)
	at org.restlet.routing.Filter.handle(Filter.java:197)
	at org.restlet.routing.Filter.doHandle(Filter.java:150)
	at org.restlet.routing.Filter.handle(Filter.java:197)
	at org.restlet.routing.Filter.doHandle(Filter.java:150)
	at org.restlet.routing.Filter.handle(Filter.java:197)
	at org.restlet.routing.Filter.doHandle(Filter.java:150)
	at org.restlet.engine.application.StatusFilter.doHandle(StatusFilter.java:140)
	at org.restlet.routing.Filter.handle(Filter.java:197)
	at org.restlet.routing.Filter.doHandle(Filter.java:150)
	at org.restlet.routing.Filter.handle(Filter.java:197)
	at org.restlet.engine.CompositeHelper.handle(CompositeHelper.java:202)
	at org.restlet.engine.application.ApplicationHelper.handle(ApplicationHelper.java:77)
	at org.restlet.Application.handle(Application.java:385)
	at org.restlet.routing.Filter.doHandle(Filter.java:150)
	at org.restlet.routing.Filter.handle(Filter.java:197)
	at org.restlet.routing.Router.doHandle(Router.java:422)
	at org.restlet.routing.Router.handle(Router.java:641)
	at org.restlet.routing.Filter.doHandle(Filter.java:150)
	at org.restlet.routing.Filter.handle(Filter.java:197)
	at org.restlet.routing.Router.doHandle(Router.java:422)
	at org.restlet.routing.Router.handle(Router.java:641)
	at org.restlet.routing.Filter.doHandle(Filter.java:150)
	at org.restlet.engine.application.StatusFilter.doHandle(StatusFilter.java:140)
	at org.restlet.routing.Filter.handle(Filter.java:197)
	at org.restlet.routing.Filter.doHandle(Filter.java:150)
	at org.restlet.routing.Filter.handle(Filter.java:197)
	at org.restlet.engine.CompositeHelper.handle(CompositeHelper.java:202)
	at org.restlet.Component.handle(Component.java:408)
	at org.restlet.Server.handle(Server.java:507)
	at org.restlet.engine.connector.ServerHelper.handle(ServerHelper.java:63)
	at org.restlet.engine.adapter.HttpServerHelper.handle(HttpServerHelper.java:143)
	at org.restlet.engine.connector.HttpServerHelper$1.handle(HttpServerHelper.java:64)
	at com.sun.net.httpserver.Filter$Chain.doFilter(Filter.java:79)
	at sun.net.httpserver.AuthFilter.doFilter(AuthFilter.java:83)
	at com.sun.net.httpserver.Filter$Chain.doFilter(Filter.java:82)
	at sun.net.httpserver.ServerImpl$Exchange$LinkHandler.handle(ServerImpl.java:675)
	at com.sun.net.httpserver.Filter$Chain.doFilter(Filter.java:79)
	at sun.net.httpserver.ServerImpl$Exchange.run(ServerImpl.java:647)
	at java.util.concurrent.ThreadPoolExecutor.runWorker(ThreadPoolExecutor.java:1149)
	at java.util.concurrent.ThreadPoolExecutor$Worker.run(ThreadPoolExecutor.java:624)
	at java.lang.Thread.run(Thread.java:748)
Caused by: java.lang.ClassCastException: org.restlet.engine.connector.ConnectionClosingRepresentation cannot be cast to org.restlet.ext.json.JsonRepresentation
	at eu.bavenir.vicinity.gatewayapi.restapi.services.AgentsAgidObjects.getAgentObjects(AgentsAgidObjects.java:232)
	at eu.bavenir.vicinity.gatewayapi.restapi.services.AgentsAgidObjects.represent(AgentsAgidObjects.java:106)
	at sun.reflect.NativeMethodAccessorImpl.invoke0(Native Method)
	at sun.reflect.NativeMethodAccessorImpl.invoke(NativeMethodAccessorImpl.java:62)
	at sun.reflect.DelegatingMethodAccessorImpl.invoke(DelegatingMethodAccessorImpl.java:43)
	at java.lang.reflect.Method.invoke(Method.java:498)
	at org.restlet.resource.ServerResource.doHandle(ServerResource.java:511)
	... 52 more

Apr 17, 2018 3:09:55 PM org.restlet.engine.application.StrictConneg scoreVariant
FINE: Total score of variant "[text/html]"= 2.5E-4
Apr 17, 2018 3:09:55 PM org.restlet.engine.application.StrictConneg scoreVariant
FINE: Total score of variant "[application/xhtml+xml]"= 5.0E-4
Apr 17, 2018 3:09:55 PM org.restlet.service.ConverterService toRepresentation
FINE: Converter selected for StatusInfo: StatusInfoHtmlConverter
