Aug 10, 2018 1:10:19 PM eu.bavenir.ogwapi.App initialize
CONFIG: Log file: log/18-08-10T13_10_19.296-gateway.log
Aug 10, 2018 1:10:19 PM eu.bavenir.ogwapi.App main
FINE: Vicinity Gateway API initialized.
Aug 10, 2018 1:10:19 PM eu.bavenir.ogwapi.App main
FINE: API thread started.
Aug 10, 2018 1:10:19 PM eu.bavenir.ogwapi.restapi.RestletThread run
CONFIG: HTTP server configured.
Aug 10, 2018 1:10:19 PM eu.bavenir.ogwapi.restapi.Api configureChallengeScheme
CONFIG: HTTP Basic challenge authentication scheme configured.
Aug 10, 2018 1:10:19 PM org.restlet.Application start
INFO: Starting eu.bavenir.ogwapi.restapi.Api application
Aug 10, 2018 1:10:19 PM org.restlet.engine.application.ApplicationHelper start
FINE: By default, an application should be attached to a parent component in order to let application's outbound root handle calls properly.
Aug 10, 2018 1:10:19 PM eu.bavenir.ogwapi.restapi.RestletThread run
FINE: HTTP server component started.
Aug 10, 2018 1:10:59 PM eu.bavenir.ogwapi.commons.CommunicationManager isConnected
WARNING: Null record in the connection descriptor pool. Object ID: 'test_vcnt0'.
Aug 10, 2018 1:10:59 PM eu.bavenir.ogwapi.commons.connectors.http.RestAgentConnector <init>
CONFIG: HTTPS protocol disabled for Agent communication
Aug 10, 2018 1:10:59 PM eu.bavenir.ogwapi.commons.engines.xmpp.XmppMessageEngine buildNewConnection
CONFIG: Creating a new connection to XMPP server 'commserver.bavenir.eu:5222' as 'test_vcnt0@vicinity.eu'
Aug 10, 2018 1:11:00 PM eu.bavenir.ogwapi.commons.engines.xmpp.XmppMessageEngine buildNewConnection
CONFIG: XMPP SECURE CONNECTION IS DISABLED.
Aug 10, 2018 1:11:00 PM eu.bavenir.ogwapi.commons.CommunicationManager establishConnection
INFO: Connection for 'test_vcnt0' was established.
Aug 10, 2018 1:11:00 PM eu.bavenir.ogwapi.commons.CommunicationManager establishConnection
FINEST: A new connection for 'test_vcnt0' was added into connection pool.
Aug 10, 2018 1:11:00 PM eu.bavenir.ogwapi.restapi.security.AuthenticationVerifier verify
FINE: Valid credentials received from a client with IP 127.0.0.1.
Aug 10, 2018 1:11:00 PM org.restlet.security.ChallengeAuthenticator authenticate
FINE: Authentication succeeded. Valid credentials provided for identifier: test_vcnt0.
Aug 10, 2018 1:11:00 PM org.restlet.security.Authenticator authenticated
FINE: The authentication succeeded for the identifer "test_vcnt0" using the HTTP_Basic scheme.
Aug 10, 2018 1:11:00 PM org.restlet.routing.TemplateRoute score
FINER: Call score for the "/objects/login" URI pattern: 1.0
Aug 10, 2018 1:11:00 PM org.restlet.routing.Router logRoute
FINE: Selected route: "/objects/login" -> Finder for ObjectsLogin
Aug 10, 2018 1:11:00 PM org.restlet.routing.TemplateRoute beforeHandle
FINER: 14 characters were matched
Aug 10, 2018 1:11:00 PM org.restlet.routing.TemplateRoute beforeHandle
FINE: New base URI: "http://localhost:8181/api/objects/login". No remaining part to match
Aug 10, 2018 1:11:00 PM org.restlet.routing.TemplateRoute beforeHandle
FINER: Delegating the call to the target Restlet
Aug 10, 2018 1:11:00 PM org.restlet.engine.application.StrictConneg scoreAnnotation
FINE: Score of annotation "MethodAnnotationInfo [javaMethod: public org.restlet.representation.Representation eu.bavenir.ogwapi.restapi.services.ObjectsLogin.represent(), javaClass: class eu.bavenir.ogwapi.restapi.services.ObjectsLogin, restletMethod: GET, input: null, value: null, output: null, query: null]"= 0.5
Aug 10, 2018 1:11:00 PM org.restlet.engine.application.StrictConneg scoreVariant
FINE: Total score of variant "[*/*]"= 0.041791666
Aug 10, 2018 1:11:00 PM org.restlet.service.ConverterService toRepresentation
FINE: Converter selected for JsonRepresentation: DefaultConverter
Aug 10, 2018 1:11:31 PM eu.bavenir.ogwapi.commons.ConnectionDescriptor processIncommingMessage
FINEST: New message from 0ce241bb-abe4-416a-b018-dee970cf75aa: {"messageType":1,"requestId":932999649,"requestOperation":9,"requestBody":null,"attributes":{"oid":"0ce241bb-abe4-416a-b018-dee970cf75aa","eid":"event-1"},"parameters":{}}
Aug 10, 2018 1:11:31 PM eu.bavenir.ogwapi.commons.ConnectionDescriptor processIncommingMessage
FINEST: The message is a request. Processing...
Aug 10, 2018 1:11:31 PM eu.bavenir.ogwapi.commons.ConnectionDescriptor respondToEventSubscriptionRequest
INFO: Received a request for subscription to invalid event channel. Request came from: 0ce241bb-abe4-416a-b018-dee970cf75aa
Aug 10, 2018 1:12:02 PM eu.bavenir.ogwapi.restapi.security.AuthenticationVerifier verify
FINE: Valid credentials received from a client with IP 127.0.0.1.
Aug 10, 2018 1:12:02 PM org.restlet.security.ChallengeAuthenticator authenticate
FINE: Authentication succeeded. Valid credentials provided for identifier: test_vcnt0.
Aug 10, 2018 1:12:02 PM org.restlet.security.Authenticator authenticated
FINE: The authentication succeeded for the identifer "test_vcnt0" using the HTTP_Basic scheme.
Aug 10, 2018 1:12:02 PM org.restlet.routing.TemplateRoute score
FINER: Call score for the "/objects/login" URI pattern: 0.0
Aug 10, 2018 1:12:02 PM org.restlet.routing.TemplateRoute score
FINER: Call score for the "/objects/logout" URI pattern: 0.0
Aug 10, 2018 1:12:02 PM org.restlet.routing.TemplateRoute score
FINER: Call score for the "/objects/{oid}/properties" URI pattern: 0.0
Aug 10, 2018 1:12:02 PM org.restlet.routing.TemplateRoute score
FINER: Call score for the "/objects/{oid}/properties/{pid}" URI pattern: 0.0
Aug 10, 2018 1:12:02 PM org.restlet.routing.TemplateRoute score
FINER: Call score for the "/objects/{oid}/actions" URI pattern: 0.0
Aug 10, 2018 1:12:02 PM org.restlet.routing.TemplateRoute score
FINER: Call score for the "/objects/{oid}/actions/{aid}" URI pattern: 0.0
Aug 10, 2018 1:12:02 PM org.restlet.routing.TemplateRoute score
FINER: Call score for the "/objects/{oid}/actions/{aid}/tasks/{tid}" URI pattern: 0.0
Aug 10, 2018 1:12:02 PM org.restlet.routing.TemplateRoute score
FINER: Call score for the "/objects/{oid}/events" URI pattern: 0.0
Aug 10, 2018 1:12:02 PM org.restlet.routing.TemplateRoute score
FINER: Call score for the "/objects/{oid}/events/{eid}" URI pattern: 0.0
Aug 10, 2018 1:12:02 PM org.restlet.routing.TemplateRoute score
FINER: Call score for the "/events/{eid}" URI pattern: 1.0
Aug 10, 2018 1:12:02 PM org.restlet.routing.Router logRoute
FINE: Selected route: "/events/{eid}" -> Finder for EventsEid
Aug 10, 2018 1:12:02 PM org.restlet.routing.TemplateRoute beforeHandle
FINER: 15 characters were matched
Aug 10, 2018 1:12:02 PM org.restlet.routing.TemplateRoute beforeHandle
FINE: New base URI: "http://localhost:8181/api/events/event-1". No remaining part to match
Aug 10, 2018 1:12:02 PM org.restlet.routing.TemplateRoute beforeHandle
FINER: Delegating the call to the target Restlet
Aug 10, 2018 1:12:02 PM org.restlet.engine.application.StrictConneg scoreAnnotation
FINE: Score of annotation "MethodAnnotationInfo [javaMethod: public org.restlet.representation.Representation eu.bavenir.ogwapi.restapi.services.EventsEid.accept(org.restlet.representation.Representation), javaClass: class eu.bavenir.ogwapi.restapi.services.EventsEid, restletMethod: POST, input: json, value: json, output: json, query: null]"= 0.5
Aug 10, 2018 1:12:02 PM org.restlet.engine.application.StrictConneg scoreVariant
FINE: Total score of variant "[application/json]"= 0.04191667
Aug 10, 2018 1:12:02 PM eu.bavenir.ogwapi.commons.ConnectionDescriptor setLocalEventChannelStatus
FINE: Object 'test_vcnt0' created active event channel 'event-1'
Aug 10, 2018 1:12:02 PM org.restlet.service.ConverterService toRepresentation
FINE: Converter selected for JsonRepresentation: DefaultConverter
Aug 10, 2018 1:12:20 PM eu.bavenir.ogwapi.commons.ConnectionDescriptor processIncommingMessage
FINEST: New message from 0ce241bb-abe4-416a-b018-dee970cf75aa: {"messageType":1,"requestId":1609274002,"requestOperation":9,"requestBody":null,"attributes":{"oid":"0ce241bb-abe4-416a-b018-dee970cf75aa","eid":"event-1"},"parameters":{}}
Aug 10, 2018 1:12:20 PM eu.bavenir.ogwapi.commons.ConnectionDescriptor processIncommingMessage
FINEST: The message is a request. Processing...
Aug 10, 2018 1:12:20 PM eu.bavenir.ogwapi.commons.ConnectionDescriptor respondToEventSubscriptionRequest
FINE: Received a request for subscription to event channel event-1 from 0ce241bb-abe4-416a-b018-dee970cf75aa.
Aug 10, 2018 1:12:51 PM eu.bavenir.ogwapi.restapi.security.AuthenticationVerifier verify
FINE: Valid credentials received from a client with IP 127.0.0.1.
Aug 10, 2018 1:12:51 PM org.restlet.security.ChallengeAuthenticator authenticate
FINE: Authentication succeeded. Valid credentials provided for identifier: test_vcnt0.
Aug 10, 2018 1:12:51 PM org.restlet.security.Authenticator authenticated
FINE: The authentication succeeded for the identifer "test_vcnt0" using the HTTP_Basic scheme.
Aug 10, 2018 1:12:51 PM org.restlet.routing.TemplateRoute score
FINER: Call score for the "/objects/login" URI pattern: 0.0
Aug 10, 2018 1:12:51 PM org.restlet.routing.TemplateRoute score
FINER: Call score for the "/objects/logout" URI pattern: 0.0
Aug 10, 2018 1:12:51 PM org.restlet.routing.TemplateRoute score
FINER: Call score for the "/objects/{oid}/properties" URI pattern: 0.0
Aug 10, 2018 1:12:51 PM org.restlet.routing.TemplateRoute score
FINER: Call score for the "/objects/{oid}/properties/{pid}" URI pattern: 0.0
Aug 10, 2018 1:12:51 PM org.restlet.routing.TemplateRoute score
FINER: Call score for the "/objects/{oid}/actions" URI pattern: 0.0
Aug 10, 2018 1:12:51 PM org.restlet.routing.TemplateRoute score
FINER: Call score for the "/objects/{oid}/actions/{aid}" URI pattern: 0.0
Aug 10, 2018 1:12:51 PM org.restlet.routing.TemplateRoute score
FINER: Call score for the "/objects/{oid}/actions/{aid}/tasks/{tid}" URI pattern: 0.0
Aug 10, 2018 1:12:51 PM org.restlet.routing.TemplateRoute score
FINER: Call score for the "/objects/{oid}/events" URI pattern: 0.0
Aug 10, 2018 1:12:51 PM org.restlet.routing.TemplateRoute score
FINER: Call score for the "/objects/{oid}/events/{eid}" URI pattern: 0.0
Aug 10, 2018 1:12:51 PM org.restlet.routing.TemplateRoute score
FINER: Call score for the "/events/{eid}" URI pattern: 1.0
Aug 10, 2018 1:12:51 PM org.restlet.routing.Router logRoute
FINE: Selected route: "/events/{eid}" -> Finder for EventsEid
Aug 10, 2018 1:12:51 PM org.restlet.routing.TemplateRoute beforeHandle
FINER: 15 characters were matched
Aug 10, 2018 1:12:51 PM org.restlet.routing.TemplateRoute beforeHandle
FINE: New base URI: "http://localhost:8181/api/events/event-1". No remaining part to match
Aug 10, 2018 1:12:51 PM org.restlet.routing.TemplateRoute beforeHandle
FINER: Delegating the call to the target Restlet
Aug 10, 2018 1:12:51 PM org.restlet.engine.application.StrictConneg scoreAnnotation
FINE: Score of annotation "MethodAnnotationInfo [javaMethod: public org.restlet.representation.Representation eu.bavenir.ogwapi.restapi.services.EventsEid.store(org.restlet.representation.Representation), javaClass: class eu.bavenir.ogwapi.restapi.services.EventsEid, restletMethod: PUT, input: json, value: json, output: json, query: null]"= 0.5
Aug 10, 2018 1:12:51 PM org.restlet.engine.application.StrictConneg scoreVariant
FINE: Total score of variant "[application/json]"= 0.08383334
Aug 10, 2018 1:12:51 PM org.restlet.service.ConverterService toObject
FINE: The following converter was selected for the [application/json] representation: org.restlet.engine.converter.DefaultConverter@7663cc82
Aug 10, 2018 1:12:51 PM eu.bavenir.ogwapi.commons.CommunicationManager sendEventToSubscribedObjects
INFO: Event event-1 was successfully sent to 1 out of 1 subscribers.
Aug 10, 2018 1:12:51 PM org.restlet.service.ConverterService toRepresentation
FINE: Converter selected for JsonRepresentation: DefaultConverter
Aug 10, 2018 1:26:32 PM eu.bavenir.ogwapi.restapi.security.AuthenticationVerifier verify
FINE: Valid credentials received from a client with IP 127.0.0.1.
Aug 10, 2018 1:26:32 PM org.restlet.security.ChallengeAuthenticator authenticate
FINE: Authentication succeeded. Valid credentials provided for identifier: test_vcnt0.
Aug 10, 2018 1:26:32 PM org.restlet.security.Authenticator authenticated
FINE: The authentication succeeded for the identifer "test_vcnt0" using the HTTP_Basic scheme.
Aug 10, 2018 1:26:32 PM org.restlet.routing.TemplateRoute score
FINER: Call score for the "/objects/login" URI pattern: 0.0
Aug 10, 2018 1:26:32 PM org.restlet.routing.TemplateRoute score
FINER: Call score for the "/objects/logout" URI pattern: 0.0
Aug 10, 2018 1:26:32 PM org.restlet.routing.TemplateRoute score
FINER: Call score for the "/objects/{oid}/properties" URI pattern: 0.0
Aug 10, 2018 1:26:32 PM org.restlet.routing.TemplateRoute score
FINER: Call score for the "/objects/{oid}/properties/{pid}" URI pattern: 0.0
Aug 10, 2018 1:26:32 PM org.restlet.routing.TemplateRoute score
FINER: Call score for the "/objects/{oid}/actions" URI pattern: 0.0
Aug 10, 2018 1:26:32 PM org.restlet.routing.TemplateRoute score
FINER: Call score for the "/objects/{oid}/actions/{aid}" URI pattern: 1.0
Aug 10, 2018 1:26:32 PM org.restlet.routing.Router logRoute
FINE: Selected route: "/objects/{oid}/actions/{aid}" -> Finder for ObjectsOidActionsAid
Aug 10, 2018 1:26:32 PM org.restlet.routing.TemplateRoute beforeHandle
FINER: 65 characters were matched
Aug 10, 2018 1:26:32 PM org.restlet.routing.TemplateRoute beforeHandle
FINE: New base URI: "http://localhost:8181/api/objects/a999c714-4126-404e-a276-c3ae31701a01/actions/test-action". No remaining part to match
Aug 10, 2018 1:26:32 PM org.restlet.routing.TemplateRoute beforeHandle
FINER: Delegating the call to the target Restlet
Aug 10, 2018 1:26:32 PM org.restlet.engine.application.StrictConneg scoreAnnotation
FINE: Score of annotation "MethodAnnotationInfo [javaMethod: public org.restlet.representation.Representation eu.bavenir.ogwapi.restapi.services.ObjectsOidActionsAid.accept(org.restlet.representation.Representation), javaClass: class eu.bavenir.ogwapi.restapi.services.ObjectsOidActionsAid, restletMethod: POST, input: json, value: json, output: json, query: null]"= 0.5
Aug 10, 2018 1:26:32 PM org.restlet.engine.application.StrictConneg scoreVariant
FINE: Total score of variant "[application/json]"= 0.08383334
Aug 10, 2018 1:26:32 PM org.restlet.service.ConverterService toObject
FINE: The following converter was selected for the [application/json] representation: org.restlet.engine.converter.DefaultConverter@7663cc82
Aug 10, 2018 1:26:32 PM eu.bavenir.ogwapi.commons.ConnectionDescriptor processIncommingMessage
FINEST: New message from a999c714-4126-404e-a276-c3ae31701a01: {"messageType":2,"requestId":328253401,"responseCode":0,"responseCodeReason":null,"responseBody":"{\"error\":false,\"message\":[{\"startAction\":\"success\"},{\"taskID\":\"d964c40a-2dad-4527-91da-3ee9b8cde1ef\"}]}"}
Aug 10, 2018 1:26:32 PM eu.bavenir.ogwapi.commons.ConnectionDescriptor processIncommingMessage
FINEST: This message is a response. Adding to incoming queue - message count: 0
Aug 10, 2018 1:26:32 PM org.restlet.service.ConverterService toRepresentation
FINE: Converter selected for JsonRepresentation: DefaultConverter
