Jul 11, 2018 5:53:06 PM eu.bavenir.ogwapi.App initialize
CONFIG: Log file: log/18-07-11T17_53_06.559-gateway.log
Jul 11, 2018 5:53:06 PM eu.bavenir.ogwapi.App main
FINE: Vicinity Gateway API initialized.
Jul 11, 2018 5:53:06 PM eu.bavenir.ogwapi.App main
FINE: API thread started.
Jul 11, 2018 5:53:06 PM eu.bavenir.ogwapi.restapi.RestletThread run
CONFIG: HTTP server configured.
Jul 11, 2018 5:53:06 PM eu.bavenir.ogwapi.restapi.Api configureChallengeScheme
CONFIG: HTTP Basic challenge authentication scheme configured.
Jul 11, 2018 5:53:06 PM org.restlet.Application start
INFO: Starting eu.bavenir.ogwapi.restapi.Api application
Jul 11, 2018 5:53:06 PM org.restlet.engine.application.ApplicationHelper start
FINE: By default, an application should be attached to a parent component in order to let application's outbound root handle calls properly.
Jul 11, 2018 5:53:06 PM eu.bavenir.ogwapi.restapi.RestletThread run
FINE: HTTP server component started.
Jul 11, 2018 5:55:13 PM eu.bavenir.ogwapi.commons.CommunicationManager isConnected
WARNING: Null record in the connection descriptor pool. Object ID: 'test_vcnt0'.
Jul 11, 2018 5:55:13 PM eu.bavenir.ogwapi.commons.connectors.http.RestAgentConnector <init>
CONFIG: HTTPS protocol disabled for Agent communication
Jul 11, 2018 5:55:13 PM eu.bavenir.ogwapi.commons.engines.xmpp.XmppMessageEngine buildNewConnection
CONFIG: Creating a new connection to XMPP server 'commserver.bavenir.eu:5222' as 'test_vcnt0@vicinity.eu'
Jul 11, 2018 5:55:13 PM eu.bavenir.ogwapi.commons.engines.xmpp.XmppMessageEngine buildNewConnection
CONFIG: XMPP SECURE CONNECTION IS DISABLED.
Jul 11, 2018 5:55:14 PM eu.bavenir.ogwapi.commons.CommunicationManager establishConnection
INFO: Connection for 'test_vcnt0' was established.
Jul 11, 2018 5:55:14 PM eu.bavenir.ogwapi.commons.CommunicationManager establishConnection
FINEST: A new connection for 'test_vcnt0' was added into connection pool.
Jul 11, 2018 5:55:14 PM eu.bavenir.ogwapi.restapi.security.AuthenticationVerifier verify
FINE: Valid credentials received from a client with IP 127.0.0.1.
Jul 11, 2018 5:55:14 PM org.restlet.security.ChallengeAuthenticator authenticate
FINE: Authentication succeeded. Valid credentials provided for identifier: test_vcnt0.
Jul 11, 2018 5:55:14 PM org.restlet.security.Authenticator authenticated
FINE: The authentication succeeded for the identifer "test_vcnt0" using the HTTP_Basic scheme.
Jul 11, 2018 5:55:14 PM org.restlet.routing.TemplateRoute score
FINER: Call score for the "/objects/login" URI pattern: 1.0
Jul 11, 2018 5:55:14 PM org.restlet.routing.Router logRoute
FINE: Selected route: "/objects/login" -> Finder for ObjectsLogin
Jul 11, 2018 5:55:14 PM org.restlet.routing.TemplateRoute beforeHandle
FINER: 14 characters were matched
Jul 11, 2018 5:55:14 PM org.restlet.routing.TemplateRoute beforeHandle
FINE: New base URI: "http://localhost:8181/api/objects/login". No remaining part to match
Jul 11, 2018 5:55:14 PM org.restlet.routing.TemplateRoute beforeHandle
FINER: Delegating the call to the target Restlet
Jul 11, 2018 5:55:14 PM org.restlet.engine.application.StrictConneg scoreAnnotation
FINE: Score of annotation "MethodAnnotationInfo [javaMethod: public org.restlet.representation.Representation eu.bavenir.ogwapi.restapi.services.ObjectsLogin.represent(), javaClass: class eu.bavenir.ogwapi.restapi.services.ObjectsLogin, restletMethod: GET, input: null, value: null, output: null, query: null]"= 0.5
Jul 11, 2018 5:55:14 PM org.restlet.engine.application.StrictConneg scoreVariant
FINE: Total score of variant "[*/*]"= 0.041791666
Jul 11, 2018 5:55:14 PM org.restlet.service.ConverterService toRepresentation
FINE: Converter selected for JsonRepresentation: DefaultConverter
Jul 11, 2018 5:55:58 PM eu.bavenir.ogwapi.restapi.security.AuthenticationVerifier verify
FINE: Valid credentials received from a client with IP 127.0.0.1.
Jul 11, 2018 5:55:58 PM org.restlet.security.ChallengeAuthenticator authenticate
FINE: Authentication succeeded. Valid credentials provided for identifier: test_vcnt0.
Jul 11, 2018 5:55:58 PM org.restlet.security.Authenticator authenticated
FINE: The authentication succeeded for the identifer "test_vcnt0" using the HTTP_Basic scheme.
Jul 11, 2018 5:55:58 PM org.restlet.routing.TemplateRoute score
FINER: Call score for the "/objects/login" URI pattern: 0.0
Jul 11, 2018 5:55:58 PM org.restlet.routing.TemplateRoute score
FINER: Call score for the "/objects/logout" URI pattern: 0.0
Jul 11, 2018 5:55:58 PM org.restlet.routing.TemplateRoute score
FINER: Call score for the "/objects/{oid}/properties" URI pattern: 0.0
Jul 11, 2018 5:55:58 PM org.restlet.routing.TemplateRoute score
FINER: Call score for the "/objects/{oid}/properties/{pid}" URI pattern: 0.0
Jul 11, 2018 5:55:58 PM org.restlet.routing.TemplateRoute score
FINER: Call score for the "/objects/{oid}/actions" URI pattern: 0.0
Jul 11, 2018 5:55:58 PM org.restlet.routing.TemplateRoute score
FINER: Call score for the "/objects/{oid}/actions/{aid}" URI pattern: 0.0
Jul 11, 2018 5:55:58 PM org.restlet.routing.TemplateRoute score
FINER: Call score for the "/objects/{oid}/actions/{aid}/tasks/{tid}" URI pattern: 0.0
Jul 11, 2018 5:55:58 PM org.restlet.routing.TemplateRoute score
FINER: Call score for the "/objects/{oid}/events" URI pattern: 0.0
Jul 11, 2018 5:55:58 PM org.restlet.routing.TemplateRoute score
FINER: Call score for the "/objects/{oid}/events/{eid}" URI pattern: 0.0
Jul 11, 2018 5:55:58 PM org.restlet.routing.TemplateRoute score
FINER: Call score for the "/events/{eid}" URI pattern: 0.0
Jul 11, 2018 5:55:58 PM org.restlet.routing.TemplateRoute score
FINER: Call score for the "/objects" URI pattern: 1.0
Jul 11, 2018 5:55:58 PM org.restlet.routing.Router logRoute
FINE: Selected route: "/objects" -> Finder for Objects
Jul 11, 2018 5:55:58 PM org.restlet.routing.TemplateRoute beforeHandle
FINER: 8 characters were matched
Jul 11, 2018 5:55:58 PM org.restlet.routing.TemplateRoute beforeHandle
FINE: New base URI: "http://localhost:8181/api/objects". No remaining part to match
Jul 11, 2018 5:55:58 PM org.restlet.routing.TemplateRoute beforeHandle
FINER: Delegating the call to the target Restlet
Jul 11, 2018 5:55:58 PM org.restlet.engine.application.StrictConneg scoreAnnotation
FINE: Score of annotation "MethodAnnotationInfo [javaMethod: public org.restlet.representation.Representation eu.bavenir.ogwapi.restapi.services.Objects.represent(), javaClass: class eu.bavenir.ogwapi.restapi.services.Objects, restletMethod: GET, input: null, value: null, output: null, query: null]"= 0.5
Jul 11, 2018 5:55:58 PM org.restlet.engine.application.StrictConneg scoreVariant
FINE: Total score of variant "[*/*]"= 0.041791666
Jul 11, 2018 5:55:58 PM eu.bavenir.ogwapi.commons.CommunicationManager getRosterEntriesForObject
FINEST: -- Roster for 'test_vcnt0' --
Jul 11, 2018 5:55:58 PM eu.bavenir.ogwapi.commons.CommunicationManager getRosterEntriesForObject
FINEST: eeeee6b7-f9fd-4815-979d-fdb4be2abc88 Presence: UNKNOWN
Jul 11, 2018 5:55:58 PM eu.bavenir.ogwapi.commons.CommunicationManager getRosterEntriesForObject
FINEST: mariasuser1 Presence: UNKNOWN
Jul 11, 2018 5:55:58 PM eu.bavenir.ogwapi.commons.CommunicationManager getRosterEntriesForObject
FINEST: d9100add-030f-40b7-a6e4-05e5494e14de Presence: UNKNOWN
Jul 11, 2018 5:55:58 PM eu.bavenir.ogwapi.commons.CommunicationManager getRosterEntriesForObject
FINEST: 6a662e35-4b9a-448c-89eb-391cb2f174fa Presence: UNKNOWN
Jul 11, 2018 5:55:58 PM eu.bavenir.ogwapi.commons.CommunicationManager getRosterEntriesForObject
FINEST: mariasuser3 Presence: UNKNOWN
Jul 11, 2018 5:55:58 PM eu.bavenir.ogwapi.commons.CommunicationManager getRosterEntriesForObject
FINEST: 93cba752-b9ec-4a92-b983-93c749b76b2e Presence: UNKNOWN
Jul 11, 2018 5:55:58 PM eu.bavenir.ogwapi.commons.CommunicationManager getRosterEntriesForObject
FINEST: mariasuser2 Presence: UNKNOWN
Jul 11, 2018 5:55:58 PM eu.bavenir.ogwapi.commons.CommunicationManager getRosterEntriesForObject
FINEST: aaaaa6b7-f9fd-4815-979d-fdb4be2abc88 Presence: UNKNOWN
Jul 11, 2018 5:55:58 PM eu.bavenir.ogwapi.commons.CommunicationManager getRosterEntriesForObject
FINEST: 87710579-0325-48a3-8463-281694a9bd3a Presence: UNKNOWN
Jul 11, 2018 5:55:58 PM eu.bavenir.ogwapi.commons.CommunicationManager getRosterEntriesForObject
FINEST: iiiii6b7-f9fd-4815-979d-fdb4be2abc88 Presence: UNKNOWN
Jul 11, 2018 5:55:58 PM eu.bavenir.ogwapi.commons.CommunicationManager getRosterEntriesForObject
FINEST: 0916e774-f7cc-4c4a-bf26-0cf5ed782a24 Presence: UNKNOWN
Jul 11, 2018 5:55:58 PM eu.bavenir.ogwapi.commons.CommunicationManager getRosterEntriesForObject
FINEST: asbjornsuser3 Presence: UNKNOWN
Jul 11, 2018 5:55:58 PM eu.bavenir.ogwapi.commons.CommunicationManager getRosterEntriesForObject
FINEST: asbjornsuser2 Presence: UNKNOWN
Jul 11, 2018 5:55:58 PM eu.bavenir.ogwapi.commons.CommunicationManager getRosterEntriesForObject
FINEST: dc5bfe59-8aaf-4302-802f-6e76fa94f3a3 Presence: UNKNOWN
Jul 11, 2018 5:55:58 PM eu.bavenir.ogwapi.commons.CommunicationManager getRosterEntriesForObject
FINEST: asbjornsuser1 Presence: UNKNOWN
Jul 11, 2018 5:55:58 PM eu.bavenir.ogwapi.commons.CommunicationManager getRosterEntriesForObject
FINEST: d77ec6b0-f039-4734-925e-0a90ce7d1b5b__018bd53d Presence: UNKNOWN
Jul 11, 2018 5:55:58 PM eu.bavenir.ogwapi.commons.CommunicationManager getRosterEntriesForObject
FINEST: lego_1 Presence: UNKNOWN
Jul 11, 2018 5:55:58 PM eu.bavenir.ogwapi.commons.CommunicationManager getRosterEntriesForObject
FINEST: qqqqq6b7-f9fd-4815-979d-fdb4be2abc88 Presence: UNKNOWN
Jul 11, 2018 5:55:58 PM eu.bavenir.ogwapi.commons.CommunicationManager getRosterEntriesForObject
FINEST: c3434d31-407a-43ce-95ba-992d316e520d Presence: UNKNOWN
Jul 11, 2018 5:55:58 PM eu.bavenir.ogwapi.commons.CommunicationManager getRosterEntriesForObject
FINEST: mmmmm6b7-f9fd-4815-979d-fdb4be2abc88 Presence: UNKNOWN
Jul 11, 2018 5:55:58 PM eu.bavenir.ogwapi.commons.CommunicationManager getRosterEntriesForObject
FINEST: prosumer_0 Presence: UNKNOWN
Jul 11, 2018 5:55:58 PM eu.bavenir.ogwapi.commons.CommunicationManager getRosterEntriesForObject
FINEST: prosumer_1 Presence: UNKNOWN
Jul 11, 2018 5:55:58 PM eu.bavenir.ogwapi.commons.CommunicationManager getRosterEntriesForObject
FINEST: prosumer_2 Presence: UNKNOWN
Jul 11, 2018 5:55:58 PM eu.bavenir.ogwapi.commons.CommunicationManager getRosterEntriesForObject
FINEST: prosumer_3 Presence: UNKNOWN
Jul 11, 2018 5:55:58 PM eu.bavenir.ogwapi.commons.CommunicationManager getRosterEntriesForObject
FINEST: upm_vas Presence: UNKNOWN
Jul 11, 2018 5:55:58 PM eu.bavenir.ogwapi.commons.CommunicationManager getRosterEntriesForObject
FINEST: bavenir_2 Presence: UNKNOWN
Jul 11, 2018 5:55:58 PM eu.bavenir.ogwapi.commons.CommunicationManager getRosterEntriesForObject
FINEST: fffff6b7-f9fd-4815-979d-fdb4be2abc88 Presence: UNKNOWN
Jul 11, 2018 5:55:58 PM eu.bavenir.ogwapi.commons.CommunicationManager getRosterEntriesForObject
FINEST: bavenir_3 Presence: UNKNOWN
Jul 11, 2018 5:55:58 PM eu.bavenir.ogwapi.commons.CommunicationManager getRosterEntriesForObject
FINEST: bbbbb6b7-f9fd-4815-979d-fdb4be2abc88 Presence: UNKNOWN
Jul 11, 2018 5:55:58 PM eu.bavenir.ogwapi.commons.CommunicationManager getRosterEntriesForObject
FINEST: d77ec6b0-f039-4734-925e-0a90ce7d1b5b__0184a96b__humidity Presence: UNKNOWN
Jul 11, 2018 5:55:58 PM eu.bavenir.ogwapi.commons.CommunicationManager getRosterEntriesForObject
FINEST: tinym_vas Presence: UNKNOWN
Jul 11, 2018 5:55:58 PM eu.bavenir.ogwapi.commons.CommunicationManager getRosterEntriesForObject
FINEST: upm_dev1 Presence: UNKNOWN
Jul 11, 2018 5:55:58 PM eu.bavenir.ogwapi.commons.CommunicationManager getRosterEntriesForObject
FINEST: d77ec6b0-f039-4734-925e-0a90ce7d1b5b__0184a96b__thermometer Presence: UNKNOWN
Jul 11, 2018 5:55:58 PM eu.bavenir.ogwapi.commons.CommunicationManager getRosterEntriesForObject
FINEST: upm_dev0 Presence: UNKNOWN
Jul 11, 2018 5:55:58 PM eu.bavenir.ogwapi.commons.CommunicationManager getRosterEntriesForObject
FINEST: bavenir_0 Presence: UNKNOWN
Jul 11, 2018 5:55:58 PM eu.bavenir.ogwapi.commons.CommunicationManager getRosterEntriesForObject
FINEST: bavenir_1 Presence: UNKNOWN
Jul 11, 2018 5:55:58 PM eu.bavenir.ogwapi.commons.CommunicationManager getRosterEntriesForObject
FINEST: jjjjj6b7-f9fd-4815-979d-fdb4be2abc88 Presence: UNKNOWN
Jul 11, 2018 5:55:58 PM eu.bavenir.ogwapi.commons.CommunicationManager getRosterEntriesForObject
FINEST: smartplug Presence: UNKNOWN
Jul 11, 2018 5:55:58 PM eu.bavenir.ogwapi.commons.CommunicationManager getRosterEntriesForObject
FINEST: c49cd562-7cc2-4a33-95c8-ca086c2b77de Presence: UNKNOWN
Jul 11, 2018 5:55:58 PM eu.bavenir.ogwapi.commons.CommunicationManager getRosterEntriesForObject
FINEST: cerknica_1 Presence: UNKNOWN
Jul 11, 2018 5:55:58 PM eu.bavenir.ogwapi.commons.CommunicationManager getRosterEntriesForObject
FINEST: cerknica_0 Presence: UNKNOWN
Jul 11, 2018 5:55:58 PM eu.bavenir.ogwapi.commons.CommunicationManager getRosterEntriesForObject
FINEST: plugwise__000d6f0005b1076e Presence: UNKNOWN
Jul 11, 2018 5:55:58 PM eu.bavenir.ogwapi.commons.CommunicationManager getRosterEntriesForObject
FINEST: rrrrr6b7-f9fd-4815-979d-fdb4be2abc88 Presence: UNKNOWN
Jul 11, 2018 5:55:58 PM eu.bavenir.ogwapi.commons.CommunicationManager getRosterEntriesForObject
FINEST: nnnnn6b7-f9fd-4815-979d-fdb4be2abc88 Presence: UNKNOWN
Jul 11, 2018 5:55:58 PM eu.bavenir.ogwapi.commons.CommunicationManager getRosterEntriesForObject
FINEST: 000d6f0005add81c Presence: UNKNOWN
Jul 11, 2018 5:55:58 PM eu.bavenir.ogwapi.commons.CommunicationManager getRosterEntriesForObject
FINEST: ggggg6b7-f9fd-4815-979d-fdb4be2abc88 Presence: UNKNOWN
Jul 11, 2018 5:55:58 PM eu.bavenir.ogwapi.commons.CommunicationManager getRosterEntriesForObject
FINEST: gnomon-charger Presence: UNKNOWN
Jul 11, 2018 5:55:58 PM eu.bavenir.ogwapi.commons.CommunicationManager getRosterEntriesForObject
FINEST: kkkkk6b7-f9fd-4815-979d-fdb4be2abc88 Presence: UNKNOWN
Jul 11, 2018 5:55:58 PM eu.bavenir.ogwapi.commons.CommunicationManager getRosterEntriesForObject
FINEST: org1dev1 Presence: UNKNOWN
Jul 11, 2018 5:55:58 PM eu.bavenir.ogwapi.commons.CommunicationManager getRosterEntriesForObject
FINEST: davidsuser1 Presence: UNKNOWN
Jul 11, 2018 5:55:58 PM eu.bavenir.ogwapi.commons.CommunicationManager getRosterEntriesForObject
FINEST: org1dev2 Presence: UNKNOWN
Jul 11, 2018 5:55:58 PM eu.bavenir.ogwapi.commons.CommunicationManager getRosterEntriesForObject
FINEST: 5a09eec2-e142-4787-9c9d-8f9b0dd5404b Presence: UNKNOWN
Jul 11, 2018 5:55:58 PM eu.bavenir.ogwapi.commons.CommunicationManager getRosterEntriesForObject
FINEST: davidsuser3 Presence: UNKNOWN
Jul 11, 2018 5:55:58 PM eu.bavenir.ogwapi.commons.CommunicationManager getRosterEntriesForObject
FINEST: davidsuser2 Presence: UNKNOWN
Jul 11, 2018 5:55:58 PM eu.bavenir.ogwapi.commons.CommunicationManager getRosterEntriesForObject
FINEST: upm_agent Presence: UNKNOWN
Jul 11, 2018 5:55:58 PM eu.bavenir.ogwapi.commons.CommunicationManager getRosterEntriesForObject
FINEST: ccccc6b7-f9fd-4815-979d-fdb4be2abc88 Presence: UNKNOWN
Jul 11, 2018 5:55:58 PM eu.bavenir.ogwapi.commons.CommunicationManager getRosterEntriesForObject
FINEST: org2dev1 Presence: UNKNOWN
Jul 11, 2018 5:55:58 PM eu.bavenir.ogwapi.commons.CommunicationManager getRosterEntriesForObject
FINEST: d77ec6b0-f039-4734-925e-0a90ce7d1b5b__0184a96b__co2 Presence: UNKNOWN
Jul 11, 2018 5:55:58 PM eu.bavenir.ogwapi.commons.CommunicationManager getRosterEntriesForObject
FINEST: 0a6f31ed-0592-4455-b7b0-badba79e132a Presence: UNKNOWN
Jul 11, 2018 5:55:58 PM eu.bavenir.ogwapi.commons.CommunicationManager getRosterEntriesForObject
FINEST: ooooo6b7-f9fd-4815-979d-fdb4be2abc88 Presence: UNKNOWN
Jul 11, 2018 5:55:58 PM eu.bavenir.ogwapi.commons.CommunicationManager getRosterEntriesForObject
FINEST: sssss6b7-f9fd-4815-979d-fdb4be2abc88 Presence: UNKNOWN
Jul 11, 2018 5:55:58 PM eu.bavenir.ogwapi.commons.CommunicationManager getRosterEntriesForObject
FINEST: d06ce9f7-e13b-481e-9062-a37847c91530 Presence: UNKNOWN
Jul 11, 2018 5:55:58 PM eu.bavenir.ogwapi.commons.CommunicationManager getRosterEntriesForObject
FINEST: hvacs__hvac_lg_03 Presence: UNKNOWN
Jul 11, 2018 5:55:58 PM eu.bavenir.ogwapi.commons.CommunicationManager getRosterEntriesForObject
FINEST: hvacs__hvac_lg_02 Presence: UNKNOWN
Jul 11, 2018 5:55:58 PM eu.bavenir.ogwapi.commons.CommunicationManager getRosterEntriesForObject
FINEST: hhhhh6b7-f9fd-4815-979d-fdb4be2abc88 Presence: UNKNOWN
Jul 11, 2018 5:55:58 PM eu.bavenir.ogwapi.commons.CommunicationManager getRosterEntriesForObject
FINEST: 92c6c3f2-c679-45f7-b21a-585a8ea0e16f Presence: UNKNOWN
Jul 11, 2018 5:55:58 PM eu.bavenir.ogwapi.commons.CommunicationManager getRosterEntriesForObject
FINEST: plugwise__000d6f00019f0ea8 Presence: UNKNOWN
Jul 11, 2018 5:55:58 PM eu.bavenir.ogwapi.commons.CommunicationManager getRosterEntriesForObject
FINEST: lllll6b7-f9fd-4815-979d-fdb4be2abc88 Presence: UNKNOWN
Jul 11, 2018 5:55:58 PM eu.bavenir.ogwapi.commons.CommunicationManager getRosterEntriesForObject
FINEST: 813dfa90-d05f-463e-a481-94eb43e0d416 Presence: UNKNOWN
Jul 11, 2018 5:55:58 PM eu.bavenir.ogwapi.commons.CommunicationManager getRosterEntriesForObject
FINEST: 9a5c8dfd-c7c8-4f00-b21f-f54846fcd303 Presence: UNKNOWN
Jul 11, 2018 5:55:58 PM eu.bavenir.ogwapi.commons.CommunicationManager getRosterEntriesForObject
FINEST: 682f665a-bed1-402e-91ec-029abaa35bb0 Presence: UNKNOWN
Jul 11, 2018 5:55:58 PM eu.bavenir.ogwapi.commons.CommunicationManager getRosterEntriesForObject
FINEST: 4a647e4f-1c80-485d-b1e2-a2e4a2b451a5 Presence: UNKNOWN
Jul 11, 2018 5:55:58 PM eu.bavenir.ogwapi.commons.CommunicationManager getRosterEntriesForObject
FINEST: plugwise__000d6f0005b0fcce Presence: UNKNOWN
Jul 11, 2018 5:55:58 PM eu.bavenir.ogwapi.commons.CommunicationManager getRosterEntriesForObject
FINEST: enocean__01a82356 Presence: UNKNOWN
Jul 11, 2018 5:55:58 PM eu.bavenir.ogwapi.commons.CommunicationManager getRosterEntriesForObject
FINEST: enocean__01a7316e Presence: UNKNOWN
Jul 11, 2018 5:55:58 PM eu.bavenir.ogwapi.commons.CommunicationManager getRosterEntriesForObject
FINEST: ddddd6b7-f9fd-4815-979d-fdb4be2abc88 Presence: UNKNOWN
Jul 11, 2018 5:55:58 PM eu.bavenir.ogwapi.commons.CommunicationManager getRosterEntriesForObject
FINEST: andreaobject1 Presence: UNKNOWN
Jul 11, 2018 5:55:58 PM eu.bavenir.ogwapi.commons.CommunicationManager getRosterEntriesForObject
FINEST: 872df6ad-51a4-4325-8afd-1dcf5b20ac21 Presence: UNKNOWN
Jul 11, 2018 5:55:58 PM eu.bavenir.ogwapi.commons.CommunicationManager getRosterEntriesForObject
FINEST: d321a6b7-f9fd-4815-979d-fdb4be2abc88 Presence: UNKNOWN
Jul 11, 2018 5:55:58 PM eu.bavenir.ogwapi.commons.CommunicationManager getRosterEntriesForObject
FINEST: cbc414ca-9512-4339-895b-ebc4175de2f3 Presence: UNKNOWN
Jul 11, 2018 5:55:58 PM eu.bavenir.ogwapi.commons.CommunicationManager getRosterEntriesForObject
FINEST: iliolousta_25 Presence: UNKNOWN
Jul 11, 2018 5:55:58 PM eu.bavenir.ogwapi.commons.CommunicationManager getRosterEntriesForObject
FINEST: ppppp6b7-f9fd-4815-979d-fdb4be2abc88 Presence: UNKNOWN
Jul 11, 2018 5:55:58 PM eu.bavenir.ogwapi.commons.CommunicationManager getRosterEntriesForObject
FINEST: test_vcnt3 Presence: UNKNOWN
Jul 11, 2018 5:55:58 PM eu.bavenir.ogwapi.commons.CommunicationManager getRosterEntriesForObject
FINEST: b47b4c78-5b79-4136-a56b-959176957489 Presence: UNKNOWN
Jul 11, 2018 5:55:58 PM eu.bavenir.ogwapi.commons.CommunicationManager getRosterEntriesForObject
FINEST: f6d8f0a0-f784-4bd0-a538-4d157bfeb2c5 Presence: UNKNOWN
Jul 11, 2018 5:55:58 PM eu.bavenir.ogwapi.commons.CommunicationManager getRosterEntriesForObject
FINEST: rwthuser0 Presence: UNKNOWN
Jul 11, 2018 5:55:58 PM eu.bavenir.ogwapi.commons.CommunicationManager getRosterEntriesForObject
FINEST: ttttt6b7-f9fd-4815-979d-fdb4be2abc88 Presence: UNKNOWN
Jul 11, 2018 5:55:58 PM eu.bavenir.ogwapi.commons.CommunicationManager getRosterEntriesForObject
FINEST: rwthuser1 Presence: UNKNOWN
Jul 11, 2018 5:55:58 PM eu.bavenir.ogwapi.commons.CommunicationManager getRosterEntriesForObject
FINEST: test_vcnt4 Presence: UNKNOWN
Jul 11, 2018 5:55:58 PM eu.bavenir.ogwapi.commons.CommunicationManager getRosterEntriesForObject
FINEST: plugwise__000d6f00019f0ca4 Presence: UNKNOWN
Jul 11, 2018 5:55:58 PM eu.bavenir.ogwapi.commons.CommunicationManager getRosterEntriesForObject
FINEST: 53678712-44b1-4b13-9fc7-b60cfff85d27 Presence: UNKNOWN
Jul 11, 2018 5:55:58 PM eu.bavenir.ogwapi.commons.CommunicationManager getRosterEntriesForObject
FINEST: -- End of roster --
Jul 11, 2018 5:55:58 PM org.restlet.service.ConverterService toRepresentation
FINE: Converter selected for JsonRepresentation: DefaultConverter
Jul 11, 2018 5:56:17 PM eu.bavenir.ogwapi.restapi.security.AuthenticationVerifier verify
FINE: Valid credentials received from a client with IP 127.0.0.1.
Jul 11, 2018 5:56:17 PM org.restlet.security.ChallengeAuthenticator authenticate
FINE: Authentication succeeded. Valid credentials provided for identifier: test_vcnt0.
Jul 11, 2018 5:56:17 PM org.restlet.security.Authenticator authenticated
FINE: The authentication succeeded for the identifer "test_vcnt0" using the HTTP_Basic scheme.
Jul 11, 2018 5:56:17 PM org.restlet.routing.TemplateRoute score
FINER: Call score for the "/objects/login" URI pattern: 0.0
Jul 11, 2018 5:56:17 PM org.restlet.routing.TemplateRoute score
FINER: Call score for the "/objects/logout" URI pattern: 0.0
Jul 11, 2018 5:56:17 PM org.restlet.routing.TemplateRoute score
FINER: Call score for the "/objects/{oid}/properties" URI pattern: 0.0
Jul 11, 2018 5:56:17 PM org.restlet.routing.TemplateRoute score
FINER: Call score for the "/objects/{oid}/properties/{pid}" URI pattern: 1.0
Jul 11, 2018 5:56:17 PM org.restlet.routing.Router logRoute
FINE: Selected route: "/objects/{oid}/properties/{pid}" -> Finder for ObjectsOidPropertiesPid
Jul 11, 2018 5:56:17 PM org.restlet.routing.TemplateRoute beforeHandle
FINER: 43 characters were matched
Jul 11, 2018 5:56:17 PM org.restlet.routing.TemplateRoute beforeHandle
FINE: New base URI: "http://localhost:8181/api/objects/org1dev1/properties/device-1-pid-1". No remaining part to match
Jul 11, 2018 5:56:17 PM org.restlet.routing.TemplateRoute beforeHandle
FINER: Delegating the call to the target Restlet
Jul 11, 2018 5:56:17 PM org.restlet.engine.application.StrictConneg scoreAnnotation
FINE: Score of annotation "MethodAnnotationInfo [javaMethod: public org.restlet.representation.Representation eu.bavenir.ogwapi.restapi.services.ObjectsOidPropertiesPid.represent(), javaClass: class eu.bavenir.ogwapi.restapi.services.ObjectsOidPropertiesPid, restletMethod: GET, input: null, value: null, output: null, query: null]"= 0.5
Jul 11, 2018 5:56:17 PM org.restlet.engine.application.StrictConneg scoreVariant
FINE: Total score of variant "[*/*]"= 0.041791666
Jul 11, 2018 5:56:18 PM eu.bavenir.ogwapi.commons.ConnectionDescriptor processIncommingMessage
FINEST: New message from org1dev1: {"messageType":2,"requestId":231137235,"responseCode":200,"responseCodeReason":"OK","responseBody":"{\"data\":{\"echo\":\"get property on custom endpoint\",\"oid\":\"device-1\"},\"status\":\"success\"}"}
Jul 11, 2018 5:56:18 PM eu.bavenir.ogwapi.commons.ConnectionDescriptor processIncommingMessage
FINEST: This message is a response. Adding to incoming queue - message count: 0
Jul 11, 2018 5:56:18 PM org.restlet.service.ConverterService toRepresentation
FINE: Converter selected for JsonRepresentation: DefaultConverter
Jul 11, 2018 5:56:32 PM eu.bavenir.ogwapi.restapi.security.AuthenticationVerifier verify
FINE: Valid credentials received from a client with IP 127.0.0.1.
Jul 11, 2018 5:56:32 PM org.restlet.security.ChallengeAuthenticator authenticate
FINE: Authentication succeeded. Valid credentials provided for identifier: test_vcnt0.
Jul 11, 2018 5:56:32 PM org.restlet.security.Authenticator authenticated
FINE: The authentication succeeded for the identifer "test_vcnt0" using the HTTP_Basic scheme.
Jul 11, 2018 5:56:32 PM org.restlet.routing.TemplateRoute score
FINER: Call score for the "/objects/login" URI pattern: 0.0
Jul 11, 2018 5:56:32 PM org.restlet.routing.TemplateRoute score
FINER: Call score for the "/objects/logout" URI pattern: 0.0
Jul 11, 2018 5:56:32 PM org.restlet.routing.TemplateRoute score
FINER: Call score for the "/objects/{oid}/properties" URI pattern: 0.0
Jul 11, 2018 5:56:32 PM org.restlet.routing.TemplateRoute score
FINER: Call score for the "/objects/{oid}/properties/{pid}" URI pattern: 1.0
Jul 11, 2018 5:56:32 PM org.restlet.routing.Router logRoute
FINE: Selected route: "/objects/{oid}/properties/{pid}" -> Finder for ObjectsOidPropertiesPid
Jul 11, 2018 5:56:32 PM org.restlet.routing.TemplateRoute beforeHandle
FINER: 43 characters were matched
Jul 11, 2018 5:56:32 PM org.restlet.routing.TemplateRoute beforeHandle
FINE: New base URI: "http://localhost:8181/api/objects/org1dev1/properties/device-1-pid-1". No remaining part to match
Jul 11, 2018 5:56:32 PM org.restlet.routing.TemplateRoute beforeHandle
FINER: Delegating the call to the target Restlet
Jul 11, 2018 5:56:32 PM org.restlet.engine.application.StrictConneg scoreAnnotation
FINE: Score of annotation "MethodAnnotationInfo [javaMethod: public org.restlet.representation.Representation eu.bavenir.ogwapi.restapi.services.ObjectsOidPropertiesPid.store(org.restlet.representation.Representation), javaClass: class eu.bavenir.ogwapi.restapi.services.ObjectsOidPropertiesPid, restletMethod: PUT, input: json, value: json, output: json, query: null]"= 0.5
Jul 11, 2018 5:56:32 PM org.restlet.engine.application.StrictConneg scoreVariant
FINE: Total score of variant "[application/json]"= 0.08383334
Jul 11, 2018 5:56:32 PM org.restlet.service.ConverterService toObject
FINE: The following converter was selected for the [application/json] representation: org.restlet.engine.converter.DefaultConverter@5bfbe483
Jul 11, 2018 5:56:33 PM eu.bavenir.ogwapi.commons.ConnectionDescriptor processIncommingMessage
FINEST: New message from org1dev1: {"messageType":2,"requestId":804036975,"responseCode":200,"responseCodeReason":"OK","responseBody":"{\"data\":{\"payload\":{\"data\":{\"echo\":\"get property on custom endpoint\",\"oid\":\"device-1\"}},\"echo\":\"set property on custom endpoint\",\"oid\":\"device-1\"},\"status\":\"success\"}"}
Jul 11, 2018 5:56:33 PM eu.bavenir.ogwapi.commons.ConnectionDescriptor processIncommingMessage
FINEST: This message is a response. Adding to incoming queue - message count: 0
Jul 11, 2018 5:56:33 PM org.restlet.service.ConverterService toRepresentation
FINE: Converter selected for JsonRepresentation: DefaultConverter
Jul 11, 2018 6:19:36 PM eu.bavenir.ogwapi.restapi.security.AuthenticationVerifier verify
FINE: Valid credentials received from a client with IP 127.0.0.1.
Jul 11, 2018 6:19:36 PM org.restlet.security.ChallengeAuthenticator authenticate
FINE: Authentication succeeded. Valid credentials provided for identifier: test_vcnt0.
Jul 11, 2018 6:19:36 PM org.restlet.security.Authenticator authenticated
FINE: The authentication succeeded for the identifer "test_vcnt0" using the HTTP_Basic scheme.
Jul 11, 2018 6:19:36 PM org.restlet.routing.TemplateRoute score
FINER: Call score for the "/objects/login" URI pattern: 0.0
Jul 11, 2018 6:19:36 PM org.restlet.routing.TemplateRoute score
FINER: Call score for the "/objects/logout" URI pattern: 0.0
Jul 11, 2018 6:19:36 PM org.restlet.routing.TemplateRoute score
FINER: Call score for the "/objects/{oid}/properties" URI pattern: 0.0
Jul 11, 2018 6:19:36 PM org.restlet.routing.TemplateRoute score
FINER: Call score for the "/objects/{oid}/properties/{pid}" URI pattern: 1.0
Jul 11, 2018 6:19:36 PM org.restlet.routing.Router logRoute
FINE: Selected route: "/objects/{oid}/properties/{pid}" -> Finder for ObjectsOidPropertiesPid
Jul 11, 2018 6:19:36 PM org.restlet.routing.TemplateRoute beforeHandle
FINER: 43 characters were matched
Jul 11, 2018 6:19:36 PM org.restlet.routing.TemplateRoute beforeHandle
FINE: New base URI: "http://localhost:8181/api/objects/org1dev1/properties/device-3-pid-1". No remaining part to match
Jul 11, 2018 6:19:36 PM org.restlet.routing.TemplateRoute beforeHandle
FINER: Delegating the call to the target Restlet
Jul 11, 2018 6:19:36 PM org.restlet.engine.application.StrictConneg scoreAnnotation
FINE: Score of annotation "MethodAnnotationInfo [javaMethod: public org.restlet.representation.Representation eu.bavenir.ogwapi.restapi.services.ObjectsOidPropertiesPid.store(org.restlet.representation.Representation), javaClass: class eu.bavenir.ogwapi.restapi.services.ObjectsOidPropertiesPid, restletMethod: PUT, input: json, value: json, output: json, query: null]"= 0.5
Jul 11, 2018 6:19:36 PM org.restlet.engine.application.StrictConneg scoreVariant
FINE: Total score of variant "[application/json]"= 0.08383334
Jul 11, 2018 6:19:36 PM org.restlet.service.ConverterService toObject
FINE: The following converter was selected for the [application/json] representation: org.restlet.engine.converter.DefaultConverter@5bfbe483
Jul 11, 2018 6:19:36 PM eu.bavenir.ogwapi.commons.ConnectionDescriptor processIncommingMessage
FINEST: New message from org1dev1: {"messageType":2,"requestId":433027369,"responseCode":200,"responseCodeReason":"OK","responseBody":"{\"reason\":\"java.lang.Exception: Missing interaction pattern [property] thing for OID: org1dev1 / pattern id: device-3-pid-1\\n\\tat sk.intersoft.vicinity.agent.config.AgentConfig.getInteractionPattern(AgentConfig.java:70)\\n\\tat sk.intersoft.vicinity.agent.config.AgentConfig.getWriteHref(AgentConfig.java:81)\\n\\tat sk.intersoft.vicinity.agent.adapter.AdapterEndpoint.getEndpoint(AdapterEndpoint.java:23)\\n\\tat sk.intersoft.vicinity.agent.service.resource.ObjectGetSetPropertyResource.setPropertyValue(ObjectGetSetPropertyResource.java:60)\\n\\tat sun.reflect.NativeMethodAccessorImpl.invoke0(Native Method)\\n\\tat sun.reflect.NativeMethodAccessorImpl.invoke(NativeMethodAccessorImpl.java:62)\\n\\tat sun.reflect.DelegatingMethodAccessorImpl.invoke(DelegatingMethodAccessorImpl.java:43)\\n\\tat java.lang.reflect.Method.invoke(Method.java:498)\\n\\tat org.restlet.resource.ServerResource.doHandle(ServerResource.java:508)\\n\\tat org.restlet.resource.ServerResource.put(ServerResource.java:1395)\\n\\tat org.restlet.resource.ServerResource.doHandle(ServerResource.java:595)\\n\\tat org.restlet.resource.ServerResource.doNegotiatedHandle(ServerResource.java:662)\\n\\tat org.restlet.resource.ServerResource.doConditionalHandle(ServerResource.java:348)\\n\\tat org.restlet.resource.ServerResource.handle(ServerResource.java:1020)\\n\\tat org.restlet.resource.Finder.handle(Finder.java:236)\\n\\tat org.restlet.routing.Filter.doHandle(Filter.java:150)\\n\\tat org.restlet.routing.Filter.handle(Filter.java:197)\\n\\tat org.restlet.routing.Router.doHandle(Router.java:422)\\n\\tat org.restlet.routing.Router.handle(Router.java:641)\\n\\tat org.restlet.routing.Filter.doHandle(Filter.java:150)\\n\\tat org.restlet.routing.Filter.handle(Filter.java:197)\\n\\tat org.restlet.routing.Filter.doHandle(Filter.java:150)\\n\\tat org.restlet.routing.Filter.handle(Filter.java:197)\\n\\tat org.restlet.routing.Filter.doHandle(Filter.java:150)\\n\\tat org.restlet.routing.Filter.handle(Filter.java:197)\\n\\tat org.restlet.routing.Filter.doHandle(Filter.java:150)\\n\\tat org.restlet.engine.application.StatusFilter.doHandle(StatusFilter.java:140)\\n\\tat org.restlet.routing.Filter.handle(Filter.java:197)\\n\\tat org.restlet.routing.Filter.doHandle(Filter.java:150)\\n\\tat org.restlet.routing.Filter.handle(Filter.java:197)\\n\\tat org.restlet.engine.CompositeHelper.handle(CompositeHelper.java:202)\\n\\tat org.restlet.engine.application.ApplicationHelper.handle(ApplicationHelper.java:77)\\n\\tat org.restlet.Application.handle(Application.java:385)\\n\\tat org.restlet.routing.Filter.doHandle(Filter.java:150)\\n\\tat org.restlet.routing.Filter.handle(Filter.java:197)\\n\\tat org.restlet.routing.Router.doHandle(Router.java:422)\\n\\tat org.restlet.routing.Router.handle(Router.java:641)\\n\\tat org.restlet.routing.Filter.doHandle(Filter.java:150)\\n\\tat org.restlet.routing.Filter.handle(Filter.java:197)\\n\\tat org.restlet.routing.Router.doHandle(Router.java:422)\\n\\tat org.restlet.routing.Router.handle(Router.java:641)\\n\\tat org.restlet.routing.Filter.doHandle(Filter.java:150)\\n\\tat org.restlet.engine.application.StatusFilter.doHandle(StatusFilter.java:140)\\n\\tat org.restlet.routing.Filter.handle(Filter.java:197)\\n\\tat org.restlet.routing.Filter.doHandle(Filter.java:150)\\n\\tat org.restlet.routing.Filter.handle(Filter.java:197)\\n\\tat org.restlet.engine.CompositeHelper.handle(CompositeHelper.java:202)\\n\\tat org.restlet.Component.handle(Component.java:408)\\n\\tat org.restlet.Server.handle(Server.java:507)\\n\\tat org.restlet.engine.connector.ServerHelper.handle(ServerHelper.java:63)\\n\\tat org.restlet.engine.adapter.HttpServerHelper.handle(HttpServerHelper.java:143)\\n\\tat org.restlet.engine.connector.HttpServerHelper$1.handle(HttpServerHelper.java:64)\\n\\tat com.sun.net.httpserver.Filter$Chain.doFilter(Filter.java:79)\\n\\tat sun.net.httpserver.AuthFilter.doFilter(AuthFilter.java:83)\\n\\tat com.sun.net.httpserver.Filter$Chain.doFilter(Filter.java:82)\\n\\tat sun.net.httpserver.ServerImpl$Exchange$LinkHandler.handle(ServerImpl.java:675)\\n\\tat com.sun.net.httpserver.Filter$Chain.doFilter(Filter.java:79)\\n\\tat sun.net.httpserver.ServerImpl$Exchange.run(ServerImpl.java:647)\\n\\tat java.util.concurrent.ThreadPoolExecutor.runWorker(ThreadPoolExecutor.java:1149)\\n\\tat java.util.concurrent.ThreadPoolExecutor$Worker.run(ThreadPoolExecutor.java:624)\\n\\tat java.lang.Thread.run(Thread.java:748)\\n\",\"status\":\"failure\"}"}
Jul 11, 2018 6:19:36 PM eu.bavenir.ogwapi.commons.ConnectionDescriptor processIncommingMessage
FINEST: This message is a response. Adding to incoming queue - message count: 0
Jul 11, 2018 6:19:36 PM org.restlet.service.ConverterService toRepresentation
FINE: Converter selected for JsonRepresentation: DefaultConverter
Jul 11, 2018 6:19:57 PM eu.bavenir.ogwapi.restapi.security.AuthenticationVerifier verify
FINE: Valid credentials received from a client with IP 127.0.0.1.
Jul 11, 2018 6:19:57 PM org.restlet.security.ChallengeAuthenticator authenticate
FINE: Authentication succeeded. Valid credentials provided for identifier: test_vcnt0.
Jul 11, 2018 6:19:57 PM org.restlet.security.Authenticator authenticated
FINE: The authentication succeeded for the identifer "test_vcnt0" using the HTTP_Basic scheme.
Jul 11, 2018 6:19:57 PM org.restlet.routing.TemplateRoute score
FINER: Call score for the "/objects/login" URI pattern: 0.0
Jul 11, 2018 6:19:57 PM org.restlet.routing.TemplateRoute score
FINER: Call score for the "/objects/logout" URI pattern: 0.0
Jul 11, 2018 6:19:57 PM org.restlet.routing.TemplateRoute score
FINER: Call score for the "/objects/{oid}/properties" URI pattern: 0.0
Jul 11, 2018 6:19:57 PM org.restlet.routing.TemplateRoute score
FINER: Call score for the "/objects/{oid}/properties/{pid}" URI pattern: 1.0
Jul 11, 2018 6:19:57 PM org.restlet.routing.Router logRoute
FINE: Selected route: "/objects/{oid}/properties/{pid}" -> Finder for ObjectsOidPropertiesPid
Jul 11, 2018 6:19:57 PM org.restlet.routing.TemplateRoute beforeHandle
FINER: 43 characters were matched
Jul 11, 2018 6:19:57 PM org.restlet.routing.TemplateRoute beforeHandle
FINE: New base URI: "http://localhost:8181/api/objects/org1dev2/properties/device-1-pid-1". No remaining part to match
Jul 11, 2018 6:19:57 PM org.restlet.routing.TemplateRoute beforeHandle
FINER: Delegating the call to the target Restlet
Jul 11, 2018 6:19:57 PM org.restlet.engine.application.StrictConneg scoreAnnotation
FINE: Score of annotation "MethodAnnotationInfo [javaMethod: public org.restlet.representation.Representation eu.bavenir.ogwapi.restapi.services.ObjectsOidPropertiesPid.store(org.restlet.representation.Representation), javaClass: class eu.bavenir.ogwapi.restapi.services.ObjectsOidPropertiesPid, restletMethod: PUT, input: json, value: json, output: json, query: null]"= 0.5
Jul 11, 2018 6:19:57 PM org.restlet.engine.application.StrictConneg scoreVariant
FINE: Total score of variant "[application/json]"= 0.08383334
Jul 11, 2018 6:19:57 PM org.restlet.service.ConverterService toObject
FINE: The following converter was selected for the [application/json] representation: org.restlet.engine.converter.DefaultConverter@5bfbe483
Jul 11, 2018 6:19:57 PM eu.bavenir.ogwapi.commons.ConnectionDescriptor processIncommingMessage
FINEST: New message from org1dev2: {"messageType":2,"requestId":610851224,"responseCode":200,"responseCodeReason":"OK","responseBody":"{\"reason\":\"java.lang.Exception: Missing interaction pattern [property] thing for OID: org1dev2 / pattern id: device-1-pid-1\\n\\tat sk.intersoft.vicinity.agent.config.AgentConfig.getInteractionPattern(AgentConfig.java:70)\\n\\tat sk.intersoft.vicinity.agent.config.AgentConfig.getWriteHref(AgentConfig.java:81)\\n\\tat sk.intersoft.vicinity.agent.adapter.AdapterEndpoint.getEndpoint(AdapterEndpoint.java:23)\\n\\tat sk.intersoft.vicinity.agent.service.resource.ObjectGetSetPropertyResource.setPropertyValue(ObjectGetSetPropertyResource.java:60)\\n\\tat sun.reflect.NativeMethodAccessorImpl.invoke0(Native Method)\\n\\tat sun.reflect.NativeMethodAccessorImpl.invoke(NativeMethodAccessorImpl.java:62)\\n\\tat sun.reflect.DelegatingMethodAccessorImpl.invoke(DelegatingMethodAccessorImpl.java:43)\\n\\tat java.lang.reflect.Method.invoke(Method.java:498)\\n\\tat org.restlet.resource.ServerResource.doHandle(ServerResource.java:508)\\n\\tat org.restlet.resource.ServerResource.put(ServerResource.java:1395)\\n\\tat org.restlet.resource.ServerResource.doHandle(ServerResource.java:595)\\n\\tat org.restlet.resource.ServerResource.doNegotiatedHandle(ServerResource.java:662)\\n\\tat org.restlet.resource.ServerResource.doConditionalHandle(ServerResource.java:348)\\n\\tat org.restlet.resource.ServerResource.handle(ServerResource.java:1020)\\n\\tat org.restlet.resource.Finder.handle(Finder.java:236)\\n\\tat org.restlet.routing.Filter.doHandle(Filter.java:150)\\n\\tat org.restlet.routing.Filter.handle(Filter.java:197)\\n\\tat org.restlet.routing.Router.doHandle(Router.java:422)\\n\\tat org.restlet.routing.Router.handle(Router.java:641)\\n\\tat org.restlet.routing.Filter.doHandle(Filter.java:150)\\n\\tat org.restlet.routing.Filter.handle(Filter.java:197)\\n\\tat org.restlet.routing.Filter.doHandle(Filter.java:150)\\n\\tat org.restlet.routing.Filter.handle(Filter.java:197)\\n\\tat org.restlet.routing.Filter.doHandle(Filter.java:150)\\n\\tat org.restlet.routing.Filter.handle(Filter.java:197)\\n\\tat org.restlet.routing.Filter.doHandle(Filter.java:150)\\n\\tat org.restlet.engine.application.StatusFilter.doHandle(StatusFilter.java:140)\\n\\tat org.restlet.routing.Filter.handle(Filter.java:197)\\n\\tat org.restlet.routing.Filter.doHandle(Filter.java:150)\\n\\tat org.restlet.routing.Filter.handle(Filter.java:197)\\n\\tat org.restlet.engine.CompositeHelper.handle(CompositeHelper.java:202)\\n\\tat org.restlet.engine.application.ApplicationHelper.handle(ApplicationHelper.java:77)\\n\\tat org.restlet.Application.handle(Application.java:385)\\n\\tat org.restlet.routing.Filter.doHandle(Filter.java:150)\\n\\tat org.restlet.routing.Filter.handle(Filter.java:197)\\n\\tat org.restlet.routing.Router.doHandle(Router.java:422)\\n\\tat org.restlet.routing.Router.handle(Router.java:641)\\n\\tat org.restlet.routing.Filter.doHandle(Filter.java:150)\\n\\tat org.restlet.routing.Filter.handle(Filter.java:197)\\n\\tat org.restlet.routing.Router.doHandle(Router.java:422)\\n\\tat org.restlet.routing.Router.handle(Router.java:641)\\n\\tat org.restlet.routing.Filter.doHandle(Filter.java:150)\\n\\tat org.restlet.engine.application.StatusFilter.doHandle(StatusFilter.java:140)\\n\\tat org.restlet.routing.Filter.handle(Filter.java:197)\\n\\tat org.restlet.routing.Filter.doHandle(Filter.java:150)\\n\\tat org.restlet.routing.Filter.handle(Filter.java:197)\\n\\tat org.restlet.engine.CompositeHelper.handle(CompositeHelper.java:202)\\n\\tat org.restlet.Component.handle(Component.java:408)\\n\\tat org.restlet.Server.handle(Server.java:507)\\n\\tat org.restlet.engine.connector.ServerHelper.handle(ServerHelper.java:63)\\n\\tat org.restlet.engine.adapter.HttpServerHelper.handle(HttpServerHelper.java:143)\\n\\tat org.restlet.engine.connector.HttpServerHelper$1.handle(HttpServerHelper.java:64)\\n\\tat com.sun.net.httpserver.Filter$Chain.doFilter(Filter.java:79)\\n\\tat sun.net.httpserver.AuthFilter.doFilter(AuthFilter.java:83)\\n\\tat com.sun.net.httpserver.Filter$Chain.doFilter(Filter.java:82)\\n\\tat sun.net.httpserver.ServerImpl$Exchange$LinkHandler.handle(ServerImpl.java:675)\\n\\tat com.sun.net.httpserver.Filter$Chain.doFilter(Filter.java:79)\\n\\tat sun.net.httpserver.ServerImpl$Exchange.run(ServerImpl.java:647)\\n\\tat java.util.concurrent.ThreadPoolExecutor.runWorker(ThreadPoolExecutor.java:1149)\\n\\tat java.util.concurrent.ThreadPoolExecutor$Worker.run(ThreadPoolExecutor.java:624)\\n\\tat java.lang.Thread.run(Thread.java:748)\\n\",\"status\":\"failure\"}"}
Jul 11, 2018 6:19:57 PM eu.bavenir.ogwapi.commons.ConnectionDescriptor processIncommingMessage
FINEST: This message is a response. Adding to incoming queue - message count: 0
Jul 11, 2018 6:19:57 PM org.restlet.service.ConverterService toRepresentation
FINE: Converter selected for JsonRepresentation: DefaultConverter
Jul 11, 2018 6:20:02 PM eu.bavenir.ogwapi.restapi.security.AuthenticationVerifier verify
FINE: Valid credentials received from a client with IP 127.0.0.1.
Jul 11, 2018 6:20:02 PM org.restlet.security.ChallengeAuthenticator authenticate
FINE: Authentication succeeded. Valid credentials provided for identifier: test_vcnt0.
Jul 11, 2018 6:20:02 PM org.restlet.security.Authenticator authenticated
FINE: The authentication succeeded for the identifer "test_vcnt0" using the HTTP_Basic scheme.
Jul 11, 2018 6:20:02 PM org.restlet.routing.TemplateRoute score
FINER: Call score for the "/objects/login" URI pattern: 0.0
Jul 11, 2018 6:20:02 PM org.restlet.routing.TemplateRoute score
FINER: Call score for the "/objects/logout" URI pattern: 0.0
Jul 11, 2018 6:20:02 PM org.restlet.routing.TemplateRoute score
FINER: Call score for the "/objects/{oid}/properties" URI pattern: 0.0
Jul 11, 2018 6:20:02 PM org.restlet.routing.TemplateRoute score
FINER: Call score for the "/objects/{oid}/properties/{pid}" URI pattern: 1.0
Jul 11, 2018 6:20:02 PM org.restlet.routing.Router logRoute
FINE: Selected route: "/objects/{oid}/properties/{pid}" -> Finder for ObjectsOidPropertiesPid
Jul 11, 2018 6:20:02 PM org.restlet.routing.TemplateRoute beforeHandle
FINER: 43 characters were matched
Jul 11, 2018 6:20:02 PM org.restlet.routing.TemplateRoute beforeHandle
FINE: New base URI: "http://localhost:8181/api/objects/org1dev1/properties/device-1-pid-1". No remaining part to match
Jul 11, 2018 6:20:02 PM org.restlet.routing.TemplateRoute beforeHandle
FINER: Delegating the call to the target Restlet
Jul 11, 2018 6:20:02 PM org.restlet.engine.application.StrictConneg scoreAnnotation
FINE: Score of annotation "MethodAnnotationInfo [javaMethod: public org.restlet.representation.Representation eu.bavenir.ogwapi.restapi.services.ObjectsOidPropertiesPid.store(org.restlet.representation.Representation), javaClass: class eu.bavenir.ogwapi.restapi.services.ObjectsOidPropertiesPid, restletMethod: PUT, input: json, value: json, output: json, query: null]"= 0.5
Jul 11, 2018 6:20:02 PM org.restlet.engine.application.StrictConneg scoreVariant
FINE: Total score of variant "[application/json]"= 0.08383334
Jul 11, 2018 6:20:02 PM org.restlet.service.ConverterService toObject
FINE: The following converter was selected for the [application/json] representation: org.restlet.engine.converter.DefaultConverter@5bfbe483
Jul 11, 2018 6:20:02 PM eu.bavenir.ogwapi.commons.ConnectionDescriptor processIncommingMessage
FINEST: New message from org1dev1: {"messageType":2,"requestId":1326345725,"responseCode":200,"responseCodeReason":"OK","responseBody":"{\"data\":{\"payload\":{\"data\":{\"echo\":\"get property on custom endpoint\",\"oid\":\"device-1\"}},\"echo\":\"set property on custom endpoint\",\"oid\":\"device-1\"},\"status\":\"success\"}"}
Jul 11, 2018 6:20:02 PM eu.bavenir.ogwapi.commons.ConnectionDescriptor processIncommingMessage
FINEST: This message is a response. Adding to incoming queue - message count: 0
Jul 11, 2018 6:20:02 PM org.restlet.service.ConverterService toRepresentation
FINE: Converter selected for JsonRepresentation: DefaultConverter
Jul 11, 2018 6:20:19 PM eu.bavenir.ogwapi.restapi.security.AuthenticationVerifier verify
FINE: Valid credentials received from a client with IP 127.0.0.1.
Jul 11, 2018 6:20:19 PM org.restlet.security.ChallengeAuthenticator authenticate
FINE: Authentication succeeded. Valid credentials provided for identifier: test_vcnt0.
Jul 11, 2018 6:20:19 PM org.restlet.security.Authenticator authenticated
FINE: The authentication succeeded for the identifer "test_vcnt0" using the HTTP_Basic scheme.
Jul 11, 2018 6:20:19 PM org.restlet.routing.TemplateRoute score
FINER: Call score for the "/objects/login" URI pattern: 0.0
Jul 11, 2018 6:20:19 PM org.restlet.routing.TemplateRoute score
FINER: Call score for the "/objects/logout" URI pattern: 0.0
Jul 11, 2018 6:20:19 PM org.restlet.routing.TemplateRoute score
FINER: Call score for the "/objects/{oid}/properties" URI pattern: 0.0
Jul 11, 2018 6:20:19 PM org.restlet.routing.TemplateRoute score
FINER: Call score for the "/objects/{oid}/properties/{pid}" URI pattern: 1.0
Jul 11, 2018 6:20:19 PM org.restlet.routing.Router logRoute
FINE: Selected route: "/objects/{oid}/properties/{pid}" -> Finder for ObjectsOidPropertiesPid
Jul 11, 2018 6:20:19 PM org.restlet.routing.TemplateRoute beforeHandle
FINER: 43 characters were matched
Jul 11, 2018 6:20:19 PM org.restlet.routing.TemplateRoute beforeHandle
FINE: New base URI: "http://localhost:8181/api/objects/org1dev1/properties/device-1-pid-1". No remaining part to match
Jul 11, 2018 6:20:19 PM org.restlet.routing.TemplateRoute beforeHandle
FINER: Delegating the call to the target Restlet
Jul 11, 2018 6:20:19 PM org.restlet.engine.application.StrictConneg scoreAnnotation
FINE: Score of annotation "MethodAnnotationInfo [javaMethod: public org.restlet.representation.Representation eu.bavenir.ogwapi.restapi.services.ObjectsOidPropertiesPid.store(org.restlet.representation.Representation), javaClass: class eu.bavenir.ogwapi.restapi.services.ObjectsOidPropertiesPid, restletMethod: PUT, input: json, value: json, output: json, query: null]"= 0.5
Jul 11, 2018 6:20:19 PM org.restlet.engine.application.StrictConneg scoreVariant
FINE: Total score of variant "[application/json]"= 0.08383334
Jul 11, 2018 6:20:19 PM org.restlet.service.ConverterService toObject
FINE: The following converter was selected for the [application/json] representation: org.restlet.engine.converter.DefaultConverter@5bfbe483
Jul 11, 2018 6:20:19 PM eu.bavenir.ogwapi.commons.ConnectionDescriptor processIncommingMessage
FINEST: New message from org1dev1: {"messageType":2,"requestId":43563187,"responseCode":200,"responseCodeReason":"OK","responseBody":"{\"reason\":\"java.lang.NullPointerException\\n\\tat java.io.StringReader.<init>(StringReader.java:50)\\n\\tat org.json.JSONTokener.<init>(JSONTokener.java:85)\\n\\tat org.json.JSONObject.<init>(JSONObject.java:319)\\n\\tat sk.intersoft.vicinity.agent.service.resource.ObjectGetSetPropertyResource.setPropertyValue(ObjectGetSetPropertyResource.java:68)\\n\\tat sun.reflect.NativeMethodAccessorImpl.invoke0(Native Method)\\n\\tat sun.reflect.NativeMethodAccessorImpl.invoke(NativeMethodAccessorImpl.java:62)\\n\\tat sun.reflect.DelegatingMethodAccessorImpl.invoke(DelegatingMethodAccessorImpl.java:43)\\n\\tat java.lang.reflect.Method.invoke(Method.java:498)\\n\\tat org.restlet.resource.ServerResource.doHandle(ServerResource.java:508)\\n\\tat org.restlet.resource.ServerResource.put(ServerResource.java:1395)\\n\\tat org.restlet.resource.ServerResource.doHandle(ServerResource.java:595)\\n\\tat org.restlet.resource.ServerResource.doNegotiatedHandle(ServerResource.java:662)\\n\\tat org.restlet.resource.ServerResource.doConditionalHandle(ServerResource.java:348)\\n\\tat org.restlet.resource.ServerResource.handle(ServerResource.java:1020)\\n\\tat org.restlet.resource.Finder.handle(Finder.java:236)\\n\\tat org.restlet.routing.Filter.doHandle(Filter.java:150)\\n\\tat org.restlet.routing.Filter.handle(Filter.java:197)\\n\\tat org.restlet.routing.Router.doHandle(Router.java:422)\\n\\tat org.restlet.routing.Router.handle(Router.java:641)\\n\\tat org.restlet.routing.Filter.doHandle(Filter.java:150)\\n\\tat org.restlet.routing.Filter.handle(Filter.java:197)\\n\\tat org.restlet.routing.Filter.doHandle(Filter.java:150)\\n\\tat org.restlet.routing.Filter.handle(Filter.java:197)\\n\\tat org.restlet.routing.Filter.doHandle(Filter.java:150)\\n\\tat org.restlet.routing.Filter.handle(Filter.java:197)\\n\\tat org.restlet.routing.Filter.doHandle(Filter.java:150)\\n\\tat org.restlet.engine.application.StatusFilter.doHandle(StatusFilter.java:140)\\n\\tat org.restlet.routing.Filter.handle(Filter.java:197)\\n\\tat org.restlet.routing.Filter.doHandle(Filter.java:150)\\n\\tat org.restlet.routing.Filter.handle(Filter.java:197)\\n\\tat org.restlet.engine.CompositeHelper.handle(CompositeHelper.java:202)\\n\\tat org.restlet.engine.application.ApplicationHelper.handle(ApplicationHelper.java:77)\\n\\tat org.restlet.Application.handle(Application.java:385)\\n\\tat org.restlet.routing.Filter.doHandle(Filter.java:150)\\n\\tat org.restlet.routing.Filter.handle(Filter.java:197)\\n\\tat org.restlet.routing.Router.doHandle(Router.java:422)\\n\\tat org.restlet.routing.Router.handle(Router.java:641)\\n\\tat org.restlet.routing.Filter.doHandle(Filter.java:150)\\n\\tat org.restlet.routing.Filter.handle(Filter.java:197)\\n\\tat org.restlet.routing.Router.doHandle(Router.java:422)\\n\\tat org.restlet.routing.Router.handle(Router.java:641)\\n\\tat org.restlet.routing.Filter.doHandle(Filter.java:150)\\n\\tat org.restlet.engine.application.StatusFilter.doHandle(StatusFilter.java:140)\\n\\tat org.restlet.routing.Filter.handle(Filter.java:197)\\n\\tat org.restlet.routing.Filter.doHandle(Filter.java:150)\\n\\tat org.restlet.routing.Filter.handle(Filter.java:197)\\n\\tat org.restlet.engine.CompositeHelper.handle(CompositeHelper.java:202)\\n\\tat org.restlet.Component.handle(Component.java:408)\\n\\tat org.restlet.Server.handle(Server.java:507)\\n\\tat org.restlet.engine.connector.ServerHelper.handle(ServerHelper.java:63)\\n\\tat org.restlet.engine.adapter.HttpServerHelper.handle(HttpServerHelper.java:143)\\n\\tat org.restlet.engine.connector.HttpServerHelper$1.handle(HttpServerHelper.java:64)\\n\\tat com.sun.net.httpserver.Filter$Chain.doFilter(Filter.java:79)\\n\\tat sun.net.httpserver.AuthFilter.doFilter(AuthFilter.java:83)\\n\\tat com.sun.net.httpserver.Filter$Chain.doFilter(Filter.java:82)\\n\\tat sun.net.httpserver.ServerImpl$Exchange$LinkHandler.handle(ServerImpl.java:675)\\n\\tat com.sun.net.httpserver.Filter$Chain.doFilter(Filter.java:79)\\n\\tat sun.net.httpserver.ServerImpl$Exchange.run(ServerImpl.java:647)\\n\\tat java.util.concurrent.ThreadPoolExecutor.runWorker(ThreadPoolExecutor.java:1149)\\n\\tat java.util.concurrent.ThreadPoolExecutor$Worker.run(ThreadPoolExecutor.java:624)\\n\\tat java.lang.Thread.run(Thread.java:748)\\n\",\"status\":\"failure\"}"}
Jul 11, 2018 6:20:19 PM eu.bavenir.ogwapi.commons.ConnectionDescriptor processIncommingMessage
FINEST: This message is a response. Adding to incoming queue - message count: 0
Jul 11, 2018 6:20:19 PM org.restlet.service.ConverterService toRepresentation
FINE: Converter selected for JsonRepresentation: DefaultConverter
Jul 11, 2018 6:20:32 PM eu.bavenir.ogwapi.restapi.security.AuthenticationVerifier verify
FINE: Valid credentials received from a client with IP 127.0.0.1.
Jul 11, 2018 6:20:32 PM org.restlet.security.ChallengeAuthenticator authenticate
FINE: Authentication succeeded. Valid credentials provided for identifier: test_vcnt0.
Jul 11, 2018 6:20:32 PM org.restlet.security.Authenticator authenticated
FINE: The authentication succeeded for the identifer "test_vcnt0" using the HTTP_Basic scheme.
Jul 11, 2018 6:20:32 PM org.restlet.routing.TemplateRoute score
FINER: Call score for the "/objects/login" URI pattern: 0.0
Jul 11, 2018 6:20:32 PM org.restlet.routing.TemplateRoute score
FINER: Call score for the "/objects/logout" URI pattern: 0.0
Jul 11, 2018 6:20:32 PM org.restlet.routing.TemplateRoute score
FINER: Call score for the "/objects/{oid}/properties" URI pattern: 0.0
Jul 11, 2018 6:20:32 PM org.restlet.routing.TemplateRoute score
FINER: Call score for the "/objects/{oid}/properties/{pid}" URI pattern: 1.0
Jul 11, 2018 6:20:32 PM org.restlet.routing.Router logRoute
FINE: Selected route: "/objects/{oid}/properties/{pid}" -> Finder for ObjectsOidPropertiesPid
Jul 11, 2018 6:20:32 PM org.restlet.routing.TemplateRoute beforeHandle
FINER: 43 characters were matched
Jul 11, 2018 6:20:32 PM org.restlet.routing.TemplateRoute beforeHandle
FINE: New base URI: "http://localhost:8181/api/objects/org1dev1/properties/device-1-pid-1". No remaining part to match
Jul 11, 2018 6:20:32 PM org.restlet.routing.TemplateRoute beforeHandle
FINER: Delegating the call to the target Restlet
Jul 11, 2018 6:20:32 PM org.restlet.engine.application.StrictConneg scoreAnnotation
FINE: Score of annotation "MethodAnnotationInfo [javaMethod: public org.restlet.representation.Representation eu.bavenir.ogwapi.restapi.services.ObjectsOidPropertiesPid.store(org.restlet.representation.Representation), javaClass: class eu.bavenir.ogwapi.restapi.services.ObjectsOidPropertiesPid, restletMethod: PUT, input: json, value: json, output: json, query: null]"= 0.5
Jul 11, 2018 6:20:32 PM org.restlet.engine.application.StrictConneg scoreVariant
FINE: Total score of variant "[application/json]"= 0.08383334
Jul 11, 2018 6:20:32 PM org.restlet.service.ConverterService toObject
FINE: The following converter was selected for the [application/json] representation: org.restlet.engine.converter.DefaultConverter@5bfbe483
Jul 11, 2018 6:20:32 PM eu.bavenir.ogwapi.commons.ConnectionDescriptor setPropertyOfRemoteObject
INFO: Destination object org1dev1 is not online.
Jul 11, 2018 6:20:32 PM org.restlet.service.ConverterService toRepresentation
FINE: Converter selected for JsonRepresentation: DefaultConverter
Jul 11, 2018 6:21:35 PM eu.bavenir.ogwapi.restapi.security.AuthenticationVerifier verify
FINE: Valid credentials received from a client with IP 127.0.0.1.
Jul 11, 2018 6:21:35 PM org.restlet.security.ChallengeAuthenticator authenticate
FINE: Authentication succeeded. Valid credentials provided for identifier: test_vcnt0.
Jul 11, 2018 6:21:35 PM org.restlet.security.Authenticator authenticated
FINE: The authentication succeeded for the identifer "test_vcnt0" using the HTTP_Basic scheme.
Jul 11, 2018 6:21:35 PM org.restlet.routing.TemplateRoute score
FINER: Call score for the "/objects/login" URI pattern: 0.0
Jul 11, 2018 6:21:35 PM org.restlet.routing.TemplateRoute score
FINER: Call score for the "/objects/logout" URI pattern: 0.0
Jul 11, 2018 6:21:35 PM org.restlet.routing.TemplateRoute score
FINER: Call score for the "/objects/{oid}/properties" URI pattern: 0.0
Jul 11, 2018 6:21:35 PM org.restlet.routing.TemplateRoute score
FINER: Call score for the "/objects/{oid}/properties/{pid}" URI pattern: 1.0
Jul 11, 2018 6:21:35 PM org.restlet.routing.Router logRoute
FINE: Selected route: "/objects/{oid}/properties/{pid}" -> Finder for ObjectsOidPropertiesPid
Jul 11, 2018 6:21:35 PM org.restlet.routing.TemplateRoute beforeHandle
FINER: 43 characters were matched
Jul 11, 2018 6:21:35 PM org.restlet.routing.TemplateRoute beforeHandle
FINE: New base URI: "http://localhost:8181/api/objects/org1dev1/properties/device-1-pid-1". No remaining part to match
Jul 11, 2018 6:21:35 PM org.restlet.routing.TemplateRoute beforeHandle
FINER: Delegating the call to the target Restlet
Jul 11, 2018 6:21:35 PM org.restlet.engine.application.StrictConneg scoreAnnotation
FINE: Score of annotation "MethodAnnotationInfo [javaMethod: public org.restlet.representation.Representation eu.bavenir.ogwapi.restapi.services.ObjectsOidPropertiesPid.store(org.restlet.representation.Representation), javaClass: class eu.bavenir.ogwapi.restapi.services.ObjectsOidPropertiesPid, restletMethod: PUT, input: json, value: json, output: json, query: null]"= 0.5
Jul 11, 2018 6:21:35 PM org.restlet.engine.application.StrictConneg scoreVariant
FINE: Total score of variant "[application/json]"= 0.08383334
Jul 11, 2018 6:21:35 PM org.restlet.service.ConverterService toObject
FINE: The following converter was selected for the [application/json] representation: org.restlet.engine.converter.DefaultConverter@5bfbe483
Jul 11, 2018 6:21:35 PM eu.bavenir.ogwapi.commons.ConnectionDescriptor setPropertyOfRemoteObject
INFO: Destination object org1dev1 is not online.
Jul 11, 2018 6:21:35 PM org.restlet.service.ConverterService toRepresentation
FINE: Converter selected for JsonRepresentation: DefaultConverter
