Jul 13, 2018 5:10:29 PM eu.bavenir.ogwapi.App initialize
CONFIG: Log file: log/18-07-13T17_10_29.324-gateway.log
Jul 13, 2018 5:10:29 PM eu.bavenir.ogwapi.App main
FINE: Vicinity Gateway API initialized.
Jul 13, 2018 5:10:29 PM eu.bavenir.ogwapi.App main
FINE: API thread started.
Jul 13, 2018 5:10:29 PM eu.bavenir.ogwapi.restapi.RestletThread run
CONFIG: HTTP server configured.
Jul 13, 2018 5:10:29 PM eu.bavenir.ogwapi.restapi.Api configureChallengeScheme
CONFIG: HTTP Basic challenge authentication scheme configured.
Jul 13, 2018 5:10:29 PM org.restlet.Application start
INFO: Starting eu.bavenir.ogwapi.restapi.Api application
Jul 13, 2018 5:10:29 PM org.restlet.engine.application.ApplicationHelper start
FINE: By default, an application should be attached to a parent component in order to let application's outbound root handle calls properly.
Jul 13, 2018 5:10:29 PM eu.bavenir.ogwapi.restapi.RestletThread run
FINE: HTTP server component started.
Jul 13, 2018 5:12:12 PM eu.bavenir.ogwapi.commons.CommunicationManager isConnected
WARNING: Null record in the connection descriptor pool. Object ID: 'test_vcnt0'.
Jul 13, 2018 5:12:12 PM eu.bavenir.ogwapi.commons.connectors.http.RestAgentConnector <init>
CONFIG: HTTPS protocol disabled for Agent communication
Jul 13, 2018 5:12:12 PM eu.bavenir.ogwapi.commons.engines.xmpp.XmppMessageEngine buildNewConnection
CONFIG: Creating a new connection to XMPP server 'commserver.bavenir.eu:5222' as 'test_vcnt0@vicinity.eu'
Jul 13, 2018 5:12:12 PM eu.bavenir.ogwapi.commons.engines.xmpp.XmppMessageEngine buildNewConnection
CONFIG: XMPP SECURE CONNECTION IS DISABLED.
Jul 13, 2018 5:12:18 PM eu.bavenir.ogwapi.commons.CommunicationManager establishConnection
INFO: Connection for 'test_vcnt0' was established.
Jul 13, 2018 5:12:18 PM eu.bavenir.ogwapi.commons.CommunicationManager establishConnection
FINEST: A new connection for 'test_vcnt0' was added into connection pool.
Jul 13, 2018 5:12:18 PM eu.bavenir.ogwapi.restapi.security.AuthenticationVerifier verify
FINE: Valid credentials received from a client with IP 127.0.0.1.
Jul 13, 2018 5:12:18 PM org.restlet.security.ChallengeAuthenticator authenticate
FINE: Authentication succeeded. Valid credentials provided for identifier: test_vcnt0.
Jul 13, 2018 5:12:18 PM org.restlet.security.Authenticator authenticated
FINE: The authentication succeeded for the identifer "test_vcnt0" using the HTTP_Basic scheme.
Jul 13, 2018 5:12:18 PM org.restlet.routing.TemplateRoute score
FINER: Call score for the "/objects/login" URI pattern: 0.0
Jul 13, 2018 5:12:18 PM org.restlet.routing.TemplateRoute score
FINER: Call score for the "/objects/logout" URI pattern: 0.0
Jul 13, 2018 5:12:18 PM org.restlet.routing.TemplateRoute score
FINER: Call score for the "/objects/{oid}/properties" URI pattern: 0.0
Jul 13, 2018 5:12:18 PM org.restlet.routing.TemplateRoute score
FINER: Call score for the "/objects/{oid}/properties/{pid}" URI pattern: 0.0
Jul 13, 2018 5:12:18 PM org.restlet.routing.TemplateRoute score
FINER: Call score for the "/objects/{oid}/actions" URI pattern: 0.0
Jul 13, 2018 5:12:18 PM org.restlet.routing.TemplateRoute score
FINER: Call score for the "/objects/{oid}/actions/{aid}" URI pattern: 1.0
Jul 13, 2018 5:12:18 PM org.restlet.routing.Router logRoute
FINE: Selected route: "/objects/{oid}/actions/{aid}" -> Finder for ObjectsOidActionsAid
Jul 13, 2018 5:12:18 PM org.restlet.routing.TemplateRoute beforeHandle
FINER: 40 characters were matched
Jul 13, 2018 5:12:18 PM org.restlet.routing.TemplateRoute beforeHandle
FINE: New base URI: "http://localhost:8181/api/objects/org1dev1/actions/device-1-aid-1". No remaining part to match
Jul 13, 2018 5:12:18 PM org.restlet.routing.TemplateRoute beforeHandle
FINER: Delegating the call to the target Restlet
Jul 13, 2018 5:12:18 PM org.restlet.engine.application.StrictConneg scoreAnnotation
FINE: Score of annotation "MethodAnnotationInfo [javaMethod: public org.restlet.representation.Representation eu.bavenir.ogwapi.restapi.services.ObjectsOidActionsAid.accept(org.restlet.representation.Representation), javaClass: class eu.bavenir.ogwapi.restapi.services.ObjectsOidActionsAid, restletMethod: POST, input: json, value: json, output: json, query: null]"= 0.5
Jul 13, 2018 5:12:18 PM org.restlet.engine.application.StrictConneg scoreVariant
FINE: Total score of variant "[application/json]"= 0.08383334
Jul 13, 2018 5:12:18 PM org.restlet.service.ConverterService toObject
FINE: The following converter was selected for the [application/json] representation: org.restlet.engine.converter.DefaultConverter@3aadf5a8
Jul 13, 2018 5:12:18 PM eu.bavenir.ogwapi.commons.ConnectionDescriptor processIncommingMessage
FINEST: New message from org1dev1: {"messageType":2,"requestId":1247801865,"responseCode":0,"responseCodeReason":null,"responseBody":"{\"error\":false,\"message\":[{\"startAction\":\"success\"},{\"taskID\":\"d4d0ae7d-275f-40d0-a4d9-704535166ae7\"}]}"}
Jul 13, 2018 5:12:18 PM eu.bavenir.ogwapi.commons.ConnectionDescriptor processIncommingMessage
FINEST: This message is a response. Adding to incoming queue - message count: 0
Jul 13, 2018 5:12:18 PM org.restlet.service.ConverterService toRepresentation
FINE: Converter selected for JsonRepresentation: DefaultConverter
Jul 13, 2018 5:13:03 PM eu.bavenir.ogwapi.restapi.security.AuthenticationVerifier verify
FINE: Valid credentials received from a client with IP 127.0.0.1.
Jul 13, 2018 5:13:03 PM org.restlet.security.ChallengeAuthenticator authenticate
FINE: Authentication succeeded. Valid credentials provided for identifier: test_vcnt0.
Jul 13, 2018 5:13:03 PM org.restlet.security.Authenticator authenticated
FINE: The authentication succeeded for the identifer "test_vcnt0" using the HTTP_Basic scheme.
Jul 13, 2018 5:13:03 PM org.restlet.routing.TemplateRoute score
FINER: Call score for the "/objects/login" URI pattern: 0.0
Jul 13, 2018 5:13:03 PM org.restlet.routing.TemplateRoute score
FINER: Call score for the "/objects/logout" URI pattern: 0.0
Jul 13, 2018 5:13:03 PM org.restlet.routing.TemplateRoute score
FINER: Call score for the "/objects/{oid}/properties" URI pattern: 0.0
Jul 13, 2018 5:13:03 PM org.restlet.routing.TemplateRoute score
FINER: Call score for the "/objects/{oid}/properties/{pid}" URI pattern: 0.0
Jul 13, 2018 5:13:03 PM org.restlet.routing.TemplateRoute score
FINER: Call score for the "/objects/{oid}/actions" URI pattern: 0.0
Jul 13, 2018 5:13:03 PM org.restlet.routing.TemplateRoute score
FINER: Call score for the "/objects/{oid}/actions/{aid}" URI pattern: 0.0
Jul 13, 2018 5:13:03 PM org.restlet.routing.TemplateRoute score
FINER: Call score for the "/objects/{oid}/actions/{aid}/tasks/{tid}" URI pattern: 1.0
Jul 13, 2018 5:13:03 PM org.restlet.routing.Router logRoute
FINE: Selected route: "/objects/{oid}/actions/{aid}/tasks/{tid}" -> Finder for ObjectsOidActionsAidTasksTid
Jul 13, 2018 5:13:03 PM org.restlet.routing.TemplateRoute beforeHandle
FINER: 83 characters were matched
Jul 13, 2018 5:13:03 PM org.restlet.routing.TemplateRoute beforeHandle
FINE: New base URI: "http://localhost:8181/api/objects/org1dev1/actions/device-1-aid-1/tasks/d4d0ae7d-275f-40d0-a4d9-704535166ae7". No remaining part to match
Jul 13, 2018 5:13:03 PM org.restlet.routing.TemplateRoute beforeHandle
FINER: Delegating the call to the target Restlet
Jul 13, 2018 5:13:03 PM org.restlet.engine.application.StrictConneg scoreAnnotation
FINE: Score of annotation "MethodAnnotationInfo [javaMethod: public org.restlet.representation.Representation eu.bavenir.ogwapi.restapi.services.ObjectsOidActionsAidTasksTid.represent(), javaClass: class eu.bavenir.ogwapi.restapi.services.ObjectsOidActionsAidTasksTid, restletMethod: GET, input: null, value: null, output: null, query: null]"= 0.5
Jul 13, 2018 5:13:03 PM org.restlet.engine.application.StrictConneg scoreVariant
FINE: Total score of variant "[*/*]"= 0.041791666
Jul 13, 2018 5:13:03 PM eu.bavenir.ogwapi.commons.ConnectionDescriptor processIncommingMessage
FINEST: New message from org1dev1: {"messageType":2,"requestId":442695621,"responseCode":0,"responseCodeReason":null,"responseBody":"{\"error\":false,\"message\":[{\"taskStatus\":\"running\"},{\"returnValue\":null}]}"}
Jul 13, 2018 5:13:03 PM eu.bavenir.ogwapi.commons.ConnectionDescriptor processIncommingMessage
FINEST: This message is a response. Adding to incoming queue - message count: 0
Jul 13, 2018 5:13:03 PM org.restlet.service.ConverterService toRepresentation
FINE: Converter selected for JsonRepresentation: DefaultConverter
Jul 13, 2018 5:56:42 PM eu.bavenir.ogwapi.restapi.security.AuthenticationVerifier verify
FINE: Valid credentials received from a client with IP 127.0.0.1.
Jul 13, 2018 5:56:42 PM org.restlet.security.ChallengeAuthenticator authenticate
FINE: Authentication succeeded. Valid credentials provided for identifier: test_vcnt0.
Jul 13, 2018 5:56:42 PM org.restlet.security.Authenticator authenticated
FINE: The authentication succeeded for the identifer "test_vcnt0" using the HTTP_Basic scheme.
Jul 13, 2018 5:56:42 PM org.restlet.routing.TemplateRoute score
FINER: Call score for the "/objects/login" URI pattern: 1.0
Jul 13, 2018 5:56:42 PM org.restlet.routing.Router logRoute
FINE: Selected route: "/objects/login" -> Finder for ObjectsLogin
Jul 13, 2018 5:56:42 PM org.restlet.routing.TemplateRoute beforeHandle
FINER: 14 characters were matched
Jul 13, 2018 5:56:42 PM org.restlet.routing.TemplateRoute beforeHandle
FINE: New base URI: "http://localhost:8181/api/objects/login". No remaining part to match
Jul 13, 2018 5:56:42 PM org.restlet.routing.TemplateRoute beforeHandle
FINER: Delegating the call to the target Restlet
Jul 13, 2018 5:56:42 PM org.restlet.engine.application.StrictConneg scoreAnnotation
FINE: Score of annotation "MethodAnnotationInfo [javaMethod: public org.restlet.representation.Representation eu.bavenir.ogwapi.restapi.services.ObjectsLogin.represent(), javaClass: class eu.bavenir.ogwapi.restapi.services.ObjectsLogin, restletMethod: GET, input: null, value: null, output: null, query: null]"= 0.5
Jul 13, 2018 5:56:42 PM org.restlet.engine.application.StrictConneg scoreVariant
FINE: Total score of variant "[*/*]"= 0.041791666
Jul 13, 2018 5:56:42 PM org.restlet.service.ConverterService toRepresentation
FINE: Converter selected for JsonRepresentation: DefaultConverter
Jul 13, 2018 5:56:47 PM eu.bavenir.ogwapi.restapi.security.AuthenticationVerifier verify
FINE: Valid credentials received from a client with IP 127.0.0.1.
Jul 13, 2018 5:56:47 PM org.restlet.security.ChallengeAuthenticator authenticate
FINE: Authentication succeeded. Valid credentials provided for identifier: test_vcnt0.
Jul 13, 2018 5:56:47 PM org.restlet.security.Authenticator authenticated
FINE: The authentication succeeded for the identifer "test_vcnt0" using the HTTP_Basic scheme.
Jul 13, 2018 5:56:47 PM org.restlet.routing.TemplateRoute score
FINER: Call score for the "/objects/login" URI pattern: 0.0
Jul 13, 2018 5:56:47 PM org.restlet.routing.TemplateRoute score
FINER: Call score for the "/objects/logout" URI pattern: 0.0
Jul 13, 2018 5:56:47 PM org.restlet.routing.TemplateRoute score
FINER: Call score for the "/objects/{oid}/properties" URI pattern: 0.0
Jul 13, 2018 5:56:47 PM org.restlet.routing.TemplateRoute score
FINER: Call score for the "/objects/{oid}/properties/{pid}" URI pattern: 0.0
Jul 13, 2018 5:56:47 PM org.restlet.routing.TemplateRoute score
FINER: Call score for the "/objects/{oid}/actions" URI pattern: 0.0
Jul 13, 2018 5:56:47 PM org.restlet.routing.TemplateRoute score
FINER: Call score for the "/objects/{oid}/actions/{aid}" URI pattern: 1.0
Jul 13, 2018 5:56:47 PM org.restlet.routing.Router logRoute
FINE: Selected route: "/objects/{oid}/actions/{aid}" -> Finder for ObjectsOidActionsAid
Jul 13, 2018 5:56:47 PM org.restlet.routing.TemplateRoute beforeHandle
FINER: 40 characters were matched
Jul 13, 2018 5:56:47 PM org.restlet.routing.TemplateRoute beforeHandle
FINE: New base URI: "http://localhost:8181/api/objects/org1dev1/actions/device-1-aid-1". No remaining part to match
Jul 13, 2018 5:56:47 PM org.restlet.routing.TemplateRoute beforeHandle
FINER: Delegating the call to the target Restlet
Jul 13, 2018 5:56:47 PM org.restlet.engine.application.StrictConneg scoreAnnotation
FINE: Score of annotation "MethodAnnotationInfo [javaMethod: public org.restlet.representation.Representation eu.bavenir.ogwapi.restapi.services.ObjectsOidActionsAid.accept(org.restlet.representation.Representation), javaClass: class eu.bavenir.ogwapi.restapi.services.ObjectsOidActionsAid, restletMethod: POST, input: json, value: json, output: json, query: null]"= 0.5
Jul 13, 2018 5:56:47 PM org.restlet.engine.application.StrictConneg scoreVariant
FINE: Total score of variant "[application/json]"= 0.08383334
Jul 13, 2018 5:56:47 PM org.restlet.service.ConverterService toObject
FINE: The following converter was selected for the [application/json] representation: org.restlet.engine.converter.DefaultConverter@3aadf5a8
Jul 13, 2018 5:56:47 PM eu.bavenir.ogwapi.commons.ConnectionDescriptor processIncommingMessage
FINEST: New message from org1dev1: {"messageType":2,"requestId":712222375,"responseCode":0,"responseCodeReason":null,"responseBody":"{\"error\":false,\"message\":[{\"startAction\":\"success\"},{\"taskID\":\"28f6c6dd-3a73-433e-b0d9-76140d53f61f\"}]}"}
Jul 13, 2018 5:56:47 PM eu.bavenir.ogwapi.commons.ConnectionDescriptor processIncommingMessage
FINEST: This message is a response. Adding to incoming queue - message count: 0
Jul 13, 2018 5:56:47 PM org.restlet.service.ConverterService toRepresentation
FINE: Converter selected for JsonRepresentation: DefaultConverter
Jul 13, 2018 5:57:01 PM eu.bavenir.ogwapi.restapi.security.AuthenticationVerifier verify
FINE: Valid credentials received from a client with IP 127.0.0.1.
Jul 13, 2018 5:57:01 PM org.restlet.security.ChallengeAuthenticator authenticate
FINE: Authentication succeeded. Valid credentials provided for identifier: test_vcnt0.
Jul 13, 2018 5:57:01 PM org.restlet.security.Authenticator authenticated
FINE: The authentication succeeded for the identifer "test_vcnt0" using the HTTP_Basic scheme.
Jul 13, 2018 5:57:01 PM org.restlet.routing.TemplateRoute score
FINER: Call score for the "/objects/login" URI pattern: 0.0
Jul 13, 2018 5:57:01 PM org.restlet.routing.TemplateRoute score
FINER: Call score for the "/objects/logout" URI pattern: 0.0
Jul 13, 2018 5:57:01 PM org.restlet.routing.TemplateRoute score
FINER: Call score for the "/objects/{oid}/properties" URI pattern: 0.0
Jul 13, 2018 5:57:01 PM org.restlet.routing.TemplateRoute score
FINER: Call score for the "/objects/{oid}/properties/{pid}" URI pattern: 0.0
Jul 13, 2018 5:57:01 PM org.restlet.routing.TemplateRoute score
FINER: Call score for the "/objects/{oid}/actions" URI pattern: 0.0
Jul 13, 2018 5:57:01 PM org.restlet.routing.TemplateRoute score
FINER: Call score for the "/objects/{oid}/actions/{aid}" URI pattern: 1.0
Jul 13, 2018 5:57:01 PM org.restlet.routing.Router logRoute
FINE: Selected route: "/objects/{oid}/actions/{aid}" -> Finder for ObjectsOidActionsAid
Jul 13, 2018 5:57:01 PM org.restlet.routing.TemplateRoute beforeHandle
FINER: 40 characters were matched
Jul 13, 2018 5:57:01 PM org.restlet.routing.TemplateRoute beforeHandle
FINE: New base URI: "http://localhost:8181/api/objects/org1dev1/actions/device-1-aid-1". No remaining part to match
Jul 13, 2018 5:57:01 PM org.restlet.routing.TemplateRoute beforeHandle
FINER: Delegating the call to the target Restlet
Jul 13, 2018 5:57:01 PM org.restlet.engine.application.StrictConneg scoreAnnotation
FINE: Score of annotation "MethodAnnotationInfo [javaMethod: public org.restlet.representation.Representation eu.bavenir.ogwapi.restapi.services.ObjectsOidActionsAid.accept(org.restlet.representation.Representation), javaClass: class eu.bavenir.ogwapi.restapi.services.ObjectsOidActionsAid, restletMethod: POST, input: json, value: json, output: json, query: null]"= 0.5
Jul 13, 2018 5:57:01 PM org.restlet.engine.application.StrictConneg scoreVariant
FINE: Total score of variant "[application/json]"= 0.08383334
Jul 13, 2018 5:57:01 PM org.restlet.service.ConverterService toObject
FINE: The following converter was selected for the [application/json] representation: org.restlet.engine.converter.DefaultConverter@3aadf5a8
Jul 13, 2018 5:57:01 PM eu.bavenir.ogwapi.commons.ConnectionDescriptor processIncommingMessage
FINEST: New message from org1dev1: {"messageType":2,"requestId":1475305799,"responseCode":0,"responseCodeReason":null,"responseBody":"{\"error\":false,\"message\":[{\"startAction\":\"success\"},{\"taskID\":\"875c034a-fa6d-4542-a6f7-34256432e2a0\"}]}"}
Jul 13, 2018 5:57:01 PM eu.bavenir.ogwapi.commons.ConnectionDescriptor processIncommingMessage
FINEST: This message is a response. Adding to incoming queue - message count: 0
Jul 13, 2018 5:57:01 PM org.restlet.service.ConverterService toRepresentation
FINE: Converter selected for JsonRepresentation: DefaultConverter
Jul 13, 2018 5:57:09 PM eu.bavenir.ogwapi.restapi.security.AuthenticationVerifier verify
FINE: Valid credentials received from a client with IP 127.0.0.1.
Jul 13, 2018 5:57:09 PM org.restlet.security.ChallengeAuthenticator authenticate
FINE: Authentication succeeded. Valid credentials provided for identifier: test_vcnt0.
Jul 13, 2018 5:57:09 PM org.restlet.security.Authenticator authenticated
FINE: The authentication succeeded for the identifer "test_vcnt0" using the HTTP_Basic scheme.
Jul 13, 2018 5:57:09 PM org.restlet.routing.TemplateRoute score
FINER: Call score for the "/objects/login" URI pattern: 0.0
Jul 13, 2018 5:57:09 PM org.restlet.routing.TemplateRoute score
FINER: Call score for the "/objects/logout" URI pattern: 0.0
Jul 13, 2018 5:57:09 PM org.restlet.routing.TemplateRoute score
FINER: Call score for the "/objects/{oid}/properties" URI pattern: 0.0
Jul 13, 2018 5:57:09 PM org.restlet.routing.TemplateRoute score
FINER: Call score for the "/objects/{oid}/properties/{pid}" URI pattern: 0.0
Jul 13, 2018 5:57:09 PM org.restlet.routing.TemplateRoute score
FINER: Call score for the "/objects/{oid}/actions" URI pattern: 0.0
Jul 13, 2018 5:57:09 PM org.restlet.routing.TemplateRoute score
FINER: Call score for the "/objects/{oid}/actions/{aid}" URI pattern: 1.0
Jul 13, 2018 5:57:09 PM org.restlet.routing.Router logRoute
FINE: Selected route: "/objects/{oid}/actions/{aid}" -> Finder for ObjectsOidActionsAid
Jul 13, 2018 5:57:09 PM org.restlet.routing.TemplateRoute beforeHandle
FINER: 40 characters were matched
Jul 13, 2018 5:57:09 PM org.restlet.routing.TemplateRoute beforeHandle
FINE: New base URI: "http://localhost:8181/api/objects/org1dev1/actions/device-1-aid-1". No remaining part to match
Jul 13, 2018 5:57:09 PM org.restlet.routing.TemplateRoute beforeHandle
FINER: Delegating the call to the target Restlet
Jul 13, 2018 5:57:09 PM org.restlet.engine.application.StrictConneg scoreAnnotation
FINE: Score of annotation "MethodAnnotationInfo [javaMethod: public org.restlet.representation.Representation eu.bavenir.ogwapi.restapi.services.ObjectsOidActionsAid.accept(org.restlet.representation.Representation), javaClass: class eu.bavenir.ogwapi.restapi.services.ObjectsOidActionsAid, restletMethod: POST, input: json, value: json, output: json, query: null]"= 0.5
Jul 13, 2018 5:57:09 PM org.restlet.engine.application.StrictConneg scoreVariant
FINE: Total score of variant "[application/json]"= 0.08383334
Jul 13, 2018 5:57:09 PM org.restlet.service.ConverterService toObject
FINE: The following converter was selected for the [application/json] representation: org.restlet.engine.converter.DefaultConverter@3aadf5a8
Jul 13, 2018 5:57:10 PM eu.bavenir.ogwapi.commons.ConnectionDescriptor processIncommingMessage
FINEST: New message from org1dev1: {"messageType":2,"requestId":732196496,"responseCode":0,"responseCodeReason":null,"responseBody":"{\"error\":false,\"message\":[{\"startAction\":\"success\"},{\"taskID\":\"ffd98afd-92f9-4e51-9349-68d4da915807\"}]}"}
Jul 13, 2018 5:57:10 PM eu.bavenir.ogwapi.commons.ConnectionDescriptor processIncommingMessage
FINEST: This message is a response. Adding to incoming queue - message count: 0
Jul 13, 2018 5:57:10 PM org.restlet.service.ConverterService toRepresentation
FINE: Converter selected for JsonRepresentation: DefaultConverter
Jul 13, 2018 5:57:57 PM eu.bavenir.ogwapi.restapi.security.AuthenticationVerifier verify
FINE: Valid credentials received from a client with IP 127.0.0.1.
Jul 13, 2018 5:57:57 PM org.restlet.security.ChallengeAuthenticator authenticate
FINE: Authentication succeeded. Valid credentials provided for identifier: test_vcnt0.
Jul 13, 2018 5:57:57 PM org.restlet.security.Authenticator authenticated
FINE: The authentication succeeded for the identifer "test_vcnt0" using the HTTP_Basic scheme.
Jul 13, 2018 5:57:57 PM org.restlet.routing.TemplateRoute score
FINER: Call score for the "/objects/login" URI pattern: 0.0
Jul 13, 2018 5:57:57 PM org.restlet.routing.TemplateRoute score
FINER: Call score for the "/objects/logout" URI pattern: 0.0
Jul 13, 2018 5:57:57 PM org.restlet.routing.TemplateRoute score
FINER: Call score for the "/objects/{oid}/properties" URI pattern: 0.0
Jul 13, 2018 5:57:57 PM org.restlet.routing.TemplateRoute score
FINER: Call score for the "/objects/{oid}/properties/{pid}" URI pattern: 0.0
Jul 13, 2018 5:57:57 PM org.restlet.routing.TemplateRoute score
FINER: Call score for the "/objects/{oid}/actions" URI pattern: 0.0
Jul 13, 2018 5:57:57 PM org.restlet.routing.TemplateRoute score
FINER: Call score for the "/objects/{oid}/actions/{aid}" URI pattern: 0.0
Jul 13, 2018 5:57:57 PM org.restlet.routing.TemplateRoute score
FINER: Call score for the "/objects/{oid}/actions/{aid}/tasks/{tid}" URI pattern: 1.0
Jul 13, 2018 5:57:57 PM org.restlet.routing.Router logRoute
FINE: Selected route: "/objects/{oid}/actions/{aid}/tasks/{tid}" -> Finder for ObjectsOidActionsAidTasksTid
Jul 13, 2018 5:57:57 PM org.restlet.routing.TemplateRoute beforeHandle
FINER: 83 characters were matched
Jul 13, 2018 5:57:57 PM org.restlet.routing.TemplateRoute beforeHandle
FINE: New base URI: "http://localhost:8181/api/objects/org1dev1/actions/device-1-aid-1/tasks/28f6c6dd-3a73-433e-b0d9-76140d53f61f". No remaining part to match
Jul 13, 2018 5:57:57 PM org.restlet.routing.TemplateRoute beforeHandle
FINER: Delegating the call to the target Restlet
Jul 13, 2018 5:57:57 PM org.restlet.engine.application.StrictConneg scoreAnnotation
FINE: Score of annotation "MethodAnnotationInfo [javaMethod: public org.restlet.representation.Representation eu.bavenir.ogwapi.restapi.services.ObjectsOidActionsAidTasksTid.represent(), javaClass: class eu.bavenir.ogwapi.restapi.services.ObjectsOidActionsAidTasksTid, restletMethod: GET, input: null, value: null, output: null, query: null]"= 0.5
Jul 13, 2018 5:57:57 PM org.restlet.engine.application.StrictConneg scoreVariant
FINE: Total score of variant "[*/*]"= 0.041791666
Jul 13, 2018 5:57:57 PM eu.bavenir.ogwapi.commons.ConnectionDescriptor processIncommingMessage
FINEST: New message from org1dev1: {"messageType":2,"requestId":1588439944,"responseCode":0,"responseCodeReason":null,"responseBody":"{\"error\":false,\"message\":[{\"taskStatus\":\"running\"},{\"returnValue\":null}]}"}
Jul 13, 2018 5:57:57 PM eu.bavenir.ogwapi.commons.ConnectionDescriptor processIncommingMessage
FINEST: This message is a response. Adding to incoming queue - message count: 0
Jul 13, 2018 5:57:57 PM org.restlet.service.ConverterService toRepresentation
FINE: Converter selected for JsonRepresentation: DefaultConverter
Jul 13, 2018 5:58:06 PM eu.bavenir.ogwapi.restapi.security.AuthenticationVerifier verify
FINE: Valid credentials received from a client with IP 127.0.0.1.
Jul 13, 2018 5:58:06 PM org.restlet.security.ChallengeAuthenticator authenticate
FINE: Authentication succeeded. Valid credentials provided for identifier: test_vcnt0.
Jul 13, 2018 5:58:06 PM org.restlet.security.Authenticator authenticated
FINE: The authentication succeeded for the identifer "test_vcnt0" using the HTTP_Basic scheme.
Jul 13, 2018 5:58:06 PM org.restlet.routing.TemplateRoute score
FINER: Call score for the "/objects/login" URI pattern: 0.0
Jul 13, 2018 5:58:06 PM org.restlet.routing.TemplateRoute score
FINER: Call score for the "/objects/logout" URI pattern: 0.0
Jul 13, 2018 5:58:06 PM org.restlet.routing.TemplateRoute score
FINER: Call score for the "/objects/{oid}/properties" URI pattern: 0.0
Jul 13, 2018 5:58:06 PM org.restlet.routing.TemplateRoute score
FINER: Call score for the "/objects/{oid}/properties/{pid}" URI pattern: 0.0
Jul 13, 2018 5:58:06 PM org.restlet.routing.TemplateRoute score
FINER: Call score for the "/objects/{oid}/actions" URI pattern: 0.0
Jul 13, 2018 5:58:06 PM org.restlet.routing.TemplateRoute score
FINER: Call score for the "/objects/{oid}/actions/{aid}" URI pattern: 0.0
Jul 13, 2018 5:58:06 PM org.restlet.routing.TemplateRoute score
FINER: Call score for the "/objects/{oid}/actions/{aid}/tasks/{tid}" URI pattern: 1.0
Jul 13, 2018 5:58:06 PM org.restlet.routing.Router logRoute
FINE: Selected route: "/objects/{oid}/actions/{aid}/tasks/{tid}" -> Finder for ObjectsOidActionsAidTasksTid
Jul 13, 2018 5:58:06 PM org.restlet.routing.TemplateRoute beforeHandle
FINER: 83 characters were matched
Jul 13, 2018 5:58:06 PM org.restlet.routing.TemplateRoute beforeHandle
FINE: New base URI: "http://localhost:8181/api/objects/org1dev1/actions/device-1-aid-1/tasks/875c034a-fa6d-4542-a6f7-34256432e2a0". No remaining part to match
Jul 13, 2018 5:58:06 PM org.restlet.routing.TemplateRoute beforeHandle
FINER: Delegating the call to the target Restlet
Jul 13, 2018 5:58:06 PM org.restlet.engine.application.StrictConneg scoreAnnotation
FINE: Score of annotation "MethodAnnotationInfo [javaMethod: public org.restlet.representation.Representation eu.bavenir.ogwapi.restapi.services.ObjectsOidActionsAidTasksTid.represent(), javaClass: class eu.bavenir.ogwapi.restapi.services.ObjectsOidActionsAidTasksTid, restletMethod: GET, input: null, value: null, output: null, query: null]"= 0.5
Jul 13, 2018 5:58:06 PM org.restlet.engine.application.StrictConneg scoreVariant
FINE: Total score of variant "[*/*]"= 0.041791666
Jul 13, 2018 5:58:07 PM eu.bavenir.ogwapi.commons.ConnectionDescriptor processIncommingMessage
FINEST: New message from org1dev1: {"messageType":2,"requestId":1366311662,"responseCode":0,"responseCodeReason":null,"responseBody":"{\"error\":false,\"message\":[{\"taskStatus\":\"pending\"},{\"returnValue\":null}]}"}
Jul 13, 2018 5:58:07 PM eu.bavenir.ogwapi.commons.ConnectionDescriptor processIncommingMessage
FINEST: This message is a response. Adding to incoming queue - message count: 0
Jul 13, 2018 5:58:07 PM org.restlet.service.ConverterService toRepresentation
FINE: Converter selected for JsonRepresentation: DefaultConverter
Jul 13, 2018 5:58:15 PM eu.bavenir.ogwapi.restapi.security.AuthenticationVerifier verify
FINE: Valid credentials received from a client with IP 127.0.0.1.
Jul 13, 2018 5:58:15 PM org.restlet.security.ChallengeAuthenticator authenticate
FINE: Authentication succeeded. Valid credentials provided for identifier: test_vcnt0.
Jul 13, 2018 5:58:15 PM org.restlet.security.Authenticator authenticated
FINE: The authentication succeeded for the identifer "test_vcnt0" using the HTTP_Basic scheme.
Jul 13, 2018 5:58:15 PM org.restlet.routing.TemplateRoute score
FINER: Call score for the "/objects/login" URI pattern: 0.0
Jul 13, 2018 5:58:15 PM org.restlet.routing.TemplateRoute score
FINER: Call score for the "/objects/logout" URI pattern: 0.0
Jul 13, 2018 5:58:15 PM org.restlet.routing.TemplateRoute score
FINER: Call score for the "/objects/{oid}/properties" URI pattern: 0.0
Jul 13, 2018 5:58:15 PM org.restlet.routing.TemplateRoute score
FINER: Call score for the "/objects/{oid}/properties/{pid}" URI pattern: 0.0
Jul 13, 2018 5:58:15 PM org.restlet.routing.TemplateRoute score
FINER: Call score for the "/objects/{oid}/actions" URI pattern: 0.0
Jul 13, 2018 5:58:15 PM org.restlet.routing.TemplateRoute score
FINER: Call score for the "/objects/{oid}/actions/{aid}" URI pattern: 0.0
Jul 13, 2018 5:58:15 PM org.restlet.routing.TemplateRoute score
FINER: Call score for the "/objects/{oid}/actions/{aid}/tasks/{tid}" URI pattern: 1.0
Jul 13, 2018 5:58:15 PM org.restlet.routing.Router logRoute
FINE: Selected route: "/objects/{oid}/actions/{aid}/tasks/{tid}" -> Finder for ObjectsOidActionsAidTasksTid
Jul 13, 2018 5:58:15 PM org.restlet.routing.TemplateRoute beforeHandle
FINER: 83 characters were matched
Jul 13, 2018 5:58:15 PM org.restlet.routing.TemplateRoute beforeHandle
FINE: New base URI: "http://localhost:8181/api/objects/org1dev1/actions/device-1-aid-1/tasks/ffd98afd-92f9-4e51-9349-68d4da915807". No remaining part to match
Jul 13, 2018 5:58:15 PM org.restlet.routing.TemplateRoute beforeHandle
FINER: Delegating the call to the target Restlet
Jul 13, 2018 5:58:15 PM org.restlet.engine.application.StrictConneg scoreAnnotation
FINE: Score of annotation "MethodAnnotationInfo [javaMethod: public org.restlet.representation.Representation eu.bavenir.ogwapi.restapi.services.ObjectsOidActionsAidTasksTid.represent(), javaClass: class eu.bavenir.ogwapi.restapi.services.ObjectsOidActionsAidTasksTid, restletMethod: GET, input: null, value: null, output: null, query: null]"= 0.5
Jul 13, 2018 5:58:15 PM org.restlet.engine.application.StrictConneg scoreVariant
FINE: Total score of variant "[*/*]"= 0.041791666
Jul 13, 2018 5:58:15 PM eu.bavenir.ogwapi.commons.ConnectionDescriptor processIncommingMessage
FINEST: New message from org1dev1: {"messageType":2,"requestId":579884305,"responseCode":0,"responseCodeReason":null,"responseBody":"{\"error\":false,\"message\":[{\"taskStatus\":\"pending\"},{\"returnValue\":null}]}"}
Jul 13, 2018 5:58:15 PM eu.bavenir.ogwapi.commons.ConnectionDescriptor processIncommingMessage
FINEST: This message is a response. Adding to incoming queue - message count: 0
Jul 13, 2018 5:58:15 PM org.restlet.service.ConverterService toRepresentation
FINE: Converter selected for JsonRepresentation: DefaultConverter
Jul 13, 2018 5:58:56 PM eu.bavenir.ogwapi.restapi.security.AuthenticationVerifier verify
FINE: Valid credentials received from a client with IP 127.0.0.1.
Jul 13, 2018 5:58:56 PM org.restlet.security.ChallengeAuthenticator authenticate
FINE: Authentication succeeded. Valid credentials provided for identifier: test_vcnt0.
Jul 13, 2018 5:58:56 PM org.restlet.security.Authenticator authenticated
FINE: The authentication succeeded for the identifer "test_vcnt0" using the HTTP_Basic scheme.
Jul 13, 2018 5:58:56 PM org.restlet.routing.TemplateRoute score
FINER: Call score for the "/objects/login" URI pattern: 0.0
Jul 13, 2018 5:58:56 PM org.restlet.routing.TemplateRoute score
FINER: Call score for the "/objects/logout" URI pattern: 0.0
Jul 13, 2018 5:58:56 PM org.restlet.routing.TemplateRoute score
FINER: Call score for the "/objects/{oid}/properties" URI pattern: 0.0
Jul 13, 2018 5:58:56 PM org.restlet.routing.TemplateRoute score
FINER: Call score for the "/objects/{oid}/properties/{pid}" URI pattern: 0.0
Jul 13, 2018 5:58:56 PM org.restlet.routing.TemplateRoute score
FINER: Call score for the "/objects/{oid}/actions" URI pattern: 0.0
Jul 13, 2018 5:58:56 PM org.restlet.routing.TemplateRoute score
FINER: Call score for the "/objects/{oid}/actions/{aid}" URI pattern: 0.0
Jul 13, 2018 5:58:56 PM org.restlet.routing.TemplateRoute score
FINER: Call score for the "/objects/{oid}/actions/{aid}/tasks/{tid}" URI pattern: 1.0
Jul 13, 2018 5:58:56 PM org.restlet.routing.Router logRoute
FINE: Selected route: "/objects/{oid}/actions/{aid}/tasks/{tid}" -> Finder for ObjectsOidActionsAidTasksTid
Jul 13, 2018 5:58:56 PM org.restlet.routing.TemplateRoute beforeHandle
FINER: 83 characters were matched
Jul 13, 2018 5:58:56 PM org.restlet.routing.TemplateRoute beforeHandle
FINE: New base URI: "http://localhost:8181/api/objects/org1dev1/actions/device-1-aid-1/tasks/28f6c6dd-3a73-433e-b0d9-76140d53f61f". No remaining part to match
Jul 13, 2018 5:58:56 PM org.restlet.routing.TemplateRoute beforeHandle
FINER: Delegating the call to the target Restlet
Jul 13, 2018 5:58:56 PM org.restlet.engine.application.StrictConneg scoreAnnotation
FINE: Score of annotation "MethodAnnotationInfo [javaMethod: public org.restlet.representation.Representation eu.bavenir.ogwapi.restapi.services.ObjectsOidActionsAidTasksTid.represent(), javaClass: class eu.bavenir.ogwapi.restapi.services.ObjectsOidActionsAidTasksTid, restletMethod: GET, input: null, value: null, output: null, query: null]"= 0.5
Jul 13, 2018 5:58:56 PM org.restlet.engine.application.StrictConneg scoreVariant
FINE: Total score of variant "[*/*]"= 0.041791666
Jul 13, 2018 5:58:56 PM eu.bavenir.ogwapi.commons.ConnectionDescriptor processIncommingMessage
FINEST: New message from org1dev1: {"messageType":2,"requestId":860320535,"responseCode":0,"responseCodeReason":null,"responseBody":"{\"error\":false,\"message\":[{\"taskStatus\":\"failed\"},{\"returnValue\":\"{\\n\\t\\\"value\\\": \\\"uncomputable\\\"\\n}\"}]}"}
Jul 13, 2018 5:58:56 PM eu.bavenir.ogwapi.commons.ConnectionDescriptor processIncommingMessage
FINEST: This message is a response. Adding to incoming queue - message count: 0
Jul 13, 2018 5:58:56 PM org.restlet.service.ConverterService toRepresentation
FINE: Converter selected for JsonRepresentation: DefaultConverter
Jul 13, 2018 5:59:07 PM eu.bavenir.ogwapi.restapi.security.AuthenticationVerifier verify
FINE: Valid credentials received from a client with IP 127.0.0.1.
Jul 13, 2018 5:59:07 PM org.restlet.security.ChallengeAuthenticator authenticate
FINE: Authentication succeeded. Valid credentials provided for identifier: test_vcnt0.
Jul 13, 2018 5:59:07 PM org.restlet.security.Authenticator authenticated
FINE: The authentication succeeded for the identifer "test_vcnt0" using the HTTP_Basic scheme.
Jul 13, 2018 5:59:07 PM org.restlet.routing.TemplateRoute score
FINER: Call score for the "/objects/login" URI pattern: 0.0
Jul 13, 2018 5:59:07 PM org.restlet.routing.TemplateRoute score
FINER: Call score for the "/objects/logout" URI pattern: 0.0
Jul 13, 2018 5:59:07 PM org.restlet.routing.TemplateRoute score
FINER: Call score for the "/objects/{oid}/properties" URI pattern: 0.0
Jul 13, 2018 5:59:07 PM org.restlet.routing.TemplateRoute score
FINER: Call score for the "/objects/{oid}/properties/{pid}" URI pattern: 0.0
Jul 13, 2018 5:59:07 PM org.restlet.routing.TemplateRoute score
FINER: Call score for the "/objects/{oid}/actions" URI pattern: 0.0
Jul 13, 2018 5:59:07 PM org.restlet.routing.TemplateRoute score
FINER: Call score for the "/objects/{oid}/actions/{aid}" URI pattern: 0.0
Jul 13, 2018 5:59:07 PM org.restlet.routing.TemplateRoute score
FINER: Call score for the "/objects/{oid}/actions/{aid}/tasks/{tid}" URI pattern: 1.0
Jul 13, 2018 5:59:07 PM org.restlet.routing.Router logRoute
FINE: Selected route: "/objects/{oid}/actions/{aid}/tasks/{tid}" -> Finder for ObjectsOidActionsAidTasksTid
Jul 13, 2018 5:59:07 PM org.restlet.routing.TemplateRoute beforeHandle
FINER: 83 characters were matched
Jul 13, 2018 5:59:07 PM org.restlet.routing.TemplateRoute beforeHandle
FINE: New base URI: "http://localhost:8181/api/objects/org1dev1/actions/device-1-aid-1/tasks/28f6c6dd-3a73-433e-b0d9-76140d53f61f". No remaining part to match
Jul 13, 2018 5:59:07 PM org.restlet.routing.TemplateRoute beforeHandle
FINER: Delegating the call to the target Restlet
Jul 13, 2018 5:59:07 PM org.restlet.engine.application.StrictConneg scoreAnnotation
FINE: Score of annotation "MethodAnnotationInfo [javaMethod: public org.restlet.representation.Representation eu.bavenir.ogwapi.restapi.services.ObjectsOidActionsAidTasksTid.remove(), javaClass: class eu.bavenir.ogwapi.restapi.services.ObjectsOidActionsAidTasksTid, restletMethod: DELETE, input: null, value: null, output: null, query: null]"= 0.5
Jul 13, 2018 5:59:07 PM org.restlet.engine.application.StrictConneg scoreVariant
FINE: Total score of variant "[*/*]"= 0.041791666
Jul 13, 2018 5:59:07 PM eu.bavenir.ogwapi.commons.ConnectionDescriptor processIncommingMessage
FINEST: New message from org1dev1: {"messageType":2,"requestId":45606048,"responseCode":0,"responseCodeReason":null,"responseBody":"{\"error\":false,\"message\":[{\"stopTask\":\"Cannot find task 28f6c6dd-3a73-433e-b0d9-76140d53f61f. Its status is unknown.\"}]}"}
Jul 13, 2018 5:59:07 PM eu.bavenir.ogwapi.commons.ConnectionDescriptor processIncommingMessage
FINEST: This message is a response. Adding to incoming queue - message count: 0
Jul 13, 2018 5:59:07 PM org.restlet.service.ConverterService toRepresentation
FINE: Converter selected for JsonRepresentation: DefaultConverter
Jul 13, 2018 5:59:30 PM eu.bavenir.ogwapi.restapi.security.AuthenticationVerifier verify
FINE: Valid credentials received from a client with IP 127.0.0.1.
Jul 13, 2018 5:59:30 PM org.restlet.security.ChallengeAuthenticator authenticate
FINE: Authentication succeeded. Valid credentials provided for identifier: test_vcnt0.
Jul 13, 2018 5:59:30 PM org.restlet.security.Authenticator authenticated
FINE: The authentication succeeded for the identifer "test_vcnt0" using the HTTP_Basic scheme.
Jul 13, 2018 5:59:30 PM org.restlet.routing.TemplateRoute score
FINER: Call score for the "/objects/login" URI pattern: 0.0
Jul 13, 2018 5:59:30 PM org.restlet.routing.TemplateRoute score
FINER: Call score for the "/objects/logout" URI pattern: 0.0
Jul 13, 2018 5:59:30 PM org.restlet.routing.TemplateRoute score
FINER: Call score for the "/objects/{oid}/properties" URI pattern: 0.0
Jul 13, 2018 5:59:30 PM org.restlet.routing.TemplateRoute score
FINER: Call score for the "/objects/{oid}/properties/{pid}" URI pattern: 0.0
Jul 13, 2018 5:59:30 PM org.restlet.routing.TemplateRoute score
FINER: Call score for the "/objects/{oid}/actions" URI pattern: 0.0
Jul 13, 2018 5:59:30 PM org.restlet.routing.TemplateRoute score
FINER: Call score for the "/objects/{oid}/actions/{aid}" URI pattern: 0.0
Jul 13, 2018 5:59:30 PM org.restlet.routing.TemplateRoute score
FINER: Call score for the "/objects/{oid}/actions/{aid}/tasks/{tid}" URI pattern: 1.0
Jul 13, 2018 5:59:30 PM org.restlet.routing.Router logRoute
FINE: Selected route: "/objects/{oid}/actions/{aid}/tasks/{tid}" -> Finder for ObjectsOidActionsAidTasksTid
Jul 13, 2018 5:59:30 PM org.restlet.routing.TemplateRoute beforeHandle
FINER: 83 characters were matched
Jul 13, 2018 5:59:30 PM org.restlet.routing.TemplateRoute beforeHandle
FINE: New base URI: "http://localhost:8181/api/objects/org1dev1/actions/device-1-aid-1/tasks/875c034a-fa6d-4542-a6f7-34256432e2a0". No remaining part to match
Jul 13, 2018 5:59:30 PM org.restlet.routing.TemplateRoute beforeHandle
FINER: Delegating the call to the target Restlet
Jul 13, 2018 5:59:30 PM org.restlet.engine.application.StrictConneg scoreAnnotation
FINE: Score of annotation "MethodAnnotationInfo [javaMethod: public org.restlet.representation.Representation eu.bavenir.ogwapi.restapi.services.ObjectsOidActionsAidTasksTid.remove(), javaClass: class eu.bavenir.ogwapi.restapi.services.ObjectsOidActionsAidTasksTid, restletMethod: DELETE, input: null, value: null, output: null, query: null]"= 0.5
Jul 13, 2018 5:59:30 PM org.restlet.engine.application.StrictConneg scoreVariant
FINE: Total score of variant "[*/*]"= 0.041791666
Jul 13, 2018 5:59:31 PM eu.bavenir.ogwapi.commons.ConnectionDescriptor processIncommingMessage
FINEST: New message from org1dev1: {"messageType":2,"requestId":1400273245,"responseCode":0,"responseCodeReason":null,"responseBody":"{\"error\":false,\"message\":[{\"stopTask\":\"Task 875c034a-fa6d-4542-a6f7-34256432e2a0 of action device-1-aid-1 cancelation result: 200 OK\"}]}"}
Jul 13, 2018 5:59:31 PM eu.bavenir.ogwapi.commons.ConnectionDescriptor processIncommingMessage
FINEST: This message is a response. Adding to incoming queue - message count: 0
Jul 13, 2018 5:59:31 PM org.restlet.service.ConverterService toRepresentation
FINE: Converter selected for JsonRepresentation: DefaultConverter
Jul 13, 2018 6:00:01 PM eu.bavenir.ogwapi.restapi.security.AuthenticationVerifier verify
FINE: Valid credentials received from a client with IP 127.0.0.1.
Jul 13, 2018 6:00:01 PM org.restlet.security.ChallengeAuthenticator authenticate
FINE: Authentication succeeded. Valid credentials provided for identifier: test_vcnt0.
Jul 13, 2018 6:00:01 PM org.restlet.security.Authenticator authenticated
FINE: The authentication succeeded for the identifer "test_vcnt0" using the HTTP_Basic scheme.
Jul 13, 2018 6:00:01 PM org.restlet.routing.TemplateRoute score
FINER: Call score for the "/objects/login" URI pattern: 0.0
Jul 13, 2018 6:00:01 PM org.restlet.routing.TemplateRoute score
FINER: Call score for the "/objects/logout" URI pattern: 0.0
Jul 13, 2018 6:00:01 PM org.restlet.routing.TemplateRoute score
FINER: Call score for the "/objects/{oid}/properties" URI pattern: 0.0
Jul 13, 2018 6:00:01 PM org.restlet.routing.TemplateRoute score
FINER: Call score for the "/objects/{oid}/properties/{pid}" URI pattern: 0.0
Jul 13, 2018 6:00:01 PM org.restlet.routing.TemplateRoute score
FINER: Call score for the "/objects/{oid}/actions" URI pattern: 0.0
Jul 13, 2018 6:00:01 PM org.restlet.routing.TemplateRoute score
FINER: Call score for the "/objects/{oid}/actions/{aid}" URI pattern: 0.0
Jul 13, 2018 6:00:01 PM org.restlet.routing.TemplateRoute score
FINER: Call score for the "/objects/{oid}/actions/{aid}/tasks/{tid}" URI pattern: 1.0
Jul 13, 2018 6:00:01 PM org.restlet.routing.Router logRoute
FINE: Selected route: "/objects/{oid}/actions/{aid}/tasks/{tid}" -> Finder for ObjectsOidActionsAidTasksTid
Jul 13, 2018 6:00:01 PM org.restlet.routing.TemplateRoute beforeHandle
FINER: 83 characters were matched
Jul 13, 2018 6:00:01 PM org.restlet.routing.TemplateRoute beforeHandle
FINE: New base URI: "http://localhost:8181/api/objects/org1dev1/actions/device-1-aid-1/tasks/ffd98afd-92f9-4e51-9349-68d4da915807". No remaining part to match
Jul 13, 2018 6:00:01 PM org.restlet.routing.TemplateRoute beforeHandle
FINER: Delegating the call to the target Restlet
Jul 13, 2018 6:00:01 PM org.restlet.engine.application.StrictConneg scoreAnnotation
FINE: Score of annotation "MethodAnnotationInfo [javaMethod: public org.restlet.representation.Representation eu.bavenir.ogwapi.restapi.services.ObjectsOidActionsAidTasksTid.represent(), javaClass: class eu.bavenir.ogwapi.restapi.services.ObjectsOidActionsAidTasksTid, restletMethod: GET, input: null, value: null, output: null, query: null]"= 0.5
Jul 13, 2018 6:00:01 PM org.restlet.engine.application.StrictConneg scoreVariant
FINE: Total score of variant "[*/*]"= 0.041791666
Jul 13, 2018 6:00:01 PM eu.bavenir.ogwapi.commons.ConnectionDescriptor processIncommingMessage
FINEST: New message from org1dev1: {"messageType":2,"requestId":1561608516,"responseCode":0,"responseCodeReason":null,"responseBody":"{\"error\":false,\"message\":[{\"taskStatus\":\"running\"},{\"returnValue\":null}]}"}
Jul 13, 2018 6:00:01 PM eu.bavenir.ogwapi.commons.ConnectionDescriptor processIncommingMessage
FINEST: This message is a response. Adding to incoming queue - message count: 0
Jul 13, 2018 6:00:01 PM org.restlet.service.ConverterService toRepresentation
FINE: Converter selected for JsonRepresentation: DefaultConverter
Jul 13, 2018 6:00:12 PM eu.bavenir.ogwapi.restapi.security.AuthenticationVerifier verify
FINE: Valid credentials received from a client with IP 127.0.0.1.
Jul 13, 2018 6:00:12 PM org.restlet.security.ChallengeAuthenticator authenticate
FINE: Authentication succeeded. Valid credentials provided for identifier: test_vcnt0.
Jul 13, 2018 6:00:12 PM org.restlet.security.Authenticator authenticated
FINE: The authentication succeeded for the identifer "test_vcnt0" using the HTTP_Basic scheme.
Jul 13, 2018 6:00:12 PM org.restlet.routing.TemplateRoute score
FINER: Call score for the "/objects/login" URI pattern: 0.0
Jul 13, 2018 6:00:12 PM org.restlet.routing.TemplateRoute score
FINER: Call score for the "/objects/logout" URI pattern: 0.0
Jul 13, 2018 6:00:12 PM org.restlet.routing.TemplateRoute score
FINER: Call score for the "/objects/{oid}/properties" URI pattern: 0.0
Jul 13, 2018 6:00:12 PM org.restlet.routing.TemplateRoute score
FINER: Call score for the "/objects/{oid}/properties/{pid}" URI pattern: 0.0
Jul 13, 2018 6:00:12 PM org.restlet.routing.TemplateRoute score
FINER: Call score for the "/objects/{oid}/actions" URI pattern: 0.0
Jul 13, 2018 6:00:12 PM org.restlet.routing.TemplateRoute score
FINER: Call score for the "/objects/{oid}/actions/{aid}" URI pattern: 0.0
Jul 13, 2018 6:00:12 PM org.restlet.routing.TemplateRoute score
FINER: Call score for the "/objects/{oid}/actions/{aid}/tasks/{tid}" URI pattern: 1.0
Jul 13, 2018 6:00:12 PM org.restlet.routing.Router logRoute
FINE: Selected route: "/objects/{oid}/actions/{aid}/tasks/{tid}" -> Finder for ObjectsOidActionsAidTasksTid
Jul 13, 2018 6:00:12 PM org.restlet.routing.TemplateRoute beforeHandle
FINER: 84 characters were matched
Jul 13, 2018 6:00:12 PM org.restlet.routing.TemplateRoute beforeHandle
FINE: New base URI: "http://localhost:8181/api/objects/org1dev1/actions/device-1-aid-1/tasks/f875c034a-fa6d-4542-a6f7-34256432e2a0". No remaining part to match
Jul 13, 2018 6:00:12 PM org.restlet.routing.TemplateRoute beforeHandle
FINER: Delegating the call to the target Restlet
Jul 13, 2018 6:00:12 PM org.restlet.engine.application.StrictConneg scoreAnnotation
FINE: Score of annotation "MethodAnnotationInfo [javaMethod: public org.restlet.representation.Representation eu.bavenir.ogwapi.restapi.services.ObjectsOidActionsAidTasksTid.represent(), javaClass: class eu.bavenir.ogwapi.restapi.services.ObjectsOidActionsAidTasksTid, restletMethod: GET, input: null, value: null, output: null, query: null]"= 0.5
Jul 13, 2018 6:00:12 PM org.restlet.engine.application.StrictConneg scoreVariant
FINE: Total score of variant "[*/*]"= 0.041791666
Jul 13, 2018 6:00:12 PM eu.bavenir.ogwapi.commons.ConnectionDescriptor processIncommingMessage
FINEST: New message from org1dev1: {"messageType":2,"requestId":1095223593,"responseCode":0,"responseCodeReason":null,"responseBody":"{\"error\":false,\"message\":[{\"taskStatus\":\"Cannot find task f875c034a-fa6d-4542-a6f7-34256432e2a0. Its status is unknown.\"}]}"}
Jul 13, 2018 6:00:12 PM eu.bavenir.ogwapi.commons.ConnectionDescriptor processIncommingMessage
FINEST: This message is a response. Adding to incoming queue - message count: 0
Jul 13, 2018 6:00:12 PM org.restlet.service.ConverterService toRepresentation
FINE: Converter selected for JsonRepresentation: DefaultConverter
Jul 13, 2018 6:00:20 PM eu.bavenir.ogwapi.restapi.security.AuthenticationVerifier verify
FINE: Valid credentials received from a client with IP 127.0.0.1.
Jul 13, 2018 6:00:20 PM org.restlet.security.ChallengeAuthenticator authenticate
FINE: Authentication succeeded. Valid credentials provided for identifier: test_vcnt0.
Jul 13, 2018 6:00:20 PM org.restlet.security.Authenticator authenticated
FINE: The authentication succeeded for the identifer "test_vcnt0" using the HTTP_Basic scheme.
Jul 13, 2018 6:00:20 PM org.restlet.routing.TemplateRoute score
FINER: Call score for the "/objects/login" URI pattern: 0.0
Jul 13, 2018 6:00:20 PM org.restlet.routing.TemplateRoute score
FINER: Call score for the "/objects/logout" URI pattern: 0.0
Jul 13, 2018 6:00:20 PM org.restlet.routing.TemplateRoute score
FINER: Call score for the "/objects/{oid}/properties" URI pattern: 0.0
Jul 13, 2018 6:00:20 PM org.restlet.routing.TemplateRoute score
FINER: Call score for the "/objects/{oid}/properties/{pid}" URI pattern: 0.0
Jul 13, 2018 6:00:20 PM org.restlet.routing.TemplateRoute score
FINER: Call score for the "/objects/{oid}/actions" URI pattern: 0.0
Jul 13, 2018 6:00:20 PM org.restlet.routing.TemplateRoute score
FINER: Call score for the "/objects/{oid}/actions/{aid}" URI pattern: 0.0
Jul 13, 2018 6:00:20 PM org.restlet.routing.TemplateRoute score
FINER: Call score for the "/objects/{oid}/actions/{aid}/tasks/{tid}" URI pattern: 1.0
Jul 13, 2018 6:00:20 PM org.restlet.routing.Router logRoute
FINE: Selected route: "/objects/{oid}/actions/{aid}/tasks/{tid}" -> Finder for ObjectsOidActionsAidTasksTid
Jul 13, 2018 6:00:20 PM org.restlet.routing.TemplateRoute beforeHandle
FINER: 83 characters were matched
Jul 13, 2018 6:00:20 PM org.restlet.routing.TemplateRoute beforeHandle
FINE: New base URI: "http://localhost:8181/api/objects/org1dev1/actions/device-1-aid-1/tasks/875c034a-fa6d-4542-a6f7-34256432e2a0". No remaining part to match
Jul 13, 2018 6:00:20 PM org.restlet.routing.TemplateRoute beforeHandle
FINER: Delegating the call to the target Restlet
Jul 13, 2018 6:00:20 PM org.restlet.engine.application.StrictConneg scoreAnnotation
FINE: Score of annotation "MethodAnnotationInfo [javaMethod: public org.restlet.representation.Representation eu.bavenir.ogwapi.restapi.services.ObjectsOidActionsAidTasksTid.represent(), javaClass: class eu.bavenir.ogwapi.restapi.services.ObjectsOidActionsAidTasksTid, restletMethod: GET, input: null, value: null, output: null, query: null]"= 0.5
Jul 13, 2018 6:00:20 PM org.restlet.engine.application.StrictConneg scoreVariant
FINE: Total score of variant "[*/*]"= 0.041791666
Jul 13, 2018 6:00:20 PM eu.bavenir.ogwapi.commons.ConnectionDescriptor processIncommingMessage
FINEST: New message from org1dev1: {"messageType":2,"requestId":27322783,"responseCode":0,"responseCodeReason":null,"responseBody":"{\"error\":false,\"message\":[{\"taskStatus\":\"finished\"},{\"returnValue\":\"canceled\"}]}"}
Jul 13, 2018 6:00:20 PM eu.bavenir.ogwapi.commons.ConnectionDescriptor processIncommingMessage
FINEST: This message is a response. Adding to incoming queue - message count: 0
Jul 13, 2018 6:00:20 PM org.restlet.service.ConverterService toRepresentation
FINE: Converter selected for JsonRepresentation: DefaultConverter
Jul 13, 2018 6:09:43 PM eu.bavenir.ogwapi.restapi.security.AuthenticationVerifier verify
FINE: Valid credentials received from a client with IP 127.0.0.1.
Jul 13, 2018 6:09:43 PM org.restlet.security.ChallengeAuthenticator authenticate
FINE: Authentication succeeded. Valid credentials provided for identifier: test_vcnt0.
Jul 13, 2018 6:09:43 PM org.restlet.security.Authenticator authenticated
FINE: The authentication succeeded for the identifer "test_vcnt0" using the HTTP_Basic scheme.
Jul 13, 2018 6:09:43 PM org.restlet.routing.TemplateRoute score
FINER: Call score for the "/objects/login" URI pattern: 0.0
Jul 13, 2018 6:09:43 PM org.restlet.routing.TemplateRoute score
FINER: Call score for the "/objects/logout" URI pattern: 1.0
Jul 13, 2018 6:09:43 PM org.restlet.routing.Router logRoute
FINE: Selected route: "/objects/logout" -> Finder for ObjectsLogout
Jul 13, 2018 6:09:43 PM org.restlet.routing.TemplateRoute beforeHandle
FINER: 15 characters were matched
Jul 13, 2018 6:09:43 PM org.restlet.routing.TemplateRoute beforeHandle
FINE: New base URI: "http://localhost:8181/api/objects/logout". No remaining part to match
Jul 13, 2018 6:09:43 PM org.restlet.routing.TemplateRoute beforeHandle
FINER: Delegating the call to the target Restlet
Jul 13, 2018 6:09:43 PM org.restlet.engine.application.StrictConneg scoreAnnotation
FINE: Score of annotation "MethodAnnotationInfo [javaMethod: public org.restlet.representation.Representation eu.bavenir.ogwapi.restapi.services.ObjectsLogout.represent(), javaClass: class eu.bavenir.ogwapi.restapi.services.ObjectsLogout, restletMethod: GET, input: null, value: null, output: null, query: null]"= 0.5
Jul 13, 2018 6:09:43 PM org.restlet.engine.application.StrictConneg scoreVariant
FINE: Total score of variant "[*/*]"= 0.041791666
Jul 13, 2018 6:09:43 PM eu.bavenir.ogwapi.commons.engines.xmpp.XmppMessageEngine disconnect
FINE: XMPP user 'test_vcnt0' disconnected.
Jul 13, 2018 6:09:43 PM eu.bavenir.ogwapi.commons.CommunicationManager terminateConnection
INFO: Connection for object ID 'test_vcnt0' destroyed.
Jul 13, 2018 6:09:43 PM org.restlet.service.ConverterService toRepresentation
FINE: Converter selected for JsonRepresentation: DefaultConverter
