Sep 04, 2018 6:08:49 PM eu.bavenir.ogwapi.App initialize
CONFIG: Log file: log/18-09-04T18_08_49.975-gateway.log
Sep 04, 2018 6:08:49 PM eu.bavenir.ogwapi.App main
FINE: Vicinity Gateway API initialized.
Sep 04, 2018 6:08:50 PM eu.bavenir.ogwapi.App main
FINE: API thread started.
Sep 04, 2018 6:08:50 PM eu.bavenir.ogwapi.restapi.RestletThread run
CONFIG: HTTP server configured.
Sep 04, 2018 6:08:50 PM eu.bavenir.ogwapi.restapi.Api configureChallengeScheme
CONFIG: HTTP Basic challenge authentication scheme configured.
Sep 04, 2018 6:08:50 PM org.restlet.Application start
INFO: Starting eu.bavenir.ogwapi.restapi.Api application
Sep 04, 2018 6:08:50 PM org.restlet.engine.application.ApplicationHelper start
FINE: By default, an application should be attached to a parent component in order to let application's outbound root handle calls properly.
Sep 04, 2018 6:08:50 PM eu.bavenir.ogwapi.restapi.RestletThread run
FINE: HTTP server component started.
Sep 04, 2018 6:08:58 PM eu.bavenir.ogwapi.commons.CommunicationManager isConnected
WARNING: Null record in the connection descriptor pool. Object ID: 'f31e6c8b-eaa4-4fd6-b32b-bad97496b24f'.
Sep 04, 2018 6:08:58 PM eu.bavenir.ogwapi.commons.connectors.http.RestAgentConnector <init>
CONFIG: REST Agent Connector: Dummy payloads disabled, all calls to an Agent via this connector will be real.
Sep 04, 2018 6:08:58 PM eu.bavenir.ogwapi.commons.connectors.http.RestAgentConnector <init>
CONFIG: REST Agent Connector: HTTPS protocol disabled for Agent communication.
Sep 04, 2018 6:08:58 PM eu.bavenir.ogwapi.commons.engines.xmpp.XmppMessageEngine buildNewConnection
CONFIG: Creating a new connection to XMPP server 'vicinity.bavenir.eu:5222' as 'f31e6c8b-eaa4-4fd6-b32b-bad97496b24f@bavenir.eu'
Sep 04, 2018 6:08:58 PM eu.bavenir.ogwapi.commons.engines.xmpp.XmppMessageEngine buildNewConnection
CONFIG: XMPP secure connection is disabled.
Sep 04, 2018 6:08:58 PM eu.bavenir.ogwapi.commons.CommunicationManager establishConnection
INFO: Connection for 'f31e6c8b-eaa4-4fd6-b32b-bad97496b24f' was established.
Sep 04, 2018 6:08:58 PM eu.bavenir.ogwapi.commons.CommunicationManager establishConnection
FINEST: A new connection for 'f31e6c8b-eaa4-4fd6-b32b-bad97496b24f' was added into connection pool.
Sep 04, 2018 6:08:58 PM eu.bavenir.ogwapi.restapi.security.AuthenticationVerifier verify
FINE: Valid credentials received from a client with IP 127.0.0.1.
Sep 04, 2018 6:08:58 PM org.restlet.security.ChallengeAuthenticator authenticate
FINE: Authentication succeeded. Valid credentials provided for identifier: f31e6c8b-eaa4-4fd6-b32b-bad97496b24f.
Sep 04, 2018 6:08:58 PM org.restlet.security.Authenticator authenticated
FINE: The authentication succeeded for the identifer "f31e6c8b-eaa4-4fd6-b32b-bad97496b24f" using the HTTP_Basic scheme.
Sep 04, 2018 6:08:58 PM org.restlet.routing.TemplateRoute score
FINER: Call score for the "/objects/login" URI pattern: 0.0
Sep 04, 2018 6:08:58 PM org.restlet.routing.TemplateRoute score
FINER: Call score for the "/objects/logout" URI pattern: 0.0
Sep 04, 2018 6:08:58 PM org.restlet.routing.TemplateRoute score
FINER: Call score for the "/objects/{oid}/properties" URI pattern: 0.0
Sep 04, 2018 6:08:58 PM org.restlet.routing.TemplateRoute score
FINER: Call score for the "/objects/{oid}/properties/{pid}" URI pattern: 0.0
Sep 04, 2018 6:08:58 PM org.restlet.routing.TemplateRoute score
FINER: Call score for the "/objects/{oid}/actions" URI pattern: 0.0
Sep 04, 2018 6:08:58 PM org.restlet.routing.TemplateRoute score
FINER: Call score for the "/objects/{oid}/actions/{aid}" URI pattern: 0.0
Sep 04, 2018 6:08:58 PM org.restlet.routing.TemplateRoute score
FINER: Call score for the "/objects/{oid}/actions/{aid}/tasks/{tid}" URI pattern: 0.0
Sep 04, 2018 6:08:58 PM org.restlet.routing.TemplateRoute score
FINER: Call score for the "/objects/{oid}/events" URI pattern: 0.0
Sep 04, 2018 6:08:58 PM org.restlet.routing.TemplateRoute score
FINER: Call score for the "/objects/{oid}/events/{eid}" URI pattern: 0.0
Sep 04, 2018 6:08:58 PM org.restlet.routing.TemplateRoute score
FINER: Call score for the "/events/{eid}" URI pattern: 0.0
Sep 04, 2018 6:08:58 PM org.restlet.routing.TemplateRoute score
FINER: Call score for the "/objects" URI pattern: 0.0
Sep 04, 2018 6:08:58 PM org.restlet.routing.TemplateRoute score
FINER: Call score for the "/objects/{oid}" URI pattern: 0.0
Sep 04, 2018 6:08:58 PM org.restlet.routing.TemplateRoute score
FINER: Call score for the "/agents/{agid}/objects" URI pattern: 1.0
Sep 04, 2018 6:08:58 PM org.restlet.routing.Router logRoute
FINE: Selected route: "/agents/{agid}/objects" -> Finder for AgentsAgidObjects
Sep 04, 2018 6:08:58 PM org.restlet.routing.TemplateRoute beforeHandle
FINER: 52 characters were matched
Sep 04, 2018 6:08:58 PM org.restlet.routing.TemplateRoute beforeHandle
FINE: New base URI: "http://localhost:8181/api/agents/f31e6c8b-eaa4-4fd6-b32b-bad97496b24f/objects". No remaining part to match
Sep 04, 2018 6:08:58 PM org.restlet.routing.TemplateRoute beforeHandle
FINER: Delegating the call to the target Restlet
Sep 04, 2018 6:08:59 PM org.restlet.engine.application.StrictConneg scoreAnnotation
FINE: Score of annotation "MethodAnnotationInfo [javaMethod: public org.restlet.representation.Representation eu.bavenir.ogwapi.restapi.services.AgentsAgidObjects.represent(), javaClass: class eu.bavenir.ogwapi.restapi.services.AgentsAgidObjects, restletMethod: GET, input: null, value: null, output: null, query: null]"= 0.5
Sep 04, 2018 6:08:59 PM org.restlet.engine.application.StrictConneg scoreVariant
FINE: Total score of variant "[*/*]"= 0.041791666
Sep 04, 2018 6:08:59 PM org.restlet.engine.application.ApplicationHelper$1 handle
FINE: Added runtime client for protocol: HTTPS
Sep 04, 2018 6:08:59 PM org.restlet.engine.connector.HttpClientHelper start
INFO: Starting the internal HTTP client
Sep 04, 2018 6:08:59 PM org.restlet.service.ConverterService toRepresentation
FINE: Converter selected for ConnectionClosingRepresentation: DefaultConverter
Sep 04, 2018 6:11:55 PM eu.bavenir.ogwapi.commons.CommunicationManager isConnected
WARNING: Null record in the connection descriptor pool. Object ID: '6e53ef53-b0fb-4446-babf-efd90826fc79'.
Sep 04, 2018 6:11:55 PM eu.bavenir.ogwapi.commons.connectors.http.RestAgentConnector <init>
CONFIG: REST Agent Connector: Dummy payloads disabled, all calls to an Agent via this connector will be real.
Sep 04, 2018 6:11:55 PM eu.bavenir.ogwapi.commons.connectors.http.RestAgentConnector <init>
CONFIG: REST Agent Connector: HTTPS protocol disabled for Agent communication.
Sep 04, 2018 6:11:55 PM eu.bavenir.ogwapi.commons.engines.xmpp.XmppMessageEngine buildNewConnection
CONFIG: Creating a new connection to XMPP server 'vicinity.bavenir.eu:5222' as '6e53ef53-b0fb-4446-babf-efd90826fc79@bavenir.eu'
Sep 04, 2018 6:11:55 PM eu.bavenir.ogwapi.commons.engines.xmpp.XmppMessageEngine buildNewConnection
CONFIG: XMPP secure connection is disabled.
Sep 04, 2018 6:11:56 PM eu.bavenir.ogwapi.commons.CommunicationManager establishConnection
INFO: Connection for '6e53ef53-b0fb-4446-babf-efd90826fc79' was established.
Sep 04, 2018 6:11:56 PM eu.bavenir.ogwapi.commons.CommunicationManager establishConnection
FINEST: A new connection for '6e53ef53-b0fb-4446-babf-efd90826fc79' was added into connection pool.
Sep 04, 2018 6:11:56 PM eu.bavenir.ogwapi.restapi.security.AuthenticationVerifier verify
FINE: Valid credentials received from a client with IP 127.0.0.1.
Sep 04, 2018 6:11:56 PM org.restlet.security.ChallengeAuthenticator authenticate
FINE: Authentication succeeded. Valid credentials provided for identifier: 6e53ef53-b0fb-4446-babf-efd90826fc79.
Sep 04, 2018 6:11:56 PM org.restlet.security.Authenticator authenticated
FINE: The authentication succeeded for the identifer "6e53ef53-b0fb-4446-babf-efd90826fc79" using the HTTP_Basic scheme.
Sep 04, 2018 6:11:56 PM org.restlet.routing.TemplateRoute score
FINER: Call score for the "/objects/login" URI pattern: 0.0
Sep 04, 2018 6:11:56 PM org.restlet.routing.TemplateRoute score
FINER: Call score for the "/objects/logout" URI pattern: 0.0
Sep 04, 2018 6:11:56 PM org.restlet.routing.TemplateRoute score
FINER: Call score for the "/objects/{oid}/properties" URI pattern: 0.0
Sep 04, 2018 6:11:56 PM org.restlet.routing.TemplateRoute score
FINER: Call score for the "/objects/{oid}/properties/{pid}" URI pattern: 0.0
Sep 04, 2018 6:11:56 PM org.restlet.routing.TemplateRoute score
FINER: Call score for the "/objects/{oid}/actions" URI pattern: 0.0
Sep 04, 2018 6:11:56 PM org.restlet.routing.TemplateRoute score
FINER: Call score for the "/objects/{oid}/actions/{aid}" URI pattern: 0.0
Sep 04, 2018 6:11:56 PM org.restlet.routing.TemplateRoute score
FINER: Call score for the "/objects/{oid}/actions/{aid}/tasks/{tid}" URI pattern: 0.0
Sep 04, 2018 6:11:56 PM org.restlet.routing.TemplateRoute score
FINER: Call score for the "/objects/{oid}/events" URI pattern: 0.0
Sep 04, 2018 6:11:56 PM org.restlet.routing.TemplateRoute score
FINER: Call score for the "/objects/{oid}/events/{eid}" URI pattern: 0.0
Sep 04, 2018 6:11:56 PM org.restlet.routing.TemplateRoute score
FINER: Call score for the "/events/{eid}" URI pattern: 0.0
Sep 04, 2018 6:11:56 PM org.restlet.routing.TemplateRoute score
FINER: Call score for the "/objects" URI pattern: 0.0
Sep 04, 2018 6:11:56 PM org.restlet.routing.TemplateRoute score
FINER: Call score for the "/objects/{oid}" URI pattern: 0.0
Sep 04, 2018 6:11:56 PM org.restlet.routing.TemplateRoute score
FINER: Call score for the "/agents/{agid}/objects" URI pattern: 1.0
Sep 04, 2018 6:11:56 PM org.restlet.routing.Router logRoute
FINE: Selected route: "/agents/{agid}/objects" -> Finder for AgentsAgidObjects
Sep 04, 2018 6:11:56 PM org.restlet.routing.TemplateRoute beforeHandle
FINER: 52 characters were matched
Sep 04, 2018 6:11:56 PM org.restlet.routing.TemplateRoute beforeHandle
FINE: New base URI: "http://localhost:8181/api/agents/6e53ef53-b0fb-4446-babf-efd90826fc79/objects". No remaining part to match
Sep 04, 2018 6:11:56 PM org.restlet.routing.TemplateRoute beforeHandle
FINER: Delegating the call to the target Restlet
Sep 04, 2018 6:11:56 PM org.restlet.engine.application.StrictConneg scoreAnnotation
FINE: Score of annotation "MethodAnnotationInfo [javaMethod: public org.restlet.representation.Representation eu.bavenir.ogwapi.restapi.services.AgentsAgidObjects.represent(), javaClass: class eu.bavenir.ogwapi.restapi.services.AgentsAgidObjects, restletMethod: GET, input: null, value: null, output: null, query: null]"= 0.5
Sep 04, 2018 6:11:56 PM org.restlet.engine.application.StrictConneg scoreVariant
FINE: Total score of variant "[*/*]"= 0.041791666
Sep 04, 2018 6:11:56 PM org.restlet.service.ConverterService toRepresentation
FINE: Converter selected for ConnectionClosingRepresentation: DefaultConverter
