Oct 23, 2018 11:33:08 AM eu.bavenir.ogwapi.App initialize
CONFIG: Log file: log/18-10-23T11_33_08.832-gateway.log
Oct 23, 2018 11:33:08 AM eu.bavenir.ogwapi.App main
FINE: Vicinity Gateway API initialized.
Oct 23, 2018 11:33:08 AM eu.bavenir.ogwapi.App main
FINE: API thread started.
Oct 23, 2018 11:33:08 AM eu.bavenir.ogwapi.restapi.RestletThread run
CONFIG: HTTP server configured.
Oct 23, 2018 11:33:08 AM eu.bavenir.ogwapi.restapi.Api configureChallengeScheme
CONFIG: HTTP Basic challenge authentication scheme configured.
Oct 23, 2018 11:33:09 AM org.restlet.Application start
INFO: Starting eu.bavenir.ogwapi.restapi.Api application
Oct 23, 2018 11:33:09 AM org.restlet.engine.application.ApplicationHelper start
FINE: By default, an application should be attached to a parent component in order to let application's outbound root handle calls properly.
Oct 23, 2018 11:33:09 AM eu.bavenir.ogwapi.restapi.RestletThread run
FINE: HTTP server component started.
Oct 23, 2018 11:33:17 AM eu.bavenir.ogwapi.commons.CommunicationManager isConnected
INFO: Object ID: 'test_vcnt0' is not connected yet.
Oct 23, 2018 11:33:17 AM eu.bavenir.ogwapi.commons.connectors.http.RestAgentConnector <init>
CONFIG: REST Agent Connector: Dummy payloads enabled, all calls to an Agent via this connector will be simulated.
Oct 23, 2018 11:33:17 AM eu.bavenir.ogwapi.commons.connectors.http.RestAgentConnector <init>
CONFIG: REST Agent Connector: HTTPS protocol disabled for Agent communication.
Oct 23, 2018 11:33:17 AM eu.bavenir.ogwapi.commons.engines.xmpp.XmppMessageEngine buildNewConnection
CONFIG: Creating a new connection to XMPP server 'development.bavenir.eu:5222' as 'test_vcnt0@bavenir.eu'
Oct 23, 2018 11:33:17 AM eu.bavenir.ogwapi.commons.engines.xmpp.XmppMessageEngine buildNewConnection
CONFIG: XMPP secure connection is disabled.
Oct 23, 2018 11:33:18 AM eu.bavenir.ogwapi.commons.CommunicationManager establishConnection
INFO: Connection for 'test_vcnt0' was established.
Oct 23, 2018 11:33:18 AM eu.bavenir.ogwapi.restapi.security.AuthenticationVerifier verify
FINE: Valid credentials received from a client with IP 127.0.0.1.
Oct 23, 2018 11:33:18 AM org.restlet.security.ChallengeAuthenticator authenticate
FINE: Authentication succeeded. Valid credentials provided for identifier: test_vcnt0.
Oct 23, 2018 11:33:18 AM org.restlet.security.Authenticator authenticated
FINE: The authentication succeeded for the identifer "test_vcnt0" using the HTTP_Basic scheme.
Oct 23, 2018 11:33:18 AM org.restlet.routing.TemplateRoute score
FINER: Call score for the "/objects/login" URI pattern: 1.0
Oct 23, 2018 11:33:18 AM org.restlet.routing.Router logRoute
FINE: Selected route: "/objects/login" -> Finder for ObjectsLogin
Oct 23, 2018 11:33:18 AM org.restlet.routing.TemplateRoute beforeHandle
FINER: 14 characters were matched
Oct 23, 2018 11:33:18 AM org.restlet.routing.TemplateRoute beforeHandle
FINE: New base URI: "http://localhost:8181/api/objects/login". No remaining part to match
Oct 23, 2018 11:33:18 AM org.restlet.routing.TemplateRoute beforeHandle
FINER: Delegating the call to the target Restlet
Oct 23, 2018 11:33:18 AM org.restlet.engine.application.StrictConneg scoreAnnotation
FINE: Score of annotation "MethodAnnotationInfo [javaMethod: public org.restlet.representation.Representation eu.bavenir.ogwapi.restapi.services.ObjectsLogin.represent(), javaClass: class eu.bavenir.ogwapi.restapi.services.ObjectsLogin, restletMethod: GET, input: null, value: null, output: null, query: null]"= 0.5
Oct 23, 2018 11:33:18 AM org.restlet.engine.application.StrictConneg scoreVariant
FINE: Total score of variant "[*/*]"= 0.041791666
Oct 23, 2018 11:33:18 AM org.restlet.service.ConverterService toRepresentation
FINE: Converter selected for JsonRepresentation: DefaultConverter
Oct 23, 2018 11:33:30 AM eu.bavenir.ogwapi.restapi.security.AuthenticationVerifier verify
FINE: Valid credentials received from a client with IP 127.0.0.1.
Oct 23, 2018 11:33:30 AM org.restlet.security.ChallengeAuthenticator authenticate
FINE: Authentication succeeded. Valid credentials provided for identifier: test_vcnt0.
Oct 23, 2018 11:33:30 AM org.restlet.security.Authenticator authenticated
FINE: The authentication succeeded for the identifer "test_vcnt0" using the HTTP_Basic scheme.
Oct 23, 2018 11:33:30 AM org.restlet.routing.TemplateRoute score
FINER: Call score for the "/objects/login" URI pattern: 0.0
Oct 23, 2018 11:33:30 AM org.restlet.routing.TemplateRoute score
FINER: Call score for the "/objects/logout" URI pattern: 0.0
Oct 23, 2018 11:33:30 AM org.restlet.routing.TemplateRoute score
FINER: Call score for the "/objects/{oid}/properties" URI pattern: 0.0
Oct 23, 2018 11:33:30 AM org.restlet.routing.TemplateRoute score
FINER: Call score for the "/objects/{oid}/properties/{pid}" URI pattern: 0.0
Oct 23, 2018 11:33:30 AM org.restlet.routing.TemplateRoute score
FINER: Call score for the "/objects/{oid}/actions" URI pattern: 0.0
Oct 23, 2018 11:33:30 AM org.restlet.routing.TemplateRoute score
FINER: Call score for the "/objects/{oid}/actions/{aid}" URI pattern: 0.0
Oct 23, 2018 11:33:30 AM org.restlet.routing.TemplateRoute score
FINER: Call score for the "/objects/{oid}/actions/{aid}/tasks/{tid}" URI pattern: 0.0
Oct 23, 2018 11:33:30 AM org.restlet.routing.TemplateRoute score
FINER: Call score for the "/objects/{oid}/events" URI pattern: 0.0
Oct 23, 2018 11:33:30 AM org.restlet.routing.TemplateRoute score
FINER: Call score for the "/objects/{oid}/events/{eid}" URI pattern: 0.0
Oct 23, 2018 11:33:30 AM org.restlet.routing.TemplateRoute score
FINER: Call score for the "/events/{eid}" URI pattern: 0.0
Oct 23, 2018 11:33:30 AM org.restlet.routing.TemplateRoute score
FINER: Call score for the "/objects" URI pattern: 0.0
Oct 23, 2018 11:33:30 AM org.restlet.routing.TemplateRoute score
FINER: Call score for the "/objects/{oid}" URI pattern: 0.0
Oct 23, 2018 11:33:30 AM org.restlet.routing.TemplateRoute score
FINER: Call score for the "/agents/{agid}/objects" URI pattern: 0.0
Oct 23, 2018 11:33:30 AM org.restlet.routing.TemplateRoute score
FINER: Call score for the "/agents/{agid}/objects" URI pattern: 0.0
Oct 23, 2018 11:33:30 AM org.restlet.routing.TemplateRoute score
FINER: Call score for the "/agents/{agid}/objects/update" URI pattern: 0.0
Oct 23, 2018 11:33:30 AM org.restlet.routing.TemplateRoute score
FINER: Call score for the "/agents/{agid}/objects/delete" URI pattern: 0.0
Oct 23, 2018 11:33:30 AM org.restlet.routing.TemplateRoute score
FINER: Call score for the "/sparql" URI pattern: 1.0
Oct 23, 2018 11:33:30 AM org.restlet.routing.Router logRoute
FINE: Selected route: "/sparql" -> Finder for Sparql
Oct 23, 2018 11:33:30 AM org.restlet.routing.TemplateRoute beforeHandle
FINER: 7 characters were matched
Oct 23, 2018 11:33:30 AM org.restlet.routing.TemplateRoute beforeHandle
FINE: New base URI: "http://localhost:8181/api/sparql". No remaining part to match
Oct 23, 2018 11:33:30 AM org.restlet.routing.TemplateRoute beforeHandle
FINER: Delegating the call to the target Restlet
Oct 23, 2018 11:33:30 AM org.restlet.engine.application.StrictConneg scoreAnnotation
FINE: Score of annotation "MethodAnnotationInfo [javaMethod: public org.restlet.representation.Representation eu.bavenir.ogwapi.restapi.services.Sparql.accept(org.restlet.representation.Representation), javaClass: class eu.bavenir.ogwapi.restapi.services.Sparql, restletMethod: POST, input: json, value: json, output: json, query: null]"= 0.5
Oct 23, 2018 11:33:30 AM org.restlet.engine.application.StrictConneg scoreVariant
FINE: Total score of variant "[application/json]"= 0.08383334
Oct 23, 2018 11:33:30 AM org.restlet.service.ConverterService toObject
FINE: The following converter was selected for the [application/json] representation: org.restlet.engine.converter.DefaultConverter@f79d87b
Oct 23, 2018 11:33:30 AM org.restlet.service.ConverterService toRepresentation
FINE: Converter selected for String: DefaultConverter
Oct 23, 2018 11:33:30 AM org.restlet.engine.application.StrictConneg scoreVariant
FINE: Total score of variant "[*/*]"= 2.5E-4
Oct 23, 2018 11:33:30 AM org.restlet.engine.application.ApplicationHelper$1 handle
FINE: Added runtime client for protocol: HTTP
Oct 23, 2018 11:33:30 AM org.restlet.engine.connector.HttpClientHelper start
INFO: Starting the internal HTTP client
Oct 23, 2018 11:33:50 AM eu.bavenir.ogwapi.commons.engines.xmpp.XmppMessageEngine sendMessage
FINEST: XMPPMessageEngine: Status of the roster before message is sent: ready
Oct 23, 2018 11:33:50 AM eu.bavenir.ogwapi.commons.engines.xmpp.XmppMessageEngine sendMessage
FINEST: XMPPMessageEngine: Message sent. Content: {"messageType":1,"requestId":1151185797,"sourceOid":"test_vcnt0","destinationOid":"f3f9bf96-9af0-451b-be46-24821587f4a3","requestOperation":1,"requestBody":null,"attributes":{"pid":"prop-1"},"parameters":{}}
Oct 23, 2018 11:33:50 AM eu.bavenir.ogwapi.commons.ConnectionDescriptor processIncommingMessage
FINEST: New message from f3f9bf96-9af0-451b-be46-24821587f4a3: {"messageType":2,"requestId":1151185797,"error":false,"responseCode":200,"responseCodeReason":"OK","responseBody":"{\"data\":{\"echo\":\"get property\",\"pid\":\"prop-1\",\"oid\":\"test-agora-1\"},\"status\":\"success\"}","responseBodySupplement":null}
Oct 23, 2018 11:33:50 AM eu.bavenir.ogwapi.commons.ConnectionDescriptor processIncommingMessage
FINEST: This message is a response. Adding to incoming queue - message count: 0
Oct 23, 2018 11:33:50 AM eu.bavenir.ogwapi.commons.engines.xmpp.XmppMessageEngine sendMessage
FINEST: XMPPMessageEngine: Status of the roster before message is sent: ready
Oct 23, 2018 11:33:50 AM eu.bavenir.ogwapi.commons.engines.xmpp.XmppMessageEngine sendMessage
FINEST: XMPPMessageEngine: Message sent. Content: {"messageType":1,"requestId":1490621654,"sourceOid":"test_vcnt0","destinationOid":"dda138c3-d05a-48f9-8d12-f19debe23d85","requestOperation":1,"requestBody":null,"attributes":{"pid":"prop-1"},"parameters":{}}
Oct 23, 2018 11:33:50 AM eu.bavenir.ogwapi.commons.ConnectionDescriptor processIncommingMessage
FINEST: New message from dda138c3-d05a-48f9-8d12-f19debe23d85: {"messageType":2,"requestId":1490621654,"error":false,"responseCode":200,"responseCodeReason":"OK","responseBody":"{\"data\":{\"echo\":\"get property\",\"pid\":\"prop-1\",\"oid\":\"test-agora-2\"},\"status\":\"success\"}","responseBodySupplement":null}
Oct 23, 2018 11:33:50 AM eu.bavenir.ogwapi.commons.ConnectionDescriptor processIncommingMessage
FINEST: This message is a response. Adding to incoming queue - message count: 0
Oct 23, 2018 11:33:51 AM org.restlet.service.ConverterService toRepresentation
FINE: Converter selected for JsonRepresentation: DefaultConverter
Oct 23, 2018 11:44:46 AM eu.bavenir.ogwapi.commons.CommunicationManager isConnected
INFO: Object ID: 'a917a5b2-1159-43fb-adea-b7896a20c919' is not connected yet.
Oct 23, 2018 11:44:46 AM eu.bavenir.ogwapi.commons.connectors.http.RestAgentConnector <init>
CONFIG: REST Agent Connector: Dummy payloads enabled, all calls to an Agent via this connector will be simulated.
Oct 23, 2018 11:44:46 AM eu.bavenir.ogwapi.commons.connectors.http.RestAgentConnector <init>
CONFIG: REST Agent Connector: HTTPS protocol disabled for Agent communication.
Oct 23, 2018 11:44:46 AM eu.bavenir.ogwapi.commons.engines.xmpp.XmppMessageEngine buildNewConnection
CONFIG: Creating a new connection to XMPP server 'development.bavenir.eu:5222' as 'a917a5b2-1159-43fb-adea-b7896a20c919@bavenir.eu'
Oct 23, 2018 11:44:46 AM eu.bavenir.ogwapi.commons.engines.xmpp.XmppMessageEngine buildNewConnection
CONFIG: XMPP secure connection is disabled.
Oct 23, 2018 11:44:47 AM eu.bavenir.ogwapi.commons.CommunicationManager establishConnection
INFO: Connection for 'a917a5b2-1159-43fb-adea-b7896a20c919' was established.
Oct 23, 2018 11:44:47 AM eu.bavenir.ogwapi.restapi.security.AuthenticationVerifier verify
FINE: Valid credentials received from a client with IP 127.0.0.1.
Oct 23, 2018 11:44:47 AM org.restlet.security.ChallengeAuthenticator authenticate
FINE: Authentication succeeded. Valid credentials provided for identifier: a917a5b2-1159-43fb-adea-b7896a20c919.
Oct 23, 2018 11:44:47 AM org.restlet.security.Authenticator authenticated
FINE: The authentication succeeded for the identifer "a917a5b2-1159-43fb-adea-b7896a20c919" using the HTTP_Basic scheme.
Oct 23, 2018 11:44:47 AM org.restlet.routing.TemplateRoute score
FINER: Call score for the "/objects/login" URI pattern: 1.0
Oct 23, 2018 11:44:47 AM org.restlet.routing.Router logRoute
FINE: Selected route: "/objects/login" -> Finder for ObjectsLogin
Oct 23, 2018 11:44:47 AM org.restlet.routing.TemplateRoute beforeHandle
FINER: 14 characters were matched
Oct 23, 2018 11:44:47 AM org.restlet.routing.TemplateRoute beforeHandle
FINE: New base URI: "http://localhost:8181/api/objects/login". No remaining part to match
Oct 23, 2018 11:44:47 AM org.restlet.routing.TemplateRoute beforeHandle
FINER: Delegating the call to the target Restlet
Oct 23, 2018 11:44:47 AM org.restlet.engine.application.StrictConneg scoreAnnotation
FINE: Score of annotation "MethodAnnotationInfo [javaMethod: public org.restlet.representation.Representation eu.bavenir.ogwapi.restapi.services.ObjectsLogin.represent(), javaClass: class eu.bavenir.ogwapi.restapi.services.ObjectsLogin, restletMethod: GET, input: null, value: null, output: null, query: null]"= 0.5
Oct 23, 2018 11:44:47 AM org.restlet.engine.application.StrictConneg scoreVariant
FINE: Total score of variant "[*/*]"= 0.041791666
Oct 23, 2018 11:44:47 AM org.restlet.service.ConverterService toRepresentation
FINE: Converter selected for JsonRepresentation: DefaultConverter
