Oct 18, 2018 2:42:58 PM eu.bavenir.ogwapi.App initialize
CONFIG: Log file: log/18-10-18T14_42_58.140-gateway.log
Oct 18, 2018 2:42:58 PM eu.bavenir.ogwapi.App main
FINE: Vicinity Gateway API initialized.
Oct 18, 2018 2:42:58 PM eu.bavenir.ogwapi.App main
FINE: API thread started.
Oct 18, 2018 2:42:58 PM eu.bavenir.ogwapi.restapi.RestletThread run
CONFIG: HTTP server configured.
Oct 18, 2018 2:42:58 PM eu.bavenir.ogwapi.restapi.Api configureChallengeScheme
CONFIG: HTTP Basic challenge authentication scheme configured.
Oct 18, 2018 2:42:58 PM org.restlet.Application start
INFO: Starting eu.bavenir.ogwapi.restapi.Api application
Oct 18, 2018 2:42:58 PM org.restlet.engine.application.ApplicationHelper start
FINE: By default, an application should be attached to a parent component in order to let application's outbound root handle calls properly.
Oct 18, 2018 2:42:58 PM eu.bavenir.ogwapi.restapi.RestletThread run
FINE: HTTP server component started.
Oct 18, 2018 2:43:04 PM eu.bavenir.ogwapi.commons.CommunicationManager isConnected
INFO: Object ID: 'test_vcnt0' is not connected yet.
Oct 18, 2018 2:43:04 PM eu.bavenir.ogwapi.commons.connectors.http.RestAgentConnector <init>
CONFIG: REST Agent Connector: Dummy payloads enabled, all calls to an Agent via this connector will be simulated.
Oct 18, 2018 2:43:04 PM eu.bavenir.ogwapi.commons.connectors.http.RestAgentConnector <init>
CONFIG: REST Agent Connector: HTTPS protocol disabled for Agent communication.
Oct 18, 2018 2:43:04 PM eu.bavenir.ogwapi.commons.engines.xmpp.XmppMessageEngine buildNewConnection
CONFIG: Creating a new connection to XMPP server 'development.bavenir.eu:5222' as 'test_vcnt0@bavenir.eu'
Oct 18, 2018 2:43:04 PM eu.bavenir.ogwapi.commons.engines.xmpp.XmppMessageEngine buildNewConnection
CONFIG: XMPP secure connection is disabled.
Oct 18, 2018 2:43:05 PM eu.bavenir.ogwapi.commons.CommunicationManager establishConnection
INFO: Connection for 'test_vcnt0' was established.
Oct 18, 2018 2:43:05 PM eu.bavenir.ogwapi.restapi.security.AuthenticationVerifier verify
FINE: Valid credentials received from a client with IP 127.0.0.1.
Oct 18, 2018 2:43:05 PM org.restlet.security.ChallengeAuthenticator authenticate
FINE: Authentication succeeded. Valid credentials provided for identifier: test_vcnt0.
Oct 18, 2018 2:43:05 PM org.restlet.security.Authenticator authenticated
FINE: The authentication succeeded for the identifer "test_vcnt0" using the HTTP_Basic scheme.
Oct 18, 2018 2:43:05 PM org.restlet.routing.TemplateRoute score
FINER: Call score for the "/objects/login" URI pattern: 1.0
Oct 18, 2018 2:43:05 PM org.restlet.routing.Router logRoute
FINE: Selected route: "/objects/login" -> Finder for ObjectsLogin
Oct 18, 2018 2:43:05 PM org.restlet.routing.TemplateRoute beforeHandle
FINER: 14 characters were matched
Oct 18, 2018 2:43:05 PM org.restlet.routing.TemplateRoute beforeHandle
FINE: New base URI: "http://localhost:8181/api/objects/login". No remaining part to match
Oct 18, 2018 2:43:05 PM org.restlet.routing.TemplateRoute beforeHandle
FINER: Delegating the call to the target Restlet
Oct 18, 2018 2:43:05 PM org.restlet.engine.application.StrictConneg scoreAnnotation
FINE: Score of annotation "MethodAnnotationInfo [javaMethod: public org.restlet.representation.Representation eu.bavenir.ogwapi.restapi.services.ObjectsLogin.represent(), javaClass: class eu.bavenir.ogwapi.restapi.services.ObjectsLogin, restletMethod: GET, input: null, value: null, output: null, query: null]"= 0.5
Oct 18, 2018 2:43:05 PM org.restlet.engine.application.StrictConneg scoreVariant
FINE: Total score of variant "[*/*]"= 0.041791666
Oct 18, 2018 2:43:05 PM org.restlet.service.ConverterService toRepresentation
FINE: Converter selected for JsonRepresentation: DefaultConverter
Oct 18, 2018 2:43:08 PM eu.bavenir.ogwapi.commons.CommunicationManager isConnected
INFO: Object ID: 'org1dev1' is not connected yet.
Oct 18, 2018 2:43:08 PM eu.bavenir.ogwapi.commons.connectors.http.RestAgentConnector <init>
CONFIG: REST Agent Connector: Dummy payloads enabled, all calls to an Agent via this connector will be simulated.
Oct 18, 2018 2:43:08 PM eu.bavenir.ogwapi.commons.connectors.http.RestAgentConnector <init>
CONFIG: REST Agent Connector: HTTPS protocol disabled for Agent communication.
Oct 18, 2018 2:43:08 PM eu.bavenir.ogwapi.commons.engines.xmpp.XmppMessageEngine buildNewConnection
CONFIG: Creating a new connection to XMPP server 'development.bavenir.eu:5222' as 'org1dev1@bavenir.eu'
Oct 18, 2018 2:43:08 PM eu.bavenir.ogwapi.commons.engines.xmpp.XmppMessageEngine buildNewConnection
CONFIG: XMPP secure connection is disabled.
Oct 18, 2018 2:43:09 PM eu.bavenir.ogwapi.commons.CommunicationManager establishConnection
INFO: Connection for 'org1dev1' was established.
Oct 18, 2018 2:43:09 PM eu.bavenir.ogwapi.restapi.security.AuthenticationVerifier verify
FINE: Valid credentials received from a client with IP 127.0.0.1.
Oct 18, 2018 2:43:09 PM org.restlet.security.ChallengeAuthenticator authenticate
FINE: Authentication succeeded. Valid credentials provided for identifier: org1dev1.
Oct 18, 2018 2:43:09 PM org.restlet.security.Authenticator authenticated
FINE: The authentication succeeded for the identifer "org1dev1" using the HTTP_Basic scheme.
Oct 18, 2018 2:43:09 PM org.restlet.routing.TemplateRoute score
FINER: Call score for the "/objects/login" URI pattern: 1.0
Oct 18, 2018 2:43:09 PM org.restlet.routing.Router logRoute
FINE: Selected route: "/objects/login" -> Finder for ObjectsLogin
Oct 18, 2018 2:43:09 PM org.restlet.routing.TemplateRoute beforeHandle
FINER: 14 characters were matched
Oct 18, 2018 2:43:09 PM org.restlet.routing.TemplateRoute beforeHandle
FINE: New base URI: "http://localhost:8181/api/objects/login". No remaining part to match
Oct 18, 2018 2:43:09 PM org.restlet.routing.TemplateRoute beforeHandle
FINER: Delegating the call to the target Restlet
Oct 18, 2018 2:43:09 PM org.restlet.engine.application.StrictConneg scoreAnnotation
FINE: Score of annotation "MethodAnnotationInfo [javaMethod: public org.restlet.representation.Representation eu.bavenir.ogwapi.restapi.services.ObjectsLogin.represent(), javaClass: class eu.bavenir.ogwapi.restapi.services.ObjectsLogin, restletMethod: GET, input: null, value: null, output: null, query: null]"= 0.5
Oct 18, 2018 2:43:09 PM org.restlet.engine.application.StrictConneg scoreVariant
FINE: Total score of variant "[*/*]"= 0.041791666
Oct 18, 2018 2:43:09 PM org.restlet.service.ConverterService toRepresentation
FINE: Converter selected for JsonRepresentation: DefaultConverter
Oct 18, 2018 2:43:13 PM eu.bavenir.ogwapi.restapi.security.AuthenticationVerifier verify
FINE: Valid credentials received from a client with IP 127.0.0.1.
Oct 18, 2018 2:43:13 PM org.restlet.security.ChallengeAuthenticator authenticate
FINE: Authentication succeeded. Valid credentials provided for identifier: test_vcnt0.
Oct 18, 2018 2:43:13 PM org.restlet.security.Authenticator authenticated
FINE: The authentication succeeded for the identifer "test_vcnt0" using the HTTP_Basic scheme.
Oct 18, 2018 2:43:13 PM org.restlet.routing.TemplateRoute score
FINER: Call score for the "/objects/login" URI pattern: 0.0
Oct 18, 2018 2:43:13 PM org.restlet.routing.TemplateRoute score
FINER: Call score for the "/objects/logout" URI pattern: 0.0
Oct 18, 2018 2:43:13 PM org.restlet.routing.TemplateRoute score
FINER: Call score for the "/objects/{oid}/properties" URI pattern: 0.0
Oct 18, 2018 2:43:13 PM org.restlet.routing.TemplateRoute score
FINER: Call score for the "/objects/{oid}/properties/{pid}" URI pattern: 0.0
Oct 18, 2018 2:43:13 PM org.restlet.routing.TemplateRoute score
FINER: Call score for the "/objects/{oid}/actions" URI pattern: 0.0
Oct 18, 2018 2:43:13 PM org.restlet.routing.TemplateRoute score
FINER: Call score for the "/objects/{oid}/actions/{aid}" URI pattern: 0.0
Oct 18, 2018 2:43:13 PM org.restlet.routing.TemplateRoute score
FINER: Call score for the "/objects/{oid}/actions/{aid}/tasks/{tid}" URI pattern: 0.0
Oct 18, 2018 2:43:13 PM org.restlet.routing.TemplateRoute score
FINER: Call score for the "/objects/{oid}/events" URI pattern: 0.0
Oct 18, 2018 2:43:13 PM org.restlet.routing.TemplateRoute score
FINER: Call score for the "/objects/{oid}/events/{eid}" URI pattern: 0.0
Oct 18, 2018 2:43:13 PM org.restlet.routing.TemplateRoute score
FINER: Call score for the "/events/{eid}" URI pattern: 0.0
Oct 18, 2018 2:43:13 PM org.restlet.routing.TemplateRoute score
FINER: Call score for the "/objects" URI pattern: 1.0
Oct 18, 2018 2:43:13 PM org.restlet.routing.Router logRoute
FINE: Selected route: "/objects" -> Finder for Objects
Oct 18, 2018 2:43:13 PM org.restlet.routing.TemplateRoute beforeHandle
FINER: 8 characters were matched
Oct 18, 2018 2:43:13 PM org.restlet.routing.TemplateRoute beforeHandle
FINE: New base URI: "http://localhost:8181/api/objects". No remaining part to match
Oct 18, 2018 2:43:13 PM org.restlet.routing.TemplateRoute beforeHandle
FINER: Delegating the call to the target Restlet
Oct 18, 2018 2:43:13 PM org.restlet.engine.application.StrictConneg scoreAnnotation
FINE: Score of annotation "MethodAnnotationInfo [javaMethod: public org.restlet.representation.Representation eu.bavenir.ogwapi.restapi.services.Objects.represent(), javaClass: class eu.bavenir.ogwapi.restapi.services.Objects, restletMethod: GET, input: null, value: null, output: null, query: null]"= 0.5
Oct 18, 2018 2:43:13 PM org.restlet.engine.application.StrictConneg scoreVariant
FINE: Total score of variant "[*/*]"= 0.041791666
Oct 18, 2018 2:43:13 PM eu.bavenir.ogwapi.commons.CommunicationManager getRosterEntriesForObject
FINEST: -- Roster for 'test_vcnt0' --
Oct 18, 2018 2:43:13 PM eu.bavenir.ogwapi.commons.CommunicationManager getRosterEntriesForObject
FINEST: mariasuser1 Presence: UNKNOWN
Oct 18, 2018 2:43:13 PM eu.bavenir.ogwapi.commons.CommunicationManager getRosterEntriesForObject
FINEST: eeeee6b7-f9fd-4815-979d-fdb4be2abc88 Presence: UNKNOWN
Oct 18, 2018 2:43:13 PM eu.bavenir.ogwapi.commons.CommunicationManager getRosterEntriesForObject
FINEST: d9100add-030f-40b7-a6e4-05e5494e14de Presence: UNKNOWN
Oct 18, 2018 2:43:13 PM eu.bavenir.ogwapi.commons.CommunicationManager getRosterEntriesForObject
FINEST: 93cba752-b9ec-4a92-b983-93c749b76b2e Presence: UNKNOWN
Oct 18, 2018 2:43:13 PM eu.bavenir.ogwapi.commons.CommunicationManager getRosterEntriesForObject
FINEST: mariasuser3 Presence: UNKNOWN
Oct 18, 2018 2:43:13 PM eu.bavenir.ogwapi.commons.CommunicationManager getRosterEntriesForObject
FINEST: 6a662e35-4b9a-448c-89eb-391cb2f174fa Presence: UNKNOWN
Oct 18, 2018 2:43:13 PM eu.bavenir.ogwapi.commons.CommunicationManager getRosterEntriesForObject
FINEST: aaaaa6b7-f9fd-4815-979d-fdb4be2abc88 Presence: UNKNOWN
Oct 18, 2018 2:43:13 PM eu.bavenir.ogwapi.commons.CommunicationManager getRosterEntriesForObject
FINEST: mariasuser2 Presence: UNKNOWN
Oct 18, 2018 2:43:13 PM eu.bavenir.ogwapi.commons.CommunicationManager getRosterEntriesForObject
FINEST: 87710579-0325-48a3-8463-281694a9bd3a Presence: UNKNOWN
Oct 18, 2018 2:43:13 PM eu.bavenir.ogwapi.commons.CommunicationManager getRosterEntriesForObject
FINEST: iiiii6b7-f9fd-4815-979d-fdb4be2abc88 Presence: UNKNOWN
Oct 18, 2018 2:43:13 PM eu.bavenir.ogwapi.commons.CommunicationManager getRosterEntriesForObject
FINEST: 0916e774-f7cc-4c4a-bf26-0cf5ed782a24 Presence: UNKNOWN
Oct 18, 2018 2:43:13 PM eu.bavenir.ogwapi.commons.CommunicationManager getRosterEntriesForObject
FINEST: asbjornsuser3 Presence: UNKNOWN
Oct 18, 2018 2:43:13 PM eu.bavenir.ogwapi.commons.CommunicationManager getRosterEntriesForObject
FINEST: asbjornsuser2 Presence: UNKNOWN
Oct 18, 2018 2:43:13 PM eu.bavenir.ogwapi.commons.CommunicationManager getRosterEntriesForObject
FINEST: dc5bfe59-8aaf-4302-802f-6e76fa94f3a3 Presence: UNKNOWN
Oct 18, 2018 2:43:13 PM eu.bavenir.ogwapi.commons.CommunicationManager getRosterEntriesForObject
FINEST: asbjornsuser1 Presence: UNKNOWN
Oct 18, 2018 2:43:13 PM eu.bavenir.ogwapi.commons.CommunicationManager getRosterEntriesForObject
FINEST: d77ec6b0-f039-4734-925e-0a90ce7d1b5b__018bd53d Presence: UNKNOWN
Oct 18, 2018 2:43:13 PM eu.bavenir.ogwapi.commons.CommunicationManager getRosterEntriesForObject
FINEST: lego_1 Presence: UNKNOWN
Oct 18, 2018 2:43:13 PM eu.bavenir.ogwapi.commons.CommunicationManager getRosterEntriesForObject
FINEST: qqqqq6b7-f9fd-4815-979d-fdb4be2abc88 Presence: UNKNOWN
Oct 18, 2018 2:43:13 PM eu.bavenir.ogwapi.commons.CommunicationManager getRosterEntriesForObject
FINEST: c3434d31-407a-43ce-95ba-992d316e520d Presence: UNKNOWN
Oct 18, 2018 2:43:13 PM eu.bavenir.ogwapi.commons.CommunicationManager getRosterEntriesForObject
FINEST: mmmmm6b7-f9fd-4815-979d-fdb4be2abc88 Presence: UNKNOWN
Oct 18, 2018 2:43:13 PM eu.bavenir.ogwapi.commons.CommunicationManager getRosterEntriesForObject
FINEST: prosumer_0 Presence: UNKNOWN
Oct 18, 2018 2:43:13 PM eu.bavenir.ogwapi.commons.CommunicationManager getRosterEntriesForObject
FINEST: prosumer_1 Presence: UNKNOWN
Oct 18, 2018 2:43:13 PM eu.bavenir.ogwapi.commons.CommunicationManager getRosterEntriesForObject
FINEST: prosumer_2 Presence: UNKNOWN
Oct 18, 2018 2:43:13 PM eu.bavenir.ogwapi.commons.CommunicationManager getRosterEntriesForObject
FINEST: prosumer_3 Presence: UNKNOWN
Oct 18, 2018 2:43:13 PM eu.bavenir.ogwapi.commons.CommunicationManager getRosterEntriesForObject
FINEST: upm_vas Presence: UNKNOWN
Oct 18, 2018 2:43:13 PM eu.bavenir.ogwapi.commons.CommunicationManager getRosterEntriesForObject
FINEST: bavenir_2 Presence: UNKNOWN
Oct 18, 2018 2:43:13 PM eu.bavenir.ogwapi.commons.CommunicationManager getRosterEntriesForObject
FINEST: fffff6b7-f9fd-4815-979d-fdb4be2abc88 Presence: UNKNOWN
Oct 18, 2018 2:43:13 PM eu.bavenir.ogwapi.commons.CommunicationManager getRosterEntriesForObject
FINEST: bavenir_3 Presence: UNKNOWN
Oct 18, 2018 2:43:13 PM eu.bavenir.ogwapi.commons.CommunicationManager getRosterEntriesForObject
FINEST: bbbbb6b7-f9fd-4815-979d-fdb4be2abc88 Presence: UNKNOWN
Oct 18, 2018 2:43:13 PM eu.bavenir.ogwapi.commons.CommunicationManager getRosterEntriesForObject
FINEST: upm_dev1 Presence: UNKNOWN
Oct 18, 2018 2:43:13 PM eu.bavenir.ogwapi.commons.CommunicationManager getRosterEntriesForObject
FINEST: tinym_vas Presence: UNKNOWN
Oct 18, 2018 2:43:13 PM eu.bavenir.ogwapi.commons.CommunicationManager getRosterEntriesForObject
FINEST: d77ec6b0-f039-4734-925e-0a90ce7d1b5b__0184a96b__humidity Presence: UNKNOWN
Oct 18, 2018 2:43:13 PM eu.bavenir.ogwapi.commons.CommunicationManager getRosterEntriesForObject
FINEST: d77ec6b0-f039-4734-925e-0a90ce7d1b5b__0184a96b__thermometer Presence: UNKNOWN
Oct 18, 2018 2:43:13 PM eu.bavenir.ogwapi.commons.CommunicationManager getRosterEntriesForObject
FINEST: upm_dev0 Presence: UNKNOWN
Oct 18, 2018 2:43:13 PM eu.bavenir.ogwapi.commons.CommunicationManager getRosterEntriesForObject
FINEST: bavenir_0 Presence: UNKNOWN
Oct 18, 2018 2:43:13 PM eu.bavenir.ogwapi.commons.CommunicationManager getRosterEntriesForObject
FINEST: bavenir_1 Presence: UNKNOWN
Oct 18, 2018 2:43:13 PM eu.bavenir.ogwapi.commons.CommunicationManager getRosterEntriesForObject
FINEST: jjjjj6b7-f9fd-4815-979d-fdb4be2abc88 Presence: UNKNOWN
Oct 18, 2018 2:43:13 PM eu.bavenir.ogwapi.commons.CommunicationManager getRosterEntriesForObject
FINEST: b4538b89-2cd1-4614-bcd0-d16d93c513e6 Presence: UNKNOWN
Oct 18, 2018 2:43:13 PM eu.bavenir.ogwapi.commons.CommunicationManager getRosterEntriesForObject
FINEST: smartplug Presence: UNKNOWN
Oct 18, 2018 2:43:13 PM eu.bavenir.ogwapi.commons.CommunicationManager getRosterEntriesForObject
FINEST: c49cd562-7cc2-4a33-95c8-ca086c2b77de Presence: UNKNOWN
Oct 18, 2018 2:43:13 PM eu.bavenir.ogwapi.commons.CommunicationManager getRosterEntriesForObject
FINEST: cerknica_1 Presence: UNKNOWN
Oct 18, 2018 2:43:13 PM eu.bavenir.ogwapi.commons.CommunicationManager getRosterEntriesForObject
FINEST: cerknica_0 Presence: UNKNOWN
Oct 18, 2018 2:43:13 PM eu.bavenir.ogwapi.commons.CommunicationManager getRosterEntriesForObject
FINEST: rrrrr6b7-f9fd-4815-979d-fdb4be2abc88 Presence: UNKNOWN
Oct 18, 2018 2:43:13 PM eu.bavenir.ogwapi.commons.CommunicationManager getRosterEntriesForObject
FINEST: plugwise__000d6f0005b1076e Presence: UNKNOWN
Oct 18, 2018 2:43:13 PM eu.bavenir.ogwapi.commons.CommunicationManager getRosterEntriesForObject
FINEST: nnnnn6b7-f9fd-4815-979d-fdb4be2abc88 Presence: UNKNOWN
Oct 18, 2018 2:43:13 PM eu.bavenir.ogwapi.commons.CommunicationManager getRosterEntriesForObject
FINEST: 000d6f0005add81c Presence: UNKNOWN
Oct 18, 2018 2:43:13 PM eu.bavenir.ogwapi.commons.CommunicationManager getRosterEntriesForObject
FINEST: ggggg6b7-f9fd-4815-979d-fdb4be2abc88 Presence: UNKNOWN
Oct 18, 2018 2:43:13 PM eu.bavenir.ogwapi.commons.CommunicationManager getRosterEntriesForObject
FINEST: org1dev1 Presence: UNKNOWN
Oct 18, 2018 2:43:13 PM eu.bavenir.ogwapi.commons.CommunicationManager getRosterEntriesForObject
FINEST: kkkkk6b7-f9fd-4815-979d-fdb4be2abc88 Presence: UNKNOWN
Oct 18, 2018 2:43:13 PM eu.bavenir.ogwapi.commons.CommunicationManager getRosterEntriesForObject
FINEST: davidsuser1 Presence: UNKNOWN
Oct 18, 2018 2:43:13 PM eu.bavenir.ogwapi.commons.CommunicationManager getRosterEntriesForObject
FINEST: gnomon-charger Presence: UNKNOWN
Oct 18, 2018 2:43:13 PM eu.bavenir.ogwapi.commons.CommunicationManager getRosterEntriesForObject
FINEST: org1dev2 Presence: UNKNOWN
Oct 18, 2018 2:43:13 PM eu.bavenir.ogwapi.commons.CommunicationManager getRosterEntriesForObject
FINEST: 5a09eec2-e142-4787-9c9d-8f9b0dd5404b Presence: UNKNOWN
Oct 18, 2018 2:43:13 PM eu.bavenir.ogwapi.commons.CommunicationManager getRosterEntriesForObject
FINEST: davidsuser3 Presence: UNKNOWN
Oct 18, 2018 2:43:13 PM eu.bavenir.ogwapi.commons.CommunicationManager getRosterEntriesForObject
FINEST: a999c714-4126-404e-a276-c3ae31701a01 Presence: UNKNOWN
Oct 18, 2018 2:43:13 PM eu.bavenir.ogwapi.commons.CommunicationManager getRosterEntriesForObject
FINEST: davidsuser2 Presence: UNKNOWN
Oct 18, 2018 2:43:13 PM eu.bavenir.ogwapi.commons.CommunicationManager getRosterEntriesForObject
FINEST: upm_agent Presence: UNKNOWN
Oct 18, 2018 2:43:13 PM eu.bavenir.ogwapi.commons.CommunicationManager getRosterEntriesForObject
FINEST: ccccc6b7-f9fd-4815-979d-fdb4be2abc88 Presence: UNKNOWN
Oct 18, 2018 2:43:13 PM eu.bavenir.ogwapi.commons.CommunicationManager getRosterEntriesForObject
FINEST: org2dev1 Presence: UNKNOWN
Oct 18, 2018 2:43:13 PM eu.bavenir.ogwapi.commons.CommunicationManager getRosterEntriesForObject
FINEST: 0ce241bb-abe4-416a-b018-dee970cf75aa Presence: UNKNOWN
Oct 18, 2018 2:43:13 PM eu.bavenir.ogwapi.commons.CommunicationManager getRosterEntriesForObject
FINEST: d77ec6b0-f039-4734-925e-0a90ce7d1b5b__0184a96b__co2 Presence: UNKNOWN
Oct 18, 2018 2:43:13 PM eu.bavenir.ogwapi.commons.CommunicationManager getRosterEntriesForObject
FINEST: 0a6f31ed-0592-4455-b7b0-badba79e132a Presence: UNKNOWN
Oct 18, 2018 2:43:13 PM eu.bavenir.ogwapi.commons.CommunicationManager getRosterEntriesForObject
FINEST: ooooo6b7-f9fd-4815-979d-fdb4be2abc88 Presence: UNKNOWN
Oct 18, 2018 2:43:13 PM eu.bavenir.ogwapi.commons.CommunicationManager getRosterEntriesForObject
FINEST: d06ce9f7-e13b-481e-9062-a37847c91530 Presence: UNKNOWN
Oct 18, 2018 2:43:13 PM eu.bavenir.ogwapi.commons.CommunicationManager getRosterEntriesForObject
FINEST: sssss6b7-f9fd-4815-979d-fdb4be2abc88 Presence: UNKNOWN
Oct 18, 2018 2:43:13 PM eu.bavenir.ogwapi.commons.CommunicationManager getRosterEntriesForObject
FINEST: hvacs__hvac_lg_03 Presence: UNKNOWN
Oct 18, 2018 2:43:13 PM eu.bavenir.ogwapi.commons.CommunicationManager getRosterEntriesForObject
FINEST: hvacs__hvac_lg_02 Presence: UNKNOWN
Oct 18, 2018 2:43:13 PM eu.bavenir.ogwapi.commons.CommunicationManager getRosterEntriesForObject
FINEST: hhhhh6b7-f9fd-4815-979d-fdb4be2abc88 Presence: UNKNOWN
Oct 18, 2018 2:43:13 PM eu.bavenir.ogwapi.commons.CommunicationManager getRosterEntriesForObject
FINEST: 92c6c3f2-c679-45f7-b21a-585a8ea0e16f Presence: UNKNOWN
Oct 18, 2018 2:43:13 PM eu.bavenir.ogwapi.commons.CommunicationManager getRosterEntriesForObject
FINEST: lllll6b7-f9fd-4815-979d-fdb4be2abc88 Presence: UNKNOWN
Oct 18, 2018 2:43:13 PM eu.bavenir.ogwapi.commons.CommunicationManager getRosterEntriesForObject
FINEST: plugwise__000d6f00019f0ea8 Presence: UNKNOWN
Oct 18, 2018 2:43:13 PM eu.bavenir.ogwapi.commons.CommunicationManager getRosterEntriesForObject
FINEST: 813dfa90-d05f-463e-a481-94eb43e0d416 Presence: UNKNOWN
Oct 18, 2018 2:43:13 PM eu.bavenir.ogwapi.commons.CommunicationManager getRosterEntriesForObject
FINEST: 9a5c8dfd-c7c8-4f00-b21f-f54846fcd303 Presence: UNKNOWN
Oct 18, 2018 2:43:13 PM eu.bavenir.ogwapi.commons.CommunicationManager getRosterEntriesForObject
FINEST: 682f665a-bed1-402e-91ec-029abaa35bb0 Presence: UNKNOWN
Oct 18, 2018 2:43:13 PM eu.bavenir.ogwapi.commons.CommunicationManager getRosterEntriesForObject
FINEST: 4a647e4f-1c80-485d-b1e2-a2e4a2b451a5 Presence: UNKNOWN
Oct 18, 2018 2:43:13 PM eu.bavenir.ogwapi.commons.CommunicationManager getRosterEntriesForObject
FINEST: plugwise__000d6f0005b0fcce Presence: UNKNOWN
Oct 18, 2018 2:43:13 PM eu.bavenir.ogwapi.commons.CommunicationManager getRosterEntriesForObject
FINEST: enocean__01a82356 Presence: UNKNOWN
Oct 18, 2018 2:43:13 PM eu.bavenir.ogwapi.commons.CommunicationManager getRosterEntriesForObject
FINEST: enocean__01a7316e Presence: UNKNOWN
Oct 18, 2018 2:43:13 PM eu.bavenir.ogwapi.commons.CommunicationManager getRosterEntriesForObject
FINEST: ddddd6b7-f9fd-4815-979d-fdb4be2abc88 Presence: UNKNOWN
Oct 18, 2018 2:43:13 PM eu.bavenir.ogwapi.commons.CommunicationManager getRosterEntriesForObject
FINEST: andreaobject1 Presence: UNKNOWN
Oct 18, 2018 2:43:13 PM eu.bavenir.ogwapi.commons.CommunicationManager getRosterEntriesForObject
FINEST: d321a6b7-f9fd-4815-979d-fdb4be2abc88 Presence: UNKNOWN
Oct 18, 2018 2:43:13 PM eu.bavenir.ogwapi.commons.CommunicationManager getRosterEntriesForObject
FINEST: 872df6ad-51a4-4325-8afd-1dcf5b20ac21 Presence: UNKNOWN
Oct 18, 2018 2:43:13 PM eu.bavenir.ogwapi.commons.CommunicationManager getRosterEntriesForObject
FINEST: cbc414ca-9512-4339-895b-ebc4175de2f3 Presence: UNKNOWN
Oct 18, 2018 2:43:13 PM eu.bavenir.ogwapi.commons.CommunicationManager getRosterEntriesForObject
FINEST: iliolousta_25 Presence: UNKNOWN
Oct 18, 2018 2:43:13 PM eu.bavenir.ogwapi.commons.CommunicationManager getRosterEntriesForObject
FINEST: ppppp6b7-f9fd-4815-979d-fdb4be2abc88 Presence: UNKNOWN
Oct 18, 2018 2:43:13 PM eu.bavenir.ogwapi.commons.CommunicationManager getRosterEntriesForObject
FINEST: test_vcnt3 Presence: UNKNOWN
Oct 18, 2018 2:43:13 PM eu.bavenir.ogwapi.commons.CommunicationManager getRosterEntriesForObject
FINEST: b47b4c78-5b79-4136-a56b-959176957489 Presence: UNKNOWN
Oct 18, 2018 2:43:13 PM eu.bavenir.ogwapi.commons.CommunicationManager getRosterEntriesForObject
FINEST: f6d8f0a0-f784-4bd0-a538-4d157bfeb2c5 Presence: UNKNOWN
Oct 18, 2018 2:43:13 PM eu.bavenir.ogwapi.commons.CommunicationManager getRosterEntriesForObject
FINEST: rwthuser0 Presence: UNKNOWN
Oct 18, 2018 2:43:13 PM eu.bavenir.ogwapi.commons.CommunicationManager getRosterEntriesForObject
FINEST: ttttt6b7-f9fd-4815-979d-fdb4be2abc88 Presence: UNKNOWN
Oct 18, 2018 2:43:13 PM eu.bavenir.ogwapi.commons.CommunicationManager getRosterEntriesForObject
FINEST: rwthuser1 Presence: UNKNOWN
Oct 18, 2018 2:43:13 PM eu.bavenir.ogwapi.commons.CommunicationManager getRosterEntriesForObject
FINEST: test_vcnt4 Presence: UNKNOWN
Oct 18, 2018 2:43:13 PM eu.bavenir.ogwapi.commons.CommunicationManager getRosterEntriesForObject
FINEST: plugwise__000d6f00019f0ca4 Presence: UNKNOWN
Oct 18, 2018 2:43:13 PM eu.bavenir.ogwapi.commons.CommunicationManager getRosterEntriesForObject
FINEST: 53678712-44b1-4b13-9fc7-b60cfff85d27 Presence: UNKNOWN
Oct 18, 2018 2:43:13 PM eu.bavenir.ogwapi.commons.CommunicationManager getRosterEntriesForObject
FINEST: -- End of roster --
Oct 18, 2018 2:43:13 PM org.restlet.service.ConverterService toRepresentation
FINE: Converter selected for JsonRepresentation: DefaultConverter
Oct 18, 2018 2:43:34 PM eu.bavenir.ogwapi.restapi.security.AuthenticationVerifier verify
FINE: Valid credentials received from a client with IP 127.0.0.1.
Oct 18, 2018 2:43:34 PM org.restlet.security.ChallengeAuthenticator authenticate
FINE: Authentication succeeded. Valid credentials provided for identifier: test_vcnt0.
Oct 18, 2018 2:43:34 PM org.restlet.security.Authenticator authenticated
FINE: The authentication succeeded for the identifer "test_vcnt0" using the HTTP_Basic scheme.
Oct 18, 2018 2:43:34 PM org.restlet.routing.TemplateRoute score
FINER: Call score for the "/objects/login" URI pattern: 0.0
Oct 18, 2018 2:43:34 PM org.restlet.routing.TemplateRoute score
FINER: Call score for the "/objects/logout" URI pattern: 0.0
Oct 18, 2018 2:43:34 PM org.restlet.routing.TemplateRoute score
FINER: Call score for the "/objects/{oid}/properties" URI pattern: 0.0
Oct 18, 2018 2:43:34 PM org.restlet.routing.TemplateRoute score
FINER: Call score for the "/objects/{oid}/properties/{pid}" URI pattern: 0.0
Oct 18, 2018 2:43:34 PM org.restlet.routing.TemplateRoute score
FINER: Call score for the "/objects/{oid}/actions" URI pattern: 0.0
Oct 18, 2018 2:43:34 PM org.restlet.routing.TemplateRoute score
FINER: Call score for the "/objects/{oid}/actions/{aid}" URI pattern: 0.0
Oct 18, 2018 2:43:34 PM org.restlet.routing.TemplateRoute score
FINER: Call score for the "/objects/{oid}/actions/{aid}/tasks/{tid}" URI pattern: 0.0
Oct 18, 2018 2:43:34 PM org.restlet.routing.TemplateRoute score
FINER: Call score for the "/objects/{oid}/events" URI pattern: 0.0
Oct 18, 2018 2:43:34 PM org.restlet.routing.TemplateRoute score
FINER: Call score for the "/objects/{oid}/events/{eid}" URI pattern: 0.0
Oct 18, 2018 2:43:34 PM org.restlet.routing.TemplateRoute score
FINER: Call score for the "/events/{eid}" URI pattern: 1.0
Oct 18, 2018 2:43:34 PM org.restlet.routing.Router logRoute
FINE: Selected route: "/events/{eid}" -> Finder for EventsEid
Oct 18, 2018 2:43:34 PM org.restlet.routing.TemplateRoute beforeHandle
FINER: 15 characters were matched
Oct 18, 2018 2:43:34 PM org.restlet.routing.TemplateRoute beforeHandle
FINE: New base URI: "http://localhost:8181/api/events/event-1". No remaining part to match
Oct 18, 2018 2:43:34 PM org.restlet.routing.TemplateRoute beforeHandle
FINER: Delegating the call to the target Restlet
Oct 18, 2018 2:43:34 PM org.restlet.engine.application.StrictConneg scoreAnnotation
FINE: Score of annotation "MethodAnnotationInfo [javaMethod: public org.restlet.representation.Representation eu.bavenir.ogwapi.restapi.services.EventsEid.accept(org.restlet.representation.Representation), javaClass: class eu.bavenir.ogwapi.restapi.services.EventsEid, restletMethod: POST, input: json, value: json, output: json, query: null]"= 0.5
Oct 18, 2018 2:43:34 PM org.restlet.engine.application.StrictConneg scoreVariant
FINE: Total score of variant "[application/json]"= 0.04191667
Oct 18, 2018 2:43:34 PM eu.bavenir.ogwapi.commons.ConnectionDescriptor setLocalEventChannelStatus
INFO: Object 'test_vcnt0' created active event channel 'event-1'
Oct 18, 2018 2:43:34 PM org.restlet.service.ConverterService toRepresentation
FINE: Converter selected for JsonRepresentation: DefaultConverter
Oct 18, 2018 2:43:50 PM eu.bavenir.ogwapi.restapi.security.AuthenticationVerifier verify
FINE: Valid credentials received from a client with IP 127.0.0.1.
Oct 18, 2018 2:43:50 PM org.restlet.security.ChallengeAuthenticator authenticate
FINE: Authentication succeeded. Valid credentials provided for identifier: org1dev1.
Oct 18, 2018 2:43:50 PM org.restlet.security.Authenticator authenticated
FINE: The authentication succeeded for the identifer "org1dev1" using the HTTP_Basic scheme.
Oct 18, 2018 2:43:50 PM org.restlet.routing.TemplateRoute score
FINER: Call score for the "/objects/login" URI pattern: 0.0
Oct 18, 2018 2:43:50 PM org.restlet.routing.TemplateRoute score
FINER: Call score for the "/objects/logout" URI pattern: 0.0
Oct 18, 2018 2:43:50 PM org.restlet.routing.TemplateRoute score
FINER: Call score for the "/objects/{oid}/properties" URI pattern: 0.0
Oct 18, 2018 2:43:50 PM org.restlet.routing.TemplateRoute score
FINER: Call score for the "/objects/{oid}/properties/{pid}" URI pattern: 0.0
Oct 18, 2018 2:43:50 PM org.restlet.routing.TemplateRoute score
FINER: Call score for the "/objects/{oid}/actions" URI pattern: 0.0
Oct 18, 2018 2:43:50 PM org.restlet.routing.TemplateRoute score
FINER: Call score for the "/objects/{oid}/actions/{aid}" URI pattern: 0.0
Oct 18, 2018 2:43:50 PM org.restlet.routing.TemplateRoute score
FINER: Call score for the "/objects/{oid}/actions/{aid}/tasks/{tid}" URI pattern: 0.0
Oct 18, 2018 2:43:50 PM org.restlet.routing.TemplateRoute score
FINER: Call score for the "/objects/{oid}/events" URI pattern: 0.0
Oct 18, 2018 2:43:50 PM org.restlet.routing.TemplateRoute score
FINER: Call score for the "/objects/{oid}/events/{eid}" URI pattern: 1.0
Oct 18, 2018 2:43:50 PM org.restlet.routing.Router logRoute
FINE: Selected route: "/objects/{oid}/events/{eid}" -> Finder for ObjectsOidEventsEid
Oct 18, 2018 2:43:50 PM org.restlet.routing.TemplateRoute beforeHandle
FINER: 34 characters were matched
Oct 18, 2018 2:43:50 PM org.restlet.routing.TemplateRoute beforeHandle
FINE: New base URI: "http://localhost:8181/api/objects/test_vcnt0/events/event-1". No remaining part to match
Oct 18, 2018 2:43:50 PM org.restlet.routing.TemplateRoute beforeHandle
FINER: Delegating the call to the target Restlet
Oct 18, 2018 2:43:50 PM org.restlet.engine.application.StrictConneg scoreAnnotation
FINE: Score of annotation "MethodAnnotationInfo [javaMethod: public org.restlet.representation.Representation eu.bavenir.ogwapi.restapi.services.ObjectsOidEventsEid.accept(org.restlet.representation.Representation), javaClass: class eu.bavenir.ogwapi.restapi.services.ObjectsOidEventsEid, restletMethod: POST, input: json, value: json, output: json, query: null]"= 0.5
Oct 18, 2018 2:43:50 PM org.restlet.engine.application.StrictConneg scoreVariant
FINE: Total score of variant "[application/json]"= 0.04191667
Oct 18, 2018 2:43:50 PM eu.bavenir.ogwapi.commons.engines.xmpp.XmppMessageEngine sendMessage
FINEST: XMPPMessageEngine: Status of the roster before message is sent: ready
Oct 18, 2018 2:43:50 PM eu.bavenir.ogwapi.commons.engines.xmpp.XmppMessageEngine sendMessage
FINEST: XMPPMessageEngine: Message sent. Content: {"messageType":1,"requestId":921644693,"sourceOid":"org1dev1","destinationOid":"test_vcnt0","requestOperation":9,"requestBody":null,"attributes":{"eid":"event-1"},"parameters":{}}
Oct 18, 2018 2:43:50 PM eu.bavenir.ogwapi.commons.ConnectionDescriptor processIncommingMessage
FINEST: New message from org1dev1: {"messageType":1,"requestId":921644693,"sourceOid":"org1dev1","destinationOid":"test_vcnt0","requestOperation":9,"requestBody":null,"attributes":{"eid":"event-1"},"parameters":{}}
Oct 18, 2018 2:43:50 PM eu.bavenir.ogwapi.commons.ConnectionDescriptor processIncommingMessage
FINEST: The message is a request. Processing...
Oct 18, 2018 2:43:50 PM eu.bavenir.ogwapi.commons.ConnectionDescriptor respondToEventSubscriptionRequest
FINE: Object ID test_vcnt0 received a request for subscription to event channel event-1 from org1dev1.
Oct 18, 2018 2:43:50 PM eu.bavenir.ogwapi.commons.engines.xmpp.XmppMessageEngine sendMessage
FINEST: XMPPMessageEngine: Status of the roster before message is sent: ready
Oct 18, 2018 2:43:50 PM eu.bavenir.ogwapi.commons.engines.xmpp.XmppMessageEngine sendMessage
FINEST: XMPPMessageEngine: Message sent. Content: {"messageType":2,"requestId":921644693,"error":false,"responseCode":200,"responseCodeReason":"OK. Subscribed.","responseBody":null,"responseBodySupplement":null}
Oct 18, 2018 2:43:50 PM eu.bavenir.ogwapi.commons.ConnectionDescriptor processIncommingMessage
FINEST: New message from test_vcnt0: {"messageType":2,"requestId":921644693,"error":false,"responseCode":200,"responseCodeReason":"OK. Subscribed.","responseBody":null,"responseBodySupplement":null}
Oct 18, 2018 2:43:50 PM eu.bavenir.ogwapi.commons.ConnectionDescriptor processIncommingMessage
FINEST: This message is a response. Adding to incoming queue - message count: 0
Oct 18, 2018 2:43:50 PM eu.bavenir.ogwapi.commons.ConnectionDescriptor sendRequestForRemoteOperation
INFO: It was not possible to turn response body into a valid JSON. Original string: null
Oct 18, 2018 2:43:50 PM org.restlet.service.ConverterService toRepresentation
FINE: Converter selected for JsonRepresentation: DefaultConverter
Oct 18, 2018 2:44:12 PM eu.bavenir.ogwapi.restapi.security.AuthenticationVerifier verify
FINE: Valid credentials received from a client with IP 127.0.0.1.
Oct 18, 2018 2:44:12 PM org.restlet.security.ChallengeAuthenticator authenticate
FINE: Authentication succeeded. Valid credentials provided for identifier: test_vcnt0.
Oct 18, 2018 2:44:12 PM org.restlet.security.Authenticator authenticated
FINE: The authentication succeeded for the identifer "test_vcnt0" using the HTTP_Basic scheme.
Oct 18, 2018 2:44:12 PM org.restlet.routing.TemplateRoute score
FINER: Call score for the "/objects/login" URI pattern: 0.0
Oct 18, 2018 2:44:12 PM org.restlet.routing.TemplateRoute score
FINER: Call score for the "/objects/logout" URI pattern: 0.0
Oct 18, 2018 2:44:12 PM org.restlet.routing.TemplateRoute score
FINER: Call score for the "/objects/{oid}/properties" URI pattern: 0.0
Oct 18, 2018 2:44:12 PM org.restlet.routing.TemplateRoute score
FINER: Call score for the "/objects/{oid}/properties/{pid}" URI pattern: 0.0
Oct 18, 2018 2:44:12 PM org.restlet.routing.TemplateRoute score
FINER: Call score for the "/objects/{oid}/actions" URI pattern: 0.0
Oct 18, 2018 2:44:12 PM org.restlet.routing.TemplateRoute score
FINER: Call score for the "/objects/{oid}/actions/{aid}" URI pattern: 0.0
Oct 18, 2018 2:44:12 PM org.restlet.routing.TemplateRoute score
FINER: Call score for the "/objects/{oid}/actions/{aid}/tasks/{tid}" URI pattern: 0.0
Oct 18, 2018 2:44:12 PM org.restlet.routing.TemplateRoute score
FINER: Call score for the "/objects/{oid}/events" URI pattern: 0.0
Oct 18, 2018 2:44:12 PM org.restlet.routing.TemplateRoute score
FINER: Call score for the "/objects/{oid}/events/{eid}" URI pattern: 0.0
Oct 18, 2018 2:44:12 PM org.restlet.routing.TemplateRoute score
FINER: Call score for the "/events/{eid}" URI pattern: 1.0
Oct 18, 2018 2:44:12 PM org.restlet.routing.Router logRoute
FINE: Selected route: "/events/{eid}" -> Finder for EventsEid
Oct 18, 2018 2:44:12 PM org.restlet.routing.TemplateRoute beforeHandle
FINER: 15 characters were matched
Oct 18, 2018 2:44:12 PM org.restlet.routing.TemplateRoute beforeHandle
FINE: New base URI: "http://localhost:8181/api/events/event-1". No remaining part to match
Oct 18, 2018 2:44:12 PM org.restlet.routing.TemplateRoute beforeHandle
FINER: Delegating the call to the target Restlet
Oct 18, 2018 2:44:12 PM org.restlet.engine.application.StrictConneg scoreAnnotation
FINE: Score of annotation "MethodAnnotationInfo [javaMethod: public org.restlet.representation.Representation eu.bavenir.ogwapi.restapi.services.EventsEid.store(org.restlet.representation.Representation), javaClass: class eu.bavenir.ogwapi.restapi.services.EventsEid, restletMethod: PUT, input: json, value: json, output: json, query: null]"= 0.5
Oct 18, 2018 2:44:12 PM org.restlet.engine.application.StrictConneg scoreVariant
FINE: Total score of variant "[application/json]"= 0.08383334
Oct 18, 2018 2:44:12 PM org.restlet.service.ConverterService toObject
FINE: The following converter was selected for the [application/json] representation: org.restlet.engine.converter.DefaultConverter@4d9c8721
Oct 18, 2018 2:44:12 PM eu.bavenir.ogwapi.commons.engines.xmpp.XmppMessageEngine sendMessage
FINEST: XMPPMessageEngine: Status of the roster before message is sent: ready
Oct 18, 2018 2:44:12 PM eu.bavenir.ogwapi.commons.engines.xmpp.XmppMessageEngine sendMessage
FINEST: XMPPMessageEngine: Message sent. Content: {"messageType":3,"sourceOid":"test_vcnt0","eid":"event-1","body":"{\n\t\"event\": \"len taky jebot\"\n}","parameters":{}}
Oct 18, 2018 2:44:12 PM eu.bavenir.ogwapi.commons.ConnectionDescriptor sendEventToSubscribers
INFO: Event event-1 was successfully distributed to 1 out of 1 subscribers.
Oct 18, 2018 2:44:12 PM org.restlet.service.ConverterService toRepresentation
FINE: Converter selected for JsonRepresentation: DefaultConverter
Oct 18, 2018 2:44:12 PM eu.bavenir.ogwapi.commons.ConnectionDescriptor processIncommingMessage
FINEST: New message from test_vcnt0: {"messageType":3,"sourceOid":"test_vcnt0","eid":"event-1","body":"{\n\t\"event\": \"len taky jebot\"\n}","parameters":{}}
Oct 18, 2018 2:44:12 PM eu.bavenir.ogwapi.commons.ConnectionDescriptor processIncommingMessage
FINEST: This message is an event. Forwarding...
Oct 18, 2018 2:44:12 PM eu.bavenir.ogwapi.commons.ConnectionDescriptor processMessageEvent
INFO: Event event-1 arrived from test_vcnt0. Event body: {
	"event": "len taky jebot"
}
Oct 18, 2018 2:44:12 PM eu.bavenir.ogwapi.commons.connectors.http.RestAgentConnector performDummyOperation
INFO: Dummy REST Agent Connector received following data to perform request:
Operation code: 2
Full URL: http://localhost:9997/agent/objects/org1dev1/events/event-1
Body: {
	"event": "len taky jebot"
}
Oct 18, 2018 2:44:12 PM eu.bavenir.ogwapi.commons.ConnectionDescriptor processMessageEvent
INFO: Event forwarded successfully.
Oct 18, 2018 2:44:52 PM eu.bavenir.ogwapi.restapi.security.AuthenticationVerifier verify
FINE: Valid credentials received from a client with IP 127.0.0.1.
Oct 18, 2018 2:44:52 PM org.restlet.security.ChallengeAuthenticator authenticate
FINE: Authentication succeeded. Valid credentials provided for identifier: test_vcnt0.
Oct 18, 2018 2:44:52 PM org.restlet.security.Authenticator authenticated
FINE: The authentication succeeded for the identifer "test_vcnt0" using the HTTP_Basic scheme.
Oct 18, 2018 2:44:52 PM org.restlet.routing.TemplateRoute score
FINER: Call score for the "/objects/login" URI pattern: 0.0
Oct 18, 2018 2:44:52 PM org.restlet.routing.TemplateRoute score
FINER: Call score for the "/objects/logout" URI pattern: 0.0
Oct 18, 2018 2:44:52 PM org.restlet.routing.TemplateRoute score
FINER: Call score for the "/objects/{oid}/properties" URI pattern: 0.0
Oct 18, 2018 2:44:52 PM org.restlet.routing.TemplateRoute score
FINER: Call score for the "/objects/{oid}/properties/{pid}" URI pattern: 0.0
Oct 18, 2018 2:44:52 PM org.restlet.routing.TemplateRoute score
FINER: Call score for the "/objects/{oid}/actions" URI pattern: 0.0
Oct 18, 2018 2:44:52 PM org.restlet.routing.TemplateRoute score
FINER: Call score for the "/objects/{oid}/actions/{aid}" URI pattern: 0.0
Oct 18, 2018 2:44:52 PM org.restlet.routing.TemplateRoute score
FINER: Call score for the "/objects/{oid}/actions/{aid}/tasks/{tid}" URI pattern: 0.0
Oct 18, 2018 2:44:52 PM org.restlet.routing.TemplateRoute score
FINER: Call score for the "/objects/{oid}/events" URI pattern: 0.0
Oct 18, 2018 2:44:52 PM org.restlet.routing.TemplateRoute score
FINER: Call score for the "/objects/{oid}/events/{eid}" URI pattern: 0.0
Oct 18, 2018 2:44:52 PM org.restlet.routing.TemplateRoute score
FINER: Call score for the "/events/{eid}" URI pattern: 1.0
Oct 18, 2018 2:44:52 PM org.restlet.routing.Router logRoute
FINE: Selected route: "/events/{eid}" -> Finder for EventsEid
Oct 18, 2018 2:44:52 PM org.restlet.routing.TemplateRoute beforeHandle
FINER: 15 characters were matched
Oct 18, 2018 2:44:52 PM org.restlet.routing.TemplateRoute beforeHandle
FINE: New base URI: "http://localhost:8181/api/events/event-2". No remaining part to match
Oct 18, 2018 2:44:52 PM org.restlet.routing.TemplateRoute beforeHandle
FINER: Delegating the call to the target Restlet
Oct 18, 2018 2:44:52 PM org.restlet.engine.application.StrictConneg scoreAnnotation
FINE: Score of annotation "MethodAnnotationInfo [javaMethod: public org.restlet.representation.Representation eu.bavenir.ogwapi.restapi.services.EventsEid.accept(org.restlet.representation.Representation), javaClass: class eu.bavenir.ogwapi.restapi.services.EventsEid, restletMethod: POST, input: json, value: json, output: json, query: null]"= 0.5
Oct 18, 2018 2:44:52 PM org.restlet.engine.application.StrictConneg scoreVariant
FINE: Total score of variant "[application/json]"= 0.04191667
Oct 18, 2018 2:44:52 PM eu.bavenir.ogwapi.commons.ConnectionDescriptor setLocalEventChannelStatus
INFO: Object 'test_vcnt0' created active event channel 'event-2'
Oct 18, 2018 2:44:52 PM org.restlet.service.ConverterService toRepresentation
FINE: Converter selected for JsonRepresentation: DefaultConverter
Oct 18, 2018 2:44:57 PM eu.bavenir.ogwapi.restapi.security.AuthenticationVerifier verify
FINE: Valid credentials received from a client with IP 127.0.0.1.
Oct 18, 2018 2:44:57 PM org.restlet.security.ChallengeAuthenticator authenticate
FINE: Authentication succeeded. Valid credentials provided for identifier: test_vcnt0.
Oct 18, 2018 2:44:57 PM org.restlet.security.Authenticator authenticated
FINE: The authentication succeeded for the identifer "test_vcnt0" using the HTTP_Basic scheme.
Oct 18, 2018 2:44:57 PM org.restlet.routing.TemplateRoute score
FINER: Call score for the "/objects/login" URI pattern: 0.0
Oct 18, 2018 2:44:57 PM org.restlet.routing.TemplateRoute score
FINER: Call score for the "/objects/logout" URI pattern: 0.0
Oct 18, 2018 2:44:57 PM org.restlet.routing.TemplateRoute score
FINER: Call score for the "/objects/{oid}/properties" URI pattern: 0.0
Oct 18, 2018 2:44:57 PM org.restlet.routing.TemplateRoute score
FINER: Call score for the "/objects/{oid}/properties/{pid}" URI pattern: 0.0
Oct 18, 2018 2:44:57 PM org.restlet.routing.TemplateRoute score
FINER: Call score for the "/objects/{oid}/actions" URI pattern: 0.0
Oct 18, 2018 2:44:57 PM org.restlet.routing.TemplateRoute score
FINER: Call score for the "/objects/{oid}/actions/{aid}" URI pattern: 0.0
Oct 18, 2018 2:44:57 PM org.restlet.routing.TemplateRoute score
FINER: Call score for the "/objects/{oid}/actions/{aid}/tasks/{tid}" URI pattern: 0.0
Oct 18, 2018 2:44:57 PM org.restlet.routing.TemplateRoute score
FINER: Call score for the "/objects/{oid}/events" URI pattern: 0.0
Oct 18, 2018 2:44:57 PM org.restlet.routing.TemplateRoute score
FINER: Call score for the "/objects/{oid}/events/{eid}" URI pattern: 0.0
Oct 18, 2018 2:44:57 PM org.restlet.routing.TemplateRoute score
FINER: Call score for the "/events/{eid}" URI pattern: 1.0
Oct 18, 2018 2:44:57 PM org.restlet.routing.Router logRoute
FINE: Selected route: "/events/{eid}" -> Finder for EventsEid
Oct 18, 2018 2:44:57 PM org.restlet.routing.TemplateRoute beforeHandle
FINER: 15 characters were matched
Oct 18, 2018 2:44:57 PM org.restlet.routing.TemplateRoute beforeHandle
FINE: New base URI: "http://localhost:8181/api/events/event-3". No remaining part to match
Oct 18, 2018 2:44:57 PM org.restlet.routing.TemplateRoute beforeHandle
FINER: Delegating the call to the target Restlet
Oct 18, 2018 2:44:57 PM org.restlet.engine.application.StrictConneg scoreAnnotation
FINE: Score of annotation "MethodAnnotationInfo [javaMethod: public org.restlet.representation.Representation eu.bavenir.ogwapi.restapi.services.EventsEid.accept(org.restlet.representation.Representation), javaClass: class eu.bavenir.ogwapi.restapi.services.EventsEid, restletMethod: POST, input: json, value: json, output: json, query: null]"= 0.5
Oct 18, 2018 2:44:57 PM org.restlet.engine.application.StrictConneg scoreVariant
FINE: Total score of variant "[application/json]"= 0.04191667
Oct 18, 2018 2:44:57 PM eu.bavenir.ogwapi.commons.ConnectionDescriptor setLocalEventChannelStatus
INFO: Object 'test_vcnt0' created active event channel 'event-3'
Oct 18, 2018 2:44:57 PM org.restlet.service.ConverterService toRepresentation
FINE: Converter selected for JsonRepresentation: DefaultConverter
Oct 18, 2018 2:45:02 PM eu.bavenir.ogwapi.restapi.security.AuthenticationVerifier verify
FINE: Valid credentials received from a client with IP 127.0.0.1.
Oct 18, 2018 2:45:02 PM org.restlet.security.ChallengeAuthenticator authenticate
FINE: Authentication succeeded. Valid credentials provided for identifier: test_vcnt0.
Oct 18, 2018 2:45:02 PM org.restlet.security.Authenticator authenticated
FINE: The authentication succeeded for the identifer "test_vcnt0" using the HTTP_Basic scheme.
Oct 18, 2018 2:45:02 PM org.restlet.routing.TemplateRoute score
FINER: Call score for the "/objects/login" URI pattern: 0.0
Oct 18, 2018 2:45:02 PM org.restlet.routing.TemplateRoute score
FINER: Call score for the "/objects/logout" URI pattern: 0.0
Oct 18, 2018 2:45:02 PM org.restlet.routing.TemplateRoute score
FINER: Call score for the "/objects/{oid}/properties" URI pattern: 0.0
Oct 18, 2018 2:45:02 PM org.restlet.routing.TemplateRoute score
FINER: Call score for the "/objects/{oid}/properties/{pid}" URI pattern: 0.0
Oct 18, 2018 2:45:02 PM org.restlet.routing.TemplateRoute score
FINER: Call score for the "/objects/{oid}/actions" URI pattern: 0.0
Oct 18, 2018 2:45:02 PM org.restlet.routing.TemplateRoute score
FINER: Call score for the "/objects/{oid}/actions/{aid}" URI pattern: 0.0
Oct 18, 2018 2:45:02 PM org.restlet.routing.TemplateRoute score
FINER: Call score for the "/objects/{oid}/actions/{aid}/tasks/{tid}" URI pattern: 0.0
Oct 18, 2018 2:45:02 PM org.restlet.routing.TemplateRoute score
FINER: Call score for the "/objects/{oid}/events" URI pattern: 0.0
Oct 18, 2018 2:45:02 PM org.restlet.routing.TemplateRoute score
FINER: Call score for the "/objects/{oid}/events/{eid}" URI pattern: 0.0
Oct 18, 2018 2:45:02 PM org.restlet.routing.TemplateRoute score
FINER: Call score for the "/events/{eid}" URI pattern: 1.0
Oct 18, 2018 2:45:02 PM org.restlet.routing.Router logRoute
FINE: Selected route: "/events/{eid}" -> Finder for EventsEid
Oct 18, 2018 2:45:02 PM org.restlet.routing.TemplateRoute beforeHandle
FINER: 15 characters were matched
Oct 18, 2018 2:45:02 PM org.restlet.routing.TemplateRoute beforeHandle
FINE: New base URI: "http://localhost:8181/api/events/event-4". No remaining part to match
Oct 18, 2018 2:45:02 PM org.restlet.routing.TemplateRoute beforeHandle
FINER: Delegating the call to the target Restlet
Oct 18, 2018 2:45:02 PM org.restlet.engine.application.StrictConneg scoreAnnotation
FINE: Score of annotation "MethodAnnotationInfo [javaMethod: public org.restlet.representation.Representation eu.bavenir.ogwapi.restapi.services.EventsEid.accept(org.restlet.representation.Representation), javaClass: class eu.bavenir.ogwapi.restapi.services.EventsEid, restletMethod: POST, input: json, value: json, output: json, query: null]"= 0.5
Oct 18, 2018 2:45:02 PM org.restlet.engine.application.StrictConneg scoreVariant
FINE: Total score of variant "[application/json]"= 0.04191667
Oct 18, 2018 2:45:02 PM eu.bavenir.ogwapi.commons.ConnectionDescriptor setLocalEventChannelStatus
INFO: Object 'test_vcnt0' created active event channel 'event-4'
Oct 18, 2018 2:45:02 PM org.restlet.service.ConverterService toRepresentation
FINE: Converter selected for JsonRepresentation: DefaultConverter
Oct 18, 2018 2:45:18 PM eu.bavenir.ogwapi.restapi.security.AuthenticationVerifier verify
FINE: Valid credentials received from a client with IP 127.0.0.1.
Oct 18, 2018 2:45:18 PM org.restlet.security.ChallengeAuthenticator authenticate
FINE: Authentication succeeded. Valid credentials provided for identifier: test_vcnt0.
Oct 18, 2018 2:45:18 PM org.restlet.security.Authenticator authenticated
FINE: The authentication succeeded for the identifer "test_vcnt0" using the HTTP_Basic scheme.
Oct 18, 2018 2:45:18 PM org.restlet.routing.TemplateRoute score
FINER: Call score for the "/objects/login" URI pattern: 0.0
Oct 18, 2018 2:45:18 PM org.restlet.routing.TemplateRoute score
FINER: Call score for the "/objects/logout" URI pattern: 0.0
Oct 18, 2018 2:45:18 PM org.restlet.routing.TemplateRoute score
FINER: Call score for the "/objects/{oid}/properties" URI pattern: 0.0
Oct 18, 2018 2:45:18 PM org.restlet.routing.TemplateRoute score
FINER: Call score for the "/objects/{oid}/properties/{pid}" URI pattern: 0.0
Oct 18, 2018 2:45:18 PM org.restlet.routing.TemplateRoute score
FINER: Call score for the "/objects/{oid}/actions" URI pattern: 0.0
Oct 18, 2018 2:45:18 PM org.restlet.routing.TemplateRoute score
FINER: Call score for the "/objects/{oid}/actions/{aid}" URI pattern: 0.0
Oct 18, 2018 2:45:18 PM org.restlet.routing.TemplateRoute score
FINER: Call score for the "/objects/{oid}/actions/{aid}/tasks/{tid}" URI pattern: 0.0
Oct 18, 2018 2:45:18 PM org.restlet.routing.TemplateRoute score
FINER: Call score for the "/objects/{oid}/events" URI pattern: 0.0
Oct 18, 2018 2:45:18 PM org.restlet.routing.TemplateRoute score
FINER: Call score for the "/objects/{oid}/events/{eid}" URI pattern: 0.0
Oct 18, 2018 2:45:18 PM org.restlet.routing.TemplateRoute score
FINER: Call score for the "/events/{eid}" URI pattern: 1.0
Oct 18, 2018 2:45:18 PM org.restlet.routing.Router logRoute
FINE: Selected route: "/events/{eid}" -> Finder for EventsEid
Oct 18, 2018 2:45:18 PM org.restlet.routing.TemplateRoute beforeHandle
FINER: 15 characters were matched
Oct 18, 2018 2:45:18 PM org.restlet.routing.TemplateRoute beforeHandle
FINE: New base URI: "http://localhost:8181/api/events/event-2". No remaining part to match
Oct 18, 2018 2:45:18 PM org.restlet.routing.TemplateRoute beforeHandle
FINER: Delegating the call to the target Restlet
Oct 18, 2018 2:45:18 PM org.restlet.engine.application.StrictConneg scoreAnnotation
FINE: Score of annotation "MethodAnnotationInfo [javaMethod: public org.restlet.representation.Representation eu.bavenir.ogwapi.restapi.services.EventsEid.store(org.restlet.representation.Representation), javaClass: class eu.bavenir.ogwapi.restapi.services.EventsEid, restletMethod: PUT, input: json, value: json, output: json, query: null]"= 0.5
Oct 18, 2018 2:45:18 PM org.restlet.engine.application.StrictConneg scoreVariant
FINE: Total score of variant "[application/json]"= 0.08383334
Oct 18, 2018 2:45:18 PM org.restlet.service.ConverterService toObject
FINE: The following converter was selected for the [application/json] representation: org.restlet.engine.converter.DefaultConverter@4d9c8721
Oct 18, 2018 2:45:18 PM eu.bavenir.ogwapi.commons.ConnectionDescriptor sendEventToSubscribers
INFO: Event event-2 was successfully distributed to 0 out of 0 subscribers.
Oct 18, 2018 2:45:18 PM org.restlet.service.ConverterService toRepresentation
FINE: Converter selected for JsonRepresentation: DefaultConverter
Oct 18, 2018 2:45:26 PM eu.bavenir.ogwapi.restapi.security.AuthenticationVerifier verify
FINE: Valid credentials received from a client with IP 127.0.0.1.
Oct 18, 2018 2:45:26 PM org.restlet.security.ChallengeAuthenticator authenticate
FINE: Authentication succeeded. Valid credentials provided for identifier: test_vcnt0.
Oct 18, 2018 2:45:26 PM org.restlet.security.Authenticator authenticated
FINE: The authentication succeeded for the identifer "test_vcnt0" using the HTTP_Basic scheme.
Oct 18, 2018 2:45:26 PM org.restlet.routing.TemplateRoute score
FINER: Call score for the "/objects/login" URI pattern: 0.0
Oct 18, 2018 2:45:26 PM org.restlet.routing.TemplateRoute score
FINER: Call score for the "/objects/logout" URI pattern: 0.0
Oct 18, 2018 2:45:26 PM org.restlet.routing.TemplateRoute score
FINER: Call score for the "/objects/{oid}/properties" URI pattern: 0.0
Oct 18, 2018 2:45:26 PM org.restlet.routing.TemplateRoute score
FINER: Call score for the "/objects/{oid}/properties/{pid}" URI pattern: 0.0
Oct 18, 2018 2:45:26 PM org.restlet.routing.TemplateRoute score
FINER: Call score for the "/objects/{oid}/actions" URI pattern: 0.0
Oct 18, 2018 2:45:26 PM org.restlet.routing.TemplateRoute score
FINER: Call score for the "/objects/{oid}/actions/{aid}" URI pattern: 0.0
Oct 18, 2018 2:45:26 PM org.restlet.routing.TemplateRoute score
FINER: Call score for the "/objects/{oid}/actions/{aid}/tasks/{tid}" URI pattern: 0.0
Oct 18, 2018 2:45:26 PM org.restlet.routing.TemplateRoute score
FINER: Call score for the "/objects/{oid}/events" URI pattern: 0.0
Oct 18, 2018 2:45:26 PM org.restlet.routing.TemplateRoute score
FINER: Call score for the "/objects/{oid}/events/{eid}" URI pattern: 0.0
Oct 18, 2018 2:45:26 PM org.restlet.routing.TemplateRoute score
FINER: Call score for the "/events/{eid}" URI pattern: 1.0
Oct 18, 2018 2:45:26 PM org.restlet.routing.Router logRoute
FINE: Selected route: "/events/{eid}" -> Finder for EventsEid
Oct 18, 2018 2:45:26 PM org.restlet.routing.TemplateRoute beforeHandle
FINER: 15 characters were matched
Oct 18, 2018 2:45:26 PM org.restlet.routing.TemplateRoute beforeHandle
FINE: New base URI: "http://localhost:8181/api/events/event-3". No remaining part to match
Oct 18, 2018 2:45:26 PM org.restlet.routing.TemplateRoute beforeHandle
FINER: Delegating the call to the target Restlet
Oct 18, 2018 2:45:26 PM org.restlet.engine.application.StrictConneg scoreAnnotation
FINE: Score of annotation "MethodAnnotationInfo [javaMethod: public org.restlet.representation.Representation eu.bavenir.ogwapi.restapi.services.EventsEid.store(org.restlet.representation.Representation), javaClass: class eu.bavenir.ogwapi.restapi.services.EventsEid, restletMethod: PUT, input: json, value: json, output: json, query: null]"= 0.5
Oct 18, 2018 2:45:26 PM org.restlet.engine.application.StrictConneg scoreVariant
FINE: Total score of variant "[application/json]"= 0.08383334
Oct 18, 2018 2:45:26 PM org.restlet.service.ConverterService toObject
FINE: The following converter was selected for the [application/json] representation: org.restlet.engine.converter.DefaultConverter@4d9c8721
Oct 18, 2018 2:45:26 PM eu.bavenir.ogwapi.commons.ConnectionDescriptor sendEventToSubscribers
INFO: Event event-3 was successfully distributed to 0 out of 0 subscribers.
Oct 18, 2018 2:45:26 PM org.restlet.service.ConverterService toRepresentation
FINE: Converter selected for JsonRepresentation: DefaultConverter
Oct 18, 2018 2:45:31 PM eu.bavenir.ogwapi.restapi.security.AuthenticationVerifier verify
FINE: Valid credentials received from a client with IP 127.0.0.1.
Oct 18, 2018 2:45:31 PM org.restlet.security.ChallengeAuthenticator authenticate
FINE: Authentication succeeded. Valid credentials provided for identifier: test_vcnt0.
Oct 18, 2018 2:45:31 PM org.restlet.security.Authenticator authenticated
FINE: The authentication succeeded for the identifer "test_vcnt0" using the HTTP_Basic scheme.
Oct 18, 2018 2:45:31 PM org.restlet.routing.TemplateRoute score
FINER: Call score for the "/objects/login" URI pattern: 0.0
Oct 18, 2018 2:45:31 PM org.restlet.routing.TemplateRoute score
FINER: Call score for the "/objects/logout" URI pattern: 0.0
Oct 18, 2018 2:45:31 PM org.restlet.routing.TemplateRoute score
FINER: Call score for the "/objects/{oid}/properties" URI pattern: 0.0
Oct 18, 2018 2:45:31 PM org.restlet.routing.TemplateRoute score
FINER: Call score for the "/objects/{oid}/properties/{pid}" URI pattern: 0.0
Oct 18, 2018 2:45:31 PM org.restlet.routing.TemplateRoute score
FINER: Call score for the "/objects/{oid}/actions" URI pattern: 0.0
Oct 18, 2018 2:45:31 PM org.restlet.routing.TemplateRoute score
FINER: Call score for the "/objects/{oid}/actions/{aid}" URI pattern: 0.0
Oct 18, 2018 2:45:31 PM org.restlet.routing.TemplateRoute score
FINER: Call score for the "/objects/{oid}/actions/{aid}/tasks/{tid}" URI pattern: 0.0
Oct 18, 2018 2:45:31 PM org.restlet.routing.TemplateRoute score
FINER: Call score for the "/objects/{oid}/events" URI pattern: 0.0
Oct 18, 2018 2:45:31 PM org.restlet.routing.TemplateRoute score
FINER: Call score for the "/objects/{oid}/events/{eid}" URI pattern: 0.0
Oct 18, 2018 2:45:31 PM org.restlet.routing.TemplateRoute score
FINER: Call score for the "/events/{eid}" URI pattern: 1.0
Oct 18, 2018 2:45:31 PM org.restlet.routing.Router logRoute
FINE: Selected route: "/events/{eid}" -> Finder for EventsEid
Oct 18, 2018 2:45:31 PM org.restlet.routing.TemplateRoute beforeHandle
FINER: 15 characters were matched
Oct 18, 2018 2:45:31 PM org.restlet.routing.TemplateRoute beforeHandle
FINE: New base URI: "http://localhost:8181/api/events/event-4". No remaining part to match
Oct 18, 2018 2:45:31 PM org.restlet.routing.TemplateRoute beforeHandle
FINER: Delegating the call to the target Restlet
Oct 18, 2018 2:45:31 PM org.restlet.engine.application.StrictConneg scoreAnnotation
FINE: Score of annotation "MethodAnnotationInfo [javaMethod: public org.restlet.representation.Representation eu.bavenir.ogwapi.restapi.services.EventsEid.store(org.restlet.representation.Representation), javaClass: class eu.bavenir.ogwapi.restapi.services.EventsEid, restletMethod: PUT, input: json, value: json, output: json, query: null]"= 0.5
Oct 18, 2018 2:45:31 PM org.restlet.engine.application.StrictConneg scoreVariant
FINE: Total score of variant "[application/json]"= 0.08383334
Oct 18, 2018 2:45:31 PM org.restlet.service.ConverterService toObject
FINE: The following converter was selected for the [application/json] representation: org.restlet.engine.converter.DefaultConverter@4d9c8721
Oct 18, 2018 2:45:31 PM eu.bavenir.ogwapi.commons.ConnectionDescriptor sendEventToSubscribers
INFO: Event event-4 was successfully distributed to 0 out of 0 subscribers.
Oct 18, 2018 2:45:31 PM org.restlet.service.ConverterService toRepresentation
FINE: Converter selected for JsonRepresentation: DefaultConverter
Oct 18, 2018 2:45:37 PM eu.bavenir.ogwapi.restapi.security.AuthenticationVerifier verify
FINE: Valid credentials received from a client with IP 127.0.0.1.
Oct 18, 2018 2:45:37 PM org.restlet.security.ChallengeAuthenticator authenticate
FINE: Authentication succeeded. Valid credentials provided for identifier: test_vcnt0.
Oct 18, 2018 2:45:37 PM org.restlet.security.Authenticator authenticated
FINE: The authentication succeeded for the identifer "test_vcnt0" using the HTTP_Basic scheme.
Oct 18, 2018 2:45:37 PM org.restlet.routing.TemplateRoute score
FINER: Call score for the "/objects/login" URI pattern: 0.0
Oct 18, 2018 2:45:37 PM org.restlet.routing.TemplateRoute score
FINER: Call score for the "/objects/logout" URI pattern: 0.0
Oct 18, 2018 2:45:37 PM org.restlet.routing.TemplateRoute score
FINER: Call score for the "/objects/{oid}/properties" URI pattern: 0.0
Oct 18, 2018 2:45:37 PM org.restlet.routing.TemplateRoute score
FINER: Call score for the "/objects/{oid}/properties/{pid}" URI pattern: 0.0
Oct 18, 2018 2:45:37 PM org.restlet.routing.TemplateRoute score
FINER: Call score for the "/objects/{oid}/actions" URI pattern: 0.0
Oct 18, 2018 2:45:37 PM org.restlet.routing.TemplateRoute score
FINER: Call score for the "/objects/{oid}/actions/{aid}" URI pattern: 0.0
Oct 18, 2018 2:45:37 PM org.restlet.routing.TemplateRoute score
FINER: Call score for the "/objects/{oid}/actions/{aid}/tasks/{tid}" URI pattern: 0.0
Oct 18, 2018 2:45:37 PM org.restlet.routing.TemplateRoute score
FINER: Call score for the "/objects/{oid}/events" URI pattern: 0.0
Oct 18, 2018 2:45:37 PM org.restlet.routing.TemplateRoute score
FINER: Call score for the "/objects/{oid}/events/{eid}" URI pattern: 0.0
Oct 18, 2018 2:45:37 PM org.restlet.routing.TemplateRoute score
FINER: Call score for the "/events/{eid}" URI pattern: 1.0
Oct 18, 2018 2:45:37 PM org.restlet.routing.Router logRoute
FINE: Selected route: "/events/{eid}" -> Finder for EventsEid
Oct 18, 2018 2:45:37 PM org.restlet.routing.TemplateRoute beforeHandle
FINER: 15 characters were matched
Oct 18, 2018 2:45:37 PM org.restlet.routing.TemplateRoute beforeHandle
FINE: New base URI: "http://localhost:8181/api/events/event-5". No remaining part to match
Oct 18, 2018 2:45:37 PM org.restlet.routing.TemplateRoute beforeHandle
FINER: Delegating the call to the target Restlet
Oct 18, 2018 2:45:37 PM org.restlet.engine.application.StrictConneg scoreAnnotation
FINE: Score of annotation "MethodAnnotationInfo [javaMethod: public org.restlet.representation.Representation eu.bavenir.ogwapi.restapi.services.EventsEid.store(org.restlet.representation.Representation), javaClass: class eu.bavenir.ogwapi.restapi.services.EventsEid, restletMethod: PUT, input: json, value: json, output: json, query: null]"= 0.5
Oct 18, 2018 2:45:37 PM org.restlet.engine.application.StrictConneg scoreVariant
FINE: Total score of variant "[application/json]"= 0.08383334
Oct 18, 2018 2:45:37 PM org.restlet.service.ConverterService toObject
FINE: The following converter was selected for the [application/json] representation: org.restlet.engine.converter.DefaultConverter@4d9c8721
Oct 18, 2018 2:45:37 PM eu.bavenir.ogwapi.commons.ConnectionDescriptor sendEventToSubscribers
INFO: Could not distribute an event to the channel 'event-5' of the object 'test_vcnt0'. The event channel does not exist or is not active.
Oct 18, 2018 2:45:37 PM org.restlet.service.ConverterService toRepresentation
FINE: Converter selected for JsonRepresentation: DefaultConverter
Oct 18, 2018 2:45:59 PM eu.bavenir.ogwapi.restapi.security.AuthenticationVerifier verify
FINE: Valid credentials received from a client with IP 127.0.0.1.
Oct 18, 2018 2:45:59 PM org.restlet.security.ChallengeAuthenticator authenticate
FINE: Authentication succeeded. Valid credentials provided for identifier: org1dev1.
Oct 18, 2018 2:45:59 PM org.restlet.security.Authenticator authenticated
FINE: The authentication succeeded for the identifer "org1dev1" using the HTTP_Basic scheme.
Oct 18, 2018 2:45:59 PM org.restlet.routing.TemplateRoute score
FINER: Call score for the "/objects/login" URI pattern: 0.0
Oct 18, 2018 2:45:59 PM org.restlet.routing.TemplateRoute score
FINER: Call score for the "/objects/logout" URI pattern: 0.0
Oct 18, 2018 2:45:59 PM org.restlet.routing.TemplateRoute score
FINER: Call score for the "/objects/{oid}/properties" URI pattern: 0.0
Oct 18, 2018 2:45:59 PM org.restlet.routing.TemplateRoute score
FINER: Call score for the "/objects/{oid}/properties/{pid}" URI pattern: 0.0
Oct 18, 2018 2:45:59 PM org.restlet.routing.TemplateRoute score
FINER: Call score for the "/objects/{oid}/actions" URI pattern: 0.0
Oct 18, 2018 2:45:59 PM org.restlet.routing.TemplateRoute score
FINER: Call score for the "/objects/{oid}/actions/{aid}" URI pattern: 0.0
Oct 18, 2018 2:45:59 PM org.restlet.routing.TemplateRoute score
FINER: Call score for the "/objects/{oid}/actions/{aid}/tasks/{tid}" URI pattern: 0.0
Oct 18, 2018 2:45:59 PM org.restlet.routing.TemplateRoute score
FINER: Call score for the "/objects/{oid}/events" URI pattern: 0.0
Oct 18, 2018 2:45:59 PM org.restlet.routing.TemplateRoute score
FINER: Call score for the "/objects/{oid}/events/{eid}" URI pattern: 1.0
Oct 18, 2018 2:45:59 PM org.restlet.routing.Router logRoute
FINE: Selected route: "/objects/{oid}/events/{eid}" -> Finder for ObjectsOidEventsEid
Oct 18, 2018 2:45:59 PM org.restlet.routing.TemplateRoute beforeHandle
FINER: 34 characters were matched
Oct 18, 2018 2:45:59 PM org.restlet.routing.TemplateRoute beforeHandle
FINE: New base URI: "http://localhost:8181/api/objects/test_vcnt0/events/event-5". No remaining part to match
Oct 18, 2018 2:45:59 PM org.restlet.routing.TemplateRoute beforeHandle
FINER: Delegating the call to the target Restlet
Oct 18, 2018 2:45:59 PM org.restlet.engine.application.StrictConneg scoreAnnotation
FINE: Score of annotation "MethodAnnotationInfo [javaMethod: public org.restlet.representation.Representation eu.bavenir.ogwapi.restapi.services.ObjectsOidEventsEid.accept(org.restlet.representation.Representation), javaClass: class eu.bavenir.ogwapi.restapi.services.ObjectsOidEventsEid, restletMethod: POST, input: json, value: json, output: json, query: null]"= 0.5
Oct 18, 2018 2:45:59 PM org.restlet.engine.application.StrictConneg scoreVariant
FINE: Total score of variant "[application/json]"= 0.04191667
Oct 18, 2018 2:45:59 PM eu.bavenir.ogwapi.commons.engines.xmpp.XmppMessageEngine sendMessage
FINEST: XMPPMessageEngine: Status of the roster before message is sent: ready
Oct 18, 2018 2:45:59 PM eu.bavenir.ogwapi.commons.engines.xmpp.XmppMessageEngine sendMessage
FINEST: XMPPMessageEngine: Message sent. Content: {"messageType":1,"requestId":373956124,"sourceOid":"org1dev1","destinationOid":"test_vcnt0","requestOperation":9,"requestBody":null,"attributes":{"eid":"event-5"},"parameters":{}}
Oct 18, 2018 2:45:59 PM eu.bavenir.ogwapi.commons.ConnectionDescriptor processIncommingMessage
FINEST: New message from org1dev1: {"messageType":1,"requestId":373956124,"sourceOid":"org1dev1","destinationOid":"test_vcnt0","requestOperation":9,"requestBody":null,"attributes":{"eid":"event-5"},"parameters":{}}
Oct 18, 2018 2:45:59 PM eu.bavenir.ogwapi.commons.ConnectionDescriptor processIncommingMessage
FINEST: The message is a request. Processing...
Oct 18, 2018 2:45:59 PM eu.bavenir.ogwapi.commons.ConnectionDescriptor respondToEventSubscriptionRequest
INFO: Object ID test_vcnt0 received a request for subscription to invalid event channel event-5. Request came from: org1dev1
Oct 18, 2018 2:45:59 PM eu.bavenir.ogwapi.commons.engines.xmpp.XmppMessageEngine sendMessage
FINEST: XMPPMessageEngine: Status of the roster before message is sent: ready
Oct 18, 2018 2:45:59 PM eu.bavenir.ogwapi.commons.engines.xmpp.XmppMessageEngine sendMessage
FINEST: XMPPMessageEngine: Message sent. Content: {"messageType":2,"requestId":373956124,"error":true,"responseCode":404,"responseCodeReason":"Not found. Invalid event channel specified.","responseBody":null,"responseBodySupplement":null}
Oct 18, 2018 2:45:59 PM eu.bavenir.ogwapi.commons.ConnectionDescriptor processIncommingMessage
FINEST: New message from test_vcnt0: {"messageType":2,"requestId":373956124,"error":true,"responseCode":404,"responseCodeReason":"Not found. Invalid event channel specified.","responseBody":null,"responseBodySupplement":null}
Oct 18, 2018 2:45:59 PM eu.bavenir.ogwapi.commons.ConnectionDescriptor processIncommingMessage
FINEST: This message is a response. Adding to incoming queue - message count: 0
Oct 18, 2018 2:45:59 PM eu.bavenir.ogwapi.commons.ConnectionDescriptor sendRequestForRemoteOperation
INFO: It was not possible to turn response body into a valid JSON. Original string: null
Oct 18, 2018 2:45:59 PM org.restlet.service.ConverterService toRepresentation
FINE: Converter selected for JsonRepresentation: DefaultConverter
Oct 18, 2018 2:46:06 PM eu.bavenir.ogwapi.restapi.security.AuthenticationVerifier verify
FINE: Valid credentials received from a client with IP 127.0.0.1.
Oct 18, 2018 2:46:06 PM org.restlet.security.ChallengeAuthenticator authenticate
FINE: Authentication succeeded. Valid credentials provided for identifier: org1dev1.
Oct 18, 2018 2:46:06 PM org.restlet.security.Authenticator authenticated
FINE: The authentication succeeded for the identifer "org1dev1" using the HTTP_Basic scheme.
Oct 18, 2018 2:46:06 PM org.restlet.routing.TemplateRoute score
FINER: Call score for the "/objects/login" URI pattern: 0.0
Oct 18, 2018 2:46:06 PM org.restlet.routing.TemplateRoute score
FINER: Call score for the "/objects/logout" URI pattern: 0.0
Oct 18, 2018 2:46:06 PM org.restlet.routing.TemplateRoute score
FINER: Call score for the "/objects/{oid}/properties" URI pattern: 0.0
Oct 18, 2018 2:46:06 PM org.restlet.routing.TemplateRoute score
FINER: Call score for the "/objects/{oid}/properties/{pid}" URI pattern: 0.0
Oct 18, 2018 2:46:06 PM org.restlet.routing.TemplateRoute score
FINER: Call score for the "/objects/{oid}/actions" URI pattern: 0.0
Oct 18, 2018 2:46:06 PM org.restlet.routing.TemplateRoute score
FINER: Call score for the "/objects/{oid}/actions/{aid}" URI pattern: 0.0
Oct 18, 2018 2:46:06 PM org.restlet.routing.TemplateRoute score
FINER: Call score for the "/objects/{oid}/actions/{aid}/tasks/{tid}" URI pattern: 0.0
Oct 18, 2018 2:46:06 PM org.restlet.routing.TemplateRoute score
FINER: Call score for the "/objects/{oid}/events" URI pattern: 0.0
Oct 18, 2018 2:46:06 PM org.restlet.routing.TemplateRoute score
FINER: Call score for the "/objects/{oid}/events/{eid}" URI pattern: 1.0
Oct 18, 2018 2:46:06 PM org.restlet.routing.Router logRoute
FINE: Selected route: "/objects/{oid}/events/{eid}" -> Finder for ObjectsOidEventsEid
Oct 18, 2018 2:46:06 PM org.restlet.routing.TemplateRoute beforeHandle
FINER: 34 characters were matched
Oct 18, 2018 2:46:06 PM org.restlet.routing.TemplateRoute beforeHandle
FINE: New base URI: "http://localhost:8181/api/objects/test_vcnt0/events/event-4". No remaining part to match
Oct 18, 2018 2:46:06 PM org.restlet.routing.TemplateRoute beforeHandle
FINER: Delegating the call to the target Restlet
Oct 18, 2018 2:46:06 PM org.restlet.engine.application.StrictConneg scoreAnnotation
FINE: Score of annotation "MethodAnnotationInfo [javaMethod: public org.restlet.representation.Representation eu.bavenir.ogwapi.restapi.services.ObjectsOidEventsEid.accept(org.restlet.representation.Representation), javaClass: class eu.bavenir.ogwapi.restapi.services.ObjectsOidEventsEid, restletMethod: POST, input: json, value: json, output: json, query: null]"= 0.5
Oct 18, 2018 2:46:06 PM org.restlet.engine.application.StrictConneg scoreVariant
FINE: Total score of variant "[application/json]"= 0.04191667
Oct 18, 2018 2:46:06 PM eu.bavenir.ogwapi.commons.engines.xmpp.XmppMessageEngine sendMessage
FINEST: XMPPMessageEngine: Status of the roster before message is sent: ready
Oct 18, 2018 2:46:06 PM eu.bavenir.ogwapi.commons.engines.xmpp.XmppMessageEngine sendMessage
FINEST: XMPPMessageEngine: Message sent. Content: {"messageType":1,"requestId":1310651911,"sourceOid":"org1dev1","destinationOid":"test_vcnt0","requestOperation":9,"requestBody":null,"attributes":{"eid":"event-4"},"parameters":{}}
Oct 18, 2018 2:46:06 PM eu.bavenir.ogwapi.commons.ConnectionDescriptor processIncommingMessage
FINEST: New message from org1dev1: {"messageType":1,"requestId":1310651911,"sourceOid":"org1dev1","destinationOid":"test_vcnt0","requestOperation":9,"requestBody":null,"attributes":{"eid":"event-4"},"parameters":{}}
Oct 18, 2018 2:46:06 PM eu.bavenir.ogwapi.commons.ConnectionDescriptor processIncommingMessage
FINEST: The message is a request. Processing...
Oct 18, 2018 2:46:06 PM eu.bavenir.ogwapi.commons.ConnectionDescriptor respondToEventSubscriptionRequest
FINE: Object ID test_vcnt0 received a request for subscription to event channel event-4 from org1dev1.
Oct 18, 2018 2:46:06 PM eu.bavenir.ogwapi.commons.engines.xmpp.XmppMessageEngine sendMessage
FINEST: XMPPMessageEngine: Status of the roster before message is sent: ready
Oct 18, 2018 2:46:06 PM eu.bavenir.ogwapi.commons.engines.xmpp.XmppMessageEngine sendMessage
FINEST: XMPPMessageEngine: Message sent. Content: {"messageType":2,"requestId":1310651911,"error":false,"responseCode":200,"responseCodeReason":"OK. Subscribed.","responseBody":null,"responseBodySupplement":null}
Oct 18, 2018 2:46:06 PM eu.bavenir.ogwapi.commons.ConnectionDescriptor processIncommingMessage
FINEST: New message from test_vcnt0: {"messageType":2,"requestId":1310651911,"error":false,"responseCode":200,"responseCodeReason":"OK. Subscribed.","responseBody":null,"responseBodySupplement":null}
Oct 18, 2018 2:46:06 PM eu.bavenir.ogwapi.commons.ConnectionDescriptor processIncommingMessage
FINEST: This message is a response. Adding to incoming queue - message count: 0
Oct 18, 2018 2:46:06 PM eu.bavenir.ogwapi.commons.ConnectionDescriptor sendRequestForRemoteOperation
INFO: It was not possible to turn response body into a valid JSON. Original string: null
Oct 18, 2018 2:46:06 PM org.restlet.service.ConverterService toRepresentation
FINE: Converter selected for JsonRepresentation: DefaultConverter
Oct 18, 2018 2:46:15 PM eu.bavenir.ogwapi.restapi.security.AuthenticationVerifier verify
FINE: Valid credentials received from a client with IP 127.0.0.1.
Oct 18, 2018 2:46:15 PM org.restlet.security.ChallengeAuthenticator authenticate
FINE: Authentication succeeded. Valid credentials provided for identifier: test_vcnt0.
Oct 18, 2018 2:46:15 PM org.restlet.security.Authenticator authenticated
FINE: The authentication succeeded for the identifer "test_vcnt0" using the HTTP_Basic scheme.
Oct 18, 2018 2:46:15 PM org.restlet.routing.TemplateRoute score
FINER: Call score for the "/objects/login" URI pattern: 0.0
Oct 18, 2018 2:46:15 PM org.restlet.routing.TemplateRoute score
FINER: Call score for the "/objects/logout" URI pattern: 0.0
Oct 18, 2018 2:46:15 PM org.restlet.routing.TemplateRoute score
FINER: Call score for the "/objects/{oid}/properties" URI pattern: 0.0
Oct 18, 2018 2:46:15 PM org.restlet.routing.TemplateRoute score
FINER: Call score for the "/objects/{oid}/properties/{pid}" URI pattern: 0.0
Oct 18, 2018 2:46:15 PM org.restlet.routing.TemplateRoute score
FINER: Call score for the "/objects/{oid}/actions" URI pattern: 0.0
Oct 18, 2018 2:46:15 PM org.restlet.routing.TemplateRoute score
FINER: Call score for the "/objects/{oid}/actions/{aid}" URI pattern: 0.0
Oct 18, 2018 2:46:15 PM org.restlet.routing.TemplateRoute score
FINER: Call score for the "/objects/{oid}/actions/{aid}/tasks/{tid}" URI pattern: 0.0
Oct 18, 2018 2:46:15 PM org.restlet.routing.TemplateRoute score
FINER: Call score for the "/objects/{oid}/events" URI pattern: 0.0
Oct 18, 2018 2:46:15 PM org.restlet.routing.TemplateRoute score
FINER: Call score for the "/objects/{oid}/events/{eid}" URI pattern: 0.0
Oct 18, 2018 2:46:15 PM org.restlet.routing.TemplateRoute score
FINER: Call score for the "/events/{eid}" URI pattern: 1.0
Oct 18, 2018 2:46:15 PM org.restlet.routing.Router logRoute
FINE: Selected route: "/events/{eid}" -> Finder for EventsEid
Oct 18, 2018 2:46:15 PM org.restlet.routing.TemplateRoute beforeHandle
FINER: 15 characters were matched
Oct 18, 2018 2:46:15 PM org.restlet.routing.TemplateRoute beforeHandle
FINE: New base URI: "http://localhost:8181/api/events/event-4". No remaining part to match
Oct 18, 2018 2:46:15 PM org.restlet.routing.TemplateRoute beforeHandle
FINER: Delegating the call to the target Restlet
Oct 18, 2018 2:46:15 PM org.restlet.engine.application.StrictConneg scoreAnnotation
FINE: Score of annotation "MethodAnnotationInfo [javaMethod: public org.restlet.representation.Representation eu.bavenir.ogwapi.restapi.services.EventsEid.store(org.restlet.representation.Representation), javaClass: class eu.bavenir.ogwapi.restapi.services.EventsEid, restletMethod: PUT, input: json, value: json, output: json, query: null]"= 0.5
Oct 18, 2018 2:46:15 PM org.restlet.engine.application.StrictConneg scoreVariant
FINE: Total score of variant "[application/json]"= 0.08383334
Oct 18, 2018 2:46:15 PM org.restlet.service.ConverterService toObject
FINE: The following converter was selected for the [application/json] representation: org.restlet.engine.converter.DefaultConverter@4d9c8721
Oct 18, 2018 2:46:15 PM eu.bavenir.ogwapi.commons.engines.xmpp.XmppMessageEngine sendMessage
FINEST: XMPPMessageEngine: Status of the roster before message is sent: ready
Oct 18, 2018 2:46:15 PM eu.bavenir.ogwapi.commons.engines.xmpp.XmppMessageEngine sendMessage
FINEST: XMPPMessageEngine: Message sent. Content: {"messageType":3,"sourceOid":"test_vcnt0","eid":"event-4","body":"{\n\t\"event\": \"len taky jebot\"\n}","parameters":{}}
Oct 18, 2018 2:46:15 PM eu.bavenir.ogwapi.commons.ConnectionDescriptor sendEventToSubscribers
INFO: Event event-4 was successfully distributed to 1 out of 1 subscribers.
Oct 18, 2018 2:46:15 PM org.restlet.service.ConverterService toRepresentation
FINE: Converter selected for JsonRepresentation: DefaultConverter
Oct 18, 2018 2:46:15 PM eu.bavenir.ogwapi.commons.ConnectionDescriptor processIncommingMessage
FINEST: New message from test_vcnt0: {"messageType":3,"sourceOid":"test_vcnt0","eid":"event-4","body":"{\n\t\"event\": \"len taky jebot\"\n}","parameters":{}}
Oct 18, 2018 2:46:15 PM eu.bavenir.ogwapi.commons.ConnectionDescriptor processIncommingMessage
FINEST: This message is an event. Forwarding...
Oct 18, 2018 2:46:15 PM eu.bavenir.ogwapi.commons.ConnectionDescriptor processMessageEvent
INFO: Event event-4 arrived from test_vcnt0. Event body: {
	"event": "len taky jebot"
}
Oct 18, 2018 2:46:15 PM eu.bavenir.ogwapi.commons.connectors.http.RestAgentConnector performDummyOperation
INFO: Dummy REST Agent Connector received following data to perform request:
Operation code: 2
Full URL: http://localhost:9997/agent/objects/org1dev1/events/event-4
Body: {
	"event": "len taky jebot"
}
Oct 18, 2018 2:46:15 PM eu.bavenir.ogwapi.commons.ConnectionDescriptor processMessageEvent
INFO: Event forwarded successfully.
