Oct 24, 2018 5:10:51 PM eu.bavenir.ogwapi.App initialize
CONFIG: Log file: log/18-10-24T17_10_51.487-gateway.log
Oct 24, 2018 5:10:51 PM eu.bavenir.ogwapi.App main
FINE: Vicinity Gateway API initialized.
Oct 24, 2018 5:10:51 PM eu.bavenir.ogwapi.App main
FINE: API thread started.
Oct 24, 2018 5:10:51 PM eu.bavenir.ogwapi.restapi.RestletThread run
CONFIG: HTTP server configured.
Oct 24, 2018 5:10:51 PM eu.bavenir.ogwapi.restapi.Api configureChallengeScheme
CONFIG: HTTP Basic challenge authentication scheme configured.
Oct 24, 2018 5:10:51 PM org.restlet.Application start
INFO: Starting eu.bavenir.ogwapi.restapi.Api application
Oct 24, 2018 5:10:51 PM org.restlet.engine.application.ApplicationHelper start
FINE: By default, an application should be attached to a parent component in order to let application's outbound root handle calls properly.
Oct 24, 2018 5:10:51 PM eu.bavenir.ogwapi.restapi.RestletThread run
FINE: HTTP server component started.
Oct 24, 2018 5:17:53 PM eu.bavenir.ogwapi.restapi.security.AuthenticationVerifier verify
FINEST: CREDENTIALS
username: test_vcnt0 password: test_vcnt
Oct 24, 2018 5:17:53 PM eu.bavenir.ogwapi.commons.CommunicationManager isConnected
INFO: Object ID: 'test_vcnt0' is not connected yet.
Oct 24, 2018 5:17:53 PM eu.bavenir.ogwapi.commons.connectors.http.RestAgentConnector <init>
CONFIG: REST Agent Connector: Dummy payloads enabled, all calls to an Agent via this connector will be simulated.
Oct 24, 2018 5:17:53 PM eu.bavenir.ogwapi.commons.connectors.http.RestAgentConnector <init>
CONFIG: REST Agent Connector: HTTPS protocol disabled for Agent communication.
Oct 24, 2018 5:17:53 PM eu.bavenir.ogwapi.commons.engines.xmpp.XmppMessageEngine buildNewConnection
CONFIG: Creating a new connection to XMPP server 'development.bavenir.eu:5222' as 'test_vcnt0@bavenir.eu'
Oct 24, 2018 5:17:54 PM eu.bavenir.ogwapi.commons.engines.xmpp.XmppMessageEngine buildNewConnection
CONFIG: XMPP secure connection is disabled.
Oct 24, 2018 5:17:54 PM eu.bavenir.ogwapi.commons.engines.xmpp.XmppMessageEngine connect
SEVERE: Exiting due to exception during establishing a connection to XMPP server. Message: SASLError using SCRAM-SHA-1: not-authorized
Oct 24, 2018 5:17:54 PM eu.bavenir.ogwapi.commons.CommunicationManager establishConnection
INFO: Connection for 'test_vcnt0' was not established.
Oct 24, 2018 5:17:54 PM eu.bavenir.ogwapi.restapi.security.AuthenticationVerifier verify
INFO: Invalid credentials in request from a client with IP 127.0.0.1.
Oct 24, 2018 5:17:54 PM org.restlet.security.ChallengeAuthenticator authenticate
FINE: Authentication failed. Invalid credentials provided.
Oct 24, 2018 5:17:54 PM org.restlet.security.ChallengeAuthenticator challenge
FINE: An authentication challenge was requested.
Oct 24, 2018 5:17:54 PM org.restlet.security.Authenticator unauthenticated
FINE: The authentication failed for the identifer "test_vcnt0" using the HTTP_Basic scheme.
Oct 24, 2018 5:17:54 PM org.restlet.engine.application.StrictConneg scoreVariant
FINE: Total score of variant "[text/html]"= 2.5E-4
Oct 24, 2018 5:17:54 PM org.restlet.engine.application.StrictConneg scoreVariant
FINE: Total score of variant "[application/xhtml+xml]"= 5.0E-4
Oct 24, 2018 5:17:54 PM org.restlet.service.ConverterService toRepresentation
FINE: Converter selected for StatusInfo: StatusInfoHtmlConverter
