Oct 23, 2018 12:58:57 PM eu.bavenir.ogwapi.App initialize
CONFIG: Log file: log/18-10-23T12_58_57.298-gateway.log
Oct 23, 2018 12:58:57 PM eu.bavenir.ogwapi.App main
FINE: Vicinity Gateway API initialized.
Oct 23, 2018 12:58:57 PM eu.bavenir.ogwapi.App main
FINE: API thread started.
Oct 23, 2018 12:58:57 PM eu.bavenir.ogwapi.restapi.RestletThread run
CONFIG: HTTP server configured.
Oct 23, 2018 12:58:57 PM eu.bavenir.ogwapi.restapi.Api configureChallengeScheme
CONFIG: HTTP Basic challenge authentication scheme configured.
Oct 23, 2018 12:58:57 PM org.restlet.Application start
INFO: Starting eu.bavenir.ogwapi.restapi.Api application
Oct 23, 2018 12:58:57 PM org.restlet.engine.application.ApplicationHelper start
FINE: By default, an application should be attached to a parent component in order to let application's outbound root handle calls properly.
Oct 23, 2018 12:58:57 PM eu.bavenir.ogwapi.restapi.RestletThread run
FINE: HTTP server component started.
Oct 23, 2018 12:59:02 PM eu.bavenir.ogwapi.restapi.security.AuthenticationVerifier verify
FINEST: CREDENTIALS
username: test_vcnt0 password: test_vcnt0
Oct 23, 2018 12:59:02 PM eu.bavenir.ogwapi.commons.CommunicationManager isConnected
INFO: Object ID: 'test_vcnt0' is not connected yet.
Oct 23, 2018 12:59:02 PM eu.bavenir.ogwapi.commons.connectors.http.RestAgentConnector <init>
CONFIG: REST Agent Connector: Dummy payloads enabled, all calls to an Agent via this connector will be simulated.
Oct 23, 2018 12:59:02 PM eu.bavenir.ogwapi.commons.connectors.http.RestAgentConnector <init>
CONFIG: REST Agent Connector: HTTPS protocol disabled for Agent communication.
Oct 23, 2018 12:59:02 PM eu.bavenir.ogwapi.commons.engines.xmpp.XmppMessageEngine buildNewConnection
CONFIG: Creating a new connection to XMPP server 'development.bavenir.eu:5222' as 'test_vcnt0@bavenir.eu'
Oct 23, 2018 12:59:02 PM eu.bavenir.ogwapi.commons.engines.xmpp.XmppMessageEngine buildNewConnection
CONFIG: XMPP secure connection is disabled.
Oct 23, 2018 12:59:03 PM eu.bavenir.ogwapi.commons.CommunicationManager establishConnection
INFO: Connection for 'test_vcnt0' was established.
Oct 23, 2018 12:59:03 PM eu.bavenir.ogwapi.restapi.security.AuthenticationVerifier verify
FINE: Valid credentials received from a client with IP 127.0.0.1.
Oct 23, 2018 12:59:03 PM org.restlet.security.ChallengeAuthenticator authenticate
FINE: Authentication succeeded. Valid credentials provided for identifier: test_vcnt0.
Oct 23, 2018 12:59:03 PM org.restlet.security.Authenticator authenticated
FINE: The authentication succeeded for the identifer "test_vcnt0" using the HTTP_Basic scheme.
Oct 23, 2018 12:59:03 PM org.restlet.routing.TemplateRoute score
FINER: Call score for the "/objects/login" URI pattern: 1.0
Oct 23, 2018 12:59:03 PM org.restlet.routing.Router logRoute
FINE: Selected route: "/objects/login" -> Finder for ObjectsLogin
Oct 23, 2018 12:59:03 PM org.restlet.routing.TemplateRoute beforeHandle
FINER: 14 characters were matched
Oct 23, 2018 12:59:03 PM org.restlet.routing.TemplateRoute beforeHandle
FINE: New base URI: "http://localhost:8181/api/objects/login". No remaining part to match
Oct 23, 2018 12:59:03 PM org.restlet.routing.TemplateRoute beforeHandle
FINER: Delegating the call to the target Restlet
Oct 23, 2018 12:59:03 PM org.restlet.engine.application.StrictConneg scoreAnnotation
FINE: Score of annotation "MethodAnnotationInfo [javaMethod: public org.restlet.representation.Representation eu.bavenir.ogwapi.restapi.services.ObjectsLogin.represent(), javaClass: class eu.bavenir.ogwapi.restapi.services.ObjectsLogin, restletMethod: GET, input: null, value: null, output: null, query: null]"= 0.5
Oct 23, 2018 12:59:03 PM org.restlet.engine.application.StrictConneg scoreVariant
FINE: Total score of variant "[*/*]"= 0.041791666
Oct 23, 2018 12:59:03 PM org.restlet.service.ConverterService toRepresentation
FINE: Converter selected for JsonRepresentation: DefaultConverter
