Oct 22, 2018 3:25:50 PM eu.bavenir.ogwapi.App initialize
CONFIG: Log file: log/18-10-22T15_25_50.409-gateway.log
Oct 22, 2018 3:25:50 PM eu.bavenir.ogwapi.App main
FINE: Vicinity Gateway API initialized.
Oct 22, 2018 3:25:50 PM eu.bavenir.ogwapi.App main
FINE: API thread started.
Oct 22, 2018 3:25:50 PM eu.bavenir.ogwapi.restapi.RestletThread run
CONFIG: HTTP server configured.
Oct 22, 2018 3:25:50 PM eu.bavenir.ogwapi.restapi.Api configureChallengeScheme
CONFIG: HTTP Basic challenge authentication scheme configured.
Oct 22, 2018 3:25:50 PM org.restlet.Application start
INFO: Starting eu.bavenir.ogwapi.restapi.Api application
Oct 22, 2018 3:25:50 PM org.restlet.engine.application.ApplicationHelper start
FINE: By default, an application should be attached to a parent component in order to let application's outbound root handle calls properly.
Oct 22, 2018 3:25:50 PM eu.bavenir.ogwapi.restapi.RestletThread run
FINE: HTTP server component started.
Oct 22, 2018 3:25:56 PM eu.bavenir.ogwapi.commons.CommunicationManager isConnected
INFO: Object ID: 'test_vcnt0' is not connected yet.
Oct 22, 2018 3:25:56 PM eu.bavenir.ogwapi.commons.connectors.http.RestAgentConnector <init>
CONFIG: REST Agent Connector: Dummy payloads enabled, all calls to an Agent via this connector will be simulated.
Oct 22, 2018 3:25:56 PM eu.bavenir.ogwapi.commons.connectors.http.RestAgentConnector <init>
CONFIG: REST Agent Connector: HTTPS protocol disabled for Agent communication.
Oct 22, 2018 3:25:56 PM eu.bavenir.ogwapi.commons.engines.xmpp.XmppMessageEngine buildNewConnection
CONFIG: Creating a new connection to XMPP server 'development.bavenir.eu:5222' as 'test_vcnt0@bavenir.eu'
Oct 22, 2018 3:25:56 PM eu.bavenir.ogwapi.commons.engines.xmpp.XmppMessageEngine buildNewConnection
CONFIG: XMPP secure connection is disabled.
Oct 22, 2018 3:25:57 PM eu.bavenir.ogwapi.commons.CommunicationManager establishConnection
INFO: Connection for 'test_vcnt0' was established.
Oct 22, 2018 3:25:57 PM eu.bavenir.ogwapi.restapi.security.AuthenticationVerifier verify
FINE: Valid credentials received from a client with IP 127.0.0.1.
Oct 22, 2018 3:25:57 PM org.restlet.security.ChallengeAuthenticator authenticate
FINE: Authentication succeeded. Valid credentials provided for identifier: test_vcnt0.
Oct 22, 2018 3:25:57 PM org.restlet.security.Authenticator authenticated
FINE: The authentication succeeded for the identifer "test_vcnt0" using the HTTP_Basic scheme.
Oct 22, 2018 3:25:57 PM org.restlet.routing.TemplateRoute score
FINER: Call score for the "/objects/login" URI pattern: 1.0
Oct 22, 2018 3:25:57 PM org.restlet.routing.Router logRoute
FINE: Selected route: "/objects/login" -> Finder for ObjectsLogin
Oct 22, 2018 3:25:57 PM org.restlet.routing.TemplateRoute beforeHandle
FINER: 14 characters were matched
Oct 22, 2018 3:25:57 PM org.restlet.routing.TemplateRoute beforeHandle
FINE: New base URI: "http://localhost:8181/api/objects/login". No remaining part to match
Oct 22, 2018 3:25:57 PM org.restlet.routing.TemplateRoute beforeHandle
FINER: Delegating the call to the target Restlet
Oct 22, 2018 3:25:57 PM org.restlet.engine.application.StrictConneg scoreAnnotation
FINE: Score of annotation "MethodAnnotationInfo [javaMethod: public org.restlet.representation.Representation eu.bavenir.ogwapi.restapi.services.ObjectsLogin.represent(), javaClass: class eu.bavenir.ogwapi.restapi.services.ObjectsLogin, restletMethod: GET, input: null, value: null, output: null, query: null]"= 0.5
Oct 22, 2018 3:25:57 PM org.restlet.engine.application.StrictConneg scoreVariant
FINE: Total score of variant "[*/*]"= 0.041791666
Oct 22, 2018 3:25:57 PM org.restlet.service.ConverterService toRepresentation
FINE: Converter selected for JsonRepresentation: DefaultConverter
Oct 22, 2018 3:25:59 PM eu.bavenir.ogwapi.restapi.security.AuthenticationVerifier verify
FINE: Valid credentials received from a client with IP 127.0.0.1.
Oct 22, 2018 3:25:59 PM org.restlet.security.ChallengeAuthenticator authenticate
FINE: Authentication succeeded. Valid credentials provided for identifier: test_vcnt0.
Oct 22, 2018 3:25:59 PM org.restlet.security.Authenticator authenticated
FINE: The authentication succeeded for the identifer "test_vcnt0" using the HTTP_Basic scheme.
Oct 22, 2018 3:25:59 PM org.restlet.routing.TemplateRoute score
FINER: Call score for the "/objects/login" URI pattern: 0.0
Oct 22, 2018 3:25:59 PM org.restlet.routing.TemplateRoute score
FINER: Call score for the "/objects/logout" URI pattern: 0.0
Oct 22, 2018 3:25:59 PM org.restlet.routing.TemplateRoute score
FINER: Call score for the "/objects/{oid}/properties" URI pattern: 0.0
Oct 22, 2018 3:25:59 PM org.restlet.routing.TemplateRoute score
FINER: Call score for the "/objects/{oid}/properties/{pid}" URI pattern: 0.0
Oct 22, 2018 3:25:59 PM org.restlet.routing.TemplateRoute score
FINER: Call score for the "/objects/{oid}/actions" URI pattern: 0.0
Oct 22, 2018 3:25:59 PM org.restlet.routing.TemplateRoute score
FINER: Call score for the "/objects/{oid}/actions/{aid}" URI pattern: 0.0
Oct 22, 2018 3:25:59 PM org.restlet.routing.TemplateRoute score
FINER: Call score for the "/objects/{oid}/actions/{aid}/tasks/{tid}" URI pattern: 0.0
Oct 22, 2018 3:25:59 PM org.restlet.routing.TemplateRoute score
FINER: Call score for the "/objects/{oid}/events" URI pattern: 0.0
Oct 22, 2018 3:25:59 PM org.restlet.routing.TemplateRoute score
FINER: Call score for the "/objects/{oid}/events/{eid}" URI pattern: 0.0
Oct 22, 2018 3:25:59 PM org.restlet.routing.TemplateRoute score
FINER: Call score for the "/events/{eid}" URI pattern: 0.0
Oct 22, 2018 3:25:59 PM org.restlet.routing.TemplateRoute score
FINER: Call score for the "/objects" URI pattern: 0.0
Oct 22, 2018 3:25:59 PM org.restlet.routing.TemplateRoute score
FINER: Call score for the "/objects/{oid}" URI pattern: 0.0
Oct 22, 2018 3:25:59 PM org.restlet.routing.TemplateRoute score
FINER: Call score for the "/agents/{agid}/objects" URI pattern: 0.0
Oct 22, 2018 3:25:59 PM org.restlet.routing.TemplateRoute score
FINER: Call score for the "/agents/{agid}/objects" URI pattern: 0.0
Oct 22, 2018 3:25:59 PM org.restlet.routing.TemplateRoute score
FINER: Call score for the "/agents/{agid}/objects/update" URI pattern: 0.0
Oct 22, 2018 3:25:59 PM org.restlet.routing.TemplateRoute score
FINER: Call score for the "/agents/{agid}/objects/delete" URI pattern: 0.0
Oct 22, 2018 3:25:59 PM org.restlet.routing.TemplateRoute score
FINER: Call score for the "/sparql" URI pattern: 1.0
Oct 22, 2018 3:25:59 PM org.restlet.routing.Router logRoute
FINE: Selected route: "/sparql" -> Finder for Sparql
Oct 22, 2018 3:25:59 PM org.restlet.routing.TemplateRoute beforeHandle
FINER: 7 characters were matched
Oct 22, 2018 3:25:59 PM org.restlet.routing.TemplateRoute beforeHandle
FINE: New base URI: "http://localhost:8181/api/sparql". No remaining part to match
Oct 22, 2018 3:25:59 PM org.restlet.routing.TemplateRoute beforeHandle
FINER: Delegating the call to the target Restlet
Oct 22, 2018 3:25:59 PM org.restlet.engine.application.StrictConneg scoreAnnotation
FINE: Score of annotation "MethodAnnotationInfo [javaMethod: public org.restlet.representation.Representation eu.bavenir.ogwapi.restapi.services.Sparql.accept(org.restlet.representation.Representation), javaClass: class eu.bavenir.ogwapi.restapi.services.Sparql, restletMethod: POST, input: json, value: json, output: json, query: null]"= 0.5
Oct 22, 2018 3:25:59 PM org.restlet.engine.application.StrictConneg scoreVariant
FINE: Total score of variant "[application/json]"= 0.08383334
Oct 22, 2018 3:25:59 PM org.restlet.service.ConverterService toObject
FINE: The following converter was selected for the [application/json] representation: org.restlet.engine.converter.DefaultConverter@256c3a48
Oct 22, 2018 3:25:59 PM org.restlet.service.ConverterService toRepresentation
FINE: Converter selected for JsonRepresentation: DefaultConverter
Oct 22, 2018 3:25:59 PM org.restlet.engine.application.StrictConneg scoreVariant
FINE: Total score of variant "[*/*]"= 2.5E-4
Oct 22, 2018 3:25:59 PM org.restlet.engine.application.ApplicationHelper$1 handle
FINE: Added runtime client for protocol: HTTP
Oct 22, 2018 3:25:59 PM org.restlet.engine.connector.HttpClientHelper start
INFO: Starting the internal HTTP client
Oct 22, 2018 3:26:00 PM org.restlet.resource.ServerResource doCatch
SEVERE: Exception or error caught in server resource
org.restlet.resource.ResourceException: Internal Server Error (500) - The server encountered an unexpected condition which prevented it from fulfilling the request
	at org.restlet.resource.ServerResource.doHandle(ServerResource.java:527)
	at org.restlet.resource.ServerResource.post(ServerResource.java:1341)
	at org.restlet.resource.ServerResource.doHandle(ServerResource.java:606)
	at org.restlet.resource.ServerResource.doNegotiatedHandle(ServerResource.java:662)
	at org.restlet.resource.ServerResource.doConditionalHandle(ServerResource.java:348)
	at org.restlet.resource.ServerResource.handle(ServerResource.java:1020)
	at org.restlet.resource.Finder.handle(Finder.java:236)
	at org.restlet.routing.Filter.doHandle(Filter.java:150)
	at org.restlet.routing.Filter.handle(Filter.java:197)
	at org.restlet.routing.Router.doHandle(Router.java:422)
	at org.restlet.routing.Router.handle(Router.java:641)
	at org.restlet.routing.Filter.doHandle(Filter.java:150)
	at org.restlet.routing.Filter.handle(Filter.java:197)
	at org.restlet.routing.Filter.doHandle(Filter.java:150)
	at org.restlet.routing.Filter.handle(Filter.java:197)
	at org.restlet.routing.Filter.doHandle(Filter.java:150)
	at org.restlet.routing.Filter.handle(Filter.java:197)
	at org.restlet.routing.Filter.doHandle(Filter.java:150)
	at org.restlet.engine.application.StatusFilter.doHandle(StatusFilter.java:140)
	at org.restlet.routing.Filter.handle(Filter.java:197)
	at org.restlet.routing.Filter.doHandle(Filter.java:150)
	at org.restlet.routing.Filter.handle(Filter.java:197)
	at org.restlet.engine.CompositeHelper.handle(CompositeHelper.java:202)
	at org.restlet.engine.application.ApplicationHelper.handle(ApplicationHelper.java:77)
	at org.restlet.Application.handle(Application.java:385)
	at org.restlet.routing.Filter.doHandle(Filter.java:150)
	at org.restlet.routing.Filter.handle(Filter.java:197)
	at org.restlet.routing.Router.doHandle(Router.java:422)
	at org.restlet.routing.Router.handle(Router.java:641)
	at org.restlet.routing.Filter.doHandle(Filter.java:150)
	at org.restlet.routing.Filter.handle(Filter.java:197)
	at org.restlet.routing.Router.doHandle(Router.java:422)
	at org.restlet.routing.Router.handle(Router.java:641)
	at org.restlet.routing.Filter.doHandle(Filter.java:150)
	at org.restlet.engine.application.StatusFilter.doHandle(StatusFilter.java:140)
	at org.restlet.routing.Filter.handle(Filter.java:197)
	at org.restlet.routing.Filter.doHandle(Filter.java:150)
	at org.restlet.routing.Filter.handle(Filter.java:197)
	at org.restlet.engine.CompositeHelper.handle(CompositeHelper.java:202)
	at org.restlet.Component.handle(Component.java:408)
	at org.restlet.Server.handle(Server.java:507)
	at org.restlet.engine.connector.ServerHelper.handle(ServerHelper.java:63)
	at org.restlet.engine.adapter.HttpServerHelper.handle(HttpServerHelper.java:143)
	at org.restlet.engine.connector.HttpServerHelper$1.handle(HttpServerHelper.java:64)
	at com.sun.net.httpserver.Filter$Chain.doFilter(Filter.java:79)
	at sun.net.httpserver.AuthFilter.doFilter(AuthFilter.java:83)
	at com.sun.net.httpserver.Filter$Chain.doFilter(Filter.java:82)
	at sun.net.httpserver.ServerImpl$Exchange$LinkHandler.handle(ServerImpl.java:675)
	at com.sun.net.httpserver.Filter$Chain.doFilter(Filter.java:79)
	at sun.net.httpserver.ServerImpl$Exchange.run(ServerImpl.java:647)
	at java.util.concurrent.ThreadPoolExecutor.runWorker(ThreadPoolExecutor.java:1149)
	at java.util.concurrent.ThreadPoolExecutor$Worker.run(ThreadPoolExecutor.java:624)
	at java.lang.Thread.run(Thread.java:748)
Caused by: java.lang.NoClassDefFoundError: com/mashape/unirest/http/exceptions/UnirestException
	at eu.bavenir.ogwapi.commons.search.SparqlQuery.performQuery(SparqlQuery.java:97)
	at eu.bavenir.ogwapi.commons.ConnectionDescriptor.performSparqlQuery(ConnectionDescriptor.java:780)
	at eu.bavenir.ogwapi.commons.CommunicationManager.performSparqlSearch(CommunicationManager.java:840)
	at eu.bavenir.ogwapi.restapi.services.Sparql.performSearch(Sparql.java:74)
	at eu.bavenir.ogwapi.restapi.services.Sparql.accept(Sparql.java:63)
	at sun.reflect.NativeMethodAccessorImpl.invoke0(Native Method)
	at sun.reflect.NativeMethodAccessorImpl.invoke(NativeMethodAccessorImpl.java:62)
	at sun.reflect.DelegatingMethodAccessorImpl.invoke(DelegatingMethodAccessorImpl.java:43)
	at java.lang.reflect.Method.invoke(Method.java:498)
	at org.restlet.resource.ServerResource.doHandle(ServerResource.java:508)
	... 52 more
Caused by: java.lang.ClassNotFoundException: com.mashape.unirest.http.exceptions.UnirestException
	at java.net.URLClassLoader.findClass(URLClassLoader.java:381)
	at java.lang.ClassLoader.loadClass(ClassLoader.java:424)
	at sun.misc.Launcher$AppClassLoader.loadClass(Launcher.java:349)
	at java.lang.ClassLoader.loadClass(ClassLoader.java:357)
	... 62 more

Oct 22, 2018 3:26:00 PM org.restlet.engine.application.StrictConneg scoreVariant
FINE: Total score of variant "[text/html]"= 2.5E-4
Oct 22, 2018 3:26:00 PM org.restlet.engine.application.StrictConneg scoreVariant
FINE: Total score of variant "[application/xhtml+xml]"= 5.0E-4
Oct 22, 2018 3:26:00 PM org.restlet.service.ConverterService toRepresentation
FINE: Converter selected for StatusInfo: StatusInfoHtmlConverter
