jan 18, 2019 3:29:03 PM eu.bavenir.ogwapi.App initialize
CONFIG: Log file: log/19-01-18T15_29_03.346-gateway.log
jan 18, 2019 3:29:03 PM eu.bavenir.ogwapi.App main
FINE: Vicinity Gateway API initialized.
jan 18, 2019 3:29:03 PM eu.bavenir.ogwapi.App main
FINE: API thread started.
jan 18, 2019 3:29:03 PM eu.bavenir.ogwapi.restapi.RestletThread run
CONFIG: HTTP server configured.
jan 18, 2019 3:29:03 PM eu.bavenir.ogwapi.commons.CommunicationManager <init>
CONFIG: The session recovery policy is set to proactive.
jan 18, 2019 3:29:03 PM eu.bavenir.ogwapi.restapi.Api configureChallengeScheme
CONFIG: HTTP Basic challenge authentication scheme configured.
jan 18, 2019 3:29:03 PM org.restlet.Application start
INFO: Starting eu.bavenir.ogwapi.restapi.Api application
jan 18, 2019 3:29:03 PM org.restlet.engine.application.ApplicationHelper start
FINE: By default, an application should be attached to a parent component in order to let application's outbound root handle calls properly.
jan 18, 2019 3:29:03 PM eu.bavenir.ogwapi.restapi.RestletThread run
FINE: HTTP server component started.
jan 18, 2019 3:29:07 PM eu.bavenir.ogwapi.commons.CommunicationManager isConnected
INFO: Object ID: 'org2dev1' is not connected yet.
jan 18, 2019 3:29:07 PM eu.bavenir.ogwapi.commons.connectors.http.RestAgentConnector <init>
CONFIG: REST Agent Connector: Dummy payloads disabled, all calls to an Agent via this connector will be real.
jan 18, 2019 3:29:07 PM eu.bavenir.ogwapi.commons.connectors.http.RestAgentConnector <init>
CONFIG: REST Agent Connector: HTTPS protocol disabled for Agent communication.
jan 18, 2019 3:29:07 PM eu.bavenir.ogwapi.commons.PersistenceManager loadData
INFO: File not found!
jan 18, 2019 3:29:19 PM org.restlet.engine.application.StatusFilter doHandle
WARNING: Exception or error caught by status service
java.lang.NoClassDefFoundError: org/apache/http/conn/HttpClientConnectionManager
	at com.mashape.unirest.http.HttpClientHelper.prepareRequest(HttpClientHelper.java:151)
	at com.mashape.unirest.http.HttpClientHelper.request(HttpClientHelper.java:131)
	at com.mashape.unirest.request.BaseRequest.asJson(BaseRequest.java:68)
	at eu.bavenir.ogwapi.commons.PersistenceManager.loadThingDescription(PersistenceManager.java:199)
	at eu.bavenir.ogwapi.commons.Data.<init>(Data.java:108)
	at eu.bavenir.ogwapi.commons.ConnectionDescriptor.<init>(ConnectionDescriptor.java:174)
	at eu.bavenir.ogwapi.commons.CommunicationManager.establishConnection(CommunicationManager.java:453)
	at eu.bavenir.ogwapi.restapi.security.AuthenticationVerifier.verify(AuthenticationVerifier.java:86)
	at org.restlet.security.ChallengeAuthenticator.authenticate(ChallengeAuthenticator.java:152)
	at org.restlet.security.Authenticator.beforeHandle(Authenticator.java:193)
	at org.restlet.routing.Filter.handle(Filter.java:195)
	at org.restlet.routing.Filter.doHandle(Filter.java:150)
	at org.restlet.routing.Filter.handle(Filter.java:197)
	at org.restlet.routing.Filter.doHandle(Filter.java:150)
	at org.restlet.routing.Filter.handle(Filter.java:197)
	at org.restlet.routing.Filter.doHandle(Filter.java:150)
	at org.restlet.engine.application.StatusFilter.doHandle(StatusFilter.java:140)
	at org.restlet.routing.Filter.handle(Filter.java:197)
	at org.restlet.routing.Filter.doHandle(Filter.java:150)
	at org.restlet.routing.Filter.handle(Filter.java:197)
	at org.restlet.engine.CompositeHelper.handle(CompositeHelper.java:202)
	at org.restlet.engine.application.ApplicationHelper.handle(ApplicationHelper.java:77)
	at org.restlet.Application.handle(Application.java:385)
	at org.restlet.routing.Filter.doHandle(Filter.java:150)
	at org.restlet.routing.Filter.handle(Filter.java:197)
	at org.restlet.routing.Router.doHandle(Router.java:422)
	at org.restlet.routing.Router.handle(Router.java:641)
	at org.restlet.routing.Filter.doHandle(Filter.java:150)
	at org.restlet.routing.Filter.handle(Filter.java:197)
	at org.restlet.routing.Router.doHandle(Router.java:422)
	at org.restlet.routing.Router.handle(Router.java:641)
	at org.restlet.routing.Filter.doHandle(Filter.java:150)
	at org.restlet.engine.application.StatusFilter.doHandle(StatusFilter.java:140)
	at org.restlet.routing.Filter.handle(Filter.java:197)
	at org.restlet.routing.Filter.doHandle(Filter.java:150)
	at org.restlet.routing.Filter.handle(Filter.java:197)
	at org.restlet.engine.CompositeHelper.handle(CompositeHelper.java:202)
	at org.restlet.Component.handle(Component.java:408)
	at org.restlet.Server.handle(Server.java:507)
	at org.restlet.engine.connector.ServerHelper.handle(ServerHelper.java:63)
	at org.restlet.engine.adapter.HttpServerHelper.handle(HttpServerHelper.java:143)
	at org.restlet.engine.connector.HttpServerHelper$1.handle(HttpServerHelper.java:64)
	at jdk.httpserver/com.sun.net.httpserver.Filter$Chain.doFilter(Filter.java:77)
	at jdk.httpserver/sun.net.httpserver.AuthFilter.doFilter(AuthFilter.java:82)
	at jdk.httpserver/com.sun.net.httpserver.Filter$Chain.doFilter(Filter.java:80)
	at jdk.httpserver/sun.net.httpserver.ServerImpl$Exchange$LinkHandler.handle(ServerImpl.java:692)
	at jdk.httpserver/com.sun.net.httpserver.Filter$Chain.doFilter(Filter.java:77)
	at jdk.httpserver/sun.net.httpserver.ServerImpl$Exchange.run(ServerImpl.java:664)
	at java.base/java.util.concurrent.ThreadPoolExecutor.runWorker(ThreadPoolExecutor.java:1128)
	at java.base/java.util.concurrent.ThreadPoolExecutor$Worker.run(ThreadPoolExecutor.java:628)
	at java.base/java.lang.Thread.run(Thread.java:834)
Caused by: java.lang.ClassNotFoundException: org.apache.http.conn.HttpClientConnectionManager
	at java.base/jdk.internal.loader.BuiltinClassLoader.loadClass(BuiltinClassLoader.java:583)
	at java.base/jdk.internal.loader.ClassLoaders$AppClassLoader.loadClass(ClassLoaders.java:178)
	at java.base/java.lang.ClassLoader.loadClass(ClassLoader.java:521)
	... 51 more

jan 18, 2019 3:29:19 PM org.restlet.engine.application.StrictConneg scoreVariant
FINE: Total score of variant "[text/html]"= 2.5E-4
jan 18, 2019 3:29:19 PM org.restlet.engine.application.StrictConneg scoreVariant
FINE: Total score of variant "[application/xhtml+xml]"= 5.0E-4
jan 18, 2019 3:29:19 PM org.restlet.service.ConverterService toRepresentation
FINE: Converter selected for StatusInfo: StatusInfoHtmlConverter
