mar 25, 2019 1:01:40 PM eu.bavenir.ogwapi.App initialize
CONFIG: Log file: log/19-03-25T13_01_40.039-gateway.log
mar 25, 2019 1:01:40 PM eu.bavenir.ogwapi.restapi.RestletThread <init>
CONFIG: HTTPS enabled.
mar 25, 2019 1:01:40 PM eu.bavenir.ogwapi.restapi.RestletThread <init>
CONFIG: Path to keystore file: keystore/ogwapi.keystore
mar 25, 2019 1:01:40 PM eu.bavenir.ogwapi.restapi.RestletThread <init>
CONFIG: Keystore type is PKCS12
mar 25, 2019 1:01:40 PM eu.bavenir.ogwapi.restapi.RestletThread <init>
CONFIG: Set to listen on port 8181
mar 25, 2019 1:01:40 PM eu.bavenir.ogwapi.App main
INFO: Vicinity Gateway API initialized.
mar 25, 2019 1:01:40 PM eu.bavenir.ogwapi.App main
FINE: API thread started.
mar 25, 2019 1:01:40 PM eu.bavenir.ogwapi.commons.CommunicationManager <init>
CONFIG: The session recovery policy is set to proactive.
mar 25, 2019 1:01:40 PM eu.bavenir.ogwapi.restapi.Api configureChallengeScheme
CONFIG: HTTP Basic challenge authentication scheme configured.
mar 25, 2019 1:01:40 PM org.restlet.Application start
INFO: Starting eu.bavenir.ogwapi.restapi.Api application
mar 25, 2019 1:01:40 PM eu.bavenir.ogwapi.restapi.Api createAuthenticator
CONFIG: Authentication realm: bavenir.eu
mar 25, 2019 1:01:40 PM org.restlet.engine.application.ApplicationHelper start
FINE: By default, an application should be attached to a parent component in order to let application's outbound root handle calls properly.
mar 25, 2019 1:01:40 PM eu.bavenir.ogwapi.restapi.RestletThread run
INFO: HTTPS server configured and started.
mar 25, 2019 1:03:11 PM eu.bavenir.ogwapi.commons.CommunicationManager isConnected
INFO: Object ID: 'org1dev2' is not connected yet.
mar 25, 2019 1:03:11 PM eu.bavenir.ogwapi.commons.connectors.http.RestAgentConnector <init>
CONFIG: REST Agent Connector: Dummy payloads disabled, all calls to an Agent via this connector will be real.
mar 25, 2019 1:03:11 PM eu.bavenir.ogwapi.commons.connectors.http.RestAgentConnector <init>
CONFIG: REST Agent Connector: HTTPS protocol enabled for Agent communication.
mar 25, 2019 1:03:18 PM eu.bavenir.ogwapi.commons.PersistenceManager loadData
INFO: File not found!
mar 25, 2019 1:03:25 PM eu.bavenir.ogwapi.commons.PersistenceManager loadThingDescriptionFromFile
INFO: TD json not found!
mar 25, 2019 1:03:25 PM eu.bavenir.ogwapi.commons.PersistenceManager loadThingDescription
WARNING: TD json for org1dev2 could not be loaded.
