mar 18, 2019 1:33:50 PM eu.bavenir.ogwapi.App initialize
CONFIG: Log file: log/19-03-18T13_33_50.370-gateway.log
mar 18, 2019 1:33:50 PM eu.bavenir.ogwapi.App main
FINE: Vicinity Gateway API initialized.
mar 18, 2019 1:33:50 PM eu.bavenir.ogwapi.App main
FINE: API thread started.
mar 18, 2019 1:33:50 PM eu.bavenir.ogwapi.restapi.RestletThread run
CONFIG: HTTP server configured.
mar 18, 2019 1:33:50 PM eu.bavenir.ogwapi.restapi.security.AuthenticationVerifier verify
FINE: Valid credentials received from a client with IP 127.0.0.1.
mar 18, 2019 1:33:50 PM eu.bavenir.ogwapi.commons.CommunicationManager <init>
CONFIG: The session recovery policy is set to proactive.
mar 18, 2019 1:33:50 PM org.restlet.security.ChallengeAuthenticator authenticate
FINE: Authentication succeeded. Valid credentials provided for identifier: org1dev1.
mar 18, 2019 1:33:50 PM org.restlet.security.Authenticator authenticated
FINE: The authentication succeeded for the identifer "org1dev1" using the HTTP_Basic scheme.
mar 18, 2019 1:33:50 PM org.restlet.routing.TemplateRoute score
FINER: Call score for the "/objects/login" URI pattern: 0.0
mar 18, 2019 1:33:50 PM org.restlet.routing.TemplateRoute score
FINER: Call score for the "/objects/logout" URI pattern: 1.0
mar 18, 2019 1:33:50 PM org.restlet.routing.Router logRoute
FINE: Selected route: "/objects/logout" -> Finder for ObjectsLogout
mar 18, 2019 1:33:50 PM org.restlet.routing.TemplateRoute beforeHandle
FINER: 15 characters were matched
mar 18, 2019 1:33:50 PM org.restlet.routing.TemplateRoute beforeHandle
FINE: New base URI: "http://localhost:8181/api/objects/logout". No remaining part to match
mar 18, 2019 1:33:50 PM org.restlet.routing.TemplateRoute beforeHandle
FINER: Delegating the call to the target Restlet
mar 18, 2019 1:33:50 PM org.restlet.engine.application.StrictConneg scoreAnnotation
FINE: Score of annotation "MethodAnnotationInfo [javaMethod: public org.restlet.representation.Representation eu.bavenir.ogwapi.restapi.services.ObjectsLogout.represent(), javaClass: class eu.bavenir.ogwapi.restapi.services.ObjectsLogout, restletMethod: GET, input: "", value: "", output: "", query: null]"= 0.5
mar 18, 2019 1:33:50 PM org.restlet.engine.application.StrictConneg scoreVariant
FINE: Total score of variant "[*/*]"= 0.041791666
mar 18, 2019 1:33:50 PM eu.bavenir.ogwapi.restapi.Api configureChallengeScheme
CONFIG: HTTP Basic challenge authentication scheme configured.
mar 18, 2019 1:33:50 PM eu.bavenir.ogwapi.restapi.RestletThread run
SEVERE: Can't start RESTLET component. Exited with exception:
Address already in use
mar 18, 2019 1:33:50 PM eu.bavenir.ogwapi.commons.engines.xmpp.XmppMessageEngine disconnect
FINE: XMPP user 'org1dev1' disconnected.
mar 18, 2019 1:33:50 PM eu.bavenir.ogwapi.commons.CommunicationManager terminateConnection
INFO: Connection for object ID 'org1dev1' destroyed.
mar 18, 2019 1:33:50 PM org.restlet.service.ConverterService toRepresentation
FINE: Converter selected for JsonRepresentation: DefaultConverter
