jan 18, 2019 4:16:36 PM eu.bavenir.ogwapi.App initialize
CONFIG: Log file: log/19-01-18T16_16_36.667-gateway.log
jan 18, 2019 4:16:36 PM eu.bavenir.ogwapi.App main
FINE: Vicinity Gateway API initialized.
jan 18, 2019 4:16:36 PM eu.bavenir.ogwapi.App main
FINE: API thread started.
jan 18, 2019 4:16:36 PM eu.bavenir.ogwapi.restapi.RestletThread run
CONFIG: HTTP server configured.
jan 18, 2019 4:16:36 PM eu.bavenir.ogwapi.commons.CommunicationManager <init>
CONFIG: The session recovery policy is set to proactive.
jan 18, 2019 4:16:36 PM eu.bavenir.ogwapi.restapi.Api configureChallengeScheme
CONFIG: HTTP Basic challenge authentication scheme configured.
jan 18, 2019 4:16:37 PM org.restlet.Application start
INFO: Starting eu.bavenir.ogwapi.restapi.Api application
jan 18, 2019 4:16:37 PM org.restlet.engine.application.ApplicationHelper start
FINE: By default, an application should be attached to a parent component in order to let application's outbound root handle calls properly.
jan 18, 2019 4:16:37 PM eu.bavenir.ogwapi.restapi.RestletThread run
FINE: HTTP server component started.
jan 18, 2019 4:16:41 PM eu.bavenir.ogwapi.commons.CommunicationManager isConnected
INFO: Object ID: 'org2dev1' is not connected yet.
jan 18, 2019 4:16:41 PM eu.bavenir.ogwapi.commons.connectors.http.RestAgentConnector <init>
CONFIG: REST Agent Connector: Dummy payloads disabled, all calls to an Agent via this connector will be real.
jan 18, 2019 4:16:41 PM eu.bavenir.ogwapi.commons.connectors.http.RestAgentConnector <init>
CONFIG: REST Agent Connector: HTTPS protocol disabled for Agent communication.
jan 18, 2019 4:16:41 PM eu.bavenir.ogwapi.commons.PersistenceManager loadData
INFO: File not found!
