mar 25, 2019 3:16:13 PM eu.bavenir.ogwapi.App initialize
CONFIG: Log file: log/19-03-25T15_16_13.813-gateway.log
mar 25, 2019 3:16:13 PM eu.bavenir.ogwapi.restapi.RestletThread <init>
CONFIG: HTTPS disabled.
mar 25, 2019 3:16:13 PM eu.bavenir.ogwapi.restapi.RestletThread <init>
CONFIG: Set to listen on port 8181
mar 25, 2019 3:16:13 PM eu.bavenir.ogwapi.App main
INFO: Vicinity Gateway API initialized.
mar 25, 2019 3:16:13 PM eu.bavenir.ogwapi.App main
FINE: API thread started.
mar 25, 2019 3:16:14 PM eu.bavenir.ogwapi.commons.CommunicationManager <init>
CONFIG: The session recovery policy is set to proactive.
mar 25, 2019 3:16:14 PM eu.bavenir.ogwapi.restapi.Api configureChallengeScheme
CONFIG: HTTP Basic challenge authentication scheme configured.
mar 25, 2019 3:16:14 PM org.restlet.Application start
INFO: Starting eu.bavenir.ogwapi.restapi.Api application
mar 25, 2019 3:16:14 PM eu.bavenir.ogwapi.restapi.Api createAuthenticator
CONFIG: Authentication realm: bavenir.eu
mar 25, 2019 3:16:14 PM org.restlet.engine.application.ApplicationHelper start
FINE: By default, an application should be attached to a parent component in order to let application's outbound root handle calls properly.
mar 25, 2019 3:16:14 PM eu.bavenir.ogwapi.restapi.RestletThread run
INFO: HTTP server configured and started.
mar 25, 2019 3:16:18 PM eu.bavenir.ogwapi.commons.CommunicationManager isConnected
INFO: Object ID: 'ecb96b72-24b1-45b2-a16b-83f0b41471e2' is not connected yet.
mar 25, 2019 3:16:18 PM eu.bavenir.ogwapi.commons.connectors.http.RestAgentConnector <init>
CONFIG: REST Agent Connector: Dummy payloads disabled, all calls to an Agent via this connector will be real.
mar 25, 2019 3:16:18 PM eu.bavenir.ogwapi.commons.connectors.http.RestAgentConnector <init>
CONFIG: REST Agent Connector: HTTPS protocol enabled for Agent communication.
mar 25, 2019 3:16:23 PM eu.bavenir.ogwapi.commons.PersistenceManager loadData
INFO: Data was loaded from file - ecb96b72-24b1-45b2-a16b-83f0b41471e2-data.ser
mar 25, 2019 3:17:03 PM eu.bavenir.ogwapi.commons.PersistenceManager loadThingDescriptionFromServer
INFO: TD json for ecb96b72-24b1-45b2-a16b-83f0b41471e2 was loaded from server.
mar 25, 2019 3:17:03 PM eu.bavenir.ogwapi.commons.PersistenceManager saveThingDescription
FINE: TD json for ecb96b72-24b1-45b2-a16b-83f0b41471e2 is saved in data/ecb96b72-24b1-45b2-a16b-83f0b41471e2-TD.json
mar 25, 2019 3:17:03 PM eu.bavenir.ogwapi.commons.engines.xmpp.XmppMessageEngine buildNewConnection
CONFIG: Creating a new connection to XMPP server 'development.vicinity.ws:5222' as 'ecb96b72-24b1-45b2-a16b-83f0b41471e2@vicinity.ws'
mar 25, 2019 3:17:04 PM eu.bavenir.ogwapi.commons.engines.xmpp.XmppMessageEngine buildNewConnection
CONFIG: XMPP secure connection is disabled.
mar 25, 2019 3:17:04 PM eu.bavenir.ogwapi.commons.CommunicationManager establishConnection
INFO: Connection for 'ecb96b72-24b1-45b2-a16b-83f0b41471e2' was established.
mar 25, 2019 3:17:04 PM eu.bavenir.ogwapi.restapi.security.AuthenticationVerifier verify
INFO: Valid credentials received from a client with IP 0:0:0:0:0:0:0:1.
mar 25, 2019 3:17:04 PM org.restlet.security.ChallengeAuthenticator authenticate
FINE: Authentication succeeded. Valid credentials provided for identifier: ecb96b72-24b1-45b2-a16b-83f0b41471e2.
mar 25, 2019 3:17:04 PM org.restlet.security.Authenticator authenticated
FINE: The authentication succeeded for the identifer "ecb96b72-24b1-45b2-a16b-83f0b41471e2" using the HTTP_Basic scheme.
mar 25, 2019 3:17:04 PM org.restlet.routing.Router logRoute
FINE: Selected route: "/objects/login" -> Finder for ObjectsLogin
mar 25, 2019 3:17:04 PM org.restlet.routing.TemplateRoute beforeHandle
FINE: New base URI: "http://localhost:8181/api/objects/login". No remaining part to match
mar 25, 2019 3:17:04 PM org.restlet.engine.application.StrictConneg scoreAnnotation
FINE: Score of annotation "MethodAnnotationInfo [javaMethod: public org.restlet.representation.Representation eu.bavenir.ogwapi.restapi.services.ObjectsLogin.represent(), javaClass: class eu.bavenir.ogwapi.restapi.services.ObjectsLogin, restletMethod: GET, input: "", value: "", output: "", query: null]"= 0.5
mar 25, 2019 3:17:04 PM org.restlet.engine.application.StrictConneg scoreVariant
FINE: Total score of variant "[*/*]"= 0.041791666
mar 25, 2019 3:17:04 PM org.restlet.service.ConverterService toRepresentation
FINE: Converter selected for JsonRepresentation: DefaultConverter
mar 25, 2019 3:17:51 PM eu.bavenir.ogwapi.commons.ConnectionDescriptor processIncommingMessage
INFO: ecb96b72-24b1-45b2-a16b-83f0b41471e2: New message from test_vcnt0
mar 25, 2019 3:17:51 PM eu.bavenir.ogwapi.commons.ConnectionDescriptor processIncommingMessage
FINE: ecb96b72-24b1-45b2-a16b-83f0b41471e2: Message string: 
{"messageType":1,"requestId":571743309,"sourceOid":"test_vcnt0","destinationOid":"ecb96b72-24b1-45b2-a16b-83f0b41471e2","requestOperation":4,"requestBody":"{\n\t\"data\": {\n\t\t\"echo\": \"start action\",\n\t\t\"oid\": \"magic-2\"\n\t},\n\t\"status\": \"success\"\n}","attributes":{"aid":"device-1-aid-2"},"parameters":{}}

mar 25, 2019 3:17:51 PM eu.bavenir.ogwapi.commons.ConnectionDescriptor processIncommingMessage
INFO: ecb96b72-24b1-45b2-a16b-83f0b41471e2: The message is a request. Processing...
mar 25, 2019 3:17:51 PM eu.bavenir.ogwapi.commons.ConnectionDescriptor processMessageRequest
INFO: ecb96b72-24b1-45b2-a16b-83f0b41471e2: Request ID is 571743309, operation is STARTACTION.
