jan 09, 2019 5:39:38 PM eu.bavenir.ogwapi.App initialize
CONFIG: Log file: log/19-01-09T17_39_38.542-gateway.log
jan 09, 2019 5:40:05 PM eu.bavenir.ogwapi.App main
FINE: Vicinity Gateway API initialized.
jan 09, 2019 5:40:05 PM eu.bavenir.ogwapi.App main
FINE: API thread started.
jan 09, 2019 5:40:35 PM eu.bavenir.ogwapi.restapi.RestletThread run
CONFIG: HTTP server configured.
jan 09, 2019 5:41:46 PM eu.bavenir.ogwapi.commons.CommunicationManager <init>
CONFIG: The session recovery policy is set to proactive.
jan 09, 2019 5:42:21 PM eu.bavenir.ogwapi.restapi.Api configureChallengeScheme
CONFIG: HTTP Basic challenge authentication scheme configured.
jan 09, 2019 5:42:36 PM org.restlet.Application start
INFO: Starting eu.bavenir.ogwapi.restapi.Api application
jan 09, 2019 5:44:14 PM org.restlet.engine.application.ApplicationHelper start
FINE: By default, an application should be attached to a parent component in order to let application's outbound root handle calls properly.
jan 09, 2019 5:44:18 PM eu.bavenir.ogwapi.restapi.RestletThread run
FINE: HTTP server component started.
jan 09, 2019 5:47:38 PM eu.bavenir.ogwapi.commons.CommunicationManager isConnected
INFO: Object ID: 'org1dev1' is not connected yet.
jan 09, 2019 5:47:53 PM eu.bavenir.ogwapi.commons.connectors.http.RestAgentConnector <init>
CONFIG: REST Agent Connector: Dummy payloads disabled, all calls to an Agent via this connector will be real.
jan 09, 2019 5:47:54 PM eu.bavenir.ogwapi.commons.connectors.http.RestAgentConnector <init>
CONFIG: REST Agent Connector: HTTPS protocol disabled for Agent communication.
jan 09, 2019 5:48:36 PM eu.bavenir.ogwapi.commons.engines.xmpp.XmppMessageEngine connect
FINE: XmppMessageEngine: Connection object not yet exists for org1dev1. Attempting to build a new one.
jan 09, 2019 5:48:36 PM eu.bavenir.ogwapi.commons.engines.xmpp.XmppMessageEngine buildNewConnection
CONFIG: Creating a new connection to XMPP server 'vicinity.bavenir.eu:5222' as 'org1dev1@bavenir.eu'
jan 09, 2019 5:48:47 PM eu.bavenir.ogwapi.commons.engines.xmpp.XmppMessageEngine buildNewConnection
CONFIG: XMPP secure connection is disabled.
