jan 21, 2019 1:48:01 PM eu.bavenir.ogwapi.App initialize
CONFIG: Log file: log/19-01-21T13_48_01.315-gateway.log
jan 21, 2019 1:48:01 PM eu.bavenir.ogwapi.App main
FINE: Vicinity Gateway API initialized.
jan 21, 2019 1:48:01 PM eu.bavenir.ogwapi.App main
FINE: API thread started.
jan 21, 2019 1:48:01 PM eu.bavenir.ogwapi.restapi.RestletThread run
CONFIG: HTTP server configured.
jan 21, 2019 1:48:01 PM eu.bavenir.ogwapi.commons.CommunicationManager <init>
CONFIG: The session recovery policy is set to proactive.
jan 21, 2019 1:48:01 PM eu.bavenir.ogwapi.restapi.Api configureChallengeScheme
CONFIG: HTTP Basic challenge authentication scheme configured.
jan 21, 2019 1:48:01 PM org.restlet.Application start
INFO: Starting eu.bavenir.ogwapi.restapi.Api application
jan 21, 2019 1:48:01 PM org.restlet.engine.application.ApplicationHelper start
FINE: By default, an application should be attached to a parent component in order to let application's outbound root handle calls properly.
jan 21, 2019 1:48:01 PM eu.bavenir.ogwapi.restapi.RestletThread run
FINE: HTTP server component started.
jan 21, 2019 1:48:06 PM eu.bavenir.ogwapi.commons.CommunicationManager isConnected
INFO: Object ID: 'org2dev1' is not connected yet.
jan 21, 2019 1:48:06 PM eu.bavenir.ogwapi.commons.connectors.http.RestAgentConnector <init>
CONFIG: REST Agent Connector: Dummy payloads disabled, all calls to an Agent via this connector will be real.
jan 21, 2019 1:48:06 PM eu.bavenir.ogwapi.commons.connectors.http.RestAgentConnector <init>
CONFIG: REST Agent Connector: HTTPS protocol disabled for Agent communication.
jan 21, 2019 1:48:06 PM eu.bavenir.ogwapi.commons.PersistenceManager loadData
INFO: File not found!
jan 21, 2019 1:48:27 PM eu.bavenir.ogwapi.commons.PersistenceManager loadThingDescriptionFromServer
INFO: TD was loaded from server.
jan 21, 2019 1:49:01 PM eu.bavenir.ogwapi.commons.PersistenceManager saveThingDescription
WARNING: Thing description data could not be written to file. data/org2dev1-TD.json
jan 21, 2019 1:49:20 PM eu.bavenir.ogwapi.commons.PersistenceManager saveThingDescription
WARNING: Thing description data could not be written to file. data/org2dev1-TD.json
jan 21, 2019 1:49:27 PM eu.bavenir.ogwapi.commons.PersistenceManager saveThingDescription
WARNING: Thing description data could not be written to file. data/org2dev1-TD.json
jan 21, 2019 1:49:40 PM eu.bavenir.ogwapi.commons.PersistenceManager saveThingDescription
FINE: Thing description data is saved in data/org2dev1-TD.json
jan 21, 2019 1:49:52 PM eu.bavenir.ogwapi.commons.engines.xmpp.XmppMessageEngine connect
FINE: XmppMessageEngine: Connection object not yet exists for org2dev1. Attempting to build a new one.
jan 21, 2019 1:49:52 PM eu.bavenir.ogwapi.commons.engines.xmpp.XmppMessageEngine buildNewConnection
CONFIG: Creating a new connection to XMPP server 'vicinity.bavenir.eu:5222' as 'org2dev1@bavenir.eu'
jan 21, 2019 1:49:57 PM eu.bavenir.ogwapi.commons.engines.xmpp.XmppMessageEngine buildNewConnection
CONFIG: XMPP secure connection is disabled.
jan 21, 2019 1:50:00 PM eu.bavenir.ogwapi.commons.CommunicationManager establishConnection
INFO: Connection for 'org2dev1' was established.
jan 21, 2019 1:50:00 PM eu.bavenir.ogwapi.restapi.security.AuthenticationVerifier verify
FINE: Valid credentials received from a client with IP 0:0:0:0:0:0:0:1.
jan 21, 2019 1:50:00 PM org.restlet.security.ChallengeAuthenticator authenticate
FINE: Authentication succeeded. Valid credentials provided for identifier: org2dev1.
jan 21, 2019 1:50:00 PM org.restlet.security.Authenticator authenticated
FINE: The authentication succeeded for the identifer "org2dev1" using the HTTP_Basic scheme.
jan 21, 2019 1:50:00 PM org.restlet.routing.TemplateRoute score
FINER: Call score for the "/objects/login" URI pattern: 1.0
jan 21, 2019 1:50:00 PM org.restlet.routing.Router logRoute
FINE: Selected route: "/objects/login" -> Finder for ObjectsLogin
jan 21, 2019 1:50:00 PM org.restlet.routing.TemplateRoute beforeHandle
FINER: 14 characters were matched
jan 21, 2019 1:50:00 PM org.restlet.routing.TemplateRoute beforeHandle
FINE: New base URI: "http://localhost:8181/api/objects/login". No remaining part to match
jan 21, 2019 1:50:00 PM org.restlet.routing.TemplateRoute beforeHandle
FINER: Delegating the call to the target Restlet
jan 21, 2019 1:50:00 PM org.restlet.engine.application.StrictConneg scoreAnnotation
FINE: Score of annotation "MethodAnnotationInfo [javaMethod: public org.restlet.representation.Representation eu.bavenir.ogwapi.restapi.services.ObjectsLogin.represent(), javaClass: class eu.bavenir.ogwapi.restapi.services.ObjectsLogin, restletMethod: GET, input: "", value: "", output: "", query: null]"= 0.5
jan 21, 2019 1:50:00 PM org.restlet.engine.application.StrictConneg scoreVariant
FINE: Total score of variant "[*/*]"= 0.041791666
jan 21, 2019 1:50:00 PM org.restlet.service.ConverterService toRepresentation
FINE: Converter selected for JsonRepresentation: DefaultConverter
