jan 16, 2019 12:55:46 PM eu.bavenir.ogwapi.App initialize
CONFIG: Log file: log/19-01-16T12_55_46.330-gateway.log
jan 16, 2019 12:55:46 PM eu.bavenir.ogwapi.App main
FINE: Vicinity Gateway API initialized.
jan 16, 2019 12:55:46 PM eu.bavenir.ogwapi.App main
FINE: API thread started.
jan 16, 2019 12:55:46 PM eu.bavenir.ogwapi.restapi.RestletThread run
CONFIG: HTTP server configured.
jan 16, 2019 12:55:46 PM eu.bavenir.ogwapi.commons.CommunicationManager <init>
CONFIG: The session recovery policy is set to proactive.
jan 16, 2019 12:55:46 PM eu.bavenir.ogwapi.restapi.Api configureChallengeScheme
CONFIG: HTTP Basic challenge authentication scheme configured.
jan 16, 2019 12:55:46 PM org.restlet.Application start
INFO: Starting eu.bavenir.ogwapi.restapi.Api application
jan 16, 2019 12:55:46 PM org.restlet.engine.application.ApplicationHelper start
FINE: By default, an application should be attached to a parent component in order to let application's outbound root handle calls properly.
jan 16, 2019 12:55:46 PM eu.bavenir.ogwapi.restapi.RestletThread run
FINE: HTTP server component started.
jan 16, 2019 12:56:16 PM eu.bavenir.ogwapi.commons.CommunicationManager isConnected
INFO: Object ID: 'org1dev1' is not connected yet.
jan 16, 2019 12:56:16 PM eu.bavenir.ogwapi.commons.connectors.http.RestAgentConnector <init>
CONFIG: REST Agent Connector: Dummy payloads disabled, all calls to an Agent via this connector will be real.
jan 16, 2019 12:56:16 PM eu.bavenir.ogwapi.commons.connectors.http.RestAgentConnector <init>
CONFIG: REST Agent Connector: HTTPS protocol disabled for Agent communication.
jan 16, 2019 12:56:16 PM eu.bavenir.ogwapi.commons.engines.xmpp.XmppMessageEngine connect
FINE: XmppMessageEngine: Connection object not yet exists for org1dev1. Attempting to build a new one.
jan 16, 2019 12:56:16 PM eu.bavenir.ogwapi.commons.engines.xmpp.XmppMessageEngine buildNewConnection
CONFIG: Creating a new connection to XMPP server 'vicinity.bavenir.eu:5222' as 'org1dev1@bavenir.eu'
jan 16, 2019 12:56:16 PM eu.bavenir.ogwapi.commons.engines.xmpp.XmppMessageEngine buildNewConnection
CONFIG: XMPP secure connection is disabled.
jan 16, 2019 12:56:17 PM eu.bavenir.ogwapi.commons.CommunicationManager establishConnection
INFO: Connection for 'org1dev1' was established.
jan 16, 2019 12:56:22 PM eu.bavenir.ogwapi.commons.PersistenceManager LoadData
INFO: There are no file to read.
