mar 11, 2019 10:45:56 AM eu.bavenir.ogwapi.App initialize
CONFIG: Log file: log/19-03-11T10_45_56.765-gateway.log
mar 11, 2019 10:45:56 AM eu.bavenir.ogwapi.App main
FINE: Vicinity Gateway API initialized.
mar 11, 2019 10:45:56 AM eu.bavenir.ogwapi.App main
FINE: API thread started.
mar 11, 2019 10:45:56 AM eu.bavenir.ogwapi.restapi.RestletThread run
CONFIG: HTTP server configured.
mar 11, 2019 10:45:56 AM eu.bavenir.ogwapi.commons.CommunicationManager <init>
CONFIG: The session recovery policy is set to proactive.
mar 11, 2019 10:45:56 AM eu.bavenir.ogwapi.restapi.Api configureChallengeScheme
CONFIG: HTTP Basic challenge authentication scheme configured.
mar 11, 2019 10:45:57 AM org.restlet.Application start
INFO: Starting eu.bavenir.ogwapi.restapi.Api application
mar 11, 2019 10:45:57 AM org.restlet.engine.application.ApplicationHelper start
FINE: By default, an application should be attached to a parent component in order to let application's outbound root handle calls properly.
mar 11, 2019 10:45:57 AM eu.bavenir.ogwapi.restapi.RestletThread run
FINE: HTTP server component started.
mar 11, 2019 10:46:08 AM eu.bavenir.ogwapi.commons.CommunicationManager isConnected
INFO: Object ID: 'org1dev1' is not connected yet.
mar 11, 2019 10:46:08 AM eu.bavenir.ogwapi.commons.connectors.http.RestAgentConnector <init>
CONFIG: REST Agent Connector: Dummy payloads enabled, all calls to an Agent via this connector will be simulated.
mar 11, 2019 10:46:08 AM eu.bavenir.ogwapi.commons.connectors.http.RestAgentConnector <init>
CONFIG: REST Agent Connector: HTTPS protocol disabled for Agent communication.
mar 11, 2019 10:46:08 AM eu.bavenir.ogwapi.commons.engines.xmpp.XmppMessageEngine <init>
FINEST: XmppMessageEngine: The roster for org1dev1 will be renewed every 63000ms.
mar 11, 2019 10:46:08 AM eu.bavenir.ogwapi.commons.PersistenceManager loadData
INFO: File not found!
mar 11, 2019 10:46:08 AM eu.bavenir.ogwapi.commons.PersistenceManager loadThingDescriptionFromFile
INFO: TD json not found!
mar 11, 2019 10:46:08 AM eu.bavenir.ogwapi.commons.PersistenceManager loadThingDescription
WARNING: TD json for org1dev1 could not be loaded.
mar 11, 2019 10:46:08 AM eu.bavenir.ogwapi.commons.engines.xmpp.XmppMessageEngine connect
FINE: XmppMessageEngine: Connection object not yet exists for org1dev1. Attempting to build a new one.
mar 11, 2019 10:46:08 AM eu.bavenir.ogwapi.commons.engines.xmpp.XmppMessageEngine buildNewConnection
CONFIG: Creating a new connection to XMPP server 'commserver.vicinity.ws:5222' as 'org1dev1@bavenir.eu'
mar 11, 2019 10:46:08 AM eu.bavenir.ogwapi.commons.engines.xmpp.XmppMessageEngine buildNewConnection
CONFIG: XMPP secure connection is disabled.
mar 11, 2019 10:46:09 AM eu.bavenir.ogwapi.commons.engines.xmpp.XmppMessageEngine renewPresenceAndRoster
FINEST: XmppMessageEngine: The roster for org1dev1 was renewed.
mar 11, 2019 10:46:09 AM eu.bavenir.ogwapi.commons.CommunicationManager establishConnection
INFO: Connection for 'org1dev1' was established.
mar 11, 2019 10:46:09 AM eu.bavenir.ogwapi.restapi.security.AuthenticationVerifier verify
FINE: Valid credentials received from a client with IP 0:0:0:0:0:0:0:1.
mar 11, 2019 10:46:09 AM org.restlet.security.ChallengeAuthenticator authenticate
FINE: Authentication succeeded. Valid credentials provided for identifier: org1dev1.
mar 11, 2019 10:46:09 AM org.restlet.security.Authenticator authenticated
FINE: The authentication succeeded for the identifer "org1dev1" using the HTTP_Basic scheme.
mar 11, 2019 10:46:09 AM org.restlet.routing.TemplateRoute score
FINER: Call score for the "/objects/login" URI pattern: 1.0
mar 11, 2019 10:46:09 AM org.restlet.routing.Router logRoute
FINE: Selected route: "/objects/login" -> Finder for ObjectsLogin
mar 11, 2019 10:46:09 AM org.restlet.routing.TemplateRoute beforeHandle
FINER: 14 characters were matched
mar 11, 2019 10:46:09 AM org.restlet.routing.TemplateRoute beforeHandle
FINE: New base URI: "http://localhost:8181/api/objects/login". No remaining part to match
mar 11, 2019 10:46:09 AM org.restlet.routing.TemplateRoute beforeHandle
FINER: Delegating the call to the target Restlet
mar 11, 2019 10:46:09 AM org.restlet.engine.application.StrictConneg scoreAnnotation
FINE: Score of annotation "MethodAnnotationInfo [javaMethod: public org.restlet.representation.Representation eu.bavenir.ogwapi.restapi.services.ObjectsLogin.represent(), javaClass: class eu.bavenir.ogwapi.restapi.services.ObjectsLogin, restletMethod: GET, input: "", value: "", output: "", query: null]"= 0.5
mar 11, 2019 10:46:09 AM org.restlet.engine.application.StrictConneg scoreVariant
FINE: Total score of variant "[*/*]"= 0.041791666
mar 11, 2019 10:46:09 AM org.restlet.service.ConverterService toRepresentation
FINE: Converter selected for JsonRepresentation: DefaultConverter
mar 11, 2019 10:46:26 AM eu.bavenir.ogwapi.commons.CommunicationManager getConnectionList
FINEST: -- Object IDs connected to network through this CommunicationManager: --
mar 11, 2019 10:46:26 AM eu.bavenir.ogwapi.commons.CommunicationManager getConnectionList
FINEST: org1dev1
mar 11, 2019 10:46:26 AM eu.bavenir.ogwapi.commons.CommunicationManager getConnectionList
FINEST: -- End of list. --
mar 11, 2019 10:46:56 AM eu.bavenir.ogwapi.commons.CommunicationManager getConnectionList
FINEST: -- Object IDs connected to network through this CommunicationManager: --
mar 11, 2019 10:46:56 AM eu.bavenir.ogwapi.commons.CommunicationManager getConnectionList
FINEST: org1dev1
mar 11, 2019 10:46:56 AM eu.bavenir.ogwapi.commons.CommunicationManager getConnectionList
FINEST: -- End of list. --
mar 11, 2019 10:47:11 AM eu.bavenir.ogwapi.commons.engines.xmpp.XmppMessageEngine renewPresenceAndRoster
FINEST: XmppMessageEngine: The roster for org1dev1 was renewed.
mar 11, 2019 10:47:26 AM eu.bavenir.ogwapi.commons.CommunicationManager getConnectionList
FINEST: -- Object IDs connected to network through this CommunicationManager: --
mar 11, 2019 10:47:26 AM eu.bavenir.ogwapi.commons.CommunicationManager getConnectionList
FINEST: org1dev1
mar 11, 2019 10:47:26 AM eu.bavenir.ogwapi.commons.CommunicationManager getConnectionList
FINEST: -- End of list. --
mar 11, 2019 10:47:48 AM eu.bavenir.ogwapi.restapi.security.AuthenticationVerifier verify
FINE: Valid credentials received from a client with IP 0:0:0:0:0:0:0:1.
mar 11, 2019 10:47:48 AM org.restlet.security.ChallengeAuthenticator authenticate
FINE: Authentication succeeded. Valid credentials provided for identifier: org1dev1.
mar 11, 2019 10:47:48 AM org.restlet.security.Authenticator authenticated
FINE: The authentication succeeded for the identifer "org1dev1" using the HTTP_Basic scheme.
mar 11, 2019 10:47:48 AM org.restlet.routing.TemplateRoute score
FINER: Call score for the "/objects/login" URI pattern: 0.0
mar 11, 2019 10:47:48 AM org.restlet.routing.TemplateRoute score
FINER: Call score for the "/objects/logout" URI pattern: 0.0
mar 11, 2019 10:47:48 AM org.restlet.routing.TemplateRoute score
FINER: Call score for the "/objects/{oid}/properties" URI pattern: 0.0
mar 11, 2019 10:47:48 AM org.restlet.routing.TemplateRoute score
FINER: Call score for the "/objects/{oid}/properties/{pid}" URI pattern: 0.0
mar 11, 2019 10:47:48 AM org.restlet.routing.TemplateRoute score
FINER: Call score for the "/objects/{oid}/actions" URI pattern: 0.0
mar 11, 2019 10:47:48 AM org.restlet.routing.TemplateRoute score
FINER: Call score for the "/objects/{oid}/actions/{aid}" URI pattern: 0.0
mar 11, 2019 10:47:48 AM org.restlet.routing.TemplateRoute score
FINER: Call score for the "/objects/{oid}/actions/{aid}/tasks/{tid}" URI pattern: 0.0
mar 11, 2019 10:47:48 AM org.restlet.routing.TemplateRoute score
FINER: Call score for the "/objects/{oid}/events" URI pattern: 0.0
mar 11, 2019 10:47:48 AM org.restlet.routing.TemplateRoute score
FINER: Call score for the "/objects/{oid}/events/{eid}" URI pattern: 0.0
mar 11, 2019 10:47:48 AM org.restlet.routing.TemplateRoute score
FINER: Call score for the "/events/{eid}" URI pattern: 0.0
mar 11, 2019 10:47:48 AM org.restlet.routing.TemplateRoute score
FINER: Call score for the "/objects" URI pattern: 1.0
mar 11, 2019 10:47:48 AM org.restlet.routing.Router logRoute
FINE: Selected route: "/objects" -> Finder for Objects
mar 11, 2019 10:47:48 AM org.restlet.routing.TemplateRoute beforeHandle
FINER: 8 characters were matched
mar 11, 2019 10:47:48 AM org.restlet.routing.TemplateRoute beforeHandle
FINE: New base URI: "http://localhost:8181/api/objects". No remaining part to match
mar 11, 2019 10:47:48 AM org.restlet.routing.TemplateRoute beforeHandle
FINER: Delegating the call to the target Restlet
mar 11, 2019 10:47:48 AM org.restlet.engine.application.StrictConneg scoreAnnotation
FINE: Score of annotation "MethodAnnotationInfo [javaMethod: public org.restlet.representation.Representation eu.bavenir.ogwapi.restapi.services.Objects.represent(), javaClass: class eu.bavenir.ogwapi.restapi.services.Objects, restletMethod: GET, input: "", value: "", output: "", query: null]"= 0.5
mar 11, 2019 10:47:48 AM org.restlet.engine.application.StrictConneg scoreVariant
FINE: Total score of variant "[*/*]"= 0.041791666
mar 11, 2019 10:47:48 AM eu.bavenir.ogwapi.commons.CommunicationManager getRosterEntriesForObject
FINEST: -- Roster for 'org1dev1' --
mar 11, 2019 10:47:48 AM eu.bavenir.ogwapi.commons.CommunicationManager getRosterEntriesForObject
FINEST: mariasuser1 Presence: UNKNOWN
mar 11, 2019 10:47:48 AM eu.bavenir.ogwapi.commons.CommunicationManager getRosterEntriesForObject
FINEST: d9100add-030f-40b7-a6e4-05e5494e14de Presence: UNKNOWN
mar 11, 2019 10:47:48 AM eu.bavenir.ogwapi.commons.CommunicationManager getRosterEntriesForObject
FINEST: mariasuser3 Presence: UNKNOWN
mar 11, 2019 10:47:48 AM eu.bavenir.ogwapi.commons.CommunicationManager getRosterEntriesForObject
FINEST: 6a662e35-4b9a-448c-89eb-391cb2f174fa Presence: UNKNOWN
mar 11, 2019 10:47:48 AM eu.bavenir.ogwapi.commons.CommunicationManager getRosterEntriesForObject
FINEST: 93cba752-b9ec-4a92-b983-93c749b76b2e Presence: UNKNOWN
mar 11, 2019 10:47:48 AM eu.bavenir.ogwapi.commons.CommunicationManager getRosterEntriesForObject
FINEST: mariasuser2 Presence: UNKNOWN
mar 11, 2019 10:47:48 AM eu.bavenir.ogwapi.commons.CommunicationManager getRosterEntriesForObject
FINEST: aaaaa6b7-f9fd-4815-979d-fdb4be2abc88 Presence: UNKNOWN
mar 11, 2019 10:47:48 AM eu.bavenir.ogwapi.commons.CommunicationManager getRosterEntriesForObject
FINEST: 87710579-0325-48a3-8463-281694a9bd3a Presence: UNKNOWN
mar 11, 2019 10:47:48 AM eu.bavenir.ogwapi.commons.CommunicationManager getRosterEntriesForObject
FINEST: iiiii6b7-f9fd-4815-979d-fdb4be2abc88 Presence: UNKNOWN
mar 11, 2019 10:47:48 AM eu.bavenir.ogwapi.commons.CommunicationManager getRosterEntriesForObject
FINEST: 0916e774-f7cc-4c4a-bf26-0cf5ed782a24 Presence: UNKNOWN
mar 11, 2019 10:47:48 AM eu.bavenir.ogwapi.commons.CommunicationManager getRosterEntriesForObject
FINEST: dc5bfe59-8aaf-4302-802f-6e76fa94f3a3 Presence: UNKNOWN
mar 11, 2019 10:47:48 AM eu.bavenir.ogwapi.commons.CommunicationManager getRosterEntriesForObject
FINEST: d77ec6b0-f039-4734-925e-0a90ce7d1b5b__018bd53d Presence: UNKNOWN
mar 11, 2019 10:47:48 AM eu.bavenir.ogwapi.commons.CommunicationManager getRosterEntriesForObject
FINEST: qqqqq6b7-f9fd-4815-979d-fdb4be2abc88 Presence: UNKNOWN
mar 11, 2019 10:47:48 AM eu.bavenir.ogwapi.commons.CommunicationManager getRosterEntriesForObject
FINEST: lego_1 Presence: UNKNOWN
mar 11, 2019 10:47:48 AM eu.bavenir.ogwapi.commons.CommunicationManager getRosterEntriesForObject
FINEST: c3434d31-407a-43ce-95ba-992d316e520d Presence: UNKNOWN
mar 11, 2019 10:47:48 AM eu.bavenir.ogwapi.commons.CommunicationManager getRosterEntriesForObject
FINEST: mmmmm6b7-f9fd-4815-979d-fdb4be2abc88 Presence: UNKNOWN
mar 11, 2019 10:47:48 AM eu.bavenir.ogwapi.commons.CommunicationManager getRosterEntriesForObject
FINEST: prosumer_0 Presence: UNKNOWN
mar 11, 2019 10:47:48 AM eu.bavenir.ogwapi.commons.CommunicationManager getRosterEntriesForObject
FINEST: prosumer_1 Presence: UNKNOWN
mar 11, 2019 10:47:48 AM eu.bavenir.ogwapi.commons.CommunicationManager getRosterEntriesForObject
FINEST: prosumer_2 Presence: UNKNOWN
mar 11, 2019 10:47:48 AM eu.bavenir.ogwapi.commons.CommunicationManager getRosterEntriesForObject
FINEST: prosumer_3 Presence: UNKNOWN
mar 11, 2019 10:47:48 AM eu.bavenir.ogwapi.commons.CommunicationManager getRosterEntriesForObject
FINEST: upm_vas Presence: UNKNOWN
mar 11, 2019 10:47:48 AM eu.bavenir.ogwapi.commons.CommunicationManager getRosterEntriesForObject
FINEST: fffff6b7-f9fd-4815-979d-fdb4be2abc88 Presence: UNKNOWN
mar 11, 2019 10:47:48 AM eu.bavenir.ogwapi.commons.CommunicationManager getRosterEntriesForObject
FINEST: bbbbb6b7-f9fd-4815-979d-fdb4be2abc88 Presence: UNKNOWN
mar 11, 2019 10:47:48 AM eu.bavenir.ogwapi.commons.CommunicationManager getRosterEntriesForObject
FINEST: upm_dev1 Presence: UNKNOWN
mar 11, 2019 10:47:48 AM eu.bavenir.ogwapi.commons.CommunicationManager getRosterEntriesForObject
FINEST: d77ec6b0-f039-4734-925e-0a90ce7d1b5b__0184a96b__humidity Presence: UNKNOWN
mar 11, 2019 10:47:48 AM eu.bavenir.ogwapi.commons.CommunicationManager getRosterEntriesForObject
FINEST: tinym_vas Presence: UNKNOWN
mar 11, 2019 10:47:49 AM eu.bavenir.ogwapi.commons.CommunicationManager getRosterEntriesForObject
FINEST: upm_dev0 Presence: UNKNOWN
mar 11, 2019 10:47:49 AM eu.bavenir.ogwapi.commons.CommunicationManager getRosterEntriesForObject
FINEST: d77ec6b0-f039-4734-925e-0a90ce7d1b5b__0184a96b__thermometer Presence: UNKNOWN
mar 11, 2019 10:47:49 AM eu.bavenir.ogwapi.commons.CommunicationManager getRosterEntriesForObject
FINEST: jjjjj6b7-f9fd-4815-979d-fdb4be2abc88 Presence: UNKNOWN
mar 11, 2019 10:47:49 AM eu.bavenir.ogwapi.commons.CommunicationManager getRosterEntriesForObject
FINEST: smartplug Presence: UNKNOWN
mar 11, 2019 10:47:49 AM eu.bavenir.ogwapi.commons.CommunicationManager getRosterEntriesForObject
FINEST: c49cd562-7cc2-4a33-95c8-ca086c2b77de Presence: UNKNOWN
mar 11, 2019 10:47:49 AM eu.bavenir.ogwapi.commons.CommunicationManager getRosterEntriesForObject
FINEST: rrrrr6b7-f9fd-4815-979d-fdb4be2abc88 Presence: UNKNOWN
mar 11, 2019 10:47:49 AM eu.bavenir.ogwapi.commons.CommunicationManager getRosterEntriesForObject
FINEST: plugwise__000d6f0005b1076e Presence: UNKNOWN
mar 11, 2019 10:47:49 AM eu.bavenir.ogwapi.commons.CommunicationManager getRosterEntriesForObject
FINEST: nnnnn6b7-f9fd-4815-979d-fdb4be2abc88 Presence: UNKNOWN
mar 11, 2019 10:47:49 AM eu.bavenir.ogwapi.commons.CommunicationManager getRosterEntriesForObject
FINEST: ggggg6b7-f9fd-4815-979d-fdb4be2abc88 Presence: UNKNOWN
mar 11, 2019 10:47:49 AM eu.bavenir.ogwapi.commons.CommunicationManager getRosterEntriesForObject
FINEST: kkkkk6b7-f9fd-4815-979d-fdb4be2abc88 Presence: UNKNOWN
mar 11, 2019 10:47:49 AM eu.bavenir.ogwapi.commons.CommunicationManager getRosterEntriesForObject
FINEST: gnomon-charger Presence: UNKNOWN
mar 11, 2019 10:47:49 AM eu.bavenir.ogwapi.commons.CommunicationManager getRosterEntriesForObject
FINEST: org1dev2 Presence: UNKNOWN
mar 11, 2019 10:47:49 AM eu.bavenir.ogwapi.commons.CommunicationManager getRosterEntriesForObject
FINEST: 5a09eec2-e142-4787-9c9d-8f9b0dd5404b Presence: UNKNOWN
mar 11, 2019 10:47:49 AM eu.bavenir.ogwapi.commons.CommunicationManager getRosterEntriesForObject
FINEST: a999c714-4126-404e-a276-c3ae31701a01 Presence: UNKNOWN
mar 11, 2019 10:47:49 AM eu.bavenir.ogwapi.commons.CommunicationManager getRosterEntriesForObject
FINEST: upm_agent Presence: UNKNOWN
mar 11, 2019 10:47:49 AM eu.bavenir.ogwapi.commons.CommunicationManager getRosterEntriesForObject
FINEST: ccccc6b7-f9fd-4815-979d-fdb4be2abc88 Presence: UNKNOWN
mar 11, 2019 10:47:49 AM eu.bavenir.ogwapi.commons.CommunicationManager getRosterEntriesForObject
FINEST: org2dev1 Presence: UNKNOWN
mar 11, 2019 10:47:49 AM eu.bavenir.ogwapi.commons.CommunicationManager getRosterEntriesForObject
FINEST: d77ec6b0-f039-4734-925e-0a90ce7d1b5b__0184a96b__co2 Presence: UNKNOWN
mar 11, 2019 10:47:49 AM eu.bavenir.ogwapi.commons.CommunicationManager getRosterEntriesForObject
FINEST: 0a6f31ed-0592-4455-b7b0-badba79e132a Presence: UNKNOWN
mar 11, 2019 10:47:49 AM eu.bavenir.ogwapi.commons.CommunicationManager getRosterEntriesForObject
FINEST: ooooo6b7-f9fd-4815-979d-fdb4be2abc88 Presence: UNKNOWN
mar 11, 2019 10:47:49 AM eu.bavenir.ogwapi.commons.CommunicationManager getRosterEntriesForObject
FINEST: d06ce9f7-e13b-481e-9062-a37847c91530 Presence: UNKNOWN
mar 11, 2019 10:47:49 AM eu.bavenir.ogwapi.commons.CommunicationManager getRosterEntriesForObject
FINEST: sssss6b7-f9fd-4815-979d-fdb4be2abc88 Presence: UNKNOWN
mar 11, 2019 10:47:49 AM eu.bavenir.ogwapi.commons.CommunicationManager getRosterEntriesForObject
FINEST: hvacs__hvac_lg_03 Presence: UNKNOWN
mar 11, 2019 10:47:49 AM eu.bavenir.ogwapi.commons.CommunicationManager getRosterEntriesForObject
FINEST: hvacs__hvac_lg_02 Presence: UNKNOWN
mar 11, 2019 10:47:49 AM eu.bavenir.ogwapi.commons.CommunicationManager getRosterEntriesForObject
FINEST: hhhhh6b7-f9fd-4815-979d-fdb4be2abc88 Presence: UNKNOWN
mar 11, 2019 10:47:49 AM eu.bavenir.ogwapi.commons.CommunicationManager getRosterEntriesForObject
FINEST: plugwise__000d6f00019f0ea8 Presence: UNKNOWN
mar 11, 2019 10:47:49 AM eu.bavenir.ogwapi.commons.CommunicationManager getRosterEntriesForObject
FINEST: 92c6c3f2-c679-45f7-b21a-585a8ea0e16f Presence: UNKNOWN
mar 11, 2019 10:47:49 AM eu.bavenir.ogwapi.commons.CommunicationManager getRosterEntriesForObject
FINEST: lllll6b7-f9fd-4815-979d-fdb4be2abc88 Presence: UNKNOWN
mar 11, 2019 10:47:49 AM eu.bavenir.ogwapi.commons.CommunicationManager getRosterEntriesForObject
FINEST: 813dfa90-d05f-463e-a481-94eb43e0d416 Presence: UNKNOWN
mar 11, 2019 10:47:49 AM eu.bavenir.ogwapi.commons.CommunicationManager getRosterEntriesForObject
FINEST: 9a5c8dfd-c7c8-4f00-b21f-f54846fcd303 Presence: UNKNOWN
mar 11, 2019 10:47:49 AM eu.bavenir.ogwapi.commons.CommunicationManager getRosterEntriesForObject
FINEST: 682f665a-bed1-402e-91ec-029abaa35bb0 Presence: UNKNOWN
mar 11, 2019 10:47:49 AM eu.bavenir.ogwapi.commons.CommunicationManager getRosterEntriesForObject
FINEST: 4a647e4f-1c80-485d-b1e2-a2e4a2b451a5 Presence: UNKNOWN
mar 11, 2019 10:47:49 AM eu.bavenir.ogwapi.commons.CommunicationManager getRosterEntriesForObject
FINEST: plugwise__000d6f0005b0fcce Presence: UNKNOWN
mar 11, 2019 10:47:49 AM eu.bavenir.ogwapi.commons.CommunicationManager getRosterEntriesForObject
FINEST: enocean__01a82356 Presence: UNKNOWN
mar 11, 2019 10:47:49 AM eu.bavenir.ogwapi.commons.CommunicationManager getRosterEntriesForObject
FINEST: enocean__01a7316e Presence: UNKNOWN
mar 11, 2019 10:47:49 AM eu.bavenir.ogwapi.commons.CommunicationManager getRosterEntriesForObject
FINEST: d321a6b7-f9fd-4815-979d-fdb4be2abc88 Presence: UNKNOWN
mar 11, 2019 10:47:49 AM eu.bavenir.ogwapi.commons.CommunicationManager getRosterEntriesForObject
FINEST: 872df6ad-51a4-4325-8afd-1dcf5b20ac21 Presence: UNKNOWN
mar 11, 2019 10:47:49 AM eu.bavenir.ogwapi.commons.CommunicationManager getRosterEntriesForObject
FINEST: cbc414ca-9512-4339-895b-ebc4175de2f3 Presence: UNKNOWN
mar 11, 2019 10:47:49 AM eu.bavenir.ogwapi.commons.CommunicationManager getRosterEntriesForObject
FINEST: iliolousta_25 Presence: UNKNOWN
mar 11, 2019 10:47:49 AM eu.bavenir.ogwapi.commons.CommunicationManager getRosterEntriesForObject
FINEST: ppppp6b7-f9fd-4815-979d-fdb4be2abc88 Presence: UNKNOWN
mar 11, 2019 10:47:49 AM eu.bavenir.ogwapi.commons.CommunicationManager getRosterEntriesForObject
FINEST: b47b4c78-5b79-4136-a56b-959176957489 Presence: UNKNOWN
mar 11, 2019 10:47:49 AM eu.bavenir.ogwapi.commons.CommunicationManager getRosterEntriesForObject
FINEST: test_vcnt0 Presence: UNKNOWN
mar 11, 2019 10:47:49 AM eu.bavenir.ogwapi.commons.CommunicationManager getRosterEntriesForObject
FINEST: rwthuser0 Presence: UNKNOWN
mar 11, 2019 10:47:49 AM eu.bavenir.ogwapi.commons.CommunicationManager getRosterEntriesForObject
FINEST: f6d8f0a0-f784-4bd0-a538-4d157bfeb2c5 Presence: UNKNOWN
mar 11, 2019 10:47:49 AM eu.bavenir.ogwapi.commons.CommunicationManager getRosterEntriesForObject
FINEST: rwthuser1 Presence: UNKNOWN
mar 11, 2019 10:47:49 AM eu.bavenir.ogwapi.commons.CommunicationManager getRosterEntriesForObject
FINEST: ttttt6b7-f9fd-4815-979d-fdb4be2abc88 Presence: UNKNOWN
mar 11, 2019 10:47:49 AM eu.bavenir.ogwapi.commons.CommunicationManager getRosterEntriesForObject
FINEST: plugwise__000d6f00019f0ca4 Presence: UNKNOWN
mar 11, 2019 10:47:49 AM eu.bavenir.ogwapi.commons.CommunicationManager getRosterEntriesForObject
FINEST: 53678712-44b1-4b13-9fc7-b60cfff85d27 Presence: UNKNOWN
mar 11, 2019 10:47:49 AM eu.bavenir.ogwapi.commons.CommunicationManager getRosterEntriesForObject
FINEST: -- End of roster --
mar 11, 2019 10:47:49 AM org.restlet.service.ConverterService toRepresentation
FINE: Converter selected for JsonRepresentation: DefaultConverter
mar 11, 2019 10:47:56 AM eu.bavenir.ogwapi.commons.CommunicationManager getConnectionList
FINEST: -- Object IDs connected to network through this CommunicationManager: --
mar 11, 2019 10:47:56 AM eu.bavenir.ogwapi.commons.CommunicationManager getConnectionList
FINEST: org1dev1
mar 11, 2019 10:47:56 AM eu.bavenir.ogwapi.commons.CommunicationManager getConnectionList
FINEST: -- End of list. --
