mar 11, 2019 10:44:54 AM eu.bavenir.ogwapi.App initialize
CONFIG: Log file: log/19-03-11T10_44_54.310-gateway.log
mar 11, 2019 10:44:54 AM eu.bavenir.ogwapi.App main
FINE: Vicinity Gateway API initialized.
mar 11, 2019 10:44:54 AM eu.bavenir.ogwapi.App main
FINE: API thread started.
mar 11, 2019 10:44:54 AM eu.bavenir.ogwapi.restapi.RestletThread run
CONFIG: HTTP server configured.
mar 11, 2019 10:44:54 AM eu.bavenir.ogwapi.commons.CommunicationManager <init>
CONFIG: The session recovery policy is set to proactive.
mar 11, 2019 10:44:54 AM eu.bavenir.ogwapi.restapi.Api configureChallengeScheme
CONFIG: HTTP Basic challenge authentication scheme configured.
mar 11, 2019 10:44:54 AM org.restlet.Application start
INFO: Starting eu.bavenir.ogwapi.restapi.Api application
mar 11, 2019 10:44:54 AM org.restlet.engine.application.ApplicationHelper start
FINE: By default, an application should be attached to a parent component in order to let application's outbound root handle calls properly.
mar 11, 2019 10:44:54 AM eu.bavenir.ogwapi.restapi.RestletThread run
FINE: HTTP server component started.
mar 11, 2019 10:45:24 AM eu.bavenir.ogwapi.commons.CommunicationManager getConnectionList
FINEST: -- Object IDs connected to network through this CommunicationManager: --
mar 11, 2019 10:45:24 AM eu.bavenir.ogwapi.commons.CommunicationManager getConnectionList
FINEST: -- End of list. --
