jan 10, 2019 4:35:34 PM eu.bavenir.ogwapi.App initialize
CONFIG: Log file: log/19-01-10T16_35_34.311-gateway.log
jan 10, 2019 4:35:36 PM eu.bavenir.ogwapi.App main
FINE: Vicinity Gateway API initialized.
jan 10, 2019 4:35:36 PM eu.bavenir.ogwapi.App main
FINE: API thread started.
jan 10, 2019 4:35:37 PM eu.bavenir.ogwapi.restapi.RestletThread run
CONFIG: HTTP server configured.
jan 10, 2019 4:35:38 PM eu.bavenir.ogwapi.commons.CommunicationManager <init>
CONFIG: The session recovery policy is set to proactive.
jan 10, 2019 4:35:40 PM eu.bavenir.ogwapi.restapi.Api configureChallengeScheme
CONFIG: HTTP Basic challenge authentication scheme configured.
jan 10, 2019 4:35:40 PM org.restlet.Application start
INFO: Starting eu.bavenir.ogwapi.restapi.Api application
jan 10, 2019 4:35:42 PM org.restlet.engine.application.ApplicationHelper start
FINE: By default, an application should be attached to a parent component in order to let application's outbound root handle calls properly.
jan 10, 2019 4:35:42 PM eu.bavenir.ogwapi.restapi.RestletThread run
FINE: HTTP server component started.
jan 10, 2019 4:36:21 PM eu.bavenir.ogwapi.commons.CommunicationManager isConnected
INFO: Object ID: 'org1dev1' is not connected yet.
jan 10, 2019 4:37:57 PM eu.bavenir.ogwapi.commons.connectors.http.RestAgentConnector <init>
CONFIG: REST Agent Connector: Dummy payloads disabled, all calls to an Agent via this connector will be real.
jan 10, 2019 4:37:58 PM eu.bavenir.ogwapi.commons.connectors.http.RestAgentConnector <init>
CONFIG: REST Agent Connector: HTTPS protocol disabled for Agent communication.
jan 10, 2019 4:38:32 PM eu.bavenir.ogwapi.commons.engines.xmpp.XmppMessageEngine <init>
FINEST: XmppMessageEngine: The roster for org1dev1 will be renewed every 77000ms.
jan 10, 2019 4:39:39 PM eu.bavenir.ogwapi.commons.engines.xmpp.XmppMessageEngine connect
FINE: XmppMessageEngine: Connection object not yet exists for org1dev1. Attempting to build a new one.
jan 10, 2019 4:40:48 PM eu.bavenir.ogwapi.commons.engines.xmpp.XmppMessageEngine buildNewConnection
CONFIG: Creating a new connection to XMPP server 'vicinity.bavenir.eu:5222' as 'org1dev1@bavenir.eu'
jan 10, 2019 4:44:23 PM eu.bavenir.ogwapi.commons.engines.xmpp.XmppMessageEngine buildNewConnection
CONFIG: XMPP secure connection is disabled.
jan 10, 2019 4:46:52 PM eu.bavenir.ogwapi.commons.engines.xmpp.XmppMessageEngine renewPresenceAndRoster
FINEST: XmppMessageEngine: The roster for org1dev1 was renewed.
jan 10, 2019 4:47:19 PM eu.bavenir.ogwapi.commons.engines.xmpp.XmppMessageEngine renewPresenceAndRoster
FINEST: XmppMessageEngine: The roster for org1dev1 was renewed.
jan 10, 2019 4:47:52 PM eu.bavenir.ogwapi.commons.CommunicationManager establishConnection
INFO: Connection for 'org1dev1' was established.
jan 10, 2019 4:48:06 PM eu.bavenir.ogwapi.restapi.security.AuthenticationVerifier verify
FINE: Valid credentials received from a client with IP 0:0:0:0:0:0:0:1.
jan 10, 2019 4:48:09 PM eu.bavenir.ogwapi.commons.engines.xmpp.XmppMessageEngine renewPresenceAndRoster
FINEST: XmppMessageEngine: The roster for org1dev1 was renewed.
jan 10, 2019 4:49:26 PM eu.bavenir.ogwapi.commons.engines.xmpp.XmppMessageEngine renewPresenceAndRoster
FINEST: XmppMessageEngine: The roster for org1dev1 was renewed.
jan 10, 2019 4:49:33 PM org.restlet.security.ChallengeAuthenticator authenticate
FINE: Authentication succeeded. Valid credentials provided for identifier: org1dev1.
jan 10, 2019 4:49:40 PM org.restlet.security.Authenticator authenticated
FINE: The authentication succeeded for the identifer "org1dev1" using the HTTP_Basic scheme.
jan 10, 2019 4:49:41 PM org.restlet.routing.TemplateRoute score
FINER: Call score for the "/objects/login" URI pattern: 1.0
jan 10, 2019 4:49:41 PM org.restlet.routing.Router logRoute
FINE: Selected route: "/objects/login" -> Finder for ObjectsLogin
jan 10, 2019 4:49:41 PM org.restlet.routing.TemplateRoute beforeHandle
FINER: 14 characters were matched
jan 10, 2019 4:49:41 PM org.restlet.routing.TemplateRoute beforeHandle
FINE: New base URI: "http://localhost:8181/api/objects/login". No remaining part to match
jan 10, 2019 4:49:41 PM org.restlet.routing.TemplateRoute beforeHandle
FINER: Delegating the call to the target Restlet
jan 10, 2019 4:49:43 PM org.restlet.engine.application.StrictConneg scoreAnnotation
FINE: Score of annotation "MethodAnnotationInfo [javaMethod: public org.restlet.representation.Representation eu.bavenir.ogwapi.restapi.services.ObjectsLogin.represent(), javaClass: class eu.bavenir.ogwapi.restapi.services.ObjectsLogin, restletMethod: GET, input: "", value: "", output: "", query: null]"= 0.5
jan 10, 2019 4:49:43 PM org.restlet.engine.application.StrictConneg scoreVariant
FINE: Total score of variant "[*/*]"= 0.041791666
jan 10, 2019 4:50:01 PM org.restlet.service.ConverterService toRepresentation
FINE: Converter selected for JsonRepresentation: DefaultConverter
jan 10, 2019 4:50:43 PM eu.bavenir.ogwapi.commons.engines.xmpp.XmppMessageEngine renewPresenceAndRoster
FINEST: XmppMessageEngine: The roster for org1dev1 was renewed.
jan 10, 2019 4:52:00 PM eu.bavenir.ogwapi.commons.engines.xmpp.XmppMessageEngine renewPresenceAndRoster
FINEST: XmppMessageEngine: The roster for org1dev1 was renewed.
jan 10, 2019 4:53:17 PM eu.bavenir.ogwapi.commons.engines.xmpp.XmppMessageEngine renewPresenceAndRoster
FINEST: XmppMessageEngine: The roster for org1dev1 was renewed.
jan 10, 2019 4:54:34 PM eu.bavenir.ogwapi.commons.engines.xmpp.XmppMessageEngine renewPresenceAndRoster
FINEST: XmppMessageEngine: The roster for org1dev1 was renewed.
jan 10, 2019 4:55:51 PM eu.bavenir.ogwapi.commons.engines.xmpp.XmppMessageEngine renewPresenceAndRoster
FINEST: XmppMessageEngine: The roster for org1dev1 was renewed.
jan 10, 2019 4:57:08 PM eu.bavenir.ogwapi.commons.engines.xmpp.XmppMessageEngine renewPresenceAndRoster
FINEST: XmppMessageEngine: The roster for org1dev1 was renewed.
jan 10, 2019 4:58:25 PM eu.bavenir.ogwapi.commons.engines.xmpp.XmppMessageEngine renewPresenceAndRoster
FINEST: XmppMessageEngine: The roster for org1dev1 was renewed.
jan 10, 2019 4:59:42 PM eu.bavenir.ogwapi.commons.engines.xmpp.XmppMessageEngine renewPresenceAndRoster
FINEST: XmppMessageEngine: The roster for org1dev1 was renewed.
jan 10, 2019 5:00:59 PM eu.bavenir.ogwapi.commons.engines.xmpp.XmppMessageEngine renewPresenceAndRoster
FINEST: XmppMessageEngine: The roster for org1dev1 was renewed.
jan 10, 2019 5:02:16 PM eu.bavenir.ogwapi.commons.engines.xmpp.XmppMessageEngine renewPresenceAndRoster
FINEST: XmppMessageEngine: The roster for org1dev1 was renewed.
jan 10, 2019 5:03:33 PM eu.bavenir.ogwapi.commons.engines.xmpp.XmppMessageEngine renewPresenceAndRoster
FINEST: XmppMessageEngine: The roster for org1dev1 was renewed.
jan 10, 2019 5:04:50 PM eu.bavenir.ogwapi.commons.engines.xmpp.XmppMessageEngine renewPresenceAndRoster
FINEST: XmppMessageEngine: The roster for org1dev1 was renewed.
jan 10, 2019 5:06:07 PM eu.bavenir.ogwapi.commons.engines.xmpp.XmppMessageEngine renewPresenceAndRoster
FINEST: XmppMessageEngine: The roster for org1dev1 was renewed.
jan 10, 2019 5:07:24 PM eu.bavenir.ogwapi.commons.engines.xmpp.XmppMessageEngine renewPresenceAndRoster
FINEST: XmppMessageEngine: The roster for org1dev1 was renewed.
jan 10, 2019 5:08:41 PM eu.bavenir.ogwapi.commons.engines.xmpp.XmppMessageEngine renewPresenceAndRoster
FINEST: XmppMessageEngine: The roster for org1dev1 was renewed.
jan 10, 2019 5:09:58 PM eu.bavenir.ogwapi.commons.engines.xmpp.XmppMessageEngine renewPresenceAndRoster
FINEST: XmppMessageEngine: The roster for org1dev1 was renewed.
jan 10, 2019 5:11:15 PM eu.bavenir.ogwapi.commons.engines.xmpp.XmppMessageEngine renewPresenceAndRoster
FINEST: XmppMessageEngine: The roster for org1dev1 was renewed.
jan 10, 2019 5:12:32 PM eu.bavenir.ogwapi.commons.engines.xmpp.XmppMessageEngine renewPresenceAndRoster
FINEST: XmppMessageEngine: The roster for org1dev1 was renewed.
jan 10, 2019 5:13:49 PM eu.bavenir.ogwapi.commons.engines.xmpp.XmppMessageEngine renewPresenceAndRoster
FINEST: XmppMessageEngine: The roster for org1dev1 was renewed.
jan 10, 2019 5:15:06 PM eu.bavenir.ogwapi.commons.engines.xmpp.XmppMessageEngine renewPresenceAndRoster
FINEST: XmppMessageEngine: The roster for org1dev1 was renewed.
jan 10, 2019 5:16:23 PM eu.bavenir.ogwapi.commons.engines.xmpp.XmppMessageEngine renewPresenceAndRoster
FINEST: XmppMessageEngine: The roster for org1dev1 was renewed.
jan 10, 2019 5:17:40 PM eu.bavenir.ogwapi.commons.engines.xmpp.XmppMessageEngine renewPresenceAndRoster
FINEST: XmppMessageEngine: The roster for org1dev1 was renewed.
jan 10, 2019 5:18:57 PM eu.bavenir.ogwapi.commons.engines.xmpp.XmppMessageEngine renewPresenceAndRoster
FINEST: XmppMessageEngine: The roster for org1dev1 was renewed.
jan 10, 2019 5:20:14 PM eu.bavenir.ogwapi.commons.engines.xmpp.XmppMessageEngine renewPresenceAndRoster
FINEST: XmppMessageEngine: The roster for org1dev1 was renewed.
jan 10, 2019 5:21:31 PM eu.bavenir.ogwapi.commons.engines.xmpp.XmppMessageEngine renewPresenceAndRoster
FINEST: XmppMessageEngine: The roster for org1dev1 was renewed.
jan 10, 2019 5:22:48 PM eu.bavenir.ogwapi.commons.engines.xmpp.XmppMessageEngine renewPresenceAndRoster
FINEST: XmppMessageEngine: The roster for org1dev1 was renewed.
jan 10, 2019 5:24:05 PM eu.bavenir.ogwapi.commons.engines.xmpp.XmppMessageEngine renewPresenceAndRoster
FINEST: XmppMessageEngine: The roster for org1dev1 was renewed.
jan 10, 2019 5:25:22 PM eu.bavenir.ogwapi.commons.engines.xmpp.XmppMessageEngine renewPresenceAndRoster
FINEST: XmppMessageEngine: The roster for org1dev1 was renewed.
jan 10, 2019 6:04:33 PM eu.bavenir.ogwapi.commons.engines.xmpp.XmppMessageEngine renewPresenceAndRoster
FINEST: XmppMessageEngine: The roster for org1dev1 was renewed.
