jan 16, 2019 4:19:10 PM eu.bavenir.ogwapi.App initialize
CONFIG: Log file: log/19-01-16T16_19_09.994-gateway.log
jan 16, 2019 4:19:10 PM eu.bavenir.ogwapi.App main
FINE: Vicinity Gateway API initialized.
jan 16, 2019 4:19:10 PM eu.bavenir.ogwapi.App main
FINE: API thread started.
jan 16, 2019 4:19:10 PM eu.bavenir.ogwapi.restapi.RestletThread run
CONFIG: HTTP server configured.
jan 16, 2019 4:19:10 PM eu.bavenir.ogwapi.commons.CommunicationManager <init>
CONFIG: The session recovery policy is set to proactive.
jan 16, 2019 4:19:10 PM eu.bavenir.ogwapi.restapi.Api configureChallengeScheme
CONFIG: HTTP Basic challenge authentication scheme configured.
jan 16, 2019 4:19:10 PM org.restlet.Application start
INFO: Starting eu.bavenir.ogwapi.restapi.Api application
jan 16, 2019 4:19:10 PM org.restlet.engine.application.ApplicationHelper start
FINE: By default, an application should be attached to a parent component in order to let application's outbound root handle calls properly.
jan 16, 2019 4:19:10 PM eu.bavenir.ogwapi.restapi.RestletThread run
FINE: HTTP server component started.
jan 16, 2019 4:19:52 PM eu.bavenir.ogwapi.commons.CommunicationManager isConnected
INFO: Object ID: 'org1dev1' is not connected yet.
jan 16, 2019 4:19:54 PM eu.bavenir.ogwapi.commons.connectors.http.RestAgentConnector <init>
CONFIG: REST Agent Connector: Dummy payloads disabled, all calls to an Agent via this connector will be real.
jan 16, 2019 4:19:54 PM eu.bavenir.ogwapi.commons.connectors.http.RestAgentConnector <init>
CONFIG: REST Agent Connector: HTTPS protocol disabled for Agent communication.
jan 16, 2019 4:19:55 PM eu.bavenir.ogwapi.commons.PersistenceManager loadData
INFO: There are no file to read.
jan 16, 2019 4:19:55 PM eu.bavenir.ogwapi.commons.engines.xmpp.XmppMessageEngine connect
FINE: XmppMessageEngine: Connection object not yet exists for org1dev1. Attempting to build a new one.
jan 16, 2019 4:19:55 PM eu.bavenir.ogwapi.commons.engines.xmpp.XmppMessageEngine buildNewConnection
CONFIG: Creating a new connection to XMPP server 'vicinity.bavenir.eu:5222' as 'org1dev1@bavenir.eu'
jan 16, 2019 4:19:56 PM eu.bavenir.ogwapi.commons.engines.xmpp.XmppMessageEngine buildNewConnection
CONFIG: XMPP secure connection is disabled.
jan 16, 2019 4:19:56 PM eu.bavenir.ogwapi.commons.CommunicationManager establishConnection
INFO: Connection for 'org1dev1' was established.
jan 16, 2019 4:19:56 PM eu.bavenir.ogwapi.restapi.security.AuthenticationVerifier verify
FINE: Valid credentials received from a client with IP 0:0:0:0:0:0:0:1.
jan 16, 2019 4:19:56 PM org.restlet.security.ChallengeAuthenticator authenticate
FINE: Authentication succeeded. Valid credentials provided for identifier: org1dev1.
jan 16, 2019 4:19:56 PM org.restlet.security.Authenticator authenticated
FINE: The authentication succeeded for the identifer "org1dev1" using the HTTP_Basic scheme.
jan 16, 2019 4:19:56 PM org.restlet.routing.TemplateRoute score
FINER: Call score for the "/objects/login" URI pattern: 1.0
jan 16, 2019 4:19:56 PM org.restlet.routing.Router logRoute
FINE: Selected route: "/objects/login" -> Finder for ObjectsLogin
jan 16, 2019 4:19:56 PM org.restlet.routing.TemplateRoute beforeHandle
FINER: 14 characters were matched
jan 16, 2019 4:19:56 PM org.restlet.routing.TemplateRoute beforeHandle
FINE: New base URI: "http://localhost:8181/api/objects/login". No remaining part to match
jan 16, 2019 4:19:56 PM org.restlet.routing.TemplateRoute beforeHandle
FINER: Delegating the call to the target Restlet
jan 16, 2019 4:19:56 PM org.restlet.engine.application.StrictConneg scoreAnnotation
FINE: Score of annotation "MethodAnnotationInfo [javaMethod: public org.restlet.representation.Representation eu.bavenir.ogwapi.restapi.services.ObjectsLogin.represent(), javaClass: class eu.bavenir.ogwapi.restapi.services.ObjectsLogin, restletMethod: GET, input: "", value: "", output: "", query: null]"= 0.5
jan 16, 2019 4:19:56 PM org.restlet.engine.application.StrictConneg scoreVariant
FINE: Total score of variant "[*/*]"= 0.041791666
jan 16, 2019 4:19:56 PM org.restlet.service.ConverterService toRepresentation
FINE: Converter selected for JsonRepresentation: DefaultConverter
jan 16, 2019 4:20:14 PM eu.bavenir.ogwapi.commons.CommunicationManager isConnected
INFO: Object ID: 'org2dev1' is not connected yet.
jan 16, 2019 4:20:16 PM eu.bavenir.ogwapi.commons.connectors.http.RestAgentConnector <init>
CONFIG: REST Agent Connector: Dummy payloads disabled, all calls to an Agent via this connector will be real.
jan 16, 2019 4:20:16 PM eu.bavenir.ogwapi.commons.connectors.http.RestAgentConnector <init>
CONFIG: REST Agent Connector: HTTPS protocol disabled for Agent communication.
jan 16, 2019 4:20:17 PM eu.bavenir.ogwapi.commons.PersistenceManager loadData
INFO: There are no file to read.
jan 16, 2019 4:20:17 PM eu.bavenir.ogwapi.commons.engines.xmpp.XmppMessageEngine connect
FINE: XmppMessageEngine: Connection object not yet exists for org2dev1. Attempting to build a new one.
jan 16, 2019 4:20:17 PM eu.bavenir.ogwapi.commons.engines.xmpp.XmppMessageEngine buildNewConnection
CONFIG: Creating a new connection to XMPP server 'vicinity.bavenir.eu:5222' as 'org2dev1@bavenir.eu'
jan 16, 2019 4:20:17 PM eu.bavenir.ogwapi.commons.engines.xmpp.XmppMessageEngine buildNewConnection
CONFIG: XMPP secure connection is disabled.
jan 16, 2019 4:20:18 PM eu.bavenir.ogwapi.commons.CommunicationManager establishConnection
INFO: Connection for 'org2dev1' was established.
jan 16, 2019 4:20:18 PM eu.bavenir.ogwapi.restapi.security.AuthenticationVerifier verify
FINE: Valid credentials received from a client with IP 0:0:0:0:0:0:0:1.
jan 16, 2019 4:20:18 PM org.restlet.security.ChallengeAuthenticator authenticate
FINE: Authentication succeeded. Valid credentials provided for identifier: org2dev1.
jan 16, 2019 4:20:18 PM org.restlet.security.Authenticator authenticated
FINE: The authentication succeeded for the identifer "org2dev1" using the HTTP_Basic scheme.
jan 16, 2019 4:20:18 PM org.restlet.routing.TemplateRoute score
FINER: Call score for the "/objects/login" URI pattern: 1.0
jan 16, 2019 4:20:18 PM org.restlet.routing.Router logRoute
FINE: Selected route: "/objects/login" -> Finder for ObjectsLogin
jan 16, 2019 4:20:18 PM org.restlet.routing.TemplateRoute beforeHandle
FINER: 14 characters were matched
jan 16, 2019 4:20:18 PM org.restlet.routing.TemplateRoute beforeHandle
FINE: New base URI: "http://localhost:8181/api/objects/login". No remaining part to match
jan 16, 2019 4:20:18 PM org.restlet.routing.TemplateRoute beforeHandle
FINER: Delegating the call to the target Restlet
jan 16, 2019 4:20:18 PM org.restlet.engine.application.StrictConneg scoreAnnotation
FINE: Score of annotation "MethodAnnotationInfo [javaMethod: public org.restlet.representation.Representation eu.bavenir.ogwapi.restapi.services.ObjectsLogin.represent(), javaClass: class eu.bavenir.ogwapi.restapi.services.ObjectsLogin, restletMethod: GET, input: "", value: "", output: "", query: null]"= 0.5
jan 16, 2019 4:20:18 PM org.restlet.engine.application.StrictConneg scoreVariant
FINE: Total score of variant "[*/*]"= 0.041791666
jan 16, 2019 4:20:18 PM org.restlet.service.ConverterService toRepresentation
FINE: Converter selected for JsonRepresentation: DefaultConverter
jan 16, 2019 4:20:37 PM eu.bavenir.ogwapi.restapi.security.AuthenticationVerifier verify
FINE: Valid credentials received from a client with IP 0:0:0:0:0:0:0:1.
jan 16, 2019 4:20:37 PM org.restlet.security.ChallengeAuthenticator authenticate
FINE: Authentication succeeded. Valid credentials provided for identifier: org2dev1.
jan 16, 2019 4:20:37 PM org.restlet.security.Authenticator authenticated
FINE: The authentication succeeded for the identifer "org2dev1" using the HTTP_Basic scheme.
jan 16, 2019 4:20:37 PM org.restlet.routing.TemplateRoute score
FINER: Call score for the "/objects/login" URI pattern: 0.0
jan 16, 2019 4:20:37 PM org.restlet.routing.TemplateRoute score
FINER: Call score for the "/objects/logout" URI pattern: 0.0
jan 16, 2019 4:20:37 PM org.restlet.routing.TemplateRoute score
FINER: Call score for the "/objects/{oid}/properties" URI pattern: 0.0
jan 16, 2019 4:20:37 PM org.restlet.routing.TemplateRoute score
FINER: Call score for the "/objects/{oid}/properties/{pid}" URI pattern: 0.0
jan 16, 2019 4:20:37 PM org.restlet.routing.TemplateRoute score
FINER: Call score for the "/objects/{oid}/actions" URI pattern: 0.0
jan 16, 2019 4:20:37 PM org.restlet.routing.TemplateRoute score
FINER: Call score for the "/objects/{oid}/actions/{aid}" URI pattern: 1.0
jan 16, 2019 4:20:37 PM org.restlet.routing.Router logRoute
FINE: Selected route: "/objects/{oid}/actions/{aid}" -> Finder for ObjectsOidActionsAid
jan 16, 2019 4:20:37 PM org.restlet.routing.TemplateRoute beforeHandle
FINER: 33 characters were matched
jan 16, 2019 4:20:37 PM org.restlet.routing.TemplateRoute beforeHandle
FINE: New base URI: "http://localhost:8181/api/objects/org1dev1/actions/action1". No remaining part to match
jan 16, 2019 4:20:37 PM org.restlet.routing.TemplateRoute beforeHandle
FINER: Delegating the call to the target Restlet
jan 16, 2019 4:20:37 PM org.restlet.engine.application.StrictConneg scoreAnnotation
FINE: Score of annotation "MethodAnnotationInfo [javaMethod: public org.restlet.representation.Representation eu.bavenir.ogwapi.restapi.services.ObjectsOidActionsAid.accept(org.restlet.representation.Representation), javaClass: class eu.bavenir.ogwapi.restapi.services.ObjectsOidActionsAid, restletMethod: POST, input: "json", value: "json", output: "json", query: null]"= 0.5
jan 16, 2019 4:20:37 PM org.restlet.engine.application.StrictConneg scoreVariant
FINE: Total score of variant "[*/*]"= 0.041791666
jan 16, 2019 4:20:37 PM org.restlet.service.ConverterService toObject
FINE: The following converter was selected for the [application/json] representation: org.restlet.engine.converter.DefaultConverter@72f243f5
jan 16, 2019 4:20:37 PM eu.bavenir.ogwapi.commons.PersistenceManager saveData
FINE: Serialized data is saved in data/org1dev1-data.ser
jan 16, 2019 4:20:37 PM eu.bavenir.ogwapi.commons.ConnectionDescriptor respondToStartActionRequest
FINE: Object ID org1dev1 received a request to start action action1 from org2dev1.
jan 16, 2019 4:20:37 PM eu.bavenir.ogwapi.commons.ConnectionDescriptor respondToStartActionRequest
FINE: Object org1dev1 created task b1109a1b-e372-4859-8c93-47b260764226 of action action1 and added it to the queue.
jan 16, 2019 4:20:37 PM org.restlet.service.ConverterService toRepresentation
FINE: Converter selected for JsonRepresentation: DefaultConverter
jan 16, 2019 4:20:38 PM eu.bavenir.ogwapi.commons.connectors.http.RestAgentConnector performOperation
WARNING: Exception from the RESTLET client: Connection Error (1000) - The connector failed to connect to the server
jan 16, 2019 4:20:56 PM eu.bavenir.ogwapi.restapi.security.AuthenticationVerifier verify
FINE: Valid credentials received from a client with IP 0:0:0:0:0:0:0:1.
jan 16, 2019 4:20:56 PM org.restlet.security.ChallengeAuthenticator authenticate
FINE: Authentication succeeded. Valid credentials provided for identifier: org2dev1.
jan 16, 2019 4:20:56 PM org.restlet.security.Authenticator authenticated
FINE: The authentication succeeded for the identifer "org2dev1" using the HTTP_Basic scheme.
jan 16, 2019 4:20:56 PM org.restlet.routing.TemplateRoute score
FINER: Call score for the "/objects/login" URI pattern: 0.0
jan 16, 2019 4:20:56 PM org.restlet.routing.TemplateRoute score
FINER: Call score for the "/objects/logout" URI pattern: 0.0
jan 16, 2019 4:20:56 PM org.restlet.routing.TemplateRoute score
FINER: Call score for the "/objects/{oid}/properties" URI pattern: 0.0
jan 16, 2019 4:20:56 PM org.restlet.routing.TemplateRoute score
FINER: Call score for the "/objects/{oid}/properties/{pid}" URI pattern: 0.0
jan 16, 2019 4:20:56 PM org.restlet.routing.TemplateRoute score
FINER: Call score for the "/objects/{oid}/actions" URI pattern: 0.0
jan 16, 2019 4:20:56 PM org.restlet.routing.TemplateRoute score
FINER: Call score for the "/objects/{oid}/actions/{aid}" URI pattern: 1.0
jan 16, 2019 4:20:56 PM org.restlet.routing.Router logRoute
FINE: Selected route: "/objects/{oid}/actions/{aid}" -> Finder for ObjectsOidActionsAid
jan 16, 2019 4:20:56 PM org.restlet.routing.TemplateRoute beforeHandle
FINER: 33 characters were matched
jan 16, 2019 4:20:56 PM org.restlet.routing.TemplateRoute beforeHandle
FINE: New base URI: "http://localhost:8181/api/objects/org1dev1/actions/action2". No remaining part to match
jan 16, 2019 4:20:56 PM org.restlet.routing.TemplateRoute beforeHandle
FINER: Delegating the call to the target Restlet
jan 16, 2019 4:20:56 PM org.restlet.engine.application.StrictConneg scoreAnnotation
FINE: Score of annotation "MethodAnnotationInfo [javaMethod: public org.restlet.representation.Representation eu.bavenir.ogwapi.restapi.services.ObjectsOidActionsAid.accept(org.restlet.representation.Representation), javaClass: class eu.bavenir.ogwapi.restapi.services.ObjectsOidActionsAid, restletMethod: POST, input: "json", value: "json", output: "json", query: null]"= 0.5
jan 16, 2019 4:20:56 PM org.restlet.engine.application.StrictConneg scoreVariant
FINE: Total score of variant "[*/*]"= 0.041791666
jan 16, 2019 4:20:56 PM org.restlet.service.ConverterService toObject
FINE: The following converter was selected for the [application/json] representation: org.restlet.engine.converter.DefaultConverter@72f243f5
jan 16, 2019 4:20:56 PM eu.bavenir.ogwapi.commons.PersistenceManager saveData
FINE: Serialized data is saved in data/org1dev1-data.ser
jan 16, 2019 4:20:56 PM eu.bavenir.ogwapi.commons.ConnectionDescriptor respondToStartActionRequest
FINE: Object ID org1dev1 received a request to start action action2 from org2dev1.
jan 16, 2019 4:20:56 PM eu.bavenir.ogwapi.commons.ConnectionDescriptor respondToStartActionRequest
FINE: Object org1dev1 created task 026b709b-03a7-41d7-85a2-771127644b63 of action action2 and added it to the queue.
jan 16, 2019 4:20:56 PM org.restlet.service.ConverterService toRepresentation
FINE: Converter selected for JsonRepresentation: DefaultConverter
jan 16, 2019 4:20:57 PM eu.bavenir.ogwapi.commons.connectors.http.RestAgentConnector performOperation
WARNING: Exception from the RESTLET client: Connection Error (1000) - The connector failed to connect to the server
