mar 11, 2019 12:50:03 PM eu.bavenir.ogwapi.App initialize
CONFIG: Log file: log/19-03-11T12_50_03.345-gateway.log
mar 11, 2019 12:50:03 PM eu.bavenir.ogwapi.App main
FINE: Vicinity Gateway API initialized.
mar 11, 2019 12:50:03 PM eu.bavenir.ogwapi.App main
FINE: API thread started.
mar 11, 2019 12:50:03 PM eu.bavenir.ogwapi.restapi.RestletThread run
CONFIG: HTTP server configured.
mar 11, 2019 12:50:03 PM eu.bavenir.ogwapi.commons.CommunicationManager <init>
CONFIG: The session recovery policy is set to proactive.
mar 11, 2019 12:50:03 PM eu.bavenir.ogwapi.restapi.Api configureChallengeScheme
CONFIG: HTTP Basic challenge authentication scheme configured.
mar 11, 2019 12:50:03 PM org.restlet.Application start
INFO: Starting eu.bavenir.ogwapi.restapi.Api application
mar 11, 2019 12:50:03 PM org.restlet.engine.application.ApplicationHelper start
FINE: By default, an application should be attached to a parent component in order to let application's outbound root handle calls properly.
mar 11, 2019 12:50:03 PM eu.bavenir.ogwapi.restapi.RestletThread run
FINE: HTTP server component started.
mar 11, 2019 12:50:15 PM eu.bavenir.ogwapi.commons.CommunicationManager isConnected
INFO: Object ID: 'org2dev1' is not connected yet.
mar 11, 2019 12:50:15 PM eu.bavenir.ogwapi.commons.connectors.http.RestAgentConnector <init>
CONFIG: REST Agent Connector: Dummy payloads enabled, all calls to an Agent via this connector will be simulated.
mar 11, 2019 12:50:15 PM eu.bavenir.ogwapi.commons.connectors.http.RestAgentConnector <init>
CONFIG: REST Agent Connector: HTTPS protocol disabled for Agent communication.
mar 11, 2019 12:50:15 PM eu.bavenir.ogwapi.commons.engines.xmpp.XmppMessageEngine <init>
FINEST: XmppMessageEngine: The roster for org2dev1 will be renewed every 106000ms.
mar 11, 2019 12:50:15 PM eu.bavenir.ogwapi.commons.PersistenceManager loadData
INFO: File not found!
mar 11, 2019 12:50:15 PM eu.bavenir.ogwapi.commons.PersistenceManager loadThingDescriptionFromFile
INFO: TD json not found!
mar 11, 2019 12:50:15 PM eu.bavenir.ogwapi.commons.PersistenceManager loadThingDescription
WARNING: TD json for org2dev1 could not be loaded.
mar 11, 2019 12:50:15 PM eu.bavenir.ogwapi.commons.engines.xmpp.XmppMessageEngine connect
FINE: XmppMessageEngine: Connection object not yet exists for org2dev1. Attempting to build a new one.
mar 11, 2019 12:50:15 PM eu.bavenir.ogwapi.commons.engines.xmpp.XmppMessageEngine buildNewConnection
CONFIG: Creating a new connection to XMPP server 'commserver.vicinity.ws:5222' as 'org2dev1@bavenir.eu'
mar 11, 2019 12:50:15 PM eu.bavenir.ogwapi.commons.engines.xmpp.XmppMessageEngine buildNewConnection
CONFIG: XMPP secure connection is disabled.
mar 11, 2019 12:50:17 PM eu.bavenir.ogwapi.commons.engines.xmpp.XmppMessageEngine renewPresenceAndRoster
FINEST: XmppMessageEngine: The roster for org2dev1 was renewed.
mar 11, 2019 12:50:17 PM eu.bavenir.ogwapi.commons.CommunicationManager establishConnection
INFO: Connection for 'org2dev1' was established.
mar 11, 2019 12:50:17 PM eu.bavenir.ogwapi.restapi.security.AuthenticationVerifier verify
FINE: Valid credentials received from a client with IP 0:0:0:0:0:0:0:1.
mar 11, 2019 12:50:17 PM org.restlet.security.ChallengeAuthenticator authenticate
FINE: Authentication succeeded. Valid credentials provided for identifier: org2dev1.
mar 11, 2019 12:50:17 PM org.restlet.security.Authenticator authenticated
FINE: The authentication succeeded for the identifer "org2dev1" using the HTTP_Basic scheme.
mar 11, 2019 12:50:17 PM org.restlet.routing.TemplateRoute score
FINER: Call score for the "/objects/login" URI pattern: 1.0
mar 11, 2019 12:50:17 PM org.restlet.routing.Router logRoute
FINE: Selected route: "/objects/login" -> Finder for ObjectsLogin
mar 11, 2019 12:50:17 PM org.restlet.routing.TemplateRoute beforeHandle
FINER: 14 characters were matched
mar 11, 2019 12:50:17 PM org.restlet.routing.TemplateRoute beforeHandle
FINE: New base URI: "http://localhost:8181/api/objects/login". No remaining part to match
mar 11, 2019 12:50:17 PM org.restlet.routing.TemplateRoute beforeHandle
FINER: Delegating the call to the target Restlet
mar 11, 2019 12:50:18 PM org.restlet.engine.application.StrictConneg scoreAnnotation
FINE: Score of annotation "MethodAnnotationInfo [javaMethod: public org.restlet.representation.Representation eu.bavenir.ogwapi.restapi.services.ObjectsLogin.represent(), javaClass: class eu.bavenir.ogwapi.restapi.services.ObjectsLogin, restletMethod: GET, input: "", value: "", output: "", query: null]"= 0.5
mar 11, 2019 12:50:18 PM org.restlet.engine.application.StrictConneg scoreVariant
FINE: Total score of variant "[*/*]"= 0.041791666
mar 11, 2019 12:50:18 PM org.restlet.service.ConverterService toRepresentation
FINE: Converter selected for JsonRepresentation: DefaultConverter
mar 11, 2019 12:50:33 PM eu.bavenir.ogwapi.commons.CommunicationManager getConnectionList
FINEST: -- Object IDs connected to network through this CommunicationManager: --
mar 11, 2019 12:50:33 PM eu.bavenir.ogwapi.commons.CommunicationManager getConnectionList
FINEST: org2dev1
mar 11, 2019 12:50:33 PM eu.bavenir.ogwapi.commons.CommunicationManager getConnectionList
FINEST: -- End of list. --
mar 11, 2019 12:50:48 PM eu.bavenir.ogwapi.commons.ConnectionDescriptor processIncommingMessage
FINEST: New message from org1dev1: {"messageType":1,"requestId":1756458668,"sourceOid":"org1dev1","destinationOid":"org2dev1","requestOperation":1,"requestBody":null,"attributes":{"pid":"pid"},"parameters":{}}
mar 11, 2019 12:51:01 PM eu.bavenir.ogwapi.commons.monitoring.MessageCounter addIncomingMessage
FINEST: New incoming message was counted. count: 1
mar 11, 2019 12:51:01 PM eu.bavenir.ogwapi.commons.ConnectionDescriptor processIncommingMessage
FINEST: The message is a request. Processing...
mar 11, 2019 12:51:01 PM eu.bavenir.ogwapi.commons.connectors.http.RestAgentConnector performDummyOperation
INFO: Dummy REST Agent Connector received following data to perform request:
Operation code: 0
Full URL: http://localhost:9997/agent/objects/org2dev1/properties/pid
Body: null
mar 11, 2019 12:51:03 PM eu.bavenir.ogwapi.commons.CommunicationManager getConnectionList
FINEST: -- Object IDs connected to network through this CommunicationManager: --
mar 11, 2019 12:51:03 PM eu.bavenir.ogwapi.commons.CommunicationManager getConnectionList
FINEST: org2dev1
mar 11, 2019 12:51:03 PM eu.bavenir.ogwapi.commons.CommunicationManager getConnectionList
FINEST: -- End of list. --
mar 11, 2019 12:51:18 PM eu.bavenir.ogwapi.commons.monitoring.MessageCounter addOutgoingMessage
FINEST: New outgoing message was counted. count: 1
mar 11, 2019 12:51:18 PM eu.bavenir.ogwapi.commons.engines.xmpp.XmppMessageEngine sendMessage
FINEST: XMPPMessageEngine: Status of the roster before message is sent: ready
mar 11, 2019 12:51:18 PM eu.bavenir.ogwapi.commons.engines.xmpp.XmppMessageEngine sendMessage
WARNING: XMPPMessageEngine: Message not sent. The OID org1dev1@bavenir.eu is not in the roster.
mar 11, 2019 12:51:33 PM eu.bavenir.ogwapi.commons.CommunicationManager getConnectionList
FINEST: -- Object IDs connected to network through this CommunicationManager: --
mar 11, 2019 12:51:33 PM eu.bavenir.ogwapi.commons.CommunicationManager getConnectionList
FINEST: org2dev1
mar 11, 2019 12:51:33 PM eu.bavenir.ogwapi.commons.CommunicationManager getConnectionList
FINEST: -- End of list. --
mar 11, 2019 12:51:42 PM eu.bavenir.ogwapi.commons.ConnectionDescriptor processIncommingMessage
FINEST: New message from org1dev1: {"messageType":1,"requestId":1423266872,"sourceOid":"org1dev1","destinationOid":"org2dev1","requestOperation":1,"requestBody":null,"attributes":{"pid":"pid"},"parameters":{}}
mar 11, 2019 12:51:46 PM eu.bavenir.ogwapi.commons.monitoring.MessageCounter addIncomingMessage
FINEST: New incoming message was counted. count: 2
mar 11, 2019 12:51:46 PM eu.bavenir.ogwapi.commons.ConnectionDescriptor processIncommingMessage
FINEST: The message is a request. Processing...
mar 11, 2019 12:51:46 PM eu.bavenir.ogwapi.commons.connectors.http.RestAgentConnector performDummyOperation
INFO: Dummy REST Agent Connector received following data to perform request:
Operation code: 0
Full URL: http://localhost:9997/agent/objects/org2dev1/properties/pid
Body: null
mar 11, 2019 12:52:01 PM eu.bavenir.ogwapi.commons.engines.xmpp.XmppMessageEngine renewPresenceAndRoster
FINEST: XmppMessageEngine: The roster for org2dev1 was renewed.
mar 11, 2019 12:52:03 PM eu.bavenir.ogwapi.commons.CommunicationManager getConnectionList
FINEST: -- Object IDs connected to network through this CommunicationManager: --
mar 11, 2019 12:52:03 PM eu.bavenir.ogwapi.commons.CommunicationManager getConnectionList
FINEST: org2dev1
mar 11, 2019 12:52:03 PM eu.bavenir.ogwapi.commons.CommunicationManager getConnectionList
FINEST: -- End of list. --
mar 11, 2019 12:52:17 PM eu.bavenir.ogwapi.commons.monitoring.MessageCounter addOutgoingMessage
FINEST: New outgoing message was counted. count: 2
mar 11, 2019 12:52:25 PM eu.bavenir.ogwapi.commons.engines.xmpp.XmppMessageEngine sendMessage
FINEST: XMPPMessageEngine: Status of the roster before message is sent: ready
mar 11, 2019 12:52:25 PM eu.bavenir.ogwapi.commons.engines.xmpp.XmppMessageEngine sendMessage
WARNING: XMPPMessageEngine: Message not sent. The OID org1dev1@bavenir.eu is not in the roster.
mar 11, 2019 12:52:33 PM eu.bavenir.ogwapi.commons.CommunicationManager getConnectionList
FINEST: -- Object IDs connected to network through this CommunicationManager: --
mar 11, 2019 12:52:33 PM eu.bavenir.ogwapi.commons.CommunicationManager getConnectionList
FINEST: org2dev1
mar 11, 2019 12:52:33 PM eu.bavenir.ogwapi.commons.CommunicationManager getConnectionList
FINEST: -- End of list. --
mar 11, 2019 12:52:52 PM eu.bavenir.ogwapi.restapi.security.AuthenticationVerifier verify
FINE: Valid credentials received from a client with IP 0:0:0:0:0:0:0:1.
mar 11, 2019 12:52:52 PM org.restlet.security.ChallengeAuthenticator authenticate
FINE: Authentication succeeded. Valid credentials provided for identifier: org2dev1.
mar 11, 2019 12:52:52 PM org.restlet.security.Authenticator authenticated
FINE: The authentication succeeded for the identifer "org2dev1" using the HTTP_Basic scheme.
mar 11, 2019 12:52:52 PM org.restlet.routing.TemplateRoute score
FINER: Call score for the "/objects/login" URI pattern: 1.0
mar 11, 2019 12:52:52 PM org.restlet.routing.Router logRoute
FINE: Selected route: "/objects/login" -> Finder for ObjectsLogin
mar 11, 2019 12:52:52 PM org.restlet.routing.TemplateRoute beforeHandle
FINER: 14 characters were matched
mar 11, 2019 12:52:52 PM org.restlet.routing.TemplateRoute beforeHandle
FINE: New base URI: "http://localhost:8181/api/objects/login". No remaining part to match
mar 11, 2019 12:52:52 PM org.restlet.routing.TemplateRoute beforeHandle
FINER: Delegating the call to the target Restlet
mar 11, 2019 12:52:52 PM org.restlet.engine.application.StrictConneg scoreAnnotation
FINE: Score of annotation "MethodAnnotationInfo [javaMethod: public org.restlet.representation.Representation eu.bavenir.ogwapi.restapi.services.ObjectsLogin.represent(), javaClass: class eu.bavenir.ogwapi.restapi.services.ObjectsLogin, restletMethod: GET, input: "", value: "", output: "", query: null]"= 0.5
mar 11, 2019 12:52:52 PM org.restlet.engine.application.StrictConneg scoreVariant
FINE: Total score of variant "[*/*]"= 0.041791666
mar 11, 2019 12:52:52 PM org.restlet.service.ConverterService toRepresentation
FINE: Converter selected for JsonRepresentation: DefaultConverter
mar 11, 2019 12:52:59 PM eu.bavenir.ogwapi.commons.ConnectionDescriptor processIncommingMessage
FINEST: New message from org1dev1: {"messageType":1,"requestId":120422425,"sourceOid":"org1dev1","destinationOid":"org2dev1","requestOperation":1,"requestBody":null,"attributes":{"pid":"pid"},"parameters":{}}
mar 11, 2019 12:53:01 PM eu.bavenir.ogwapi.commons.monitoring.MessageCounter addIncomingMessage
FINEST: New incoming message was counted. count: 3
mar 11, 2019 12:53:01 PM eu.bavenir.ogwapi.commons.ConnectionDescriptor processIncommingMessage
FINEST: The message is a request. Processing...
mar 11, 2019 12:53:01 PM eu.bavenir.ogwapi.commons.connectors.http.RestAgentConnector performDummyOperation
INFO: Dummy REST Agent Connector received following data to perform request:
Operation code: 0
Full URL: http://localhost:9997/agent/objects/org2dev1/properties/pid
Body: null
mar 11, 2019 12:53:02 PM eu.bavenir.ogwapi.commons.monitoring.MessageCounter addOutgoingMessage
FINEST: New outgoing message was counted. count: 3
mar 11, 2019 12:53:02 PM eu.bavenir.ogwapi.commons.engines.xmpp.XmppMessageEngine sendMessage
FINEST: XMPPMessageEngine: Status of the roster before message is sent: ready
mar 11, 2019 12:53:02 PM eu.bavenir.ogwapi.commons.engines.xmpp.XmppMessageEngine sendMessage
WARNING: XMPPMessageEngine: Message not sent. The OID org1dev1@bavenir.eu is not in the roster.
mar 11, 2019 12:53:03 PM eu.bavenir.ogwapi.commons.CommunicationManager getConnectionList
FINEST: -- Object IDs connected to network through this CommunicationManager: --
mar 11, 2019 12:53:03 PM eu.bavenir.ogwapi.commons.CommunicationManager getConnectionList
FINEST: org2dev1
mar 11, 2019 12:53:03 PM eu.bavenir.ogwapi.commons.CommunicationManager getConnectionList
FINEST: -- End of list. --
mar 11, 2019 12:53:33 PM eu.bavenir.ogwapi.commons.CommunicationManager getConnectionList
FINEST: -- Object IDs connected to network through this CommunicationManager: --
mar 11, 2019 12:53:33 PM eu.bavenir.ogwapi.commons.CommunicationManager getConnectionList
FINEST: org2dev1
mar 11, 2019 12:53:33 PM eu.bavenir.ogwapi.commons.CommunicationManager getConnectionList
FINEST: -- End of list. --
mar 11, 2019 12:53:47 PM eu.bavenir.ogwapi.commons.engines.xmpp.XmppMessageEngine renewPresenceAndRoster
FINEST: XmppMessageEngine: The roster for org2dev1 was renewed.
mar 11, 2019 12:54:03 PM eu.bavenir.ogwapi.commons.CommunicationManager getConnectionList
FINEST: -- Object IDs connected to network through this CommunicationManager: --
mar 11, 2019 12:54:03 PM eu.bavenir.ogwapi.commons.CommunicationManager getConnectionList
FINEST: org2dev1
mar 11, 2019 12:54:03 PM eu.bavenir.ogwapi.commons.CommunicationManager getConnectionList
FINEST: -- End of list. --
mar 11, 2019 12:54:33 PM eu.bavenir.ogwapi.commons.CommunicationManager getConnectionList
FINEST: -- Object IDs connected to network through this CommunicationManager: --
mar 11, 2019 12:54:33 PM eu.bavenir.ogwapi.commons.CommunicationManager getConnectionList
FINEST: org2dev1
mar 11, 2019 12:54:33 PM eu.bavenir.ogwapi.commons.CommunicationManager getConnectionList
FINEST: -- End of list. --
