jan 15, 2019 1:06:21 PM eu.bavenir.ogwapi.App initialize
CONFIG: Log file: log/19-01-15T13_06_21.216-gateway.log
jan 15, 2019 1:06:23 PM eu.bavenir.ogwapi.App main
FINE: Vicinity Gateway API initialized.
jan 15, 2019 1:06:23 PM eu.bavenir.ogwapi.App main
FINE: API thread started.
jan 15, 2019 1:06:25 PM eu.bavenir.ogwapi.restapi.RestletThread run
CONFIG: HTTP server configured.
jan 15, 2019 1:06:26 PM eu.bavenir.ogwapi.commons.CommunicationManager <init>
CONFIG: The session recovery policy is set to proactive.
jan 15, 2019 1:06:43 PM eu.bavenir.ogwapi.commons.PersistenceManager LoadData
FINE: Data was loaded from file - null
jan 15, 2019 1:07:20 PM eu.bavenir.ogwapi.restapi.Api configureChallengeScheme
CONFIG: HTTP Basic challenge authentication scheme configured.
jan 15, 2019 1:07:20 PM org.restlet.Application start
INFO: Starting eu.bavenir.ogwapi.restapi.Api application
jan 15, 2019 1:07:23 PM org.restlet.engine.application.ApplicationHelper start
FINE: By default, an application should be attached to a parent component in order to let application's outbound root handle calls properly.
jan 15, 2019 1:07:23 PM eu.bavenir.ogwapi.restapi.RestletThread run
FINE: HTTP server component started.
