jan 15, 2019 10:33:15 AM eu.bavenir.ogwapi.App initialize
CONFIG: Log file: log/19-01-15T10_33_15.463-gateway.log
jan 15, 2019 10:33:15 AM eu.bavenir.ogwapi.App main
FINE: Vicinity Gateway API initialized.
jan 15, 2019 10:33:15 AM eu.bavenir.ogwapi.App main
FINE: API thread started.
jan 15, 2019 10:33:15 AM eu.bavenir.ogwapi.restapi.RestletThread run
CONFIG: HTTP server configured.
jan 15, 2019 10:33:15 AM eu.bavenir.ogwapi.commons.CommunicationManager <init>
CONFIG: The session recovery policy is set to proactive.
jan 15, 2019 10:33:15 AM eu.bavenir.ogwapi.restapi.Api configureChallengeScheme
CONFIG: HTTP Basic challenge authentication scheme configured.
jan 15, 2019 10:33:15 AM org.restlet.Application start
INFO: Starting eu.bavenir.ogwapi.restapi.Api application
jan 15, 2019 10:33:15 AM org.restlet.engine.application.ApplicationHelper start
FINE: By default, an application should be attached to a parent component in order to let application's outbound root handle calls properly.
jan 15, 2019 10:33:15 AM eu.bavenir.ogwapi.restapi.RestletThread run
FINE: HTTP server component started.
jan 15, 2019 10:33:19 AM eu.bavenir.ogwapi.commons.CommunicationManager isConnected
INFO: Object ID: 'org1dev1' is not connected yet.
