mar 12, 2019 10:23:26 AM eu.bavenir.ogwapi.App initialize
CONFIG: Log file: log/19-03-12T10_23_26.096-gateway.log
mar 12, 2019 10:23:26 AM eu.bavenir.ogwapi.App main
FINE: Vicinity Gateway API initialized.
mar 12, 2019 10:23:26 AM eu.bavenir.ogwapi.App main
FINE: API thread started.
mar 12, 2019 10:23:26 AM eu.bavenir.ogwapi.restapi.RestletThread run
CONFIG: HTTP server configured.
mar 12, 2019 10:23:26 AM eu.bavenir.ogwapi.commons.CommunicationManager <init>
CONFIG: The session recovery policy is set to proactive.
mar 12, 2019 10:23:26 AM eu.bavenir.ogwapi.restapi.Api configureChallengeScheme
CONFIG: HTTP Basic challenge authentication scheme configured.
mar 12, 2019 10:23:26 AM org.restlet.Application start
INFO: Starting eu.bavenir.ogwapi.restapi.Api application
mar 12, 2019 10:23:26 AM org.restlet.engine.application.ApplicationHelper start
FINE: By default, an application should be attached to a parent component in order to let application's outbound root handle calls properly.
mar 12, 2019 10:23:26 AM eu.bavenir.ogwapi.restapi.RestletThread run
FINE: HTTP server component started.
mar 12, 2019 10:23:44 AM eu.bavenir.ogwapi.commons.CommunicationManager isConnected
INFO: Object ID: 'org1dev2' is not connected yet.
mar 12, 2019 10:23:44 AM eu.bavenir.ogwapi.commons.connectors.http.RestAgentConnector <init>
CONFIG: REST Agent Connector: Dummy payloads enabled, all calls to an Agent via this connector will be simulated.
mar 12, 2019 10:23:44 AM eu.bavenir.ogwapi.commons.connectors.http.RestAgentConnector <init>
CONFIG: REST Agent Connector: HTTPS protocol disabled for Agent communication.
mar 12, 2019 10:23:45 AM eu.bavenir.ogwapi.commons.engines.xmpp.XmppMessageEngine <init>
FINEST: XmppMessageEngine: The roster for org1dev2 will be renewed every 119000ms.
mar 12, 2019 10:23:45 AM eu.bavenir.ogwapi.commons.PersistenceManager loadData
INFO: File not found!
mar 12, 2019 10:23:45 AM eu.bavenir.ogwapi.commons.PersistenceManager loadThingDescriptionFromFile
INFO: TD json not found!
mar 12, 2019 10:23:45 AM eu.bavenir.ogwapi.commons.PersistenceManager loadThingDescription
WARNING: TD json for org1dev2 could not be loaded.
mar 12, 2019 10:23:45 AM eu.bavenir.ogwapi.commons.engines.xmpp.XmppMessageEngine connect
FINE: XmppMessageEngine: Connection object not yet exists for org1dev2. Attempting to build a new one.
mar 12, 2019 10:23:45 AM eu.bavenir.ogwapi.commons.engines.xmpp.XmppMessageEngine buildNewConnection
CONFIG: Creating a new connection to XMPP server 'commserver.vicinity.ws:5222' as 'org1dev2@vicinity.ws'
mar 12, 2019 10:23:45 AM eu.bavenir.ogwapi.commons.engines.xmpp.XmppMessageEngine buildNewConnection
CONFIG: XMPP secure connection is disabled.
mar 12, 2019 10:23:45 AM eu.bavenir.ogwapi.commons.engines.xmpp.XmppMessageEngine renewPresenceAndRoster
FINEST: XmppMessageEngine: The roster for org1dev2 was renewed.
mar 12, 2019 10:23:45 AM eu.bavenir.ogwapi.commons.CommunicationManager establishConnection
INFO: Connection for 'org1dev2' was established.
mar 12, 2019 10:23:45 AM eu.bavenir.ogwapi.restapi.security.AuthenticationVerifier verify
FINE: Valid credentials received from a client with IP 0:0:0:0:0:0:0:1.
mar 12, 2019 10:23:45 AM org.restlet.security.ChallengeAuthenticator authenticate
FINE: Authentication succeeded. Valid credentials provided for identifier: org1dev2.
mar 12, 2019 10:23:45 AM org.restlet.security.Authenticator authenticated
FINE: The authentication succeeded for the identifer "org1dev2" using the HTTP_Basic scheme.
mar 12, 2019 10:23:45 AM org.restlet.routing.TemplateRoute score
FINER: Call score for the "/objects/login" URI pattern: 1.0
mar 12, 2019 10:23:45 AM org.restlet.routing.Router logRoute
FINE: Selected route: "/objects/login" -> Finder for ObjectsLogin
mar 12, 2019 10:23:45 AM org.restlet.routing.TemplateRoute beforeHandle
FINER: 14 characters were matched
mar 12, 2019 10:23:45 AM org.restlet.routing.TemplateRoute beforeHandle
FINE: New base URI: "http://localhost:8181/api/objects/login". No remaining part to match
mar 12, 2019 10:23:45 AM org.restlet.routing.TemplateRoute beforeHandle
FINER: Delegating the call to the target Restlet
mar 12, 2019 10:23:45 AM org.restlet.engine.application.StrictConneg scoreAnnotation
FINE: Score of annotation "MethodAnnotationInfo [javaMethod: public org.restlet.representation.Representation eu.bavenir.ogwapi.restapi.services.ObjectsLogin.represent(), javaClass: class eu.bavenir.ogwapi.restapi.services.ObjectsLogin, restletMethod: GET, input: "", value: "", output: "", query: null]"= 0.5
mar 12, 2019 10:23:45 AM org.restlet.engine.application.StrictConneg scoreVariant
FINE: Total score of variant "[*/*]"= 0.041791666
mar 12, 2019 10:23:45 AM org.restlet.service.ConverterService toRepresentation
FINE: Converter selected for JsonRepresentation: DefaultConverter
mar 12, 2019 10:23:51 AM eu.bavenir.ogwapi.restapi.security.AuthenticationVerifier verify
FINE: Valid credentials received from a client with IP 0:0:0:0:0:0:0:1.
mar 12, 2019 10:23:51 AM org.restlet.security.ChallengeAuthenticator authenticate
FINE: Authentication succeeded. Valid credentials provided for identifier: org1dev2.
mar 12, 2019 10:23:51 AM org.restlet.security.Authenticator authenticated
FINE: The authentication succeeded for the identifer "org1dev2" using the HTTP_Basic scheme.
mar 12, 2019 10:23:51 AM org.restlet.routing.TemplateRoute score
FINER: Call score for the "/objects/login" URI pattern: 0.0
mar 12, 2019 10:23:51 AM org.restlet.routing.TemplateRoute score
FINER: Call score for the "/objects/logout" URI pattern: 0.0
mar 12, 2019 10:23:51 AM org.restlet.routing.TemplateRoute score
FINER: Call score for the "/objects/{oid}/properties" URI pattern: 0.0
mar 12, 2019 10:23:51 AM org.restlet.routing.TemplateRoute score
FINER: Call score for the "/objects/{oid}/properties/{pid}" URI pattern: 1.0
mar 12, 2019 10:23:51 AM org.restlet.routing.Router logRoute
FINE: Selected route: "/objects/{oid}/properties/{pid}" -> Finder for ObjectsOidPropertiesPid
mar 12, 2019 10:23:51 AM org.restlet.routing.TemplateRoute beforeHandle
FINER: 32 characters were matched
mar 12, 2019 10:23:51 AM org.restlet.routing.TemplateRoute beforeHandle
FINE: New base URI: "http://localhost:8181/api/objects/org1dev1/properties/pid". No remaining part to match
mar 12, 2019 10:23:51 AM org.restlet.routing.TemplateRoute beforeHandle
FINER: Delegating the call to the target Restlet
mar 12, 2019 10:23:51 AM org.restlet.engine.application.StrictConneg scoreAnnotation
FINE: Score of annotation "MethodAnnotationInfo [javaMethod: public org.restlet.representation.Representation eu.bavenir.ogwapi.restapi.services.ObjectsOidPropertiesPid.represent(org.restlet.representation.Representation), javaClass: class eu.bavenir.ogwapi.restapi.services.ObjectsOidPropertiesPid, restletMethod: GET, input: "", value: "", output: "", query: null]"= 0.5
mar 12, 2019 10:23:51 AM org.restlet.engine.application.StrictConneg scoreVariant
FINE: Total score of variant "[*/*]"= 0.041791666
mar 12, 2019 10:23:56 AM eu.bavenir.ogwapi.commons.monitoring.MessageCounter addMessage
FINEST: New outgoing message was counted. count: 1
mar 12, 2019 10:23:56 AM eu.bavenir.ogwapi.commons.engines.xmpp.XmppMessageEngine sendMessage
FINEST: XMPPMessageEngine: Status of the roster before message is sent: ready
mar 12, 2019 10:23:56 AM eu.bavenir.ogwapi.commons.engines.xmpp.XmppMessageEngine sendMessage
FINEST: XMPPMessageEngine: Message sent. Content: {"messageType":1,"requestId":1384484369,"sourceOid":"org1dev2","destinationOid":"org1dev1","requestOperation":1,"requestBody":null,"attributes":{"pid":"pid"},"parameters":{}}
mar 12, 2019 10:23:56 AM eu.bavenir.ogwapi.commons.ConnectionDescriptor processIncommingMessage
FINEST: New message from org1dev1: {"messageType":2,"requestId":1384484369,"error":false,"responseCode":200,"responseCodeReason":"OK. ","contentType":null,"responseBody":"{\"dummy\":\"Dummy REST Agent Connector received following data to perform request:\\nOperation code: 0\\nFull URL: http://localhost:9997/agent/objects/org1dev1/properties/pid\\nBody: null\"}","responseBodySupplement":null}
mar 12, 2019 10:23:56 AM eu.bavenir.ogwapi.commons.ConnectionDescriptor processIncommingMessage
FINEST: This message is a response. Adding to incoming queue - message count: 0
mar 12, 2019 10:23:56 AM eu.bavenir.ogwapi.commons.CommunicationManager getConnectionList
FINEST: -- Object IDs connected to network through this CommunicationManager: --
mar 12, 2019 10:23:56 AM eu.bavenir.ogwapi.commons.CommunicationManager getConnectionList
FINEST: org1dev2
mar 12, 2019 10:23:56 AM eu.bavenir.ogwapi.commons.CommunicationManager getConnectionList
FINEST: -- End of list. --
mar 12, 2019 10:24:07 AM eu.bavenir.ogwapi.commons.monitoring.MessageCounter addMessage
FINEST: New incoming message was counted. count: 1
mar 12, 2019 10:24:26 AM eu.bavenir.ogwapi.commons.CommunicationManager getConnectionList
FINEST: -- Object IDs connected to network through this CommunicationManager: --
mar 12, 2019 10:24:26 AM eu.bavenir.ogwapi.commons.CommunicationManager getConnectionList
FINEST: org1dev2
mar 12, 2019 10:24:26 AM eu.bavenir.ogwapi.commons.CommunicationManager getConnectionList
FINEST: -- End of list. --
mar 12, 2019 10:24:56 AM eu.bavenir.ogwapi.commons.CommunicationManager getConnectionList
FINEST: -- Object IDs connected to network through this CommunicationManager: --
mar 12, 2019 10:24:56 AM eu.bavenir.ogwapi.commons.CommunicationManager getConnectionList
FINEST: org1dev2
mar 12, 2019 10:24:56 AM eu.bavenir.ogwapi.commons.CommunicationManager getConnectionList
FINEST: -- End of list. --
mar 12, 2019 10:25:26 AM eu.bavenir.ogwapi.commons.CommunicationManager getConnectionList
FINEST: -- Object IDs connected to network through this CommunicationManager: --
mar 12, 2019 10:25:26 AM eu.bavenir.ogwapi.commons.CommunicationManager getConnectionList
FINEST: org1dev2
mar 12, 2019 10:25:26 AM eu.bavenir.ogwapi.commons.CommunicationManager getConnectionList
FINEST: -- End of list. --
mar 12, 2019 10:25:44 AM eu.bavenir.ogwapi.commons.engines.xmpp.XmppMessageEngine renewPresenceAndRoster
FINEST: XmppMessageEngine: The roster for org1dev2 was renewed.
mar 12, 2019 10:25:56 AM eu.bavenir.ogwapi.commons.CommunicationManager getConnectionList
FINEST: -- Object IDs connected to network through this CommunicationManager: --
mar 12, 2019 10:25:56 AM eu.bavenir.ogwapi.commons.CommunicationManager getConnectionList
FINEST: org1dev2
mar 12, 2019 10:25:56 AM eu.bavenir.ogwapi.commons.CommunicationManager getConnectionList
FINEST: -- End of list. --
mar 12, 2019 10:26:26 AM eu.bavenir.ogwapi.commons.CommunicationManager getConnectionList
FINEST: -- Object IDs connected to network through this CommunicationManager: --
mar 12, 2019 10:26:26 AM eu.bavenir.ogwapi.commons.CommunicationManager getConnectionList
FINEST: org1dev2
mar 12, 2019 10:26:26 AM eu.bavenir.ogwapi.commons.CommunicationManager getConnectionList
FINEST: -- End of list. --
mar 12, 2019 10:26:48 AM org.restlet.service.ConverterService toRepresentation
FINE: Converter selected for JsonRepresentation: DefaultConverter
mar 12, 2019 10:26:53 AM eu.bavenir.ogwapi.restapi.security.AuthenticationVerifier verify
FINE: Valid credentials received from a client with IP 0:0:0:0:0:0:0:1.
mar 12, 2019 10:26:53 AM org.restlet.security.ChallengeAuthenticator authenticate
FINE: Authentication succeeded. Valid credentials provided for identifier: org1dev2.
mar 12, 2019 10:26:53 AM org.restlet.security.Authenticator authenticated
FINE: The authentication succeeded for the identifer "org1dev2" using the HTTP_Basic scheme.
mar 12, 2019 10:26:53 AM org.restlet.routing.TemplateRoute score
FINER: Call score for the "/objects/login" URI pattern: 0.0
mar 12, 2019 10:26:53 AM org.restlet.routing.TemplateRoute score
FINER: Call score for the "/objects/logout" URI pattern: 0.0
mar 12, 2019 10:26:53 AM org.restlet.routing.TemplateRoute score
FINER: Call score for the "/objects/{oid}/properties" URI pattern: 0.0
mar 12, 2019 10:26:53 AM org.restlet.routing.TemplateRoute score
FINER: Call score for the "/objects/{oid}/properties/{pid}" URI pattern: 1.0
mar 12, 2019 10:26:53 AM org.restlet.routing.Router logRoute
FINE: Selected route: "/objects/{oid}/properties/{pid}" -> Finder for ObjectsOidPropertiesPid
mar 12, 2019 10:26:53 AM org.restlet.routing.TemplateRoute beforeHandle
FINER: 32 characters were matched
mar 12, 2019 10:26:53 AM org.restlet.routing.TemplateRoute beforeHandle
FINE: New base URI: "http://localhost:8181/api/objects/org1dev1/properties/pid". No remaining part to match
mar 12, 2019 10:26:53 AM org.restlet.routing.TemplateRoute beforeHandle
FINER: Delegating the call to the target Restlet
mar 12, 2019 10:26:53 AM org.restlet.engine.application.StrictConneg scoreAnnotation
FINE: Score of annotation "MethodAnnotationInfo [javaMethod: public org.restlet.representation.Representation eu.bavenir.ogwapi.restapi.services.ObjectsOidPropertiesPid.represent(org.restlet.representation.Representation), javaClass: class eu.bavenir.ogwapi.restapi.services.ObjectsOidPropertiesPid, restletMethod: GET, input: "", value: "", output: "", query: null]"= 0.5
mar 12, 2019 10:26:53 AM org.restlet.engine.application.StrictConneg scoreVariant
FINE: Total score of variant "[*/*]"= 0.041791666
mar 12, 2019 10:26:56 AM eu.bavenir.ogwapi.commons.CommunicationManager getConnectionList
FINEST: -- Object IDs connected to network through this CommunicationManager: --
mar 12, 2019 10:26:56 AM eu.bavenir.ogwapi.commons.CommunicationManager getConnectionList
FINEST: org1dev2
mar 12, 2019 10:26:56 AM eu.bavenir.ogwapi.commons.CommunicationManager getConnectionList
FINEST: -- End of list. --
mar 12, 2019 10:27:00 AM eu.bavenir.ogwapi.commons.monitoring.MessageCounter addMessage
FINEST: New outgoing message was counted. count: 2
mar 12, 2019 10:27:13 AM org.restlet.resource.ServerResource doCatch
SEVERE: Exception or error caught in server resource
org.restlet.resource.ResourceException: Internal Server Error (500) - The server encountered an unexpected condition which prevented it from fulfilling the request
	at org.restlet.resource.ServerResource.doHandle(ServerResource.java:527)
	at org.restlet.resource.ServerResource.get(ServerResource.java:723)
	at org.restlet.resource.ServerResource.doHandle(ServerResource.java:603)
	at org.restlet.resource.ServerResource.doNegotiatedHandle(ServerResource.java:662)
	at org.restlet.resource.ServerResource.doConditionalHandle(ServerResource.java:348)
	at org.restlet.resource.ServerResource.handle(ServerResource.java:1020)
	at org.restlet.resource.Finder.handle(Finder.java:236)
	at org.restlet.routing.Filter.doHandle(Filter.java:150)
	at org.restlet.routing.Filter.handle(Filter.java:197)
	at org.restlet.routing.Router.doHandle(Router.java:422)
	at org.restlet.routing.Router.handle(Router.java:641)
	at org.restlet.routing.Filter.doHandle(Filter.java:150)
	at org.restlet.routing.Filter.handle(Filter.java:197)
	at org.restlet.routing.Filter.doHandle(Filter.java:150)
	at org.restlet.routing.Filter.handle(Filter.java:197)
	at org.restlet.routing.Filter.doHandle(Filter.java:150)
	at org.restlet.routing.Filter.handle(Filter.java:197)
	at org.restlet.routing.Filter.doHandle(Filter.java:150)
	at org.restlet.engine.application.StatusFilter.doHandle(StatusFilter.java:140)
	at org.restlet.routing.Filter.handle(Filter.java:197)
	at org.restlet.routing.Filter.doHandle(Filter.java:150)
	at org.restlet.routing.Filter.handle(Filter.java:197)
	at org.restlet.engine.CompositeHelper.handle(CompositeHelper.java:202)
	at org.restlet.engine.application.ApplicationHelper.handle(ApplicationHelper.java:77)
	at org.restlet.Application.handle(Application.java:385)
	at org.restlet.routing.Filter.doHandle(Filter.java:150)
	at org.restlet.routing.Filter.handle(Filter.java:197)
	at org.restlet.routing.Router.doHandle(Router.java:422)
	at org.restlet.routing.Router.handle(Router.java:641)
	at org.restlet.routing.Filter.doHandle(Filter.java:150)
	at org.restlet.routing.Filter.handle(Filter.java:197)
	at org.restlet.routing.Router.doHandle(Router.java:422)
	at org.restlet.routing.Router.handle(Router.java:641)
	at org.restlet.routing.Filter.doHandle(Filter.java:150)
	at org.restlet.engine.application.StatusFilter.doHandle(StatusFilter.java:140)
	at org.restlet.routing.Filter.handle(Filter.java:197)
	at org.restlet.routing.Filter.doHandle(Filter.java:150)
	at org.restlet.routing.Filter.handle(Filter.java:197)
	at org.restlet.engine.CompositeHelper.handle(CompositeHelper.java:202)
	at org.restlet.Component.handle(Component.java:408)
	at org.restlet.Server.handle(Server.java:507)
	at org.restlet.engine.connector.ServerHelper.handle(ServerHelper.java:63)
	at org.restlet.engine.adapter.HttpServerHelper.handle(HttpServerHelper.java:143)
	at org.restlet.engine.connector.HttpServerHelper$1.handle(HttpServerHelper.java:64)
	at jdk.httpserver/com.sun.net.httpserver.Filter$Chain.doFilter(Filter.java:77)
	at jdk.httpserver/sun.net.httpserver.AuthFilter.doFilter(AuthFilter.java:82)
	at jdk.httpserver/com.sun.net.httpserver.Filter$Chain.doFilter(Filter.java:80)
	at jdk.httpserver/sun.net.httpserver.ServerImpl$Exchange$LinkHandler.handle(ServerImpl.java:692)
	at jdk.httpserver/com.sun.net.httpserver.Filter$Chain.doFilter(Filter.java:77)
	at jdk.httpserver/sun.net.httpserver.ServerImpl$Exchange.run(ServerImpl.java:664)
	at java.base/java.util.concurrent.ThreadPoolExecutor.runWorker(ThreadPoolExecutor.java:1128)
	at java.base/java.util.concurrent.ThreadPoolExecutor$Worker.run(ThreadPoolExecutor.java:628)
	at java.base/java.lang.Thread.run(Thread.java:834)
Caused by: java.lang.NullPointerException: Value in JsonObjects name/value pair cannot be null
	at org.glassfish.json.JsonObjectBuilderImpl.validateValue(JsonObjectBuilderImpl.java:164)
	at org.glassfish.json.JsonObjectBuilderImpl.add(JsonObjectBuilderImpl.java:74)
	at eu.bavenir.ogwapi.commons.monitoring.MessageCounter.createJsonObjectFromMessage(MessageCounter.java:171)
	at eu.bavenir.ogwapi.commons.monitoring.MessageCounter.lambda$0(MessageCounter.java:146)
	at java.base/java.util.ArrayList$ArrayListSpliterator.forEachRemaining(ArrayList.java:1654)
	at java.base/java.util.stream.ReferencePipeline$Head.forEach(ReferencePipeline.java:658)
	at eu.bavenir.ogwapi.commons.monitoring.MessageCounter.createJsonFromMessages(MessageCounter.java:146)
	at eu.bavenir.ogwapi.commons.monitoring.MessageCounter.sendToNeighborhoodManager(MessageCounter.java:132)
	at eu.bavenir.ogwapi.commons.monitoring.MessageCounter.addMessage(MessageCounter.java:119)
	at eu.bavenir.ogwapi.commons.ConnectionDescriptor.sendRequestForRemoteOperation(ConnectionDescriptor.java:1922)
	at eu.bavenir.ogwapi.commons.ConnectionDescriptor.getPropertyOfRemoteObject(ConnectionDescriptor.java:924)
	at eu.bavenir.ogwapi.commons.CommunicationManager.getPropertyOfRemoteObject(CommunicationManager.java:711)
	at eu.bavenir.ogwapi.restapi.services.ObjectsOidPropertiesPid.getObjectProperty(ObjectsOidPropertiesPid.java:151)
	at eu.bavenir.ogwapi.restapi.services.ObjectsOidPropertiesPid.represent(ObjectsOidPropertiesPid.java:78)
	at java.base/jdk.internal.reflect.NativeMethodAccessorImpl.invoke0(Native Method)
	at java.base/jdk.internal.reflect.NativeMethodAccessorImpl.invoke(NativeMethodAccessorImpl.java:62)
	at java.base/jdk.internal.reflect.DelegatingMethodAccessorImpl.invoke(DelegatingMethodAccessorImpl.java:43)
	at java.base/java.lang.reflect.Method.invoke(Method.java:566)
	at org.restlet.resource.ServerResource.doHandle(ServerResource.java:508)
	... 52 more

mar 12, 2019 10:27:13 AM org.restlet.engine.application.StrictConneg scoreVariant
FINE: Total score of variant "[text/html]"= 2.5E-4
mar 12, 2019 10:27:13 AM org.restlet.engine.application.StrictConneg scoreVariant
FINE: Total score of variant "[application/xhtml+xml]"= 5.0E-4
mar 12, 2019 10:27:13 AM org.restlet.service.ConverterService toRepresentation
FINE: Converter selected for StatusInfo: StatusInfoHtmlConverter
mar 12, 2019 10:27:26 AM eu.bavenir.ogwapi.commons.CommunicationManager getConnectionList
FINEST: -- Object IDs connected to network through this CommunicationManager: --
mar 12, 2019 10:27:26 AM eu.bavenir.ogwapi.commons.CommunicationManager getConnectionList
FINEST: org1dev2
mar 12, 2019 10:27:26 AM eu.bavenir.ogwapi.commons.CommunicationManager getConnectionList
FINEST: -- End of list. --
mar 12, 2019 10:27:43 AM eu.bavenir.ogwapi.commons.engines.xmpp.XmppMessageEngine renewPresenceAndRoster
FINEST: XmppMessageEngine: The roster for org1dev2 was renewed.
mar 12, 2019 10:27:56 AM eu.bavenir.ogwapi.commons.CommunicationManager getConnectionList
FINEST: -- Object IDs connected to network through this CommunicationManager: --
mar 12, 2019 10:27:56 AM eu.bavenir.ogwapi.commons.CommunicationManager getConnectionList
FINEST: org1dev2
mar 12, 2019 10:27:56 AM eu.bavenir.ogwapi.commons.CommunicationManager getConnectionList
FINEST: -- End of list. --
