jan 15, 2019 10:58:12 AM eu.bavenir.ogwapi.App initialize
CONFIG: Log file: log/19-01-15T10_58_12.852-gateway.log
jan 15, 2019 10:58:12 AM eu.bavenir.ogwapi.App main
FINE: Vicinity Gateway API initialized.
jan 15, 2019 10:58:12 AM eu.bavenir.ogwapi.App main
FINE: API thread started.
jan 15, 2019 10:58:13 AM eu.bavenir.ogwapi.restapi.RestletThread run
CONFIG: HTTP server configured.
jan 15, 2019 10:58:13 AM eu.bavenir.ogwapi.commons.CommunicationManager <init>
CONFIG: The session recovery policy is set to proactive.
jan 15, 2019 10:58:13 AM eu.bavenir.ogwapi.restapi.Api configureChallengeScheme
CONFIG: HTTP Basic challenge authentication scheme configured.
jan 15, 2019 10:58:13 AM org.restlet.Application start
INFO: Starting eu.bavenir.ogwapi.restapi.Api application
jan 15, 2019 10:58:13 AM org.restlet.engine.application.ApplicationHelper start
FINE: By default, an application should be attached to a parent component in order to let application's outbound root handle calls properly.
jan 15, 2019 10:58:13 AM eu.bavenir.ogwapi.restapi.RestletThread run
FINE: HTTP server component started.
jan 15, 2019 10:58:16 AM eu.bavenir.ogwapi.commons.CommunicationManager isConnected
INFO: Object ID: 'org1dev1' is not connected yet.
jan 15, 2019 10:58:19 AM eu.bavenir.ogwapi.commons.connectors.http.RestAgentConnector <init>
CONFIG: REST Agent Connector: Dummy payloads disabled, all calls to an Agent via this connector will be real.
jan 15, 2019 10:58:19 AM eu.bavenir.ogwapi.commons.connectors.http.RestAgentConnector <init>
CONFIG: REST Agent Connector: HTTPS protocol disabled for Agent communication.
jan 15, 2019 10:58:21 AM eu.bavenir.ogwapi.commons.PersistenceManager LoadData
FINE: Data was loaded from file - data/org1dev1-data.ser
jan 15, 2019 10:58:24 AM eu.bavenir.ogwapi.commons.engines.xmpp.XmppMessageEngine connect
FINE: XmppMessageEngine: Connection object not yet exists for org1dev1. Attempting to build a new one.
jan 15, 2019 10:58:24 AM eu.bavenir.ogwapi.commons.engines.xmpp.XmppMessageEngine buildNewConnection
CONFIG: Creating a new connection to XMPP server 'vicinity.bavenir.eu:5222' as 'org1dev1@bavenir.eu'
jan 15, 2019 10:58:24 AM eu.bavenir.ogwapi.commons.engines.xmpp.XmppMessageEngine buildNewConnection
CONFIG: XMPP secure connection is disabled.
jan 15, 2019 10:58:25 AM eu.bavenir.ogwapi.commons.CommunicationManager establishConnection
INFO: Connection for 'org1dev1' was established.
jan 15, 2019 10:58:25 AM eu.bavenir.ogwapi.restapi.security.AuthenticationVerifier verify
FINE: Valid credentials received from a client with IP 0:0:0:0:0:0:0:1.
jan 15, 2019 10:58:25 AM org.restlet.security.ChallengeAuthenticator authenticate
FINE: Authentication succeeded. Valid credentials provided for identifier: org1dev1.
jan 15, 2019 10:58:25 AM org.restlet.security.Authenticator authenticated
FINE: The authentication succeeded for the identifer "org1dev1" using the HTTP_Basic scheme.
jan 15, 2019 10:58:25 AM org.restlet.routing.TemplateRoute score
FINER: Call score for the "/objects/login" URI pattern: 1.0
jan 15, 2019 10:58:25 AM org.restlet.routing.Router logRoute
FINE: Selected route: "/objects/login" -> Finder for ObjectsLogin
jan 15, 2019 10:58:25 AM org.restlet.routing.TemplateRoute beforeHandle
FINER: 14 characters were matched
jan 15, 2019 10:58:25 AM org.restlet.routing.TemplateRoute beforeHandle
FINE: New base URI: "http://localhost:8181/api/objects/login". No remaining part to match
jan 15, 2019 10:58:25 AM org.restlet.routing.TemplateRoute beforeHandle
FINER: Delegating the call to the target Restlet
jan 15, 2019 10:58:25 AM org.restlet.engine.application.StrictConneg scoreAnnotation
FINE: Score of annotation "MethodAnnotationInfo [javaMethod: public org.restlet.representation.Representation eu.bavenir.ogwapi.restapi.services.ObjectsLogin.represent(), javaClass: class eu.bavenir.ogwapi.restapi.services.ObjectsLogin, restletMethod: GET, input: "", value: "", output: "", query: null]"= 0.5
jan 15, 2019 10:58:25 AM org.restlet.engine.application.StrictConneg scoreVariant
FINE: Total score of variant "[*/*]"= 0.041791666
jan 15, 2019 10:58:25 AM org.restlet.service.ConverterService toRepresentation
FINE: Converter selected for JsonRepresentation: DefaultConverter
jan 15, 2019 10:59:51 AM eu.bavenir.ogwapi.commons.ConnectionDescriptor respondToCancelRunningTask
FINE: Object ID org1dev1 received a request for stopping an action ID action1 task ID 55ea66c9-55cf-491f-89bf-68bc7a3fd540 from object ID org2dev1.
jan 15, 2019 10:59:51 AM eu.bavenir.ogwapi.commons.ConnectionDescriptor respondToCancelRunningTask
WARNING: Task ID 55ea66c9-55cf-491f-89bf-68bc7a3fd540 is in a state that does not allow it to be cancelled. It either does not exist, is already finished, or failed.
