mar 12, 2019 1:33:37 PM eu.bavenir.ogwapi.App initialize
CONFIG: Log file: log/19-03-12T13_33_37.688-gateway.log
mar 12, 2019 1:33:37 PM eu.bavenir.ogwapi.App main
FINE: Vicinity Gateway API initialized.
mar 12, 2019 1:33:37 PM eu.bavenir.ogwapi.App main
FINE: API thread started.
mar 12, 2019 1:33:37 PM eu.bavenir.ogwapi.restapi.RestletThread run
CONFIG: HTTP server configured.
mar 12, 2019 1:33:37 PM eu.bavenir.ogwapi.commons.CommunicationManager <init>
CONFIG: The session recovery policy is set to proactive.
mar 12, 2019 1:33:37 PM eu.bavenir.ogwapi.restapi.Api configureChallengeScheme
CONFIG: HTTP Basic challenge authentication scheme configured.
mar 12, 2019 1:33:37 PM org.restlet.Application start
INFO: Starting eu.bavenir.ogwapi.restapi.Api application
mar 12, 2019 1:33:38 PM org.restlet.engine.application.ApplicationHelper start
FINE: By default, an application should be attached to a parent component in order to let application's outbound root handle calls properly.
mar 12, 2019 1:33:38 PM eu.bavenir.ogwapi.restapi.RestletThread run
FINE: HTTP server component started.
mar 12, 2019 1:33:47 PM eu.bavenir.ogwapi.commons.CommunicationManager isConnected
INFO: Object ID: 'org1dev2' is not connected yet.
mar 12, 2019 1:33:47 PM eu.bavenir.ogwapi.commons.connectors.http.RestAgentConnector <init>
CONFIG: REST Agent Connector: Dummy payloads enabled, all calls to an Agent via this connector will be simulated.
mar 12, 2019 1:33:47 PM eu.bavenir.ogwapi.commons.connectors.http.RestAgentConnector <init>
CONFIG: REST Agent Connector: HTTPS protocol disabled for Agent communication.
mar 12, 2019 1:33:47 PM eu.bavenir.ogwapi.commons.engines.xmpp.XmppMessageEngine <init>
FINEST: XmppMessageEngine: The roster for org1dev2 will be renewed every 82000ms.
mar 12, 2019 1:33:47 PM eu.bavenir.ogwapi.commons.PersistenceManager loadData
INFO: File not found!
mar 12, 2019 1:33:47 PM eu.bavenir.ogwapi.commons.PersistenceManager loadThingDescriptionFromFile
INFO: TD json not found!
mar 12, 2019 1:33:47 PM eu.bavenir.ogwapi.commons.PersistenceManager loadThingDescription
WARNING: TD json for org1dev2 could not be loaded.
mar 12, 2019 1:33:47 PM eu.bavenir.ogwapi.commons.engines.xmpp.XmppMessageEngine connect
FINE: XmppMessageEngine: Connection object not yet exists for org1dev2. Attempting to build a new one.
mar 12, 2019 1:33:47 PM eu.bavenir.ogwapi.commons.engines.xmpp.XmppMessageEngine buildNewConnection
CONFIG: Creating a new connection to XMPP server 'commserver.vicinity.ws:5222' as 'org1dev2@vicinity.ws'
mar 12, 2019 1:33:47 PM eu.bavenir.ogwapi.commons.engines.xmpp.XmppMessageEngine buildNewConnection
CONFIG: XMPP secure connection is disabled.
mar 12, 2019 1:33:48 PM eu.bavenir.ogwapi.commons.engines.xmpp.XmppMessageEngine renewPresenceAndRoster
FINEST: XmppMessageEngine: The roster for org1dev2 was renewed.
mar 12, 2019 1:33:48 PM eu.bavenir.ogwapi.commons.CommunicationManager establishConnection
INFO: Connection for 'org1dev2' was established.
mar 12, 2019 1:33:48 PM eu.bavenir.ogwapi.restapi.security.AuthenticationVerifier verify
FINE: Valid credentials received from a client with IP 0:0:0:0:0:0:0:1.
mar 12, 2019 1:33:48 PM org.restlet.security.ChallengeAuthenticator authenticate
FINE: Authentication succeeded. Valid credentials provided for identifier: org1dev2.
mar 12, 2019 1:33:48 PM org.restlet.security.Authenticator authenticated
FINE: The authentication succeeded for the identifer "org1dev2" using the HTTP_Basic scheme.
mar 12, 2019 1:33:48 PM org.restlet.routing.TemplateRoute score
FINER: Call score for the "/objects/login" URI pattern: 0.0
mar 12, 2019 1:33:48 PM org.restlet.routing.TemplateRoute score
FINER: Call score for the "/objects/logout" URI pattern: 0.0
mar 12, 2019 1:33:48 PM org.restlet.routing.TemplateRoute score
FINER: Call score for the "/objects/{oid}/properties" URI pattern: 0.0
mar 12, 2019 1:33:48 PM org.restlet.routing.TemplateRoute score
FINER: Call score for the "/objects/{oid}/properties/{pid}" URI pattern: 1.0
mar 12, 2019 1:33:48 PM org.restlet.routing.Router logRoute
FINE: Selected route: "/objects/{oid}/properties/{pid}" -> Finder for ObjectsOidPropertiesPid
mar 12, 2019 1:33:48 PM org.restlet.routing.TemplateRoute beforeHandle
FINER: 32 characters were matched
mar 12, 2019 1:33:48 PM org.restlet.routing.TemplateRoute beforeHandle
FINE: New base URI: "http://localhost:8181/api/objects/org1dev1/properties/pid". No remaining part to match
mar 12, 2019 1:33:48 PM org.restlet.routing.TemplateRoute beforeHandle
FINER: Delegating the call to the target Restlet
mar 12, 2019 1:33:48 PM org.restlet.engine.application.StrictConneg scoreAnnotation
FINE: Score of annotation "MethodAnnotationInfo [javaMethod: public org.restlet.representation.Representation eu.bavenir.ogwapi.restapi.services.ObjectsOidPropertiesPid.represent(org.restlet.representation.Representation), javaClass: class eu.bavenir.ogwapi.restapi.services.ObjectsOidPropertiesPid, restletMethod: GET, input: "", value: "", output: "", query: null]"= 0.5
mar 12, 2019 1:33:48 PM org.restlet.engine.application.StrictConneg scoreVariant
FINE: Total score of variant "[*/*]"= 0.041791666
mar 12, 2019 1:33:48 PM eu.bavenir.ogwapi.commons.engines.xmpp.XmppMessageEngine sendMessage
FINEST: XMPPMessageEngine: Status of the roster before message is sent: ready
mar 12, 2019 1:33:48 PM eu.bavenir.ogwapi.commons.engines.xmpp.XmppMessageEngine sendMessage
FINEST: XMPPMessageEngine: Message sent. Content: {"timeStamp":1552394028163,"messageType":1,"requestId":1964355767,"sourceOid":"org1dev2","destinationOid":"org1dev1","requestOperation":1,"requestBody":null,"attributes":{"pid":"pid"},"parameters":{}}
mar 12, 2019 1:33:48 PM eu.bavenir.ogwapi.commons.ConnectionDescriptor processIncommingMessage
FINEST: New message from org1dev1: {"messageType":2,"requestId":1964355767,"error":false,"responseCode":200,"responseCodeReason":"OK. ","contentType":null,"responseBody":"{\"dummy\":\"Dummy REST Agent Connector received following data to perform request:\\nOperation code: 0\\nFull URL: http://localhost:9997/agent/objects/org1dev1/properties/pid\\nBody: null\"}","responseBodySupplement":null}
mar 12, 2019 1:33:48 PM eu.bavenir.ogwapi.commons.ConnectionDescriptor processIncommingMessage
FINEST: This message is a response. Adding to incoming queue - message count: 0
mar 12, 2019 1:33:48 PM eu.bavenir.ogwapi.commons.ConnectionDescriptor processIncommingMessage
FINEST: New message from org1dev1: {"messageType":2,"requestId":1964355767,"error":false,"responseCode":200,"responseCodeReason":"OK. ","contentType":null,"responseBody":"{\"dummy\":\"Dummy REST Agent Connector received following data to perform request:\\nOperation code: 0\\nFull URL: http://localhost:9997/agent/objects/org1dev1/properties/pid\\nBody: null\"}","responseBodySupplement":null}
mar 12, 2019 1:33:48 PM eu.bavenir.ogwapi.commons.messages.MessageResolver checkForDuplicates
INFO: Duplicated message detected. Request ID: 1964355767
mar 12, 2019 1:33:48 PM eu.bavenir.ogwapi.commons.ConnectionDescriptor processIncommingMessage
WARNING: Invalid message received from the network.
mar 12, 2019 1:34:07 PM eu.bavenir.ogwapi.commons.CommunicationManager getConnectionList
FINEST: -- Object IDs connected to network through this CommunicationManager: --
mar 12, 2019 1:34:07 PM eu.bavenir.ogwapi.commons.CommunicationManager getConnectionList
FINEST: org1dev2
mar 12, 2019 1:34:07 PM eu.bavenir.ogwapi.commons.CommunicationManager getConnectionList
FINEST: -- End of list. --
mar 12, 2019 1:34:17 PM org.restlet.service.ConverterService toRepresentation
FINE: Converter selected for JsonRepresentation: DefaultConverter
mar 12, 2019 1:34:37 PM eu.bavenir.ogwapi.commons.CommunicationManager getConnectionList
FINEST: -- Object IDs connected to network through this CommunicationManager: --
mar 12, 2019 1:34:37 PM eu.bavenir.ogwapi.commons.CommunicationManager getConnectionList
FINEST: org1dev2
mar 12, 2019 1:34:37 PM eu.bavenir.ogwapi.commons.CommunicationManager getConnectionList
FINEST: -- End of list. --
mar 12, 2019 1:34:42 PM eu.bavenir.ogwapi.restapi.security.AuthenticationVerifier verify
FINE: Valid credentials received from a client with IP 0:0:0:0:0:0:0:1.
mar 12, 2019 1:34:42 PM org.restlet.security.ChallengeAuthenticator authenticate
FINE: Authentication succeeded. Valid credentials provided for identifier: org1dev2.
mar 12, 2019 1:34:42 PM org.restlet.security.Authenticator authenticated
FINE: The authentication succeeded for the identifer "org1dev2" using the HTTP_Basic scheme.
mar 12, 2019 1:34:42 PM org.restlet.routing.TemplateRoute score
FINER: Call score for the "/objects/login" URI pattern: 0.0
mar 12, 2019 1:34:42 PM org.restlet.routing.TemplateRoute score
FINER: Call score for the "/objects/logout" URI pattern: 0.0
mar 12, 2019 1:34:42 PM org.restlet.routing.TemplateRoute score
FINER: Call score for the "/objects/{oid}/properties" URI pattern: 0.0
mar 12, 2019 1:34:42 PM org.restlet.routing.TemplateRoute score
FINER: Call score for the "/objects/{oid}/properties/{pid}" URI pattern: 1.0
mar 12, 2019 1:34:42 PM org.restlet.routing.Router logRoute
FINE: Selected route: "/objects/{oid}/properties/{pid}" -> Finder for ObjectsOidPropertiesPid
mar 12, 2019 1:34:42 PM org.restlet.routing.TemplateRoute beforeHandle
FINER: 32 characters were matched
mar 12, 2019 1:34:42 PM org.restlet.routing.TemplateRoute beforeHandle
FINE: New base URI: "http://localhost:8181/api/objects/org1dev1/properties/pid". No remaining part to match
mar 12, 2019 1:34:42 PM org.restlet.routing.TemplateRoute beforeHandle
FINER: Delegating the call to the target Restlet
mar 12, 2019 1:34:42 PM org.restlet.engine.application.StrictConneg scoreAnnotation
FINE: Score of annotation "MethodAnnotationInfo [javaMethod: public org.restlet.representation.Representation eu.bavenir.ogwapi.restapi.services.ObjectsOidPropertiesPid.represent(org.restlet.representation.Representation), javaClass: class eu.bavenir.ogwapi.restapi.services.ObjectsOidPropertiesPid, restletMethod: GET, input: "", value: "", output: "", query: null]"= 0.5
mar 12, 2019 1:34:42 PM org.restlet.engine.application.StrictConneg scoreVariant
FINE: Total score of variant "[*/*]"= 0.041791666
mar 12, 2019 1:34:42 PM eu.bavenir.ogwapi.commons.engines.xmpp.XmppMessageEngine sendMessage
FINEST: XMPPMessageEngine: Status of the roster before message is sent: ready
mar 12, 2019 1:34:42 PM eu.bavenir.ogwapi.commons.engines.xmpp.XmppMessageEngine sendMessage
FINEST: XMPPMessageEngine: Message sent. Content: {"timeStamp":1552394082500,"messageType":1,"requestId":891076488,"sourceOid":"org1dev2","destinationOid":"org1dev1","requestOperation":1,"requestBody":null,"attributes":{"pid":"pid"},"parameters":{}}
mar 12, 2019 1:35:07 PM eu.bavenir.ogwapi.commons.CommunicationManager getConnectionList
FINEST: -- Object IDs connected to network through this CommunicationManager: --
mar 12, 2019 1:35:07 PM eu.bavenir.ogwapi.commons.CommunicationManager getConnectionList
FINEST: org1dev2
mar 12, 2019 1:35:07 PM eu.bavenir.ogwapi.commons.CommunicationManager getConnectionList
FINEST: -- End of list. --
mar 12, 2019 1:35:09 PM eu.bavenir.ogwapi.commons.engines.xmpp.XmppMessageEngine renewPresenceAndRoster
FINEST: XmppMessageEngine: The roster for org1dev2 was renewed.
mar 12, 2019 1:35:37 PM eu.bavenir.ogwapi.commons.CommunicationManager getConnectionList
FINEST: -- Object IDs connected to network through this CommunicationManager: --
mar 12, 2019 1:35:37 PM eu.bavenir.ogwapi.commons.CommunicationManager getConnectionList
FINEST: org1dev2
mar 12, 2019 1:35:37 PM eu.bavenir.ogwapi.commons.CommunicationManager getConnectionList
FINEST: -- End of list. --
mar 12, 2019 1:36:07 PM eu.bavenir.ogwapi.commons.CommunicationManager getConnectionList
FINEST: -- Object IDs connected to network through this CommunicationManager: --
mar 12, 2019 1:36:07 PM eu.bavenir.ogwapi.commons.CommunicationManager getConnectionList
FINEST: org1dev2
mar 12, 2019 1:36:07 PM eu.bavenir.ogwapi.commons.CommunicationManager getConnectionList
FINEST: -- End of list. --
mar 12, 2019 1:36:12 PM eu.bavenir.ogwapi.commons.ConnectionDescriptor sendRequestForRemoteOperation
WARNING: No response message received. The message might have got lost. Source ID: org1dev2 Destination ID: org1dev1 Request ID: 891076488
mar 12, 2019 1:36:31 PM eu.bavenir.ogwapi.commons.engines.xmpp.XmppMessageEngine renewPresenceAndRoster
FINEST: XmppMessageEngine: The roster for org1dev2 was renewed.
mar 12, 2019 1:36:37 PM eu.bavenir.ogwapi.commons.CommunicationManager getConnectionList
FINEST: -- Object IDs connected to network through this CommunicationManager: --
mar 12, 2019 1:36:37 PM eu.bavenir.ogwapi.commons.CommunicationManager getConnectionList
FINEST: org1dev2
mar 12, 2019 1:36:37 PM eu.bavenir.ogwapi.commons.CommunicationManager getConnectionList
FINEST: -- End of list. --
mar 12, 2019 1:37:07 PM eu.bavenir.ogwapi.commons.CommunicationManager getConnectionList
FINEST: -- Object IDs connected to network through this CommunicationManager: --
mar 12, 2019 1:37:07 PM eu.bavenir.ogwapi.commons.CommunicationManager getConnectionList
FINEST: org1dev2
mar 12, 2019 1:37:07 PM eu.bavenir.ogwapi.commons.CommunicationManager getConnectionList
FINEST: -- End of list. --
mar 12, 2019 1:37:19 PM org.restlet.service.ConverterService toRepresentation
FINE: Converter selected for JsonRepresentation: DefaultConverter
