mar 25, 2019 2:42:58 PM eu.bavenir.ogwapi.App initialize
CONFIG: Log file: log/19-03-25T14_42_58.809-gateway.log
mar 25, 2019 2:42:58 PM eu.bavenir.ogwapi.restapi.RestletThread <init>
CONFIG: HTTPS enabled.
mar 25, 2019 2:42:58 PM eu.bavenir.ogwapi.restapi.RestletThread <init>
CONFIG: Path to keystore file: keystore/ogwapi.keystore
mar 25, 2019 2:42:58 PM eu.bavenir.ogwapi.restapi.RestletThread <init>
CONFIG: Keystore type is PKCS12
mar 25, 2019 2:42:58 PM eu.bavenir.ogwapi.restapi.RestletThread <init>
CONFIG: Set to listen on port 8181
mar 25, 2019 2:42:58 PM eu.bavenir.ogwapi.App main
INFO: Vicinity Gateway API initialized.
mar 25, 2019 2:42:58 PM eu.bavenir.ogwapi.App main
FINE: API thread started.
mar 25, 2019 2:42:59 PM eu.bavenir.ogwapi.commons.CommunicationManager <init>
CONFIG: The session recovery policy is set to proactive.
mar 25, 2019 2:42:59 PM eu.bavenir.ogwapi.restapi.Api configureChallengeScheme
CONFIG: HTTP Basic challenge authentication scheme configured.
mar 25, 2019 2:42:59 PM org.restlet.Application start
INFO: Starting eu.bavenir.ogwapi.restapi.Api application
mar 25, 2019 2:42:59 PM eu.bavenir.ogwapi.restapi.Api createAuthenticator
CONFIG: Authentication realm: bavenir.eu
mar 25, 2019 2:42:59 PM org.restlet.engine.application.ApplicationHelper start
FINE: By default, an application should be attached to a parent component in order to let application's outbound root handle calls properly.
mar 25, 2019 2:42:59 PM eu.bavenir.ogwapi.restapi.RestletThread run
INFO: HTTPS server configured and started.
