feb 22, 2019 1:04:27 PM eu.bavenir.ogwapi.App initialize
CONFIG: Log file: log/19-02-22T13_04_27.646-gateway.log
feb 22, 2019 1:04:27 PM eu.bavenir.ogwapi.App main
FINE: Vicinity Gateway API initialized.
feb 22, 2019 1:04:27 PM eu.bavenir.ogwapi.App main
FINE: API thread started.
feb 22, 2019 1:04:27 PM eu.bavenir.ogwapi.restapi.RestletThread run
CONFIG: HTTP server configured.
feb 22, 2019 1:04:27 PM eu.bavenir.ogwapi.commons.CommunicationManager <init>
CONFIG: The session recovery policy is set to proactive.
feb 22, 2019 1:04:27 PM eu.bavenir.ogwapi.restapi.Api configureChallengeScheme
CONFIG: HTTP Basic challenge authentication scheme configured.
feb 22, 2019 1:04:27 PM org.restlet.Application start
INFO: Starting eu.bavenir.ogwapi.restapi.Api application
feb 22, 2019 1:04:28 PM org.restlet.engine.application.ApplicationHelper start
FINE: By default, an application should be attached to a parent component in order to let application's outbound root handle calls properly.
feb 22, 2019 1:04:28 PM eu.bavenir.ogwapi.restapi.RestletThread run
FINE: HTTP server component started.
feb 22, 2019 1:04:57 PM eu.bavenir.ogwapi.commons.CommunicationManager getConnectionList
FINEST: -- Object IDs connected to network through this CommunicationManager: --
feb 22, 2019 1:04:57 PM eu.bavenir.ogwapi.commons.CommunicationManager getConnectionList
FINEST: -- End of list. --
