mar 25, 2019 2:49:14 PM eu.bavenir.ogwapi.App initialize
CONFIG: Log file: log/19-03-25T14_49_14.649-gateway.log
mar 25, 2019 2:49:14 PM eu.bavenir.ogwapi.restapi.RestletThread <init>
CONFIG: HTTPS disabled.
mar 25, 2019 2:49:14 PM eu.bavenir.ogwapi.restapi.RestletThread <init>
CONFIG: Set to listen on port 8181
mar 25, 2019 2:49:14 PM eu.bavenir.ogwapi.App main
INFO: Vicinity Gateway API initialized.
mar 25, 2019 2:49:14 PM eu.bavenir.ogwapi.App main
FINE: API thread started.
mar 25, 2019 2:49:14 PM eu.bavenir.ogwapi.commons.CommunicationManager <init>
CONFIG: The session recovery policy is set to proactive.
mar 25, 2019 2:49:14 PM eu.bavenir.ogwapi.restapi.Api configureChallengeScheme
CONFIG: HTTP Basic challenge authentication scheme configured.
mar 25, 2019 2:49:14 PM org.restlet.Application start
INFO: Starting eu.bavenir.ogwapi.restapi.Api application
mar 25, 2019 2:49:14 PM eu.bavenir.ogwapi.restapi.Api createAuthenticator
CONFIG: Authentication realm: bavenir.eu
mar 25, 2019 2:49:14 PM org.restlet.engine.application.ApplicationHelper start
FINE: By default, an application should be attached to a parent component in order to let application's outbound root handle calls properly.
mar 25, 2019 2:49:14 PM eu.bavenir.ogwapi.restapi.RestletThread run
INFO: HTTP server configured and started.
mar 25, 2019 2:50:00 PM eu.bavenir.ogwapi.commons.CommunicationManager isConnected
INFO: Object ID: 'ecb96b72-24b1-45b2-a16b-83f0b41471e2' is not connected yet.
mar 25, 2019 2:50:00 PM eu.bavenir.ogwapi.commons.connectors.http.RestAgentConnector <init>
CONFIG: REST Agent Connector: Dummy payloads disabled, all calls to an Agent via this connector will be real.
mar 25, 2019 2:50:00 PM eu.bavenir.ogwapi.commons.connectors.http.RestAgentConnector <init>
CONFIG: REST Agent Connector: HTTPS protocol enabled for Agent communication.
mar 25, 2019 2:50:05 PM eu.bavenir.ogwapi.commons.PersistenceManager loadData
INFO: File not found!
mar 25, 2019 2:50:24 PM eu.bavenir.ogwapi.commons.PersistenceManager loadThingDescriptionFromServer
INFO: TD json for ecb96b72-24b1-45b2-a16b-83f0b41471e2 was loaded from server.
mar 25, 2019 2:50:24 PM eu.bavenir.ogwapi.commons.PersistenceManager saveThingDescription
FINE: TD json for ecb96b72-24b1-45b2-a16b-83f0b41471e2 is saved in data/ecb96b72-24b1-45b2-a16b-83f0b41471e2-TD.json
mar 25, 2019 2:50:25 PM eu.bavenir.ogwapi.commons.engines.xmpp.XmppMessageEngine buildNewConnection
CONFIG: Creating a new connection to XMPP server 'development.vicinity.ws:5222' as 'ecb96b72-24b1-45b2-a16b-83f0b41471e2@vicinity.ws'
mar 25, 2019 2:50:26 PM eu.bavenir.ogwapi.commons.engines.xmpp.XmppMessageEngine buildNewConnection
CONFIG: XMPP secure connection is disabled.
mar 25, 2019 2:50:26 PM eu.bavenir.ogwapi.commons.CommunicationManager establishConnection
INFO: Connection for 'ecb96b72-24b1-45b2-a16b-83f0b41471e2' was established.
mar 25, 2019 2:50:26 PM eu.bavenir.ogwapi.restapi.security.AuthenticationVerifier verify
INFO: Valid credentials received from a client with IP 0:0:0:0:0:0:0:1.
mar 25, 2019 2:50:26 PM org.restlet.security.ChallengeAuthenticator authenticate
FINE: Authentication succeeded. Valid credentials provided for identifier: ecb96b72-24b1-45b2-a16b-83f0b41471e2.
mar 25, 2019 2:50:26 PM org.restlet.security.Authenticator authenticated
FINE: The authentication succeeded for the identifer "ecb96b72-24b1-45b2-a16b-83f0b41471e2" using the HTTP_Basic scheme.
mar 25, 2019 2:50:26 PM org.restlet.routing.Router logRoute
FINE: Selected route: "/objects/login" -> Finder for ObjectsLogin
mar 25, 2019 2:50:26 PM org.restlet.routing.TemplateRoute beforeHandle
FINE: New base URI: "http://localhost:8181/api/objects/login". No remaining part to match
mar 25, 2019 2:50:26 PM org.restlet.engine.application.StrictConneg scoreAnnotation
FINE: Score of annotation "MethodAnnotationInfo [javaMethod: public org.restlet.representation.Representation eu.bavenir.ogwapi.restapi.services.ObjectsLogin.represent(), javaClass: class eu.bavenir.ogwapi.restapi.services.ObjectsLogin, restletMethod: GET, input: "", value: "", output: "", query: null]"= 0.5
mar 25, 2019 2:50:26 PM org.restlet.engine.application.StrictConneg scoreVariant
FINE: Total score of variant "[*/*]"= 0.041791666
mar 25, 2019 2:50:26 PM org.restlet.service.ConverterService toRepresentation
FINE: Converter selected for JsonRepresentation: DefaultConverter
mar 25, 2019 2:52:15 PM eu.bavenir.ogwapi.commons.ConnectionDescriptor processIncommingMessage
INFO: ecb96b72-24b1-45b2-a16b-83f0b41471e2: New message from test_vcnt0
mar 25, 2019 2:52:15 PM eu.bavenir.ogwapi.commons.ConnectionDescriptor processIncommingMessage
FINE: ecb96b72-24b1-45b2-a16b-83f0b41471e2: Message string: 
{"messageType":1,"requestId":1317626260,"sourceOid":"test_vcnt0","destinationOid":"ecb96b72-24b1-45b2-a16b-83f0b41471e2","requestOperation":8,"requestBody":null,"attributes":{"eid":"event-1"},"parameters":{}}

mar 25, 2019 2:52:15 PM eu.bavenir.ogwapi.commons.ConnectionDescriptor processIncommingMessage
INFO: ecb96b72-24b1-45b2-a16b-83f0b41471e2: The message is a request. Processing...
mar 25, 2019 2:52:15 PM eu.bavenir.ogwapi.commons.ConnectionDescriptor processMessageRequest
INFO: ecb96b72-24b1-45b2-a16b-83f0b41471e2: Request ID is 1317626260, operation is GETEVENTCHANNELSTATUS.
mar 25, 2019 2:52:15 PM eu.bavenir.ogwapi.commons.ConnectionDescriptor respondToEventChannelStatusQuery
WARNING: ecb96b72-24b1-45b2-a16b-83f0b41471e2: Received a request to provide status of invalid event channel event-1. Request came from: test_vcnt0
mar 25, 2019 2:52:15 PM eu.bavenir.ogwapi.commons.ConnectionDescriptor sendMessage
INFO: ecb96b72-24b1-45b2-a16b-83f0b41471e2: Sending message: 
{"messageType":2,"requestId":1317626260,"sourceOid":"ecb96b72-24b1-45b2-a16b-83f0b41471e2","destinationOid":"test_vcnt0","error":true,"responseCode":404,"responseCodeReason":"Not found. Invalid event channel specified.","contentType":"application/json","responseBody":null,"responseBodySupplement":null}
mar 25, 2019 2:52:15 PM eu.bavenir.ogwapi.commons.CommunicationManager tryToSendLocalMessage
FINE: Can't send the message locally, the destination OID is not from this infrastructure.
mar 25, 2019 2:52:15 PM eu.bavenir.ogwapi.commons.ConnectionDescriptor sendMessage
FINE: ecb96b72-24b1-45b2-a16b-83f0b41471e2: Message was sent through network.
mar 25, 2019 2:52:56 PM eu.bavenir.ogwapi.commons.ConnectionDescriptor processIncommingMessage
INFO: ecb96b72-24b1-45b2-a16b-83f0b41471e2: New message from test_vcnt0
mar 25, 2019 2:52:56 PM eu.bavenir.ogwapi.commons.ConnectionDescriptor processIncommingMessage
FINE: ecb96b72-24b1-45b2-a16b-83f0b41471e2: Message string: 
{"messageType":1,"requestId":1073836269,"sourceOid":"test_vcnt0","destinationOid":"ecb96b72-24b1-45b2-a16b-83f0b41471e2","requestOperation":9,"requestBody":null,"attributes":{"eid":"event-1"},"parameters":{}}

mar 25, 2019 2:52:56 PM eu.bavenir.ogwapi.commons.ConnectionDescriptor processIncommingMessage
INFO: ecb96b72-24b1-45b2-a16b-83f0b41471e2: The message is a request. Processing...
mar 25, 2019 2:52:57 PM eu.bavenir.ogwapi.commons.ConnectionDescriptor processMessageRequest
INFO: ecb96b72-24b1-45b2-a16b-83f0b41471e2: Request ID is 1073836269, operation is SUBSCRIBETOEVENTCHANNEL.
mar 25, 2019 2:52:57 PM eu.bavenir.ogwapi.commons.ConnectionDescriptor respondToEventSubscriptionRequest
WARNING: ecb96b72-24b1-45b2-a16b-83f0b41471e2: Received a request for subscription to invalid event channel event-1. Request came from: test_vcnt0
mar 25, 2019 2:52:57 PM eu.bavenir.ogwapi.commons.ConnectionDescriptor sendMessage
INFO: ecb96b72-24b1-45b2-a16b-83f0b41471e2: Sending message: 
{"messageType":2,"requestId":1073836269,"sourceOid":"ecb96b72-24b1-45b2-a16b-83f0b41471e2","destinationOid":"test_vcnt0","error":true,"responseCode":404,"responseCodeReason":"Not found. Invalid event channel specified.","contentType":"application/json","responseBody":null,"responseBodySupplement":null}
mar 25, 2019 2:52:57 PM eu.bavenir.ogwapi.commons.CommunicationManager tryToSendLocalMessage
FINE: Can't send the message locally, the destination OID is not from this infrastructure.
mar 25, 2019 2:52:57 PM eu.bavenir.ogwapi.commons.ConnectionDescriptor sendMessage
FINE: ecb96b72-24b1-45b2-a16b-83f0b41471e2: Message was sent through network.
