jan 14, 2019 2:48:27 PM eu.bavenir.ogwapi.App initialize
CONFIG: Log file: log/19-01-14T14_48_27.873-gateway.log
jan 14, 2019 2:48:27 PM eu.bavenir.ogwapi.App main
FINE: Vicinity Gateway API initialized.
jan 14, 2019 2:48:27 PM eu.bavenir.ogwapi.App main
FINE: API thread started.
jan 14, 2019 2:48:28 PM eu.bavenir.ogwapi.restapi.RestletThread run
CONFIG: HTTP server configured.
jan 14, 2019 2:48:28 PM eu.bavenir.ogwapi.commons.CommunicationManager <init>
CONFIG: The session recovery policy is set to proactive.
jan 14, 2019 2:48:28 PM eu.bavenir.ogwapi.restapi.Api configureChallengeScheme
CONFIG: HTTP Basic challenge authentication scheme configured.
jan 14, 2019 2:48:28 PM org.restlet.Application start
INFO: Starting eu.bavenir.ogwapi.restapi.Api application
jan 14, 2019 2:48:28 PM org.restlet.engine.application.ApplicationHelper start
FINE: By default, an application should be attached to a parent component in order to let application's outbound root handle calls properly.
jan 14, 2019 2:48:28 PM eu.bavenir.ogwapi.restapi.RestletThread run
FINE: HTTP server component started.
jan 14, 2019 2:48:39 PM eu.bavenir.ogwapi.commons.CommunicationManager isConnected
INFO: Object ID: 'org1dev1' is not connected yet.
jan 14, 2019 2:48:43 PM eu.bavenir.ogwapi.commons.connectors.http.RestAgentConnector <init>
CONFIG: REST Agent Connector: Dummy payloads enabled, all calls to an Agent via this connector will be simulated.
jan 14, 2019 2:48:43 PM eu.bavenir.ogwapi.commons.connectors.http.RestAgentConnector <init>
CONFIG: REST Agent Connector: HTTPS protocol disabled for Agent communication.
jan 14, 2019 2:48:46 PM eu.bavenir.ogwapi.commons.PersistenceManager LoadData
FINE: Data was loaded from file - data/org1dev1-data.ser
jan 14, 2019 2:48:46 PM eu.bavenir.ogwapi.commons.engines.xmpp.XmppMessageEngine connect
FINE: XmppMessageEngine: Connection object not yet exists for org1dev1. Attempting to build a new one.
jan 14, 2019 2:48:46 PM eu.bavenir.ogwapi.commons.engines.xmpp.XmppMessageEngine buildNewConnection
CONFIG: Creating a new connection to XMPP server 'vicinity.bavenir.eu:5222' as 'org1dev1@bavenir.eu'
jan 14, 2019 2:48:46 PM eu.bavenir.ogwapi.commons.engines.xmpp.XmppMessageEngine buildNewConnection
CONFIG: XMPP secure connection is disabled.
jan 14, 2019 2:48:47 PM eu.bavenir.ogwapi.commons.CommunicationManager establishConnection
INFO: Connection for 'org1dev1' was established.
jan 14, 2019 2:48:47 PM eu.bavenir.ogwapi.restapi.security.AuthenticationVerifier verify
FINE: Valid credentials received from a client with IP 0:0:0:0:0:0:0:1.
jan 14, 2019 2:48:47 PM org.restlet.security.ChallengeAuthenticator authenticate
FINE: Authentication succeeded. Valid credentials provided for identifier: org1dev1.
jan 14, 2019 2:48:47 PM org.restlet.security.Authenticator authenticated
FINE: The authentication succeeded for the identifer "org1dev1" using the HTTP_Basic scheme.
jan 14, 2019 2:48:47 PM org.restlet.routing.TemplateRoute score
FINER: Call score for the "/objects/login" URI pattern: 1.0
jan 14, 2019 2:48:47 PM org.restlet.routing.Router logRoute
FINE: Selected route: "/objects/login" -> Finder for ObjectsLogin
jan 14, 2019 2:48:47 PM org.restlet.routing.TemplateRoute beforeHandle
FINER: 14 characters were matched
jan 14, 2019 2:48:47 PM org.restlet.routing.TemplateRoute beforeHandle
FINE: New base URI: "http://localhost:8181/api/objects/login". No remaining part to match
jan 14, 2019 2:48:47 PM org.restlet.routing.TemplateRoute beforeHandle
FINER: Delegating the call to the target Restlet
jan 14, 2019 2:48:47 PM org.restlet.engine.application.StrictConneg scoreAnnotation
FINE: Score of annotation "MethodAnnotationInfo [javaMethod: public org.restlet.representation.Representation eu.bavenir.ogwapi.restapi.services.ObjectsLogin.represent(), javaClass: class eu.bavenir.ogwapi.restapi.services.ObjectsLogin, restletMethod: GET, input: "", value: "", output: "", query: null]"= 0.5
jan 14, 2019 2:48:47 PM org.restlet.engine.application.StrictConneg scoreVariant
FINE: Total score of variant "[*/*]"= 0.041791666
jan 14, 2019 2:48:47 PM org.restlet.service.ConverterService toRepresentation
FINE: Converter selected for JsonRepresentation: DefaultConverter
jan 14, 2019 2:50:18 PM eu.bavenir.ogwapi.restapi.security.AuthenticationVerifier verify
FINE: Valid credentials received from a client with IP 0:0:0:0:0:0:0:1.
jan 14, 2019 2:50:18 PM org.restlet.security.ChallengeAuthenticator authenticate
FINE: Authentication succeeded. Valid credentials provided for identifier: org1dev1.
jan 14, 2019 2:50:18 PM org.restlet.security.Authenticator authenticated
FINE: The authentication succeeded for the identifer "org1dev1" using the HTTP_Basic scheme.
jan 14, 2019 2:50:18 PM org.restlet.routing.TemplateRoute score
FINER: Call score for the "/objects/login" URI pattern: 0.0
jan 14, 2019 2:50:18 PM org.restlet.routing.TemplateRoute score
FINER: Call score for the "/objects/logout" URI pattern: 0.0
jan 14, 2019 2:50:18 PM org.restlet.routing.TemplateRoute score
FINER: Call score for the "/objects/{oid}/properties" URI pattern: 0.0
jan 14, 2019 2:50:18 PM org.restlet.routing.TemplateRoute score
FINER: Call score for the "/objects/{oid}/properties/{pid}" URI pattern: 1.0
jan 14, 2019 2:50:18 PM org.restlet.routing.Router logRoute
FINE: Selected route: "/objects/{oid}/properties/{pid}" -> Finder for ObjectsOidPropertiesPid
jan 14, 2019 2:50:18 PM org.restlet.routing.TemplateRoute beforeHandle
FINER: 42 characters were matched
jan 14, 2019 2:50:18 PM org.restlet.routing.TemplateRoute beforeHandle
FINE: New base URI: "http://localhost:8181/api/objects/or1dev1/properties/device-1-pid-1". No remaining part to match
jan 14, 2019 2:50:18 PM org.restlet.routing.TemplateRoute beforeHandle
FINER: Delegating the call to the target Restlet
jan 14, 2019 2:50:18 PM org.restlet.engine.application.StrictConneg scoreAnnotation
FINE: Score of annotation "MethodAnnotationInfo [javaMethod: public org.restlet.representation.Representation eu.bavenir.ogwapi.restapi.services.ObjectsOidPropertiesPid.represent(org.restlet.representation.Representation), javaClass: class eu.bavenir.ogwapi.restapi.services.ObjectsOidPropertiesPid, restletMethod: GET, input: "", value: "", output: "", query: null]"= 0.5
jan 14, 2019 2:50:18 PM org.restlet.engine.application.StrictConneg scoreVariant
FINE: Total score of variant "[*/*]"= 0.041791666
jan 14, 2019 2:50:30 PM eu.bavenir.ogwapi.commons.engines.xmpp.XmppMessageEngine sendMessage
WARNING: XMPPMessageEngine: Message not sent. The OID or1dev1@bavenir.eu is not in the roster.
jan 14, 2019 2:50:30 PM eu.bavenir.ogwapi.commons.ConnectionDescriptor sendRequestForRemoteOperation
WARNING: Destination object or1dev1 is not in the list of available objects or it was not possible to send the message.
jan 14, 2019 2:50:30 PM org.restlet.service.ConverterService toRepresentation
FINE: Converter selected for JsonRepresentation: DefaultConverter
jan 14, 2019 2:50:58 PM eu.bavenir.ogwapi.commons.CommunicationManager recoverSessions
WARNING: Connection for org1dev1 was interrupted. Reconnecting.
jan 14, 2019 2:50:58 PM eu.bavenir.ogwapi.commons.engines.xmpp.XmppMessageEngine connect
FINE: XmppMessageEngine: Connection object already exists for org1dev1. Not attempting to build a new one.
jan 14, 2019 2:50:58 PM eu.bavenir.ogwapi.restapi.security.AuthenticationVerifier verify
FINE: Valid credentials received from a client with IP 0:0:0:0:0:0:0:1.
jan 14, 2019 2:50:58 PM org.restlet.security.ChallengeAuthenticator authenticate
FINE: Authentication succeeded. Valid credentials provided for identifier: org1dev1.
jan 14, 2019 2:50:58 PM org.restlet.security.Authenticator authenticated
FINE: The authentication succeeded for the identifer "org1dev1" using the HTTP_Basic scheme.
jan 14, 2019 2:50:58 PM org.restlet.routing.TemplateRoute score
FINER: Call score for the "/objects/login" URI pattern: 0.0
jan 14, 2019 2:50:58 PM org.restlet.routing.TemplateRoute score
FINER: Call score for the "/objects/logout" URI pattern: 0.0
jan 14, 2019 2:50:58 PM org.restlet.routing.TemplateRoute score
FINER: Call score for the "/objects/{oid}/properties" URI pattern: 0.0
jan 14, 2019 2:50:58 PM org.restlet.routing.TemplateRoute score
FINER: Call score for the "/objects/{oid}/properties/{pid}" URI pattern: 1.0
jan 14, 2019 2:50:58 PM org.restlet.routing.Router logRoute
FINE: Selected route: "/objects/{oid}/properties/{pid}" -> Finder for ObjectsOidPropertiesPid
jan 14, 2019 2:50:58 PM org.restlet.routing.TemplateRoute beforeHandle
FINER: 43 characters were matched
jan 14, 2019 2:50:58 PM org.restlet.routing.TemplateRoute beforeHandle
FINE: New base URI: "http://localhost:8181/api/objects/org1dev1/properties/device-1-pid-1". No remaining part to match
jan 14, 2019 2:50:58 PM org.restlet.routing.TemplateRoute beforeHandle
FINER: Delegating the call to the target Restlet
jan 14, 2019 2:50:58 PM org.restlet.engine.application.StrictConneg scoreAnnotation
FINE: Score of annotation "MethodAnnotationInfo [javaMethod: public org.restlet.representation.Representation eu.bavenir.ogwapi.restapi.services.ObjectsOidPropertiesPid.store(org.restlet.representation.Representation), javaClass: class eu.bavenir.ogwapi.restapi.services.ObjectsOidPropertiesPid, restletMethod: PUT, input: "json", value: "json", output: "json", query: null]"= 0.5
jan 14, 2019 2:50:58 PM org.restlet.engine.application.StrictConneg scoreVariant
FINE: Total score of variant "[*/*]"= 0.041791666
jan 14, 2019 2:50:58 PM org.restlet.service.ConverterService toObject
FINE: The following converter was selected for the [application/json] representation: org.restlet.engine.converter.DefaultConverter@5ea7048
jan 14, 2019 2:51:07 PM eu.bavenir.ogwapi.commons.engines.xmpp.XmppMessageEngine sendMessage
WARNING: XMPPMessageEngine: Message not sent. The OID org1dev1@bavenir.eu is not in the roster.
jan 14, 2019 2:51:07 PM eu.bavenir.ogwapi.commons.ConnectionDescriptor sendRequestForRemoteOperation
WARNING: Destination object org1dev1 is not in the list of available objects or it was not possible to send the message.
jan 14, 2019 2:51:07 PM org.restlet.service.ConverterService toRepresentation
FINE: Converter selected for JsonRepresentation: DefaultConverter
jan 14, 2019 2:51:28 PM eu.bavenir.ogwapi.commons.CommunicationManager recoverSessions
WARNING: Connection for org1dev1 was interrupted. Reconnecting.
jan 14, 2019 2:51:28 PM eu.bavenir.ogwapi.commons.engines.xmpp.XmppMessageEngine connect
FINE: XmppMessageEngine: Connection object already exists for org1dev1. Not attempting to build a new one.
jan 14, 2019 2:51:28 PM eu.bavenir.ogwapi.commons.engines.xmpp.XmppMessageEngine disconnect
FINE: XMPP user 'org1dev1' is already disconnected.
jan 14, 2019 2:51:28 PM eu.bavenir.ogwapi.commons.CommunicationManager establishConnection
INFO: Reconnecting 'org1dev1' to network.
jan 14, 2019 2:51:31 PM eu.bavenir.ogwapi.commons.connectors.http.RestAgentConnector <init>
CONFIG: REST Agent Connector: Dummy payloads enabled, all calls to an Agent via this connector will be simulated.
jan 14, 2019 2:51:31 PM eu.bavenir.ogwapi.commons.connectors.http.RestAgentConnector <init>
CONFIG: REST Agent Connector: HTTPS protocol disabled for Agent communication.
jan 14, 2019 2:51:39 PM eu.bavenir.ogwapi.commons.PersistenceManager LoadData
FINE: Data was loaded from file - data/org1dev1-data.ser
jan 14, 2019 2:51:39 PM eu.bavenir.ogwapi.commons.engines.xmpp.XmppMessageEngine connect
FINE: XmppMessageEngine: Connection object not yet exists for org1dev1. Attempting to build a new one.
jan 14, 2019 2:51:39 PM eu.bavenir.ogwapi.commons.engines.xmpp.XmppMessageEngine buildNewConnection
CONFIG: Creating a new connection to XMPP server 'vicinity.bavenir.eu:5222' as 'org1dev1@bavenir.eu'
jan 14, 2019 2:51:39 PM eu.bavenir.ogwapi.commons.engines.xmpp.XmppMessageEngine buildNewConnection
CONFIG: XMPP secure connection is disabled.
jan 14, 2019 2:51:39 PM eu.bavenir.ogwapi.commons.CommunicationManager establishConnection
INFO: Connection for 'org1dev1' was established.
jan 14, 2019 2:51:39 PM eu.bavenir.ogwapi.restapi.security.AuthenticationVerifier verify
FINE: Valid credentials received from a client with IP 0:0:0:0:0:0:0:1.
jan 14, 2019 2:51:39 PM org.restlet.security.ChallengeAuthenticator authenticate
FINE: Authentication succeeded. Valid credentials provided for identifier: org1dev1.
jan 14, 2019 2:51:39 PM org.restlet.security.Authenticator authenticated
FINE: The authentication succeeded for the identifer "org1dev1" using the HTTP_Basic scheme.
jan 14, 2019 2:51:39 PM org.restlet.routing.TemplateRoute score
FINER: Call score for the "/objects/login" URI pattern: 0.0
jan 14, 2019 2:51:39 PM org.restlet.routing.TemplateRoute score
FINER: Call score for the "/objects/logout" URI pattern: 0.0
jan 14, 2019 2:51:39 PM org.restlet.routing.TemplateRoute score
FINER: Call score for the "/objects/{oid}/properties" URI pattern: 0.0
jan 14, 2019 2:51:39 PM org.restlet.routing.TemplateRoute score
FINER: Call score for the "/objects/{oid}/properties/{pid}" URI pattern: 1.0
jan 14, 2019 2:51:39 PM org.restlet.routing.Router logRoute
FINE: Selected route: "/objects/{oid}/properties/{pid}" -> Finder for ObjectsOidPropertiesPid
jan 14, 2019 2:51:39 PM org.restlet.routing.TemplateRoute beforeHandle
FINER: 42 characters were matched
jan 14, 2019 2:51:39 PM org.restlet.routing.TemplateRoute beforeHandle
FINE: New base URI: "http://localhost:8181/api/objects/or1dev1/properties/device-1-pid-1". No remaining part to match
jan 14, 2019 2:51:39 PM org.restlet.routing.TemplateRoute beforeHandle
FINER: Delegating the call to the target Restlet
jan 14, 2019 2:51:39 PM org.restlet.engine.application.StrictConneg scoreAnnotation
FINE: Score of annotation "MethodAnnotationInfo [javaMethod: public org.restlet.representation.Representation eu.bavenir.ogwapi.restapi.services.ObjectsOidPropertiesPid.represent(org.restlet.representation.Representation), javaClass: class eu.bavenir.ogwapi.restapi.services.ObjectsOidPropertiesPid, restletMethod: GET, input: "", value: "", output: "", query: null]"= 0.5
jan 14, 2019 2:51:39 PM org.restlet.engine.application.StrictConneg scoreVariant
FINE: Total score of variant "[*/*]"= 0.041791666
jan 14, 2019 2:51:55 PM eu.bavenir.ogwapi.commons.engines.xmpp.XmppMessageEngine sendMessage
WARNING: XMPPMessageEngine: Message not sent. The OID or1dev1@bavenir.eu is not in the roster.
jan 14, 2019 2:51:55 PM eu.bavenir.ogwapi.commons.ConnectionDescriptor sendRequestForRemoteOperation
WARNING: Destination object or1dev1 is not in the list of available objects or it was not possible to send the message.
jan 14, 2019 2:51:55 PM org.restlet.service.ConverterService toRepresentation
FINE: Converter selected for JsonRepresentation: DefaultConverter
jan 14, 2019 2:51:58 PM eu.bavenir.ogwapi.commons.CommunicationManager recoverSessions
WARNING: Connection for org1dev1 was interrupted. Reconnecting.
jan 14, 2019 2:51:58 PM eu.bavenir.ogwapi.commons.engines.xmpp.XmppMessageEngine connect
FINE: XmppMessageEngine: Connection object already exists for org1dev1. Not attempting to build a new one.
jan 14, 2019 2:52:28 PM eu.bavenir.ogwapi.commons.CommunicationManager recoverSessions
WARNING: Connection for org1dev1 was interrupted. Reconnecting.
jan 14, 2019 2:52:28 PM eu.bavenir.ogwapi.commons.engines.xmpp.XmppMessageEngine connect
FINE: XmppMessageEngine: Connection object already exists for org1dev1. Not attempting to build a new one.
