jan 11, 2019 4:21:20 PM eu.bavenir.ogwapi.App initialize
CONFIG: Log file: log/19-01-11T16_21_20.821-gateway.log
jan 11, 2019 4:21:20 PM eu.bavenir.ogwapi.App main
FINE: Vicinity Gateway API initialized.
jan 11, 2019 4:21:20 PM eu.bavenir.ogwapi.App main
FINE: API thread started.
jan 11, 2019 4:21:21 PM eu.bavenir.ogwapi.restapi.RestletThread run
CONFIG: HTTP server configured.
jan 11, 2019 4:21:21 PM eu.bavenir.ogwapi.commons.CommunicationManager <init>
CONFIG: The session recovery policy is set to proactive.
jan 11, 2019 4:21:21 PM eu.bavenir.ogwapi.restapi.Api configureChallengeScheme
CONFIG: HTTP Basic challenge authentication scheme configured.
jan 11, 2019 4:21:21 PM org.restlet.Application start
INFO: Starting eu.bavenir.ogwapi.restapi.Api application
jan 11, 2019 4:21:21 PM org.restlet.engine.application.ApplicationHelper start
FINE: By default, an application should be attached to a parent component in order to let application's outbound root handle calls properly.
jan 11, 2019 4:21:21 PM eu.bavenir.ogwapi.restapi.RestletThread run
FINE: HTTP server component started.
jan 11, 2019 4:21:30 PM eu.bavenir.ogwapi.commons.CommunicationManager isConnected
INFO: Object ID: 'org1dev1' is not connected yet.
jan 11, 2019 4:21:33 PM eu.bavenir.ogwapi.commons.connectors.http.RestAgentConnector <init>
CONFIG: REST Agent Connector: Dummy payloads disabled, all calls to an Agent via this connector will be real.
jan 11, 2019 4:21:33 PM eu.bavenir.ogwapi.commons.connectors.http.RestAgentConnector <init>
CONFIG: REST Agent Connector: HTTPS protocol disabled for Agent communication.
jan 11, 2019 4:21:39 PM eu.bavenir.ogwapi.commons.engines.xmpp.XmppMessageEngine connect
FINE: XmppMessageEngine: Connection object not yet exists for org1dev1. Attempting to build a new one.
jan 11, 2019 4:21:39 PM eu.bavenir.ogwapi.commons.engines.xmpp.XmppMessageEngine buildNewConnection
CONFIG: Creating a new connection to XMPP server 'vicinity.bavenir.eu:5222' as 'org1dev1@bavenir.eu'
jan 11, 2019 4:21:39 PM eu.bavenir.ogwapi.commons.engines.xmpp.XmppMessageEngine buildNewConnection
CONFIG: XMPP secure connection is disabled.
jan 11, 2019 4:21:40 PM eu.bavenir.ogwapi.commons.CommunicationManager establishConnection
INFO: Connection for 'org1dev1' was established.
jan 11, 2019 4:21:40 PM eu.bavenir.ogwapi.restapi.security.AuthenticationVerifier verify
FINE: Valid credentials received from a client with IP 0:0:0:0:0:0:0:1.
jan 11, 2019 4:21:40 PM org.restlet.security.ChallengeAuthenticator authenticate
FINE: Authentication succeeded. Valid credentials provided for identifier: org1dev1.
jan 11, 2019 4:21:40 PM org.restlet.security.Authenticator authenticated
FINE: The authentication succeeded for the identifer "org1dev1" using the HTTP_Basic scheme.
jan 11, 2019 4:21:40 PM org.restlet.routing.TemplateRoute score
FINER: Call score for the "/objects/login" URI pattern: 1.0
jan 11, 2019 4:21:40 PM org.restlet.routing.Router logRoute
FINE: Selected route: "/objects/login" -> Finder for ObjectsLogin
jan 11, 2019 4:21:40 PM org.restlet.routing.TemplateRoute beforeHandle
FINER: 14 characters were matched
jan 11, 2019 4:21:40 PM org.restlet.routing.TemplateRoute beforeHandle
FINE: New base URI: "http://localhost:8181/api/objects/login". No remaining part to match
jan 11, 2019 4:21:40 PM org.restlet.routing.TemplateRoute beforeHandle
FINER: Delegating the call to the target Restlet
jan 11, 2019 4:21:40 PM org.restlet.engine.application.StrictConneg scoreAnnotation
FINE: Score of annotation "MethodAnnotationInfo [javaMethod: public org.restlet.representation.Representation eu.bavenir.ogwapi.restapi.services.ObjectsLogin.represent(), javaClass: class eu.bavenir.ogwapi.restapi.services.ObjectsLogin, restletMethod: GET, input: "", value: "", output: "", query: null]"= 0.5
jan 11, 2019 4:21:40 PM org.restlet.engine.application.StrictConneg scoreVariant
FINE: Total score of variant "[*/*]"= 0.041791666
jan 11, 2019 4:21:40 PM org.restlet.service.ConverterService toRepresentation
FINE: Converter selected for JsonRepresentation: DefaultConverter
jan 11, 2019 4:23:25 PM eu.bavenir.ogwapi.restapi.security.AuthenticationVerifier verify
FINE: Valid credentials received from a client with IP 0:0:0:0:0:0:0:1.
jan 11, 2019 4:23:25 PM org.restlet.security.ChallengeAuthenticator authenticate
FINE: Authentication succeeded. Valid credentials provided for identifier: org1dev1.
jan 11, 2019 4:23:25 PM org.restlet.security.Authenticator authenticated
FINE: The authentication succeeded for the identifer "org1dev1" using the HTTP_Basic scheme.
jan 11, 2019 4:23:25 PM org.restlet.routing.TemplateRoute score
FINER: Call score for the "/objects/login" URI pattern: 0.0
jan 11, 2019 4:23:25 PM org.restlet.routing.TemplateRoute score
FINER: Call score for the "/objects/logout" URI pattern: 0.0
jan 11, 2019 4:23:25 PM org.restlet.routing.TemplateRoute score
FINER: Call score for the "/objects/{oid}/properties" URI pattern: 0.0
jan 11, 2019 4:23:25 PM org.restlet.routing.TemplateRoute score
FINER: Call score for the "/objects/{oid}/properties/{pid}" URI pattern: 0.0
jan 11, 2019 4:23:25 PM org.restlet.routing.TemplateRoute score
FINER: Call score for the "/objects/{oid}/actions" URI pattern: 0.0
jan 11, 2019 4:23:25 PM org.restlet.routing.TemplateRoute score
FINER: Call score for the "/objects/{oid}/actions/{aid}" URI pattern: 0.0
jan 11, 2019 4:23:25 PM org.restlet.routing.TemplateRoute score
FINER: Call score for the "/objects/{oid}/actions/{aid}/tasks/{tid}" URI pattern: 0.0
jan 11, 2019 4:23:25 PM org.restlet.routing.TemplateRoute score
FINER: Call score for the "/objects/{oid}/events" URI pattern: 0.0
jan 11, 2019 4:23:25 PM org.restlet.routing.TemplateRoute score
FINER: Call score for the "/objects/{oid}/events/{eid}" URI pattern: 0.0
jan 11, 2019 4:23:25 PM org.restlet.routing.TemplateRoute score
FINER: Call score for the "/events/{eid}" URI pattern: 1.0
jan 11, 2019 4:23:25 PM org.restlet.routing.Router logRoute
FINE: Selected route: "/events/{eid}" -> Finder for EventsEid
jan 11, 2019 4:23:25 PM org.restlet.routing.TemplateRoute beforeHandle
FINER: 15 characters were matched
jan 11, 2019 4:23:25 PM org.restlet.routing.TemplateRoute beforeHandle
FINE: New base URI: "http://localhost:8181/api/events/event-1". No remaining part to match
jan 11, 2019 4:23:25 PM org.restlet.routing.TemplateRoute beforeHandle
FINER: Delegating the call to the target Restlet
jan 11, 2019 4:23:25 PM org.restlet.engine.application.StrictConneg scoreAnnotation
FINE: Score of annotation "MethodAnnotationInfo [javaMethod: public org.restlet.representation.Representation eu.bavenir.ogwapi.restapi.services.EventsEid.accept(org.restlet.representation.Representation), javaClass: class eu.bavenir.ogwapi.restapi.services.EventsEid, restletMethod: POST, input: "json", value: "json", output: "json", query: null]"= 0.5
jan 11, 2019 4:23:25 PM org.restlet.engine.application.StrictConneg scoreVariant
FINE: Total score of variant "[*/*]"= 0.041791666
jan 11, 2019 4:26:06 PM eu.bavenir.ogwapi.commons.ConnectionDescriptor setLocalEventChannelStatus
INFO: Object 'org1dev1' created active event channel 'event-1'
jan 11, 2019 4:26:07 PM org.restlet.service.ConverterService toRepresentation
FINE: Converter selected for JsonRepresentation: DefaultConverter
