jan 15, 2019 3:26:22 PM eu.bavenir.ogwapi.App initialize
CONFIG: Log file: log/19-01-15T15_26_22.081-gateway.log
jan 15, 2019 3:26:25 PM eu.bavenir.ogwapi.App main
FINE: Vicinity Gateway API initialized.
jan 15, 2019 3:26:25 PM eu.bavenir.ogwapi.App main
FINE: API thread started.
jan 15, 2019 3:26:25 PM eu.bavenir.ogwapi.restapi.RestletThread run
CONFIG: HTTP server configured.
jan 15, 2019 3:26:25 PM eu.bavenir.ogwapi.commons.CommunicationManager <init>
CONFIG: The session recovery policy is set to proactive.
jan 15, 2019 3:26:26 PM eu.bavenir.ogwapi.restapi.Api configureChallengeScheme
CONFIG: HTTP Basic challenge authentication scheme configured.
jan 15, 2019 3:26:26 PM org.restlet.Application start
INFO: Starting eu.bavenir.ogwapi.restapi.Api application
jan 15, 2019 3:26:29 PM org.restlet.engine.application.ApplicationHelper start
FINE: By default, an application should be attached to a parent component in order to let application's outbound root handle calls properly.
jan 15, 2019 3:26:29 PM eu.bavenir.ogwapi.restapi.RestletThread run
FINE: HTTP server component started.
jan 15, 2019 3:26:33 PM eu.bavenir.ogwapi.commons.PersistenceManager LoadData
FINE: Data was loaded from file - null
jan 15, 2019 3:26:35 PM eu.bavenir.ogwapi.commons.connectors.http.RestAgentConnector <init>
CONFIG: REST Agent Connector: Dummy payloads disabled, all calls to an Agent via this connector will be real.
jan 15, 2019 3:26:35 PM eu.bavenir.ogwapi.commons.connectors.http.RestAgentConnector <init>
CONFIG: REST Agent Connector: HTTPS protocol disabled for Agent communication.
jan 15, 2019 3:26:37 PM eu.bavenir.ogwapi.commons.PersistenceManager SaveData
FINE: Serialized data is saved in data/org1dev1-data.ser
jan 15, 2019 3:26:41 PM eu.bavenir.ogwapi.commons.engines.xmpp.XmppMessageEngine connect
FINE: XmppMessageEngine: Connection object not yet exists for org1dev1. Attempting to build a new one.
jan 15, 2019 3:26:41 PM eu.bavenir.ogwapi.commons.engines.xmpp.XmppMessageEngine buildNewConnection
CONFIG: Creating a new connection to XMPP server 'vicinity.bavenir.eu:5222' as 'org1dev1@bavenir.eu'
jan 15, 2019 3:26:41 PM eu.bavenir.ogwapi.commons.engines.xmpp.XmppMessageEngine buildNewConnection
CONFIG: XMPP secure connection is disabled.
jan 15, 2019 3:26:41 PM eu.bavenir.ogwapi.commons.CommunicationManager establishConnection
INFO: Connection for 'org1dev1' was established.
