Jun 05, 2017 10:56:32 AM eu.bavenir.vicinity.gatewayapi.App initialize
CONFIG: Log file: /home/sulfo/Workspace/GatewayApi/log/2017-06-05T10:56:32.501-gateway.log
Jun 05, 2017 10:56:32 AM eu.bavenir.vicinity.gatewayapi.App main
FINE: Vicinity Gateway API initialized.
Jun 05, 2017 10:56:32 AM eu.bavenir.vicinity.gatewayapi.App main
FINE: API thread started.
Jun 05, 2017 10:56:32 AM eu.bavenir.vicinity.gatewayapi.restapi.RestletThread run
CONFIG: HTTP server configured.
Jun 05, 2017 10:56:32 AM eu.bavenir.vicinity.gatewayapi.restapi.Api configureChallengeScheme
CONFIG: HTTP Basic challenge authentication scheme configured.
Jun 05, 2017 10:56:32 AM eu.bavenir.vicinity.gatewayapi.restapi.RestletThread run
FINE: HTTP server component started.
Jun 05, 2017 10:57:48 AM eu.bavenir.vicinity.gatewayapi.xmpp.CommunicationNode isConnected
WARNING: Null record in the connection descriptor pool. XMPP user: '0d485748-cf2a-450c-bcf6-02ac1cb39a2d'.
Jun 05, 2017 10:57:48 AM eu.bavenir.vicinity.gatewayapi.agentservices.AgentCommunicator <init>
CONFIG: HTTPS protocol disabled for Agent communication
Jun 05, 2017 10:57:48 AM eu.bavenir.vicinity.gatewayapi.xmpp.XmppConnectionDescriptor buildNewConnection
CONFIG: Creating a new connection to XMPP server 'localhost:5222' as '0d485748-cf2a-450c-bcf6-02ac1cb39a2d@vicinity.eu'
Jun 05, 2017 10:57:48 AM eu.bavenir.vicinity.gatewayapi.xmpp.XmppConnectionDescriptor buildNewConnection
CONFIG: XMPP SECURE CONNECTION IS DISABLED.
Jun 05, 2017 10:57:49 AM eu.bavenir.vicinity.gatewayapi.xmpp.XmppConnectionDescriptor connect
CONFIG: Listening for changes in roster is enabled.
Jun 05, 2017 10:57:49 AM eu.bavenir.vicinity.gatewayapi.xmpp.CommunicationNode establishConnection
INFO: XMPP connection for '0d485748-cf2a-450c-bcf6-02ac1cb39a2d' was established.
Jun 05, 2017 10:57:49 AM eu.bavenir.vicinity.gatewayapi.xmpp.CommunicationNode establishConnection
FINEST: A new connection for '0d485748-cf2a-450c-bcf6-02ac1cb39a2d' was added into connection pool.
Jun 05, 2017 10:57:49 AM eu.bavenir.vicinity.gatewayapi.restapi.security.AuthenticationVerifier verify
FINE: Valid credentials received from a client with IP 127.0.0.1.
Jun 05, 2017 10:58:35 AM eu.bavenir.vicinity.gatewayapi.xmpp.CommunicationNode isConnected
WARNING: Null record in the connection descriptor pool. XMPP user: 'user0'.
Jun 05, 2017 10:58:35 AM eu.bavenir.vicinity.gatewayapi.agentservices.AgentCommunicator <init>
CONFIG: HTTPS protocol disabled for Agent communication
Jun 05, 2017 10:58:35 AM eu.bavenir.vicinity.gatewayapi.xmpp.XmppConnectionDescriptor buildNewConnection
CONFIG: Creating a new connection to XMPP server 'localhost:5222' as 'user0@vicinity.eu'
Jun 05, 2017 10:58:35 AM eu.bavenir.vicinity.gatewayapi.xmpp.XmppConnectionDescriptor buildNewConnection
CONFIG: XMPP SECURE CONNECTION IS DISABLED.
Jun 05, 2017 10:58:36 AM eu.bavenir.vicinity.gatewayapi.xmpp.XmppConnectionDescriptor connect
CONFIG: Listening for changes in roster is enabled.
Jun 05, 2017 10:58:36 AM eu.bavenir.vicinity.gatewayapi.xmpp.CommunicationNode establishConnection
INFO: XMPP connection for 'user0' was established.
Jun 05, 2017 10:58:36 AM eu.bavenir.vicinity.gatewayapi.xmpp.CommunicationNode establishConnection
FINEST: A new connection for 'user0' was added into connection pool.
Jun 05, 2017 10:58:36 AM eu.bavenir.vicinity.gatewayapi.restapi.security.AuthenticationVerifier verify
FINE: Valid credentials received from a client with IP 127.0.0.1.
Jun 05, 2017 10:58:48 AM eu.bavenir.vicinity.gatewayapi.restapi.security.AuthenticationVerifier verify
FINE: Valid credentials received from a client with IP 127.0.0.1.
Jun 05, 2017 10:58:48 AM eu.bavenir.vicinity.gatewayapi.xmpp.CommunicationNode getRosterEntriesForUser
FINEST: -- Roster for 'user0' --
Jun 05, 2017 10:58:48 AM eu.bavenir.vicinity.gatewayapi.xmpp.CommunicationNode getRosterEntriesForUser
FINEST: uservas0@vicinity.eu Presence: Presence Stanza [from=uservas0@vicinity.eu,id=s3jxl-17,type=unavailable,]
Jun 05, 2017 10:58:48 AM eu.bavenir.vicinity.gatewayapi.xmpp.CommunicationNode getRosterEntriesForUser
FINEST: uservas1@vicinity.eu Presence: Presence Stanza [from=uservas1@vicinity.eu,id=s3jxl-18,type=unavailable,]
Jun 05, 2017 10:58:48 AM eu.bavenir.vicinity.gatewayapi.xmpp.CommunicationNode getRosterEntriesForUser
FINEST: user2@vicinity.eu Presence: Presence Stanza [from=user2@vicinity.eu,id=s3jxl-19,type=unavailable,]
Jun 05, 2017 10:58:48 AM eu.bavenir.vicinity.gatewayapi.xmpp.CommunicationNode getRosterEntriesForUser
FINEST: user9@vicinity.eu Presence: Presence Stanza [from=user9@vicinity.eu,id=s3jxl-20,type=unavailable,]
Jun 05, 2017 10:58:48 AM eu.bavenir.vicinity.gatewayapi.xmpp.CommunicationNode getRosterEntriesForUser
FINEST: user1@vicinity.eu Presence: Presence Stanza [from=user1@vicinity.eu,id=s3jxl-21,type=unavailable,]
Jun 05, 2017 10:58:48 AM eu.bavenir.vicinity.gatewayapi.xmpp.CommunicationNode getRosterEntriesForUser
FINEST: -- End of roster --
Jun 05, 2017 10:59:50 AM eu.bavenir.vicinity.gatewayapi.restapi.security.AuthenticationVerifier verify
FINE: Valid credentials received from a client with IP 127.0.0.1.
Jun 05, 2017 10:59:50 AM eu.bavenir.vicinity.gatewayapi.xmpp.CommunicationNode getRosterEntriesForUser
FINEST: -- Roster for 'user0' --
Jun 05, 2017 10:59:50 AM eu.bavenir.vicinity.gatewayapi.xmpp.CommunicationNode getRosterEntriesForUser
FINEST: uservas0@vicinity.eu Presence: Presence Stanza [from=uservas0@vicinity.eu,id=s3jxl-32,type=unavailable,]
Jun 05, 2017 10:59:50 AM eu.bavenir.vicinity.gatewayapi.xmpp.CommunicationNode getRosterEntriesForUser
FINEST: 0d485748-cf2a-450c-bcf6-02ac1cb39a2d@vicinity.eu Presence: Presence Stanza [to=user0@vicinity.eu/9778dhp13,from=0d485748-cf2a-450c-bcf6-02ac1cb39a2d@vicinity.eu/agquudjd76,id=s3jxl-6,type=available,]
Jun 05, 2017 10:59:50 AM eu.bavenir.vicinity.gatewayapi.xmpp.CommunicationNode getRosterEntriesForUser
FINEST: uservas1@vicinity.eu Presence: Presence Stanza [from=uservas1@vicinity.eu,id=s3jxl-33,type=unavailable,]
Jun 05, 2017 10:59:50 AM eu.bavenir.vicinity.gatewayapi.xmpp.CommunicationNode getRosterEntriesForUser
FINEST: user2@vicinity.eu Presence: Presence Stanza [from=user2@vicinity.eu,id=s3jxl-34,type=unavailable,]
Jun 05, 2017 10:59:50 AM eu.bavenir.vicinity.gatewayapi.xmpp.CommunicationNode getRosterEntriesForUser
FINEST: user9@vicinity.eu Presence: Presence Stanza [from=user9@vicinity.eu,id=s3jxl-35,type=unavailable,]
Jun 05, 2017 10:59:50 AM eu.bavenir.vicinity.gatewayapi.xmpp.CommunicationNode getRosterEntriesForUser
FINEST: user1@vicinity.eu Presence: Presence Stanza [from=user1@vicinity.eu,id=s3jxl-36,type=unavailable,]
Jun 05, 2017 10:59:50 AM eu.bavenir.vicinity.gatewayapi.xmpp.CommunicationNode getRosterEntriesForUser
FINEST: -- End of roster --
Jun 05, 2017 11:00:27 AM eu.bavenir.vicinity.gatewayapi.restapi.security.AuthenticationVerifier verify
FINE: Valid credentials received from a client with IP 127.0.0.1.
Jun 05, 2017 11:00:27 AM eu.bavenir.vicinity.gatewayapi.xmpp.XmppConnectionDescriptor processMessage
FINEST: New message from user0@vicinity.eu: {"requestOperation":"get","objects":"0d485748-cf2a-450c-bcf6-02ac1cb39a2d","properties":"PowerConsumption"}
Jun 05, 2017 11:00:27 AM eu.bavenir.vicinity.gatewayapi.xmpp.XmppConnectionDescriptor processMessage
FINEST: The message is a request. Processing...
Jun 05, 2017 11:00:27 AM eu.bavenir.vicinity.gatewayapi.agentservices.AgentCommunicator assembleAgentUrl
FINEST: Assembled URL: http://160.40.206.250:9997/agent/objects/"0d485748-cf2a-450c-bcf6-02ac1cb39a2d"/properties/"PowerConsumption"
Jun 05, 2017 11:00:27 AM eu.bavenir.vicinity.gatewayapi.xmpp.XmppConnectionDescriptor processMessage
FINEST: New message from 0d485748-cf2a-450c-bcf6-02ac1cb39a2d@vicinity.eu: this is a response message
