Jun 29, 2017 3:00:04 PM eu.bavenir.vicinity.gatewayapi.App initialize
CONFIG: Log file: /home/sulfo/Workspace/GatewayApi/log/2017-06-29T15:00:04.369-gateway.log
Jun 29, 2017 3:00:04 PM eu.bavenir.vicinity.gatewayapi.App main
FINE: Vicinity Gateway API initialized.
Jun 29, 2017 3:00:04 PM eu.bavenir.vicinity.gatewayapi.App main
FINE: API thread started.
Jun 29, 2017 3:00:04 PM eu.bavenir.vicinity.gatewayapi.restapi.RestletThread run
CONFIG: HTTP server configured.
Jun 29, 2017 3:00:04 PM eu.bavenir.vicinity.gatewayapi.restapi.Api configureChallengeScheme
CONFIG: HTTP Basic challenge authentication scheme configured.
Jun 29, 2017 3:00:04 PM eu.bavenir.vicinity.gatewayapi.restapi.RestletThread run
FINE: HTTP server component started.
Jun 29, 2017 3:00:05 PM eu.bavenir.vicinity.gatewayapi.xmpp.CommunicationNode isConnected
WARNING: Null record in the connection descriptor pool. XMPP user: 'test_vcnt5'.
Jun 29, 2017 3:00:05 PM eu.bavenir.vicinity.gatewayapi.xmpp.AgentCommunicator <init>
CONFIG: HTTPS protocol disabled for Agent communication
Jun 29, 2017 3:00:05 PM eu.bavenir.vicinity.gatewayapi.xmpp.XmppConnectionDescriptor buildNewConnection
CONFIG: Creating a new connection to XMPP server 'dev_be.bavenir.eu:5222' as 'test_vcnt5@vicinity.eu'
Jun 29, 2017 3:00:05 PM eu.bavenir.vicinity.gatewayapi.xmpp.XmppConnectionDescriptor buildNewConnection
CONFIG: XMPP SECURE CONNECTION IS DISABLED.
Jun 29, 2017 3:00:05 PM eu.bavenir.vicinity.gatewayapi.xmpp.XmppConnectionDescriptor connect
CONFIG: Listening for changes in roster is enabled.
Jun 29, 2017 3:00:05 PM eu.bavenir.vicinity.gatewayapi.xmpp.CommunicationNode establishConnection
INFO: XMPP connection for 'test_vcnt5' was established.
Jun 29, 2017 3:00:05 PM eu.bavenir.vicinity.gatewayapi.xmpp.CommunicationNode establishConnection
FINEST: A new connection for 'test_vcnt5' was added into connection pool.
Jun 29, 2017 3:00:05 PM eu.bavenir.vicinity.gatewayapi.restapi.security.AuthenticationVerifier verify
FINE: Valid credentials received from a client with IP 127.0.0.1.
Jun 29, 2017 3:00:06 PM eu.bavenir.vicinity.gatewayapi.xmpp.XmppConnectionDescriptor disconnect
FINE: XMPP user 'test_vcnt5' disconnected.
Jun 29, 2017 3:00:06 PM eu.bavenir.vicinity.gatewayapi.xmpp.CommunicationNode terminateConnection
INFO: Connection to XMPP for user 'test_vcnt5' destroyed.
