Jun 29, 2017 2:47:14 PM eu.bavenir.vicinity.gatewayapi.App initialize
CONFIG: Log file: /home/sulfo/Workspace/GatewayApi/log/2017-06-29T14:47:14.412-gateway.log
Jun 29, 2017 2:47:14 PM eu.bavenir.vicinity.gatewayapi.App main
FINE: Vicinity Gateway API initialized.
Jun 29, 2017 2:47:14 PM eu.bavenir.vicinity.gatewayapi.App main
FINE: API thread started.
Jun 29, 2017 2:47:14 PM eu.bavenir.vicinity.gatewayapi.restapi.RestletThread run
CONFIG: HTTP server configured.
Jun 29, 2017 2:47:14 PM eu.bavenir.vicinity.gatewayapi.restapi.Api configureChallengeScheme
CONFIG: HTTP Basic challenge authentication scheme configured.
Jun 29, 2017 2:47:14 PM eu.bavenir.vicinity.gatewayapi.restapi.RestletThread run
FINE: HTTP server component started.
Jun 29, 2017 2:52:19 PM eu.bavenir.vicinity.gatewayapi.xmpp.CommunicationNode isConnected
WARNING: Null record in the connection descriptor pool. XMPP user: 'test_vcnt5'.
Jun 29, 2017 2:52:19 PM eu.bavenir.vicinity.gatewayapi.xmpp.AgentCommunicator <init>
CONFIG: HTTPS protocol disabled for Agent communication
Jun 29, 2017 2:52:19 PM eu.bavenir.vicinity.gatewayapi.xmpp.XmppConnectionDescriptor buildNewConnection
CONFIG: Creating a new connection to XMPP server 'dev_be.bavenir.eu:5222' as 'test_vcnt5@vicinity.eu'
Jun 29, 2017 2:52:19 PM eu.bavenir.vicinity.gatewayapi.xmpp.XmppConnectionDescriptor buildNewConnection
CONFIG: XMPP SECURE CONNECTION IS DISABLED.
Jun 29, 2017 2:52:19 PM eu.bavenir.vicinity.gatewayapi.xmpp.XmppConnectionDescriptor connect
CONFIG: Listening for changes in roster is enabled.
Jun 29, 2017 2:52:19 PM eu.bavenir.vicinity.gatewayapi.xmpp.CommunicationNode establishConnection
INFO: XMPP connection for 'test_vcnt5' was established.
Jun 29, 2017 2:52:19 PM eu.bavenir.vicinity.gatewayapi.xmpp.CommunicationNode establishConnection
FINEST: A new connection for 'test_vcnt5' was added into connection pool.
Jun 29, 2017 2:52:19 PM eu.bavenir.vicinity.gatewayapi.restapi.security.AuthenticationVerifier verify
FINE: Valid credentials received from a client with IP 127.0.0.1.
Jun 29, 2017 2:52:19 PM eu.bavenir.vicinity.gatewayapi.xmpp.CommunicationNode isConnected
WARNING: Null record in the connection descriptor pool. XMPP user: 'test_vcnt6'.
Jun 29, 2017 2:52:19 PM eu.bavenir.vicinity.gatewayapi.xmpp.AgentCommunicator <init>
CONFIG: HTTPS protocol disabled for Agent communication
Jun 29, 2017 2:52:19 PM eu.bavenir.vicinity.gatewayapi.xmpp.XmppConnectionDescriptor buildNewConnection
CONFIG: Creating a new connection to XMPP server 'dev_be.bavenir.eu:5222' as 'test_vcnt6@vicinity.eu'
Jun 29, 2017 2:52:19 PM eu.bavenir.vicinity.gatewayapi.xmpp.XmppConnectionDescriptor buildNewConnection
CONFIG: XMPP SECURE CONNECTION IS DISABLED.
Jun 29, 2017 2:52:20 PM eu.bavenir.vicinity.gatewayapi.xmpp.XmppConnectionDescriptor connect
CONFIG: Listening for changes in roster is enabled.
Jun 29, 2017 2:52:20 PM eu.bavenir.vicinity.gatewayapi.xmpp.CommunicationNode establishConnection
INFO: XMPP connection for 'test_vcnt6' was established.
Jun 29, 2017 2:52:20 PM eu.bavenir.vicinity.gatewayapi.xmpp.CommunicationNode establishConnection
FINEST: A new connection for 'test_vcnt6' was added into connection pool.
Jun 29, 2017 2:52:20 PM eu.bavenir.vicinity.gatewayapi.restapi.security.AuthenticationVerifier verify
FINE: Valid credentials received from a client with IP 127.0.0.1.
Jun 29, 2017 2:52:20 PM eu.bavenir.vicinity.gatewayapi.xmpp.CommunicationNode isConnected
WARNING: Null record in the connection descriptor pool. XMPP user: 'test_vcnt7'.
Jun 29, 2017 2:52:20 PM eu.bavenir.vicinity.gatewayapi.xmpp.AgentCommunicator <init>
CONFIG: HTTPS protocol disabled for Agent communication
Jun 29, 2017 2:52:20 PM eu.bavenir.vicinity.gatewayapi.xmpp.XmppConnectionDescriptor buildNewConnection
CONFIG: Creating a new connection to XMPP server 'dev_be.bavenir.eu:5222' as 'test_vcnt7@vicinity.eu'
Jun 29, 2017 2:52:20 PM eu.bavenir.vicinity.gatewayapi.xmpp.XmppConnectionDescriptor buildNewConnection
CONFIG: XMPP SECURE CONNECTION IS DISABLED.
Jun 29, 2017 2:52:20 PM eu.bavenir.vicinity.gatewayapi.xmpp.XmppConnectionDescriptor connect
CONFIG: Listening for changes in roster is enabled.
Jun 29, 2017 2:52:20 PM eu.bavenir.vicinity.gatewayapi.xmpp.CommunicationNode establishConnection
INFO: XMPP connection for 'test_vcnt7' was established.
Jun 29, 2017 2:52:20 PM eu.bavenir.vicinity.gatewayapi.xmpp.CommunicationNode establishConnection
FINEST: A new connection for 'test_vcnt7' was added into connection pool.
Jun 29, 2017 2:52:20 PM eu.bavenir.vicinity.gatewayapi.restapi.security.AuthenticationVerifier verify
FINE: Valid credentials received from a client with IP 127.0.0.1.
Jun 29, 2017 2:53:22 PM eu.bavenir.vicinity.gatewayapi.xmpp.CommunicationNode isConnected
WARNING: Null record in the connection descriptor pool. XMPP user: 'test_vcnt4'.
Jun 29, 2017 2:53:22 PM eu.bavenir.vicinity.gatewayapi.xmpp.AgentCommunicator <init>
CONFIG: HTTPS protocol disabled for Agent communication
Jun 29, 2017 2:53:22 PM eu.bavenir.vicinity.gatewayapi.xmpp.XmppConnectionDescriptor buildNewConnection
CONFIG: Creating a new connection to XMPP server 'dev_be.bavenir.eu:5222' as 'test_vcnt4@vicinity.eu'
Jun 29, 2017 2:53:22 PM eu.bavenir.vicinity.gatewayapi.xmpp.XmppConnectionDescriptor buildNewConnection
CONFIG: XMPP SECURE CONNECTION IS DISABLED.
Jun 29, 2017 2:53:22 PM eu.bavenir.vicinity.gatewayapi.xmpp.XmppConnectionDescriptor connect
CONFIG: Listening for changes in roster is enabled.
Jun 29, 2017 2:53:22 PM eu.bavenir.vicinity.gatewayapi.xmpp.CommunicationNode establishConnection
INFO: XMPP connection for 'test_vcnt4' was established.
Jun 29, 2017 2:53:22 PM eu.bavenir.vicinity.gatewayapi.xmpp.CommunicationNode establishConnection
FINEST: A new connection for 'test_vcnt4' was added into connection pool.
Jun 29, 2017 2:53:22 PM eu.bavenir.vicinity.gatewayapi.restapi.security.AuthenticationVerifier verify
FINE: Valid credentials received from a client with IP 127.0.0.1.
Jun 29, 2017 2:55:05 PM eu.bavenir.vicinity.gatewayapi.restapi.security.AuthenticationVerifier verify
INFO: Invalid credentials in request from a client with IP 127.0.0.1.
Jun 29, 2017 2:55:13 PM eu.bavenir.vicinity.gatewayapi.restapi.security.AuthenticationVerifier verify
INFO: Invalid credentials in request from a client with IP 127.0.0.1.
Jun 29, 2017 2:55:24 PM eu.bavenir.vicinity.gatewayapi.restapi.security.AuthenticationVerifier verify
FINE: Valid credentials received from a client with IP 127.0.0.1.
Jun 29, 2017 2:55:24 PM eu.bavenir.vicinity.gatewayapi.xmpp.XmppConnectionDescriptor processMessage
FINEST: New message from test_vcnt4@vicinity.eu: {"messageType":1,"requestId":332013547,"requestOperation":"get","requestBody":null,"attributes":{"objects":"test_vcnt5","actions":"device-1-aid-1"},"parameters":{}}
Jun 29, 2017 2:55:24 PM eu.bavenir.vicinity.gatewayapi.xmpp.XmppConnectionDescriptor processMessage
FINEST: The message is a request. Processing...
Jun 29, 2017 2:55:24 PM eu.bavenir.vicinity.gatewayapi.xmpp.AgentCommunicator assembleAgentUrl
FINEST: Assembled URL: http://160.40.206.250:9997/agent/objects/test_vcnt5/actions/device-1-aid-1
Jun 29, 2017 2:56:26 PM eu.bavenir.vicinity.gatewayapi.restapi.security.AuthenticationVerifier verify
FINE: Valid credentials received from a client with IP 127.0.0.1.
Jun 29, 2017 2:56:26 PM eu.bavenir.vicinity.gatewayapi.xmpp.XmppConnectionDescriptor disconnect
FINE: XMPP user 'test_vcnt6' disconnected.
Jun 29, 2017 2:56:26 PM eu.bavenir.vicinity.gatewayapi.xmpp.CommunicationNode terminateConnection
INFO: Connection to XMPP for user 'test_vcnt6' destroyed.
Jun 29, 2017 2:56:26 PM eu.bavenir.vicinity.gatewayapi.restapi.security.AuthenticationVerifier verify
FINE: Valid credentials received from a client with IP 127.0.0.1.
Jun 29, 2017 2:56:26 PM eu.bavenir.vicinity.gatewayapi.xmpp.XmppConnectionDescriptor disconnect
FINE: XMPP user 'test_vcnt7' disconnected.
Jun 29, 2017 2:56:26 PM eu.bavenir.vicinity.gatewayapi.xmpp.CommunicationNode terminateConnection
INFO: Connection to XMPP for user 'test_vcnt7' destroyed.
Jun 29, 2017 2:56:26 PM eu.bavenir.vicinity.gatewayapi.restapi.security.AuthenticationVerifier verify
FINE: Valid credentials received from a client with IP 127.0.0.1.
Jun 29, 2017 2:56:26 PM eu.bavenir.vicinity.gatewayapi.xmpp.XmppConnectionDescriptor disconnect
FINE: XMPP user 'test_vcnt5' disconnected.
Jun 29, 2017 2:56:26 PM eu.bavenir.vicinity.gatewayapi.xmpp.CommunicationNode terminateConnection
INFO: Connection to XMPP for user 'test_vcnt5' destroyed.
