Jul 13, 2017 2:06:04 PM eu.bavenir.vicinity.gatewayapi.App initialize
CONFIG: Log file: /home/sulfo/Workspace/GatewayApi/log/2017-07-13T14:06:04.482-gateway.log
Jul 13, 2017 2:06:04 PM eu.bavenir.vicinity.gatewayapi.App main
FINE: Vicinity Gateway API initialized.
Jul 13, 2017 2:06:04 PM eu.bavenir.vicinity.gatewayapi.App main
FINE: API thread started.
Jul 13, 2017 2:06:04 PM eu.bavenir.vicinity.gatewayapi.restapi.RestletThread run
CONFIG: HTTP server configured.
Jul 13, 2017 2:06:04 PM eu.bavenir.vicinity.gatewayapi.restapi.Api configureChallengeScheme
CONFIG: HTTP Basic challenge authentication scheme configured.
Jul 13, 2017 2:06:04 PM eu.bavenir.vicinity.gatewayapi.restapi.RestletThread run
FINE: HTTP server component started.
Jul 13, 2017 2:17:02 PM eu.bavenir.vicinity.gatewayapi.xmpp.CommunicationNode isConnected
WARNING: Null record in the connection descriptor pool. XMPP user: 'test_vcnt4'.
Jul 13, 2017 2:17:03 PM eu.bavenir.vicinity.gatewayapi.xmpp.AgentCommunicator <init>
CONFIG: HTTPS protocol disabled for Agent communication
Jul 13, 2017 2:17:03 PM eu.bavenir.vicinity.gatewayapi.xmpp.XmppConnectionDescriptor buildNewConnection
CONFIG: Creating a new connection to XMPP server 'dev_be.bavenir.eu:5222' as 'test_vcnt4@vicinity.eu'
Jul 13, 2017 2:17:03 PM eu.bavenir.vicinity.gatewayapi.xmpp.XmppConnectionDescriptor buildNewConnection
CONFIG: XMPP SECURE CONNECTION IS DISABLED.
Jul 13, 2017 2:17:03 PM eu.bavenir.vicinity.gatewayapi.xmpp.XmppConnectionDescriptor connect
CONFIG: Listening for changes in roster is enabled.
Jul 13, 2017 2:17:03 PM eu.bavenir.vicinity.gatewayapi.xmpp.CommunicationNode establishConnection
INFO: XMPP connection for 'test_vcnt4' was established.
Jul 13, 2017 2:17:03 PM eu.bavenir.vicinity.gatewayapi.xmpp.CommunicationNode establishConnection
FINEST: A new connection for 'test_vcnt4' was added into connection pool.
Jul 13, 2017 2:17:03 PM eu.bavenir.vicinity.gatewayapi.restapi.security.AuthenticationVerifier verify
FINE: Valid credentials received from a client with IP 127.0.0.1.
Jul 13, 2017 2:17:21 PM eu.bavenir.vicinity.gatewayapi.xmpp.CommunicationNode isConnected
WARNING: Null record in the connection descriptor pool. XMPP user: 'test_vcnt5'.
Jul 13, 2017 2:17:21 PM eu.bavenir.vicinity.gatewayapi.xmpp.AgentCommunicator <init>
CONFIG: HTTPS protocol disabled for Agent communication
Jul 13, 2017 2:17:21 PM eu.bavenir.vicinity.gatewayapi.xmpp.XmppConnectionDescriptor buildNewConnection
CONFIG: Creating a new connection to XMPP server 'dev_be.bavenir.eu:5222' as 'test_vcnt5@vicinity.eu'
Jul 13, 2017 2:17:21 PM eu.bavenir.vicinity.gatewayapi.xmpp.XmppConnectionDescriptor buildNewConnection
CONFIG: XMPP SECURE CONNECTION IS DISABLED.
Jul 13, 2017 2:17:21 PM eu.bavenir.vicinity.gatewayapi.xmpp.XmppConnectionDescriptor connect
CONFIG: Listening for changes in roster is enabled.
Jul 13, 2017 2:17:21 PM eu.bavenir.vicinity.gatewayapi.xmpp.CommunicationNode establishConnection
INFO: XMPP connection for 'test_vcnt5' was established.
Jul 13, 2017 2:17:21 PM eu.bavenir.vicinity.gatewayapi.xmpp.CommunicationNode establishConnection
FINEST: A new connection for 'test_vcnt5' was added into connection pool.
Jul 13, 2017 2:17:21 PM eu.bavenir.vicinity.gatewayapi.restapi.security.AuthenticationVerifier verify
FINE: Valid credentials received from a client with IP 127.0.0.1.
Jul 13, 2017 2:17:21 PM eu.bavenir.vicinity.gatewayapi.xmpp.CommunicationNode isConnected
WARNING: Null record in the connection descriptor pool. XMPP user: 'test_vcnt6'.
Jul 13, 2017 2:17:21 PM eu.bavenir.vicinity.gatewayapi.xmpp.AgentCommunicator <init>
CONFIG: HTTPS protocol disabled for Agent communication
Jul 13, 2017 2:17:21 PM eu.bavenir.vicinity.gatewayapi.xmpp.XmppConnectionDescriptor buildNewConnection
CONFIG: Creating a new connection to XMPP server 'dev_be.bavenir.eu:5222' as 'test_vcnt6@vicinity.eu'
Jul 13, 2017 2:17:21 PM eu.bavenir.vicinity.gatewayapi.xmpp.XmppConnectionDescriptor buildNewConnection
CONFIG: XMPP SECURE CONNECTION IS DISABLED.
Jul 13, 2017 2:17:22 PM eu.bavenir.vicinity.gatewayapi.xmpp.XmppConnectionDescriptor connect
CONFIG: Listening for changes in roster is enabled.
Jul 13, 2017 2:17:22 PM eu.bavenir.vicinity.gatewayapi.xmpp.CommunicationNode establishConnection
INFO: XMPP connection for 'test_vcnt6' was established.
Jul 13, 2017 2:17:22 PM eu.bavenir.vicinity.gatewayapi.xmpp.CommunicationNode establishConnection
FINEST: A new connection for 'test_vcnt6' was added into connection pool.
Jul 13, 2017 2:17:22 PM eu.bavenir.vicinity.gatewayapi.restapi.security.AuthenticationVerifier verify
FINE: Valid credentials received from a client with IP 127.0.0.1.
Jul 13, 2017 2:17:22 PM eu.bavenir.vicinity.gatewayapi.xmpp.CommunicationNode isConnected
WARNING: Null record in the connection descriptor pool. XMPP user: 'test_vcnt7'.
Jul 13, 2017 2:17:22 PM eu.bavenir.vicinity.gatewayapi.xmpp.AgentCommunicator <init>
CONFIG: HTTPS protocol disabled for Agent communication
Jul 13, 2017 2:17:22 PM eu.bavenir.vicinity.gatewayapi.xmpp.XmppConnectionDescriptor buildNewConnection
CONFIG: Creating a new connection to XMPP server 'dev_be.bavenir.eu:5222' as 'test_vcnt7@vicinity.eu'
Jul 13, 2017 2:17:22 PM eu.bavenir.vicinity.gatewayapi.xmpp.XmppConnectionDescriptor buildNewConnection
CONFIG: XMPP SECURE CONNECTION IS DISABLED.
Jul 13, 2017 2:17:22 PM eu.bavenir.vicinity.gatewayapi.xmpp.XmppConnectionDescriptor connect
CONFIG: Listening for changes in roster is enabled.
Jul 13, 2017 2:17:22 PM eu.bavenir.vicinity.gatewayapi.xmpp.CommunicationNode establishConnection
INFO: XMPP connection for 'test_vcnt7' was established.
Jul 13, 2017 2:17:22 PM eu.bavenir.vicinity.gatewayapi.xmpp.CommunicationNode establishConnection
FINEST: A new connection for 'test_vcnt7' was added into connection pool.
Jul 13, 2017 2:17:22 PM eu.bavenir.vicinity.gatewayapi.restapi.security.AuthenticationVerifier verify
FINE: Valid credentials received from a client with IP 127.0.0.1.
Jul 13, 2017 2:18:10 PM eu.bavenir.vicinity.gatewayapi.restapi.security.AuthenticationVerifier verify
FINE: Valid credentials received from a client with IP 127.0.0.1.
Jul 13, 2017 2:18:10 PM eu.bavenir.vicinity.gatewayapi.xmpp.XmppConnectionDescriptor processMessage
FINEST: New message from test_vcnt4@vicinity.eu: {"messageType":1,"requestId":371811163,"requestOperation":"get","requestBody":null,"attributes":{"objects":"test_vcnt7","properties":"device-1-pid-1"},"parameters":{}}
Jul 13, 2017 2:18:10 PM eu.bavenir.vicinity.gatewayapi.xmpp.XmppConnectionDescriptor processMessage
FINEST: The message is a request. Processing...
Jul 13, 2017 2:18:10 PM eu.bavenir.vicinity.gatewayapi.xmpp.AgentCommunicator assembleAgentUrl
FINEST: Assembled URL: http://localhost:9997/agent/objects/test_vcnt7/properties/device-1-pid-1
Jul 13, 2017 2:18:10 PM eu.bavenir.vicinity.gatewayapi.xmpp.XmppConnectionDescriptor processMessage
FINEST: New message from test_vcnt7@vicinity.eu: {"messageType":2,"requestId":371811163,"responseCode":200,"responseCodeReason":"OK","responseBody":"{\"reason\":\"java.lang.Exception: Missing interaction pattern [property] thing for OID: test_vcnt7 / pattern id: device-1-pid-1\\n\\tat sk.intersoft.vicinity.agent.config.AgentConfig.getInteractionPattern(AgentConfig.java:70)\\n\\tat sk.intersoft.vicinity.agent.config.AgentConfig.getReadHref(AgentConfig.java:77)\\n\\tat sk.intersoft.vicinity.agent.adapter.AdapterEndpoint.getEndpoint(AdapterEndpoint.java:20)\\n\\tat sk.intersoft.vicinity.agent.service.resource.ObjectGetSetPropertyResource.getPropertyValue(ObjectGetSetPropertyResource.java:28)\\n\\tat sun.reflect.NativeMethodAccessorImpl.invoke0(Native Method)\\n\\tat sun.reflect.NativeMethodAccessorImpl.invoke(NativeMethodAccessorImpl.java:62)\\n\\tat sun.reflect.DelegatingMethodAccessorImpl.invoke(DelegatingMethodAccessorImpl.java:43)\\n\\tat java.lang.reflect.Method.invoke(Method.java:498)\\n\\tat org.restlet.resource.ServerResource.doHandle(ServerResource.java:511)\\n\\tat org.restlet.resource.ServerResource.get(ServerResource.java:723)\\n\\tat org.restlet.resource.ServerResource.doHandle(ServerResource.java:603)\\n\\tat org.restlet.resource.ServerResource.doNegotiatedHandle(ServerResource.java:662)\\n\\tat org.restlet.resource.ServerResource.doConditionalHandle(ServerResource.java:348)\\n\\tat org.restlet.resource.ServerResource.handle(ServerResource.java:1020)\\n\\tat org.restlet.resource.Finder.handle(Finder.java:236)\\n\\tat org.restlet.routing.Filter.doHandle(Filter.java:150)\\n\\tat org.restlet.routing.Filter.handle(Filter.java:197)\\n\\tat org.restlet.routing.Router.doHandle(Router.java:422)\\n\\tat org.restlet.routing.Router.handle(Router.java:641)\\n\\tat org.restlet.routing.Filter.doHandle(Filter.java:150)\\n\\tat org.restlet.routing.Filter.handle(Filter.java:197)\\n\\tat org.restlet.routing.Filter.doHandle(Filter.java:150)\\n\\tat org.restlet.routing.Filter.handle(Filter.java:197)\\n\\tat org.restlet.routing.Filter.doHandle(Filter.java:150)\\n\\tat org.restlet.routing.Filter.handle(Filter.java:197)\\n\\tat org.restlet.routing.Filter.doHandle(Filter.java:150)\\n\\tat org.restlet.engine.application.StatusFilter.doHandle(StatusFilter.java:140)\\n\\tat org.restlet.routing.Filter.handle(Filter.java:197)\\n\\tat org.restlet.routing.Filter.doHandle(Filter.java:150)\\n\\tat org.restlet.routing.Filter.handle(Filter.java:197)\\n\\tat org.restlet.engine.CompositeHelper.handle(CompositeHelper.java:202)\\n\\tat org.restlet.engine.application.ApplicationHelper.handle(ApplicationHelper.java:77)\\n\\tat org.restlet.Application.handle(Application.java:385)\\n\\tat org.restlet.routing.Filter.doHandle(Filter.java:150)\\n\\tat org.restlet.routing.Filter.handle(Filter.java:197)\\n\\tat org.restlet.routing.Router.doHandle(Router.java:422)\\n\\tat org.restlet.routing.Router.handle(Router.java:641)\\n\\tat org.restlet.routing.Filter.doHandle(Filter.java:150)\\n\\tat org.restlet.routing.Filter.handle(Filter.java:197)\\n\\tat org.restlet.routing.Router.doHandle(Router.java:422)\\n\\tat org.restlet.routing.Router.handle(Router.java:641)\\n\\tat org.restlet.routing.Filter.doHandle(Filter.java:150)\\n\\tat org.restlet.engine.application.StatusFilter.doHandle(StatusFilter.java:140)\\n\\tat org.restlet.routing.Filter.handle(Filter.java:197)\\n\\tat org.restlet.routing.Filter.doHandle(Filter.java:150)\\n\\tat org.restlet.routing.Filter.handle(Filter.java:197)\\n\\tat org.restlet.engine.CompositeHelper.handle(CompositeHelper.java:202)\\n\\tat org.restlet.Component.handle(Component.java:408)\\n\\tat org.restlet.Server.handle(Server.java:507)\\n\\tat org.restlet.engine.connector.ServerHelper.handle(ServerHelper.java:63)\\n\\tat org.restlet.engine.adapter.HttpServerHelper.handle(HttpServerHelper.java:143)\\n\\tat org.restlet.engine.connector.HttpServerHelper$1.handle(HttpServerHelper.java:64)\\n\\tat com.sun.net.httpserver.Filter$Chain.doFilter(Filter.java:79)\\n\\tat sun.net.httpserver.AuthFilter.doFilter(AuthFilter.java:83)\\n\\tat com.sun.net.httpserver.Filter$Chain.doFilter(Filter.java:82)\\n\\tat sun.net.httpserver.ServerImpl$Exchange$LinkHandler.handle(ServerImpl.java:675)\\n\\tat com.sun.net.httpserver.Filter$Chain.doFilter(Filter.java:79)\\n\\tat sun.net.httpserver.ServerImpl$Exchange.run(ServerImpl.java:647)\\n\\tat java.util.concurrent.ThreadPoolExecutor.runWorker(ThreadPoolExecutor.java:1142)\\n\\tat java.util.concurrent.ThreadPoolExecutor$Worker.run(ThreadPoolExecutor.java:617)\\n\\tat java.lang.Thread.run(Thread.java:748)\\n\",\"status\":\"failure\"}"}
Jul 13, 2017 2:18:10 PM eu.bavenir.vicinity.gatewayapi.xmpp.XmppConnectionDescriptor processMessage
FINEST: This message is a response. Adding to incoming queue...
Jul 13, 2017 2:18:27 PM eu.bavenir.vicinity.gatewayapi.restapi.security.AuthenticationVerifier verify
FINE: Valid credentials received from a client with IP 127.0.0.1.
Jul 13, 2017 2:18:27 PM eu.bavenir.vicinity.gatewayapi.xmpp.XmppConnectionDescriptor processMessage
FINEST: New message from test_vcnt4@vicinity.eu: {"messageType":1,"requestId":1528774624,"requestOperation":"get","requestBody":null,"attributes":{"objects":"test_vcnt7","properties":"device-1-pid-2"},"parameters":{}}
Jul 13, 2017 2:18:27 PM eu.bavenir.vicinity.gatewayapi.xmpp.XmppConnectionDescriptor processMessage
FINEST: The message is a request. Processing...
Jul 13, 2017 2:18:27 PM eu.bavenir.vicinity.gatewayapi.xmpp.AgentCommunicator assembleAgentUrl
FINEST: Assembled URL: http://localhost:9997/agent/objects/test_vcnt7/properties/device-1-pid-2
Jul 13, 2017 2:18:27 PM eu.bavenir.vicinity.gatewayapi.xmpp.XmppConnectionDescriptor processMessage
FINEST: New message from test_vcnt7@vicinity.eu: {"messageType":2,"requestId":1528774624,"responseCode":200,"responseCodeReason":"OK","responseBody":"{\"reason\":\"java.lang.Exception: Missing interaction pattern [property] thing for OID: test_vcnt7 / pattern id: device-1-pid-2\\n\\tat sk.intersoft.vicinity.agent.config.AgentConfig.getInteractionPattern(AgentConfig.java:70)\\n\\tat sk.intersoft.vicinity.agent.config.AgentConfig.getReadHref(AgentConfig.java:77)\\n\\tat sk.intersoft.vicinity.agent.adapter.AdapterEndpoint.getEndpoint(AdapterEndpoint.java:20)\\n\\tat sk.intersoft.vicinity.agent.service.resource.ObjectGetSetPropertyResource.getPropertyValue(ObjectGetSetPropertyResource.java:28)\\n\\tat sun.reflect.NativeMethodAccessorImpl.invoke0(Native Method)\\n\\tat sun.reflect.NativeMethodAccessorImpl.invoke(NativeMethodAccessorImpl.java:62)\\n\\tat sun.reflect.DelegatingMethodAccessorImpl.invoke(DelegatingMethodAccessorImpl.java:43)\\n\\tat java.lang.reflect.Method.invoke(Method.java:498)\\n\\tat org.restlet.resource.ServerResource.doHandle(ServerResource.java:511)\\n\\tat org.restlet.resource.ServerResource.get(ServerResource.java:723)\\n\\tat org.restlet.resource.ServerResource.doHandle(ServerResource.java:603)\\n\\tat org.restlet.resource.ServerResource.doNegotiatedHandle(ServerResource.java:662)\\n\\tat org.restlet.resource.ServerResource.doConditionalHandle(ServerResource.java:348)\\n\\tat org.restlet.resource.ServerResource.handle(ServerResource.java:1020)\\n\\tat org.restlet.resource.Finder.handle(Finder.java:236)\\n\\tat org.restlet.routing.Filter.doHandle(Filter.java:150)\\n\\tat org.restlet.routing.Filter.handle(Filter.java:197)\\n\\tat org.restlet.routing.Router.doHandle(Router.java:422)\\n\\tat org.restlet.routing.Router.handle(Router.java:641)\\n\\tat org.restlet.routing.Filter.doHandle(Filter.java:150)\\n\\tat org.restlet.routing.Filter.handle(Filter.java:197)\\n\\tat org.restlet.routing.Filter.doHandle(Filter.java:150)\\n\\tat org.restlet.routing.Filter.handle(Filter.java:197)\\n\\tat org.restlet.routing.Filter.doHandle(Filter.java:150)\\n\\tat org.restlet.routing.Filter.handle(Filter.java:197)\\n\\tat org.restlet.routing.Filter.doHandle(Filter.java:150)\\n\\tat org.restlet.engine.application.StatusFilter.doHandle(StatusFilter.java:140)\\n\\tat org.restlet.routing.Filter.handle(Filter.java:197)\\n\\tat org.restlet.routing.Filter.doHandle(Filter.java:150)\\n\\tat org.restlet.routing.Filter.handle(Filter.java:197)\\n\\tat org.restlet.engine.CompositeHelper.handle(CompositeHelper.java:202)\\n\\tat org.restlet.engine.application.ApplicationHelper.handle(ApplicationHelper.java:77)\\n\\tat org.restlet.Application.handle(Application.java:385)\\n\\tat org.restlet.routing.Filter.doHandle(Filter.java:150)\\n\\tat org.restlet.routing.Filter.handle(Filter.java:197)\\n\\tat org.restlet.routing.Router.doHandle(Router.java:422)\\n\\tat org.restlet.routing.Router.handle(Router.java:641)\\n\\tat org.restlet.routing.Filter.doHandle(Filter.java:150)\\n\\tat org.restlet.routing.Filter.handle(Filter.java:197)\\n\\tat org.restlet.routing.Router.doHandle(Router.java:422)\\n\\tat org.restlet.routing.Router.handle(Router.java:641)\\n\\tat org.restlet.routing.Filter.doHandle(Filter.java:150)\\n\\tat org.restlet.engine.application.StatusFilter.doHandle(StatusFilter.java:140)\\n\\tat org.restlet.routing.Filter.handle(Filter.java:197)\\n\\tat org.restlet.routing.Filter.doHandle(Filter.java:150)\\n\\tat org.restlet.routing.Filter.handle(Filter.java:197)\\n\\tat org.restlet.engine.CompositeHelper.handle(CompositeHelper.java:202)\\n\\tat org.restlet.Component.handle(Component.java:408)\\n\\tat org.restlet.Server.handle(Server.java:507)\\n\\tat org.restlet.engine.connector.ServerHelper.handle(ServerHelper.java:63)\\n\\tat org.restlet.engine.adapter.HttpServerHelper.handle(HttpServerHelper.java:143)\\n\\tat org.restlet.engine.connector.HttpServerHelper$1.handle(HttpServerHelper.java:64)\\n\\tat com.sun.net.httpserver.Filter$Chain.doFilter(Filter.java:79)\\n\\tat sun.net.httpserver.AuthFilter.doFilter(AuthFilter.java:83)\\n\\tat com.sun.net.httpserver.Filter$Chain.doFilter(Filter.java:82)\\n\\tat sun.net.httpserver.ServerImpl$Exchange$LinkHandler.handle(ServerImpl.java:675)\\n\\tat com.sun.net.httpserver.Filter$Chain.doFilter(Filter.java:79)\\n\\tat sun.net.httpserver.ServerImpl$Exchange.run(ServerImpl.java:647)\\n\\tat java.util.concurrent.ThreadPoolExecutor.runWorker(ThreadPoolExecutor.java:1142)\\n\\tat java.util.concurrent.ThreadPoolExecutor$Worker.run(ThreadPoolExecutor.java:617)\\n\\tat java.lang.Thread.run(Thread.java:748)\\n\",\"status\":\"failure\"}"}
Jul 13, 2017 2:18:27 PM eu.bavenir.vicinity.gatewayapi.xmpp.XmppConnectionDescriptor processMessage
FINEST: This message is a response. Adding to incoming queue...
Jul 13, 2017 2:18:37 PM eu.bavenir.vicinity.gatewayapi.restapi.security.AuthenticationVerifier verify
FINE: Valid credentials received from a client with IP 127.0.0.1.
Jul 13, 2017 2:18:37 PM eu.bavenir.vicinity.gatewayapi.xmpp.XmppConnectionDescriptor processMessage
FINEST: New message from test_vcnt4@vicinity.eu: {"messageType":1,"requestId":703668230,"requestOperation":"get","requestBody":null,"attributes":{"objects":"test_vcnt6","properties":"device-1-pid-1"},"parameters":{}}
Jul 13, 2017 2:18:37 PM eu.bavenir.vicinity.gatewayapi.xmpp.XmppConnectionDescriptor processMessage
FINEST: The message is a request. Processing...
Jul 13, 2017 2:18:37 PM eu.bavenir.vicinity.gatewayapi.xmpp.AgentCommunicator assembleAgentUrl
FINEST: Assembled URL: http://localhost:9997/agent/objects/test_vcnt6/properties/device-1-pid-1
Jul 13, 2017 2:18:37 PM eu.bavenir.vicinity.gatewayapi.xmpp.XmppConnectionDescriptor processMessage
FINEST: New message from test_vcnt6@vicinity.eu: {"messageType":2,"requestId":703668230,"responseCode":200,"responseCodeReason":"OK","responseBody":"{\"data\":{\"echo\":\"get property on custom endpoint\",\"oid\":\"device-1\"},\"status\":\"success\"}"}
Jul 13, 2017 2:18:37 PM eu.bavenir.vicinity.gatewayapi.xmpp.XmppConnectionDescriptor processMessage
FINEST: This message is a response. Adding to incoming queue...
Jul 13, 2017 2:20:58 PM eu.bavenir.vicinity.gatewayapi.restapi.security.AuthenticationVerifier verify
FINE: Valid credentials received from a client with IP 127.0.0.1.
Jul 13, 2017 2:20:58 PM eu.bavenir.vicinity.gatewayapi.xmpp.XmppConnectionDescriptor processMessage
FINEST: New message from test_vcnt4@vicinity.eu: {"messageType":1,"requestId":827124586,"requestOperation":"put","requestBody":"{}","attributes":{"objects":"test_vcnt6","properties":"device-1-pid-1"},"parameters":{}}
Jul 13, 2017 2:20:58 PM eu.bavenir.vicinity.gatewayapi.xmpp.XmppConnectionDescriptor processMessage
FINEST: The message is a request. Processing...
Jul 13, 2017 2:20:58 PM eu.bavenir.vicinity.gatewayapi.xmpp.AgentCommunicator assembleAgentUrl
FINEST: Assembled URL: http://localhost:9997/agent/objects/test_vcnt6/properties/device-1-pid-1
Jul 13, 2017 2:20:58 PM eu.bavenir.vicinity.gatewayapi.xmpp.XmppConnectionDescriptor processMessage
FINEST: New message from test_vcnt6@vicinity.eu: {"messageType":2,"requestId":827124586,"responseCode":200,"responseCodeReason":"OK","responseBody":"{\"data\":{\"payload\":{},\"echo\":\"set property on custom endpoint\",\"oid\":\"device-1\"},\"status\":\"success\"}"}
Jul 13, 2017 2:20:58 PM eu.bavenir.vicinity.gatewayapi.xmpp.XmppConnectionDescriptor processMessage
FINEST: This message is a response. Adding to incoming queue...
Jul 13, 2017 2:21:16 PM eu.bavenir.vicinity.gatewayapi.restapi.security.AuthenticationVerifier verify
FINE: Valid credentials received from a client with IP 127.0.0.1.
Jul 13, 2017 2:21:16 PM eu.bavenir.vicinity.gatewayapi.xmpp.XmppConnectionDescriptor processMessage
FINEST: New message from test_vcnt4@vicinity.eu: {"messageType":1,"requestId":1455240699,"requestOperation":"get","requestBody":null,"attributes":{"objects":"test_vcnt6","properties":"device-1-pid-1"},"parameters":{}}
Jul 13, 2017 2:21:16 PM eu.bavenir.vicinity.gatewayapi.xmpp.XmppConnectionDescriptor processMessage
FINEST: The message is a request. Processing...
Jul 13, 2017 2:21:16 PM eu.bavenir.vicinity.gatewayapi.xmpp.AgentCommunicator assembleAgentUrl
FINEST: Assembled URL: http://localhost:9997/agent/objects/test_vcnt6/properties/device-1-pid-1
Jul 13, 2017 2:21:16 PM eu.bavenir.vicinity.gatewayapi.xmpp.XmppConnectionDescriptor processMessage
FINEST: New message from test_vcnt6@vicinity.eu: {"messageType":2,"requestId":1455240699,"responseCode":200,"responseCodeReason":"OK","responseBody":"{\"data\":{\"echo\":\"get property on custom endpoint\",\"oid\":\"device-1\"},\"status\":\"success\"}"}
Jul 13, 2017 2:21:16 PM eu.bavenir.vicinity.gatewayapi.xmpp.XmppConnectionDescriptor processMessage
FINEST: This message is a response. Adding to incoming queue...
Jul 13, 2017 2:21:53 PM eu.bavenir.vicinity.gatewayapi.restapi.security.AuthenticationVerifier verify
FINE: Valid credentials received from a client with IP 127.0.0.1.
Jul 13, 2017 2:21:53 PM eu.bavenir.vicinity.gatewayapi.xmpp.XmppConnectionDescriptor processMessage
FINEST: New message from test_vcnt4@vicinity.eu: {"messageType":1,"requestId":828281358,"requestOperation":"put","requestBody":"{\n  \"test\": \"hallo\"\n}","attributes":{"objects":"test_vcnt6","properties":"device-1-pid-1"},"parameters":{}}
Jul 13, 2017 2:21:53 PM eu.bavenir.vicinity.gatewayapi.xmpp.XmppConnectionDescriptor processMessage
FINEST: The message is a request. Processing...
Jul 13, 2017 2:21:53 PM eu.bavenir.vicinity.gatewayapi.xmpp.AgentCommunicator assembleAgentUrl
FINEST: Assembled URL: http://localhost:9997/agent/objects/test_vcnt6/properties/device-1-pid-1
Jul 13, 2017 2:21:53 PM eu.bavenir.vicinity.gatewayapi.xmpp.XmppConnectionDescriptor processMessage
FINEST: New message from test_vcnt6@vicinity.eu: {"messageType":2,"requestId":828281358,"responseCode":200,"responseCodeReason":"OK","responseBody":"{\"data\":{\"payload\":{\"test\":\"hallo\"},\"echo\":\"set property on custom endpoint\",\"oid\":\"device-1\"},\"status\":\"success\"}"}
Jul 13, 2017 2:21:53 PM eu.bavenir.vicinity.gatewayapi.xmpp.XmppConnectionDescriptor processMessage
FINEST: This message is a response. Adding to incoming queue...
Jul 13, 2017 2:30:26 PM eu.bavenir.vicinity.gatewayapi.restapi.security.AuthenticationVerifier verify
FINE: Valid credentials received from a client with IP 127.0.0.1.
Jul 13, 2017 2:30:26 PM eu.bavenir.vicinity.gatewayapi.xmpp.XmppConnectionDescriptor processMessage
FINEST: New message from test_vcnt4@vicinity.eu: {"messageType":1,"requestId":1472761287,"requestOperation":"post","requestBody":"{\n  \"value\": true\n}","attributes":{"objects":"test_vcnt6","actions":"device-1-aid-1"},"parameters":{}}
Jul 13, 2017 2:30:26 PM eu.bavenir.vicinity.gatewayapi.xmpp.XmppConnectionDescriptor processMessage
FINEST: The message is a request. Processing...
Jul 13, 2017 2:30:26 PM eu.bavenir.vicinity.gatewayapi.xmpp.AgentCommunicator assembleAgentUrl
FINEST: Assembled URL: http://localhost:9997/agent/objects/test_vcnt6/actions/device-1-aid-1
Jul 13, 2017 2:30:26 PM eu.bavenir.vicinity.gatewayapi.xmpp.XmppConnectionDescriptor processMessage
FINEST: New message from test_vcnt6@vicinity.eu: {"messageType":2,"requestId":1472761287,"responseCode":200,"responseCodeReason":"OK","responseBody":"{\"data\":{\"payload\":{\"value\":true},\"echo\":\"exec action on custom endpoint\",\"oid\":\"device-1\"},\"status\":\"success\"}"}
Jul 13, 2017 2:30:26 PM eu.bavenir.vicinity.gatewayapi.xmpp.XmppConnectionDescriptor processMessage
FINEST: This message is a response. Adding to incoming queue...
Jul 13, 2017 2:31:22 PM eu.bavenir.vicinity.gatewayapi.restapi.security.AuthenticationVerifier verify
FINE: Valid credentials received from a client with IP 127.0.0.1.
Jul 13, 2017 2:31:23 PM eu.bavenir.vicinity.gatewayapi.xmpp.XmppConnectionDescriptor processMessage
FINEST: New message from test_vcnt4@vicinity.eu: {"messageType":1,"requestId":1837559475,"requestOperation":"get","requestBody":null,"attributes":{"objects":"test_vcnt6","actions":"device-1-aid-1","tasks":"lmfao"},"parameters":{}}
Jul 13, 2017 2:31:23 PM eu.bavenir.vicinity.gatewayapi.xmpp.XmppConnectionDescriptor processMessage
FINEST: The message is a request. Processing...
Jul 13, 2017 2:31:23 PM eu.bavenir.vicinity.gatewayapi.xmpp.AgentCommunicator assembleAgentUrl
FINEST: Assembled URL: http://localhost:9997/agent/objects/test_vcnt6/actions/device-1-aid-1/tasks/lmfao
Jul 13, 2017 2:31:23 PM eu.bavenir.vicinity.gatewayapi.xmpp.XmppConnectionDescriptor processMessage
FINEST: New message from test_vcnt6@vicinity.eu: {"messageType":2,"requestId":1837559475,"responseCode":200,"responseCodeReason":"OK","responseBody":"{\"data\":{\"echo\":\"action task status\",\"oid\":\"test_vcnt6\",\"aid\":\"device-1-aid-1\",\"tid\":\"lmfao\"},\"status\":\"success\"}"}
Jul 13, 2017 2:31:23 PM eu.bavenir.vicinity.gatewayapi.xmpp.XmppConnectionDescriptor processMessage
FINEST: This message is a response. Adding to incoming queue...
Jul 13, 2017 2:32:04 PM eu.bavenir.vicinity.gatewayapi.restapi.security.AuthenticationVerifier verify
FINE: Valid credentials received from a client with IP 127.0.0.1.
Jul 13, 2017 2:32:04 PM eu.bavenir.vicinity.gatewayapi.xmpp.XmppConnectionDescriptor processMessage
FINEST: New message from test_vcnt4@vicinity.eu: {"messageType":1,"requestId":234773908,"requestOperation":"get","requestBody":null,"attributes":{"objects":"test_vcnt6","actions":"status"},"parameters":{}}
Jul 13, 2017 2:32:04 PM eu.bavenir.vicinity.gatewayapi.xmpp.XmppConnectionDescriptor processMessage
FINEST: The message is a request. Processing...
Jul 13, 2017 2:32:04 PM eu.bavenir.vicinity.gatewayapi.xmpp.AgentCommunicator assembleAgentUrl
FINEST: Assembled URL: http://localhost:9997/agent/objects/test_vcnt6/actions/status
Jul 13, 2017 2:32:04 PM eu.bavenir.vicinity.gatewayapi.xmpp.XmppConnectionDescriptor processMessage
FINEST: New message from test_vcnt6@vicinity.eu: {"messageType":2,"requestId":234773908,"responseCode":200,"responseCodeReason":"OK","responseBody":"{\"reason\":\"java.lang.Exception: Missing interaction pattern [action] thing for OID: test_vcnt6 / pattern id: status\\n\\tat sk.intersoft.vicinity.agent.config.AgentConfig.getInteractionPattern(AgentConfig.java:70)\\n\\tat sk.intersoft.vicinity.agent.config.AgentConfig.getReadHref(AgentConfig.java:77)\\n\\tat sk.intersoft.vicinity.agent.adapter.AdapterEndpoint.getEndpoint(AdapterEndpoint.java:20)\\n\\tat sk.intersoft.vicinity.agent.service.resource.ObjectActionResource.getActionStatus(ObjectActionResource.java:64)\\n\\tat sun.reflect.NativeMethodAccessorImpl.invoke0(Native Method)\\n\\tat sun.reflect.NativeMethodAccessorImpl.invoke(NativeMethodAccessorImpl.java:62)\\n\\tat sun.reflect.DelegatingMethodAccessorImpl.invoke(DelegatingMethodAccessorImpl.java:43)\\n\\tat java.lang.reflect.Method.invoke(Method.java:498)\\n\\tat org.restlet.resource.ServerResource.doHandle(ServerResource.java:511)\\n\\tat org.restlet.resource.ServerResource.get(ServerResource.java:723)\\n\\tat org.restlet.resource.ServerResource.doHandle(ServerResource.java:603)\\n\\tat org.restlet.resource.ServerResource.doNegotiatedHandle(ServerResource.java:662)\\n\\tat org.restlet.resource.ServerResource.doConditionalHandle(ServerResource.java:348)\\n\\tat org.restlet.resource.ServerResource.handle(ServerResource.java:1020)\\n\\tat org.restlet.resource.Finder.handle(Finder.java:236)\\n\\tat org.restlet.routing.Filter.doHandle(Filter.java:150)\\n\\tat org.restlet.routing.Filter.handle(Filter.java:197)\\n\\tat org.restlet.routing.Router.doHandle(Router.java:422)\\n\\tat org.restlet.routing.Router.handle(Router.java:641)\\n\\tat org.restlet.routing.Filter.doHandle(Filter.java:150)\\n\\tat org.restlet.routing.Filter.handle(Filter.java:197)\\n\\tat org.restlet.routing.Filter.doHandle(Filter.java:150)\\n\\tat org.restlet.routing.Filter.handle(Filter.java:197)\\n\\tat org.restlet.routing.Filter.doHandle(Filter.java:150)\\n\\tat org.restlet.routing.Filter.handle(Filter.java:197)\\n\\tat org.restlet.routing.Filter.doHandle(Filter.java:150)\\n\\tat org.restlet.engine.application.StatusFilter.doHandle(StatusFilter.java:140)\\n\\tat org.restlet.routing.Filter.handle(Filter.java:197)\\n\\tat org.restlet.routing.Filter.doHandle(Filter.java:150)\\n\\tat org.restlet.routing.Filter.handle(Filter.java:197)\\n\\tat org.restlet.engine.CompositeHelper.handle(CompositeHelper.java:202)\\n\\tat org.restlet.engine.application.ApplicationHelper.handle(ApplicationHelper.java:77)\\n\\tat org.restlet.Application.handle(Application.java:385)\\n\\tat org.restlet.routing.Filter.doHandle(Filter.java:150)\\n\\tat org.restlet.routing.Filter.handle(Filter.java:197)\\n\\tat org.restlet.routing.Router.doHandle(Router.java:422)\\n\\tat org.restlet.routing.Router.handle(Router.java:641)\\n\\tat org.restlet.routing.Filter.doHandle(Filter.java:150)\\n\\tat org.restlet.routing.Filter.handle(Filter.java:197)\\n\\tat org.restlet.routing.Router.doHandle(Router.java:422)\\n\\tat org.restlet.routing.Router.handle(Router.java:641)\\n\\tat org.restlet.routing.Filter.doHandle(Filter.java:150)\\n\\tat org.restlet.engine.application.StatusFilter.doHandle(StatusFilter.java:140)\\n\\tat org.restlet.routing.Filter.handle(Filter.java:197)\\n\\tat org.restlet.routing.Filter.doHandle(Filter.java:150)\\n\\tat org.restlet.routing.Filter.handle(Filter.java:197)\\n\\tat org.restlet.engine.CompositeHelper.handle(CompositeHelper.java:202)\\n\\tat org.restlet.Component.handle(Component.java:408)\\n\\tat org.restlet.Server.handle(Server.java:507)\\n\\tat org.restlet.engine.connector.ServerHelper.handle(ServerHelper.java:63)\\n\\tat org.restlet.engine.adapter.HttpServerHelper.handle(HttpServerHelper.java:143)\\n\\tat org.restlet.engine.connector.HttpServerHelper$1.handle(HttpServerHelper.java:64)\\n\\tat com.sun.net.httpserver.Filter$Chain.doFilter(Filter.java:79)\\n\\tat sun.net.httpserver.AuthFilter.doFilter(AuthFilter.java:83)\\n\\tat com.sun.net.httpserver.Filter$Chain.doFilter(Filter.java:82)\\n\\tat sun.net.httpserver.ServerImpl$Exchange$LinkHandler.handle(ServerImpl.java:675)\\n\\tat com.sun.net.httpserver.Filter$Chain.doFilter(Filter.java:79)\\n\\tat sun.net.httpserver.ServerImpl$Exchange.run(ServerImpl.java:647)\\n\\tat java.util.concurrent.ThreadPoolExecutor.runWorker(ThreadPoolExecutor.java:1142)\\n\\tat java.util.concurrent.ThreadPoolExecutor$Worker.run(ThreadPoolExecutor.java:617)\\n\\tat java.lang.Thread.run(Thread.java:748)\\n\",\"status\":\"failure\"}"}
Jul 13, 2017 2:32:04 PM eu.bavenir.vicinity.gatewayapi.xmpp.XmppConnectionDescriptor processMessage
FINEST: This message is a response. Adding to incoming queue...
Jul 13, 2017 2:32:48 PM eu.bavenir.vicinity.gatewayapi.restapi.security.AuthenticationVerifier verify
FINE: Valid credentials received from a client with IP 127.0.0.1.
Jul 13, 2017 2:32:48 PM eu.bavenir.vicinity.gatewayapi.xmpp.XmppConnectionDescriptor processMessage
FINEST: New message from test_vcnt4@vicinity.eu: {"messageType":1,"requestId":651427838,"requestOperation":"post","requestBody":"{}","attributes":{"objects":"test_vcnt6","events":"volaco"},"parameters":{}}
Jul 13, 2017 2:32:48 PM eu.bavenir.vicinity.gatewayapi.xmpp.XmppConnectionDescriptor processMessage
FINEST: The message is a request. Processing...
Jul 13, 2017 2:32:48 PM eu.bavenir.vicinity.gatewayapi.xmpp.AgentCommunicator assembleAgentUrl
FINEST: Assembled URL: http://localhost:9997/agent/objects/test_vcnt6/events/volaco
Jul 13, 2017 2:32:48 PM eu.bavenir.vicinity.gatewayapi.xmpp.AgentCommunicator processRequestMessage
WARNING: Not Found (404) - The server has not found anything matching the request URI
