Jul 05, 2017 4:23:00 PM eu.bavenir.vicinity.gatewayapi.App initialize
CONFIG: Log file: /home/sulfo/Workspace/GatewayApi/log/2017-07-05T16:22:59.978-gateway.log
Jul 05, 2017 4:23:00 PM eu.bavenir.vicinity.gatewayapi.App main
FINE: Vicinity Gateway API initialized.
Jul 05, 2017 4:23:00 PM eu.bavenir.vicinity.gatewayapi.App main
FINE: API thread started.
Jul 05, 2017 4:23:00 PM eu.bavenir.vicinity.gatewayapi.restapi.RestletThread run
CONFIG: HTTP server configured.
Jul 05, 2017 4:23:00 PM eu.bavenir.vicinity.gatewayapi.restapi.Api configureChallengeScheme
CONFIG: HTTP Basic challenge authentication scheme configured.
Jul 05, 2017 4:23:00 PM eu.bavenir.vicinity.gatewayapi.restapi.RestletThread run
FINE: HTTP server component started.
Jul 05, 2017 4:24:01 PM eu.bavenir.vicinity.gatewayapi.xmpp.CommunicationNode isConnected
WARNING: Null record in the connection descriptor pool. XMPP user: 'test_vcnt5'.
Jul 05, 2017 4:24:01 PM eu.bavenir.vicinity.gatewayapi.xmpp.AgentCommunicator <init>
CONFIG: HTTPS protocol disabled for Agent communication
Jul 05, 2017 4:24:01 PM eu.bavenir.vicinity.gatewayapi.xmpp.XmppConnectionDescriptor buildNewConnection
CONFIG: Creating a new connection to XMPP server 'dev_be.bavenir.eu:5222' as 'test_vcnt5@vicinity.eu'
Jul 05, 2017 4:24:01 PM eu.bavenir.vicinity.gatewayapi.xmpp.XmppConnectionDescriptor buildNewConnection
CONFIG: XMPP SECURE CONNECTION IS DISABLED.
Jul 05, 2017 4:24:02 PM eu.bavenir.vicinity.gatewayapi.xmpp.XmppConnectionDescriptor connect
CONFIG: Listening for changes in roster is enabled.
Jul 05, 2017 4:24:02 PM eu.bavenir.vicinity.gatewayapi.xmpp.CommunicationNode establishConnection
INFO: XMPP connection for 'test_vcnt5' was established.
Jul 05, 2017 4:24:02 PM eu.bavenir.vicinity.gatewayapi.xmpp.CommunicationNode establishConnection
FINEST: A new connection for 'test_vcnt5' was added into connection pool.
Jul 05, 2017 4:24:02 PM eu.bavenir.vicinity.gatewayapi.restapi.security.AuthenticationVerifier verify
FINE: Valid credentials received from a client with IP 127.0.0.1.
Jul 05, 2017 4:25:11 PM eu.bavenir.vicinity.gatewayapi.xmpp.CommunicationNode isConnected
WARNING: Null record in the connection descriptor pool. XMPP user: 'test_vcnt4'.
Jul 05, 2017 4:25:11 PM eu.bavenir.vicinity.gatewayapi.xmpp.AgentCommunicator <init>
CONFIG: HTTPS protocol disabled for Agent communication
Jul 05, 2017 4:25:11 PM eu.bavenir.vicinity.gatewayapi.xmpp.XmppConnectionDescriptor buildNewConnection
CONFIG: Creating a new connection to XMPP server 'dev_be.bavenir.eu:5222' as 'test_vcnt4@vicinity.eu'
Jul 05, 2017 4:25:11 PM eu.bavenir.vicinity.gatewayapi.xmpp.XmppConnectionDescriptor buildNewConnection
CONFIG: XMPP SECURE CONNECTION IS DISABLED.
Jul 05, 2017 4:25:11 PM eu.bavenir.vicinity.gatewayapi.xmpp.XmppConnectionDescriptor connect
CONFIG: Listening for changes in roster is enabled.
Jul 05, 2017 4:25:11 PM eu.bavenir.vicinity.gatewayapi.xmpp.CommunicationNode establishConnection
INFO: XMPP connection for 'test_vcnt4' was established.
Jul 05, 2017 4:25:11 PM eu.bavenir.vicinity.gatewayapi.xmpp.CommunicationNode establishConnection
FINEST: A new connection for 'test_vcnt4' was added into connection pool.
Jul 05, 2017 4:25:11 PM eu.bavenir.vicinity.gatewayapi.restapi.security.AuthenticationVerifier verify
FINE: Valid credentials received from a client with IP 127.0.0.1.
Jul 05, 2017 4:25:12 PM eu.bavenir.vicinity.gatewayapi.xmpp.XmppConnectionDescriptor processMessage
FINEST: New message from plugwise__000d6f0005b10494@vicinity.eu: {"messageType":2,"requestId":18739800,"responseCode":200,"responseBody":"{\"data\":{\"value\":0,\"timestamp\":\"2017-07-05T14:24:20.863Z\"},\"status\":\"success\"}"}
Jul 05, 2017 4:25:12 PM eu.bavenir.vicinity.gatewayapi.xmpp.XmppConnectionDescriptor processMessage
FINEST: This message is a response. Adding to incoming queue...
