Jul 12, 2017 3:57:00 PM eu.bavenir.vicinity.gatewayapi.App initialize
CONFIG: Log file: /home/sulfo/Workspace/GatewayApi/log/2017-07-12T15:57:00.045-gateway.log
Jul 12, 2017 3:57:00 PM eu.bavenir.vicinity.gatewayapi.App main
FINE: Vicinity Gateway API initialized.
Jul 12, 2017 3:57:00 PM eu.bavenir.vicinity.gatewayapi.App main
FINE: API thread started.
Jul 12, 2017 3:57:00 PM eu.bavenir.vicinity.gatewayapi.restapi.RestletThread run
CONFIG: HTTP server configured.
Jul 12, 2017 3:57:00 PM eu.bavenir.vicinity.gatewayapi.restapi.Api configureChallengeScheme
CONFIG: HTTP Basic challenge authentication scheme configured.
Jul 12, 2017 3:57:00 PM eu.bavenir.vicinity.gatewayapi.restapi.RestletThread run
FINE: HTTP server component started.
Jul 12, 2017 3:57:00 PM eu.bavenir.vicinity.gatewayapi.xmpp.CommunicationNode isConnected
WARNING: Null record in the connection descriptor pool. XMPP user: 'test_vcnt6'.
Jul 12, 2017 3:57:00 PM eu.bavenir.vicinity.gatewayapi.xmpp.AgentCommunicator <init>
CONFIG: HTTPS protocol disabled for Agent communication
Jul 12, 2017 3:57:00 PM eu.bavenir.vicinity.gatewayapi.xmpp.XmppConnectionDescriptor buildNewConnection
CONFIG: Creating a new connection to XMPP server 'dev_be.bavenir.eu:5222' as 'test_vcnt6@vicinity.eu'
Jul 12, 2017 3:57:01 PM eu.bavenir.vicinity.gatewayapi.xmpp.XmppConnectionDescriptor buildNewConnection
CONFIG: XMPP SECURE CONNECTION IS DISABLED.
Jul 12, 2017 3:57:01 PM eu.bavenir.vicinity.gatewayapi.xmpp.XmppConnectionDescriptor connect
CONFIG: Listening for changes in roster is enabled.
Jul 12, 2017 3:57:01 PM eu.bavenir.vicinity.gatewayapi.xmpp.CommunicationNode establishConnection
INFO: XMPP connection for 'test_vcnt6' was established.
Jul 12, 2017 3:57:01 PM eu.bavenir.vicinity.gatewayapi.xmpp.CommunicationNode establishConnection
FINEST: A new connection for 'test_vcnt6' was added into connection pool.
Jul 12, 2017 3:57:01 PM eu.bavenir.vicinity.gatewayapi.restapi.security.AuthenticationVerifier verify
FINE: Valid credentials received from a client with IP 127.0.0.1.
Jul 12, 2017 3:57:01 PM eu.bavenir.vicinity.gatewayapi.xmpp.CommunicationNode isConnected
WARNING: Null record in the connection descriptor pool. XMPP user: 'test_vcnt7'.
Jul 12, 2017 3:57:01 PM eu.bavenir.vicinity.gatewayapi.xmpp.AgentCommunicator <init>
CONFIG: HTTPS protocol disabled for Agent communication
Jul 12, 2017 3:57:01 PM eu.bavenir.vicinity.gatewayapi.xmpp.XmppConnectionDescriptor buildNewConnection
CONFIG: Creating a new connection to XMPP server 'dev_be.bavenir.eu:5222' as 'test_vcnt7@vicinity.eu'
Jul 12, 2017 3:57:01 PM eu.bavenir.vicinity.gatewayapi.xmpp.XmppConnectionDescriptor buildNewConnection
CONFIG: XMPP SECURE CONNECTION IS DISABLED.
Jul 12, 2017 3:57:02 PM eu.bavenir.vicinity.gatewayapi.xmpp.XmppConnectionDescriptor connect
CONFIG: Listening for changes in roster is enabled.
Jul 12, 2017 3:57:02 PM eu.bavenir.vicinity.gatewayapi.xmpp.CommunicationNode establishConnection
INFO: XMPP connection for 'test_vcnt7' was established.
Jul 12, 2017 3:57:02 PM eu.bavenir.vicinity.gatewayapi.xmpp.CommunicationNode establishConnection
FINEST: A new connection for 'test_vcnt7' was added into connection pool.
Jul 12, 2017 3:57:02 PM eu.bavenir.vicinity.gatewayapi.restapi.security.AuthenticationVerifier verify
FINE: Valid credentials received from a client with IP 127.0.0.1.
Jul 12, 2017 3:57:39 PM eu.bavenir.vicinity.gatewayapi.xmpp.CommunicationNode isConnected
WARNING: Null record in the connection descriptor pool. XMPP user: 'test_vcnt4'.
Jul 12, 2017 3:57:39 PM eu.bavenir.vicinity.gatewayapi.xmpp.AgentCommunicator <init>
CONFIG: HTTPS protocol disabled for Agent communication
Jul 12, 2017 3:57:39 PM eu.bavenir.vicinity.gatewayapi.xmpp.XmppConnectionDescriptor buildNewConnection
CONFIG: Creating a new connection to XMPP server 'dev_be.bavenir.eu:5222' as 'test_vcnt4@vicinity.eu'
Jul 12, 2017 3:57:39 PM eu.bavenir.vicinity.gatewayapi.xmpp.XmppConnectionDescriptor buildNewConnection
CONFIG: XMPP SECURE CONNECTION IS DISABLED.
Jul 12, 2017 3:57:39 PM eu.bavenir.vicinity.gatewayapi.xmpp.XmppConnectionDescriptor connect
CONFIG: Listening for changes in roster is enabled.
Jul 12, 2017 3:57:39 PM eu.bavenir.vicinity.gatewayapi.xmpp.CommunicationNode establishConnection
INFO: XMPP connection for 'test_vcnt4' was established.
Jul 12, 2017 3:57:39 PM eu.bavenir.vicinity.gatewayapi.xmpp.CommunicationNode establishConnection
FINEST: A new connection for 'test_vcnt4' was added into connection pool.
Jul 12, 2017 3:57:39 PM eu.bavenir.vicinity.gatewayapi.restapi.security.AuthenticationVerifier verify
FINE: Valid credentials received from a client with IP 127.0.0.1.
Jul 12, 2017 3:57:49 PM eu.bavenir.vicinity.gatewayapi.restapi.security.AuthenticationVerifier verify
FINE: Valid credentials received from a client with IP 127.0.0.1.
Jul 12, 2017 3:57:50 PM eu.bavenir.vicinity.gatewayapi.xmpp.XmppConnectionDescriptor processMessage
FINEST: New message from test_vcnt4@vicinity.eu: {"messageType":1,"requestId":1480420583,"requestOperation":"get","requestBody":null,"attributes":{"objects":"test_vcnt7","properties":"setTemp"},"parameters":{}}
Jul 12, 2017 3:57:50 PM eu.bavenir.vicinity.gatewayapi.xmpp.XmppConnectionDescriptor processMessage
FINEST: The message is a request. Processing...
Jul 12, 2017 3:57:50 PM eu.bavenir.vicinity.gatewayapi.xmpp.AgentCommunicator assembleAgentUrl
FINEST: Assembled URL: http://4cf43466.ngrok.io:9997/agent/objects/test_vcnt7/properties/setTemp
Jul 12, 2017 3:58:08 PM eu.bavenir.vicinity.gatewayapi.restapi.security.AuthenticationVerifier verify
FINE: Valid credentials received from a client with IP 127.0.0.1.
Jul 12, 2017 3:58:08 PM eu.bavenir.vicinity.gatewayapi.xmpp.XmppConnectionDescriptor processMessage
FINEST: New message from test_vcnt4@vicinity.eu: {"messageType":1,"requestId":1906218689,"requestOperation":"get","requestBody":null,"attributes":{"objects":"test_vcnt6","properties":"setTemp"},"parameters":{}}
Jul 12, 2017 3:58:08 PM eu.bavenir.vicinity.gatewayapi.xmpp.XmppConnectionDescriptor processMessage
FINEST: The message is a request. Processing...
Jul 12, 2017 3:58:08 PM eu.bavenir.vicinity.gatewayapi.xmpp.AgentCommunicator assembleAgentUrl
FINEST: Assembled URL: http://4cf43466.ngrok.io:9997/agent/objects/test_vcnt6/properties/setTemp
