Jul 12, 2017 4:09:09 PM eu.bavenir.vicinity.gatewayapi.App initialize
CONFIG: Log file: /home/sulfo/Workspace/GatewayApi/log/2017-07-12T16:09:09.408-gateway.log
Jul 12, 2017 4:09:09 PM eu.bavenir.vicinity.gatewayapi.App main
FINE: Vicinity Gateway API initialized.
Jul 12, 2017 4:09:09 PM eu.bavenir.vicinity.gatewayapi.App main
FINE: API thread started.
Jul 12, 2017 4:09:09 PM eu.bavenir.vicinity.gatewayapi.restapi.RestletThread run
CONFIG: HTTP server configured.
Jul 12, 2017 4:09:09 PM eu.bavenir.vicinity.gatewayapi.restapi.Api configureChallengeScheme
CONFIG: HTTP Basic challenge authentication scheme configured.
Jul 12, 2017 4:09:09 PM eu.bavenir.vicinity.gatewayapi.restapi.RestletThread run
FINE: HTTP server component started.
Jul 12, 2017 4:09:19 PM eu.bavenir.vicinity.gatewayapi.xmpp.CommunicationNode isConnected
WARNING: Null record in the connection descriptor pool. XMPP user: 'test_vcnt5'.
Jul 12, 2017 4:09:19 PM eu.bavenir.vicinity.gatewayapi.xmpp.AgentCommunicator <init>
CONFIG: HTTPS protocol disabled for Agent communication
Jul 12, 2017 4:09:19 PM eu.bavenir.vicinity.gatewayapi.xmpp.XmppConnectionDescriptor buildNewConnection
CONFIG: Creating a new connection to XMPP server 'dev_be.bavenir.eu:5222' as 'test_vcnt5@vicinity.eu'
Jul 12, 2017 4:09:20 PM eu.bavenir.vicinity.gatewayapi.xmpp.XmppConnectionDescriptor buildNewConnection
CONFIG: XMPP SECURE CONNECTION IS DISABLED.
Jul 12, 2017 4:09:20 PM eu.bavenir.vicinity.gatewayapi.xmpp.XmppConnectionDescriptor connect
CONFIG: Listening for changes in roster is enabled.
Jul 12, 2017 4:09:20 PM eu.bavenir.vicinity.gatewayapi.xmpp.CommunicationNode establishConnection
INFO: XMPP connection for 'test_vcnt5' was established.
Jul 12, 2017 4:09:20 PM eu.bavenir.vicinity.gatewayapi.xmpp.CommunicationNode establishConnection
FINEST: A new connection for 'test_vcnt5' was added into connection pool.
Jul 12, 2017 4:09:20 PM eu.bavenir.vicinity.gatewayapi.restapi.security.AuthenticationVerifier verify
FINE: Valid credentials received from a client with IP 127.0.0.1.
Jul 12, 2017 4:09:20 PM eu.bavenir.vicinity.gatewayapi.xmpp.CommunicationNode isConnected
WARNING: Null record in the connection descriptor pool. XMPP user: 'test_vcnt6'.
Jul 12, 2017 4:09:20 PM eu.bavenir.vicinity.gatewayapi.xmpp.AgentCommunicator <init>
CONFIG: HTTPS protocol disabled for Agent communication
Jul 12, 2017 4:09:20 PM eu.bavenir.vicinity.gatewayapi.xmpp.XmppConnectionDescriptor buildNewConnection
CONFIG: Creating a new connection to XMPP server 'dev_be.bavenir.eu:5222' as 'test_vcnt6@vicinity.eu'
Jul 12, 2017 4:09:20 PM eu.bavenir.vicinity.gatewayapi.xmpp.XmppConnectionDescriptor buildNewConnection
CONFIG: XMPP SECURE CONNECTION IS DISABLED.
Jul 12, 2017 4:09:20 PM eu.bavenir.vicinity.gatewayapi.xmpp.XmppConnectionDescriptor connect
CONFIG: Listening for changes in roster is enabled.
Jul 12, 2017 4:09:20 PM eu.bavenir.vicinity.gatewayapi.xmpp.CommunicationNode establishConnection
INFO: XMPP connection for 'test_vcnt6' was established.
Jul 12, 2017 4:09:20 PM eu.bavenir.vicinity.gatewayapi.xmpp.CommunicationNode establishConnection
FINEST: A new connection for 'test_vcnt6' was added into connection pool.
Jul 12, 2017 4:09:20 PM eu.bavenir.vicinity.gatewayapi.restapi.security.AuthenticationVerifier verify
FINE: Valid credentials received from a client with IP 127.0.0.1.
Jul 12, 2017 4:09:20 PM eu.bavenir.vicinity.gatewayapi.xmpp.CommunicationNode isConnected
WARNING: Null record in the connection descriptor pool. XMPP user: 'test_vcnt7'.
Jul 12, 2017 4:09:20 PM eu.bavenir.vicinity.gatewayapi.xmpp.AgentCommunicator <init>
CONFIG: HTTPS protocol disabled for Agent communication
Jul 12, 2017 4:09:20 PM eu.bavenir.vicinity.gatewayapi.xmpp.XmppConnectionDescriptor buildNewConnection
CONFIG: Creating a new connection to XMPP server 'dev_be.bavenir.eu:5222' as 'test_vcnt7@vicinity.eu'
Jul 12, 2017 4:09:20 PM eu.bavenir.vicinity.gatewayapi.xmpp.XmppConnectionDescriptor buildNewConnection
CONFIG: XMPP SECURE CONNECTION IS DISABLED.
Jul 12, 2017 4:09:21 PM eu.bavenir.vicinity.gatewayapi.xmpp.XmppConnectionDescriptor connect
CONFIG: Listening for changes in roster is enabled.
Jul 12, 2017 4:09:21 PM eu.bavenir.vicinity.gatewayapi.xmpp.CommunicationNode establishConnection
INFO: XMPP connection for 'test_vcnt7' was established.
Jul 12, 2017 4:09:21 PM eu.bavenir.vicinity.gatewayapi.xmpp.CommunicationNode establishConnection
FINEST: A new connection for 'test_vcnt7' was added into connection pool.
Jul 12, 2017 4:09:21 PM eu.bavenir.vicinity.gatewayapi.restapi.security.AuthenticationVerifier verify
FINE: Valid credentials received from a client with IP 127.0.0.1.
Jul 12, 2017 4:09:31 PM eu.bavenir.vicinity.gatewayapi.xmpp.CommunicationNode isConnected
WARNING: Null record in the connection descriptor pool. XMPP user: 'test_vcnt4'.
Jul 12, 2017 4:09:31 PM eu.bavenir.vicinity.gatewayapi.xmpp.AgentCommunicator <init>
CONFIG: HTTPS protocol disabled for Agent communication
Jul 12, 2017 4:09:31 PM eu.bavenir.vicinity.gatewayapi.xmpp.XmppConnectionDescriptor buildNewConnection
CONFIG: Creating a new connection to XMPP server 'dev_be.bavenir.eu:5222' as 'test_vcnt4@vicinity.eu'
Jul 12, 2017 4:09:31 PM eu.bavenir.vicinity.gatewayapi.xmpp.XmppConnectionDescriptor buildNewConnection
CONFIG: XMPP SECURE CONNECTION IS DISABLED.
Jul 12, 2017 4:09:31 PM eu.bavenir.vicinity.gatewayapi.xmpp.XmppConnectionDescriptor connect
CONFIG: Listening for changes in roster is enabled.
Jul 12, 2017 4:09:31 PM eu.bavenir.vicinity.gatewayapi.xmpp.CommunicationNode establishConnection
INFO: XMPP connection for 'test_vcnt4' was established.
Jul 12, 2017 4:09:31 PM eu.bavenir.vicinity.gatewayapi.xmpp.CommunicationNode establishConnection
FINEST: A new connection for 'test_vcnt4' was added into connection pool.
Jul 12, 2017 4:09:31 PM eu.bavenir.vicinity.gatewayapi.restapi.security.AuthenticationVerifier verify
FINE: Valid credentials received from a client with IP 127.0.0.1.
Jul 12, 2017 4:09:36 PM eu.bavenir.vicinity.gatewayapi.restapi.security.AuthenticationVerifier verify
FINE: Valid credentials received from a client with IP 127.0.0.1.
Jul 12, 2017 4:09:37 PM eu.bavenir.vicinity.gatewayapi.xmpp.XmppConnectionDescriptor processMessage
FINEST: New message from test_vcnt4@vicinity.eu: {"messageType":1,"requestId":1591666046,"requestOperation":"get","requestBody":null,"attributes":{"objects":"test_vcnt7","properties":"setTemp"},"parameters":{}}
Jul 12, 2017 4:09:37 PM eu.bavenir.vicinity.gatewayapi.xmpp.XmppConnectionDescriptor processMessage
FINEST: The message is a request. Processing...
Jul 12, 2017 4:09:37 PM eu.bavenir.vicinity.gatewayapi.xmpp.AgentCommunicator assembleAgentUrl
FINEST: Assembled URL: http://localhost:9997/agent/objects/test_vcnt7/properties/setTemp
Jul 12, 2017 4:09:37 PM eu.bavenir.vicinity.gatewayapi.xmpp.XmppConnectionDescriptor processMessage
FINEST: New message from test_vcnt7@vicinity.eu: {"messageType":2,"requestId":1591666046,"responseCode":200,"responseCodeReason":"OK","responseBody":"{\"reason\":\"java.lang.Exception: Missing interaction pattern [property] thing for OID: test_vcnt7 / pattern id: setTemp\\n\\tat sk.intersoft.vicinity.agent.config.AgentConfig.getInteractionPattern(AgentConfig.java:70)\\n\\tat sk.intersoft.vicinity.agent.config.AgentConfig.getReadHref(AgentConfig.java:77)\\n\\tat sk.intersoft.vicinity.agent.adapter.AdapterEndpoint.getEndpoint(AdapterEndpoint.java:20)\\n\\tat sk.intersoft.vicinity.agent.service.resource.ObjectGetSetPropertyResource.getPropertyValue(ObjectGetSetPropertyResource.java:28)\\n\\tat sun.reflect.NativeMethodAccessorImpl.invoke0(Native Method)\\n\\tat sun.reflect.NativeMethodAccessorImpl.invoke(NativeMethodAccessorImpl.java:62)\\n\\tat sun.reflect.DelegatingMethodAccessorImpl.invoke(DelegatingMethodAccessorImpl.java:43)\\n\\tat java.lang.reflect.Method.invoke(Method.java:498)\\n\\tat org.restlet.resource.ServerResource.doHandle(ServerResource.java:511)\\n\\tat org.restlet.resource.ServerResource.get(ServerResource.java:723)\\n\\tat org.restlet.resource.ServerResource.doHandle(ServerResource.java:603)\\n\\tat org.restlet.resource.ServerResource.doNegotiatedHandle(ServerResource.java:662)\\n\\tat org.restlet.resource.ServerResource.doConditionalHandle(ServerResource.java:348)\\n\\tat org.restlet.resource.ServerResource.handle(ServerResource.java:1020)\\n\\tat org.restlet.resource.Finder.handle(Finder.java:236)\\n\\tat org.restlet.routing.Filter.doHandle(Filter.java:150)\\n\\tat org.restlet.routing.Filter.handle(Filter.java:197)\\n\\tat org.restlet.routing.Router.doHandle(Router.java:422)\\n\\tat org.restlet.routing.Router.handle(Router.java:641)\\n\\tat org.restlet.routing.Filter.doHandle(Filter.java:150)\\n\\tat org.restlet.routing.Filter.handle(Filter.java:197)\\n\\tat org.restlet.routing.Filter.doHandle(Filter.java:150)\\n\\tat org.restlet.routing.Filter.handle(Filter.java:197)\\n\\tat org.restlet.routing.Filter.doHandle(Filter.java:150)\\n\\tat org.restlet.routing.Filter.handle(Filter.java:197)\\n\\tat org.restlet.routing.Filter.doHandle(Filter.java:150)\\n\\tat org.restlet.engine.application.StatusFilter.doHandle(StatusFilter.java:140)\\n\\tat org.restlet.routing.Filter.handle(Filter.java:197)\\n\\tat org.restlet.routing.Filter.doHandle(Filter.java:150)\\n\\tat org.restlet.routing.Filter.handle(Filter.java:197)\\n\\tat org.restlet.engine.CompositeHelper.handle(CompositeHelper.java:202)\\n\\tat org.restlet.engine.application.ApplicationHelper.handle(ApplicationHelper.java:77)\\n\\tat org.restlet.Application.handle(Application.java:385)\\n\\tat org.restlet.routing.Filter.doHandle(Filter.java:150)\\n\\tat org.restlet.routing.Filter.handle(Filter.java:197)\\n\\tat org.restlet.routing.Router.doHandle(Router.java:422)\\n\\tat org.restlet.routing.Router.handle(Router.java:641)\\n\\tat org.restlet.routing.Filter.doHandle(Filter.java:150)\\n\\tat org.restlet.routing.Filter.handle(Filter.java:197)\\n\\tat org.restlet.routing.Router.doHandle(Router.java:422)\\n\\tat org.restlet.routing.Router.handle(Router.java:641)\\n\\tat org.restlet.routing.Filter.doHandle(Filter.java:150)\\n\\tat org.restlet.engine.application.StatusFilter.doHandle(StatusFilter.java:140)\\n\\tat org.restlet.routing.Filter.handle(Filter.java:197)\\n\\tat org.restlet.routing.Filter.doHandle(Filter.java:150)\\n\\tat org.restlet.routing.Filter.handle(Filter.java:197)\\n\\tat org.restlet.engine.CompositeHelper.handle(CompositeHelper.java:202)\\n\\tat org.restlet.Component.handle(Component.java:408)\\n\\tat org.restlet.Server.handle(Server.java:507)\\n\\tat org.restlet.engine.connector.ServerHelper.handle(ServerHelper.java:63)\\n\\tat org.restlet.engine.adapter.HttpServerHelper.handle(HttpServerHelper.java:143)\\n\\tat org.restlet.engine.connector.HttpServerHelper$1.handle(HttpServerHelper.java:64)\\n\\tat com.sun.net.httpserver.Filter$Chain.doFilter(Filter.java:79)\\n\\tat sun.net.httpserver.AuthFilter.doFilter(AuthFilter.java:83)\\n\\tat com.sun.net.httpserver.Filter$Chain.doFilter(Filter.java:82)\\n\\tat sun.net.httpserver.ServerImpl$Exchange$LinkHandler.handle(ServerImpl.java:675)\\n\\tat com.sun.net.httpserver.Filter$Chain.doFilter(Filter.java:79)\\n\\tat sun.net.httpserver.ServerImpl$Exchange.run(ServerImpl.java:647)\\n\\tat java.util.concurrent.ThreadPoolExecutor.runWorker(ThreadPoolExecutor.java:1142)\\n\\tat java.util.concurrent.ThreadPoolExecutor$Worker.run(ThreadPoolExecutor.java:617)\\n\\tat java.lang.Thread.run(Thread.java:748)\\n\",\"status\":\"failure\"}"}
Jul 12, 2017 4:09:37 PM eu.bavenir.vicinity.gatewayapi.xmpp.XmppConnectionDescriptor processMessage
FINEST: This message is a response. Adding to incoming queue...
Jul 12, 2017 4:09:50 PM eu.bavenir.vicinity.gatewayapi.restapi.security.AuthenticationVerifier verify
FINE: Valid credentials received from a client with IP 127.0.0.1.
Jul 12, 2017 4:09:50 PM eu.bavenir.vicinity.gatewayapi.xmpp.XmppConnectionDescriptor processMessage
FINEST: New message from test_vcnt4@vicinity.eu: {"messageType":1,"requestId":558361487,"requestOperation":"get","requestBody":null,"attributes":{"objects":"test_vcnt6","properties":"setTemp"},"parameters":{}}
Jul 12, 2017 4:09:50 PM eu.bavenir.vicinity.gatewayapi.xmpp.XmppConnectionDescriptor processMessage
FINEST: The message is a request. Processing...
Jul 12, 2017 4:09:50 PM eu.bavenir.vicinity.gatewayapi.xmpp.AgentCommunicator assembleAgentUrl
FINEST: Assembled URL: http://localhost:9997/agent/objects/test_vcnt6/properties/setTemp
Jul 12, 2017 4:09:50 PM eu.bavenir.vicinity.gatewayapi.xmpp.XmppConnectionDescriptor processMessage
FINEST: New message from test_vcnt6@vicinity.eu: {"messageType":2,"requestId":558361487,"responseCode":200,"responseCodeReason":"OK","responseBody":"{\"reason\":\"java.lang.Exception: Missing interaction pattern [property] thing for OID: test_vcnt6 / pattern id: setTemp\\n\\tat sk.intersoft.vicinity.agent.config.AgentConfig.getInteractionPattern(AgentConfig.java:70)\\n\\tat sk.intersoft.vicinity.agent.config.AgentConfig.getReadHref(AgentConfig.java:77)\\n\\tat sk.intersoft.vicinity.agent.adapter.AdapterEndpoint.getEndpoint(AdapterEndpoint.java:20)\\n\\tat sk.intersoft.vicinity.agent.service.resource.ObjectGetSetPropertyResource.getPropertyValue(ObjectGetSetPropertyResource.java:28)\\n\\tat sun.reflect.NativeMethodAccessorImpl.invoke0(Native Method)\\n\\tat sun.reflect.NativeMethodAccessorImpl.invoke(NativeMethodAccessorImpl.java:62)\\n\\tat sun.reflect.DelegatingMethodAccessorImpl.invoke(DelegatingMethodAccessorImpl.java:43)\\n\\tat java.lang.reflect.Method.invoke(Method.java:498)\\n\\tat org.restlet.resource.ServerResource.doHandle(ServerResource.java:511)\\n\\tat org.restlet.resource.ServerResource.get(ServerResource.java:723)\\n\\tat org.restlet.resource.ServerResource.doHandle(ServerResource.java:603)\\n\\tat org.restlet.resource.ServerResource.doNegotiatedHandle(ServerResource.java:662)\\n\\tat org.restlet.resource.ServerResource.doConditionalHandle(ServerResource.java:348)\\n\\tat org.restlet.resource.ServerResource.handle(ServerResource.java:1020)\\n\\tat org.restlet.resource.Finder.handle(Finder.java:236)\\n\\tat org.restlet.routing.Filter.doHandle(Filter.java:150)\\n\\tat org.restlet.routing.Filter.handle(Filter.java:197)\\n\\tat org.restlet.routing.Router.doHandle(Router.java:422)\\n\\tat org.restlet.routing.Router.handle(Router.java:641)\\n\\tat org.restlet.routing.Filter.doHandle(Filter.java:150)\\n\\tat org.restlet.routing.Filter.handle(Filter.java:197)\\n\\tat org.restlet.routing.Filter.doHandle(Filter.java:150)\\n\\tat org.restlet.routing.Filter.handle(Filter.java:197)\\n\\tat org.restlet.routing.Filter.doHandle(Filter.java:150)\\n\\tat org.restlet.routing.Filter.handle(Filter.java:197)\\n\\tat org.restlet.routing.Filter.doHandle(Filter.java:150)\\n\\tat org.restlet.engine.application.StatusFilter.doHandle(StatusFilter.java:140)\\n\\tat org.restlet.routing.Filter.handle(Filter.java:197)\\n\\tat org.restlet.routing.Filter.doHandle(Filter.java:150)\\n\\tat org.restlet.routing.Filter.handle(Filter.java:197)\\n\\tat org.restlet.engine.CompositeHelper.handle(CompositeHelper.java:202)\\n\\tat org.restlet.engine.application.ApplicationHelper.handle(ApplicationHelper.java:77)\\n\\tat org.restlet.Application.handle(Application.java:385)\\n\\tat org.restlet.routing.Filter.doHandle(Filter.java:150)\\n\\tat org.restlet.routing.Filter.handle(Filter.java:197)\\n\\tat org.restlet.routing.Router.doHandle(Router.java:422)\\n\\tat org.restlet.routing.Router.handle(Router.java:641)\\n\\tat org.restlet.routing.Filter.doHandle(Filter.java:150)\\n\\tat org.restlet.routing.Filter.handle(Filter.java:197)\\n\\tat org.restlet.routing.Router.doHandle(Router.java:422)\\n\\tat org.restlet.routing.Router.handle(Router.java:641)\\n\\tat org.restlet.routing.Filter.doHandle(Filter.java:150)\\n\\tat org.restlet.engine.application.StatusFilter.doHandle(StatusFilter.java:140)\\n\\tat org.restlet.routing.Filter.handle(Filter.java:197)\\n\\tat org.restlet.routing.Filter.doHandle(Filter.java:150)\\n\\tat org.restlet.routing.Filter.handle(Filter.java:197)\\n\\tat org.restlet.engine.CompositeHelper.handle(CompositeHelper.java:202)\\n\\tat org.restlet.Component.handle(Component.java:408)\\n\\tat org.restlet.Server.handle(Server.java:507)\\n\\tat org.restlet.engine.connector.ServerHelper.handle(ServerHelper.java:63)\\n\\tat org.restlet.engine.adapter.HttpServerHelper.handle(HttpServerHelper.java:143)\\n\\tat org.restlet.engine.connector.HttpServerHelper$1.handle(HttpServerHelper.java:64)\\n\\tat com.sun.net.httpserver.Filter$Chain.doFilter(Filter.java:79)\\n\\tat sun.net.httpserver.AuthFilter.doFilter(AuthFilter.java:83)\\n\\tat com.sun.net.httpserver.Filter$Chain.doFilter(Filter.java:82)\\n\\tat sun.net.httpserver.ServerImpl$Exchange$LinkHandler.handle(ServerImpl.java:675)\\n\\tat com.sun.net.httpserver.Filter$Chain.doFilter(Filter.java:79)\\n\\tat sun.net.httpserver.ServerImpl$Exchange.run(ServerImpl.java:647)\\n\\tat java.util.concurrent.ThreadPoolExecutor.runWorker(ThreadPoolExecutor.java:1142)\\n\\tat java.util.concurrent.ThreadPoolExecutor$Worker.run(ThreadPoolExecutor.java:617)\\n\\tat java.lang.Thread.run(Thread.java:748)\\n\",\"status\":\"failure\"}"}
Jul 12, 2017 4:09:50 PM eu.bavenir.vicinity.gatewayapi.xmpp.XmppConnectionDescriptor processMessage
FINEST: This message is a response. Adding to incoming queue...
Jul 12, 2017 4:10:17 PM eu.bavenir.vicinity.gatewayapi.restapi.security.AuthenticationVerifier verify
FINE: Valid credentials received from a client with IP 127.0.0.1.
Jul 12, 2017 4:10:51 PM eu.bavenir.vicinity.gatewayapi.restapi.security.AuthenticationVerifier verify
FINE: Valid credentials received from a client with IP 127.0.0.1.
Jul 12, 2017 4:11:20 PM eu.bavenir.vicinity.gatewayapi.restapi.security.AuthenticationVerifier verify
FINE: Valid credentials received from a client with IP 127.0.0.1.
Jul 12, 2017 4:11:20 PM eu.bavenir.vicinity.gatewayapi.xmpp.XmppConnectionDescriptor disconnect
FINE: XMPP user 'test_vcnt6' disconnected.
Jul 12, 2017 4:11:20 PM eu.bavenir.vicinity.gatewayapi.xmpp.CommunicationNode terminateConnection
INFO: Connection to XMPP for user 'test_vcnt6' destroyed.
Jul 12, 2017 4:11:20 PM eu.bavenir.vicinity.gatewayapi.restapi.security.AuthenticationVerifier verify
FINE: Valid credentials received from a client with IP 127.0.0.1.
Jul 12, 2017 4:11:20 PM eu.bavenir.vicinity.gatewayapi.xmpp.XmppConnectionDescriptor disconnect
FINE: XMPP user 'test_vcnt7' disconnected.
Jul 12, 2017 4:11:20 PM eu.bavenir.vicinity.gatewayapi.xmpp.CommunicationNode terminateConnection
INFO: Connection to XMPP for user 'test_vcnt7' destroyed.
Jul 12, 2017 4:11:21 PM eu.bavenir.vicinity.gatewayapi.restapi.security.AuthenticationVerifier verify
FINE: Valid credentials received from a client with IP 127.0.0.1.
Jul 12, 2017 4:11:21 PM eu.bavenir.vicinity.gatewayapi.xmpp.XmppConnectionDescriptor disconnect
FINE: XMPP user 'test_vcnt5' disconnected.
Jul 12, 2017 4:11:21 PM eu.bavenir.vicinity.gatewayapi.xmpp.CommunicationNode terminateConnection
INFO: Connection to XMPP for user 'test_vcnt5' destroyed.
