Jul 04, 2017 5:21:48 PM eu.bavenir.vicinity.gatewayapi.App initialize
CONFIG: Log file: /home/sulfo/Workspace/GatewayApi/log/2017-07-04T17:21:48.965-gateway.log
Jul 04, 2017 5:21:49 PM eu.bavenir.vicinity.gatewayapi.App main
FINE: Vicinity Gateway API initialized.
Jul 04, 2017 5:21:49 PM eu.bavenir.vicinity.gatewayapi.App main
FINE: API thread started.
Jul 04, 2017 5:21:49 PM eu.bavenir.vicinity.gatewayapi.restapi.RestletThread run
CONFIG: HTTP server configured.
Jul 04, 2017 5:21:49 PM eu.bavenir.vicinity.gatewayapi.restapi.Api configureChallengeScheme
CONFIG: HTTP Basic challenge authentication scheme configured.
Jul 04, 2017 5:21:49 PM eu.bavenir.vicinity.gatewayapi.restapi.RestletThread run
FINE: HTTP server component started.
Jul 04, 2017 5:22:58 PM eu.bavenir.vicinity.gatewayapi.xmpp.CommunicationNode isConnected
WARNING: Null record in the connection descriptor pool. XMPP user: 'test_vcnt0'.
Jul 04, 2017 5:22:58 PM eu.bavenir.vicinity.gatewayapi.xmpp.AgentCommunicator <init>
CONFIG: HTTPS protocol disabled for Agent communication
Jul 04, 2017 5:22:58 PM eu.bavenir.vicinity.gatewayapi.xmpp.XmppConnectionDescriptor buildNewConnection
CONFIG: Creating a new connection to XMPP server 'dev_be.bavenir.eu:5222' as 'test_vcnt0@vicinity.eu'
Jul 04, 2017 5:22:58 PM eu.bavenir.vicinity.gatewayapi.xmpp.XmppConnectionDescriptor buildNewConnection
CONFIG: XMPP SECURE CONNECTION IS DISABLED.
Jul 04, 2017 5:22:59 PM eu.bavenir.vicinity.gatewayapi.xmpp.XmppConnectionDescriptor connect
CONFIG: Listening for changes in roster is enabled.
Jul 04, 2017 5:22:59 PM eu.bavenir.vicinity.gatewayapi.xmpp.CommunicationNode establishConnection
INFO: XMPP connection for 'test_vcnt0' was established.
Jul 04, 2017 5:22:59 PM eu.bavenir.vicinity.gatewayapi.xmpp.CommunicationNode establishConnection
FINEST: A new connection for 'test_vcnt0' was added into connection pool.
Jul 04, 2017 5:22:59 PM eu.bavenir.vicinity.gatewayapi.restapi.security.AuthenticationVerifier verify
FINE: Valid credentials received from a client with IP 127.0.0.1.
Jul 04, 2017 5:22:59 PM eu.bavenir.vicinity.gatewayapi.xmpp.CommunicationNode isConnected
WARNING: Null record in the connection descriptor pool. XMPP user: '235ad597-008a-41eb-9d94-3efe646e37f2'.
Jul 04, 2017 5:22:59 PM eu.bavenir.vicinity.gatewayapi.xmpp.AgentCommunicator <init>
CONFIG: HTTPS protocol disabled for Agent communication
Jul 04, 2017 5:22:59 PM eu.bavenir.vicinity.gatewayapi.xmpp.XmppConnectionDescriptor buildNewConnection
CONFIG: Creating a new connection to XMPP server 'dev_be.bavenir.eu:5222' as '235ad597-008a-41eb-9d94-3efe646e37f2@vicinity.eu'
Jul 04, 2017 5:22:59 PM eu.bavenir.vicinity.gatewayapi.xmpp.XmppConnectionDescriptor buildNewConnection
CONFIG: XMPP SECURE CONNECTION IS DISABLED.
Jul 04, 2017 5:22:59 PM eu.bavenir.vicinity.gatewayapi.xmpp.XmppConnectionDescriptor connect
CONFIG: Listening for changes in roster is enabled.
Jul 04, 2017 5:22:59 PM eu.bavenir.vicinity.gatewayapi.xmpp.CommunicationNode establishConnection
INFO: XMPP connection for '235ad597-008a-41eb-9d94-3efe646e37f2' was established.
Jul 04, 2017 5:22:59 PM eu.bavenir.vicinity.gatewayapi.xmpp.CommunicationNode establishConnection
FINEST: A new connection for '235ad597-008a-41eb-9d94-3efe646e37f2' was added into connection pool.
Jul 04, 2017 5:22:59 PM eu.bavenir.vicinity.gatewayapi.restapi.security.AuthenticationVerifier verify
FINE: Valid credentials received from a client with IP 127.0.0.1.
Jul 04, 2017 5:31:27 PM eu.bavenir.vicinity.gatewayapi.restapi.security.AuthenticationVerifier verify
FINE: Valid credentials received from a client with IP 127.0.0.1.
Jul 04, 2017 5:31:27 PM eu.bavenir.vicinity.gatewayapi.xmpp.XmppConnectionDescriptor disconnect
FINE: XMPP user '235ad597-008a-41eb-9d94-3efe646e37f2' disconnected.
Jul 04, 2017 5:31:27 PM eu.bavenir.vicinity.gatewayapi.xmpp.CommunicationNode terminateConnection
INFO: Connection to XMPP for user '235ad597-008a-41eb-9d94-3efe646e37f2' destroyed.
Jul 04, 2017 5:31:27 PM eu.bavenir.vicinity.gatewayapi.restapi.security.AuthenticationVerifier verify
FINE: Valid credentials received from a client with IP 127.0.0.1.
Jul 04, 2017 5:31:27 PM eu.bavenir.vicinity.gatewayapi.xmpp.XmppConnectionDescriptor disconnect
FINE: XMPP user 'test_vcnt0' disconnected.
Jul 04, 2017 5:31:27 PM eu.bavenir.vicinity.gatewayapi.xmpp.CommunicationNode terminateConnection
INFO: Connection to XMPP for user 'test_vcnt0' destroyed.
Jul 04, 2017 5:31:42 PM eu.bavenir.vicinity.gatewayapi.xmpp.CommunicationNode isConnected
WARNING: Null record in the connection descriptor pool. XMPP user: 'test_vcnt4'.
Jul 04, 2017 5:31:42 PM eu.bavenir.vicinity.gatewayapi.xmpp.AgentCommunicator <init>
CONFIG: HTTPS protocol disabled for Agent communication
Jul 04, 2017 5:31:42 PM eu.bavenir.vicinity.gatewayapi.xmpp.XmppConnectionDescriptor buildNewConnection
CONFIG: Creating a new connection to XMPP server 'dev_be.bavenir.eu:5222' as 'test_vcnt4@vicinity.eu'
Jul 04, 2017 5:31:42 PM eu.bavenir.vicinity.gatewayapi.xmpp.XmppConnectionDescriptor buildNewConnection
CONFIG: XMPP SECURE CONNECTION IS DISABLED.
Jul 04, 2017 5:31:42 PM eu.bavenir.vicinity.gatewayapi.xmpp.XmppConnectionDescriptor connect
CONFIG: Listening for changes in roster is enabled.
Jul 04, 2017 5:31:42 PM eu.bavenir.vicinity.gatewayapi.xmpp.CommunicationNode establishConnection
INFO: XMPP connection for 'test_vcnt4' was established.
Jul 04, 2017 5:31:42 PM eu.bavenir.vicinity.gatewayapi.xmpp.CommunicationNode establishConnection
FINEST: A new connection for 'test_vcnt4' was added into connection pool.
Jul 04, 2017 5:31:42 PM eu.bavenir.vicinity.gatewayapi.restapi.security.AuthenticationVerifier verify
FINE: Valid credentials received from a client with IP 127.0.0.1.
Jul 04, 2017 5:31:59 PM eu.bavenir.vicinity.gatewayapi.xmpp.CommunicationNode isConnected
WARNING: Null record in the connection descriptor pool. XMPP user: 'test_vcnt5'.
Jul 04, 2017 5:31:59 PM eu.bavenir.vicinity.gatewayapi.xmpp.AgentCommunicator <init>
CONFIG: HTTPS protocol disabled for Agent communication
Jul 04, 2017 5:31:59 PM eu.bavenir.vicinity.gatewayapi.xmpp.XmppConnectionDescriptor buildNewConnection
CONFIG: Creating a new connection to XMPP server 'dev_be.bavenir.eu:5222' as 'test_vcnt5@vicinity.eu'
Jul 04, 2017 5:31:59 PM eu.bavenir.vicinity.gatewayapi.xmpp.XmppConnectionDescriptor buildNewConnection
CONFIG: XMPP SECURE CONNECTION IS DISABLED.
Jul 04, 2017 5:31:59 PM eu.bavenir.vicinity.gatewayapi.xmpp.XmppConnectionDescriptor connect
CONFIG: Listening for changes in roster is enabled.
Jul 04, 2017 5:31:59 PM eu.bavenir.vicinity.gatewayapi.xmpp.CommunicationNode establishConnection
INFO: XMPP connection for 'test_vcnt5' was established.
Jul 04, 2017 5:31:59 PM eu.bavenir.vicinity.gatewayapi.xmpp.CommunicationNode establishConnection
FINEST: A new connection for 'test_vcnt5' was added into connection pool.
Jul 04, 2017 5:31:59 PM eu.bavenir.vicinity.gatewayapi.restapi.security.AuthenticationVerifier verify
FINE: Valid credentials received from a client with IP 127.0.0.1.
Jul 04, 2017 5:40:13 PM eu.bavenir.vicinity.gatewayapi.restapi.security.AuthenticationVerifier verify
FINE: Valid credentials received from a client with IP 127.0.0.1.
Jul 04, 2017 5:41:11 PM eu.bavenir.vicinity.gatewayapi.restapi.security.AuthenticationVerifier verify
FINE: Valid credentials received from a client with IP 127.0.0.1.
Jul 04, 2017 5:41:11 PM eu.bavenir.vicinity.gatewayapi.xmpp.XmppConnectionDescriptor processMessage
FINEST: New message from test_vcnt4@vicinity.eu: {"messageType":1,"requestId":1350825007,"requestOperation":"post","requestBody":"{}","attributes":{"objects":"test_vcnt5","events":"volaco"},"parameters":{}}
Jul 04, 2017 5:41:11 PM eu.bavenir.vicinity.gatewayapi.xmpp.XmppConnectionDescriptor processMessage
FINEST: The message is a request. Processing...
Jul 04, 2017 5:41:11 PM eu.bavenir.vicinity.gatewayapi.xmpp.AgentCommunicator assembleAgentUrl
FINEST: Assembled URL: http://4cf43466.ngrok.io:9997/agent/objects/test_vcnt5/events/volaco
Jul 04, 2017 5:43:11 PM eu.bavenir.vicinity.gatewayapi.restapi.security.AuthenticationVerifier verify
FINE: Valid credentials received from a client with IP 127.0.0.1.
Jul 04, 2017 5:47:44 PM eu.bavenir.vicinity.gatewayapi.xmpp.CommunicationNode isConnected
WARNING: Null record in the connection descriptor pool. XMPP user: 'test_vcnt0'.
Jul 04, 2017 5:47:44 PM eu.bavenir.vicinity.gatewayapi.xmpp.AgentCommunicator <init>
CONFIG: HTTPS protocol disabled for Agent communication
Jul 04, 2017 5:47:44 PM eu.bavenir.vicinity.gatewayapi.xmpp.XmppConnectionDescriptor buildNewConnection
CONFIG: Creating a new connection to XMPP server 'dev_be.bavenir.eu:5222' as 'test_vcnt0@vicinity.eu'
Jul 04, 2017 5:47:44 PM eu.bavenir.vicinity.gatewayapi.xmpp.XmppConnectionDescriptor buildNewConnection
CONFIG: XMPP SECURE CONNECTION IS DISABLED.
Jul 04, 2017 5:47:44 PM eu.bavenir.vicinity.gatewayapi.xmpp.XmppConnectionDescriptor connect
CONFIG: Listening for changes in roster is enabled.
Jul 04, 2017 5:47:44 PM eu.bavenir.vicinity.gatewayapi.xmpp.CommunicationNode establishConnection
INFO: XMPP connection for 'test_vcnt0' was established.
Jul 04, 2017 5:47:44 PM eu.bavenir.vicinity.gatewayapi.xmpp.CommunicationNode establishConnection
FINEST: A new connection for 'test_vcnt0' was added into connection pool.
Jul 04, 2017 5:47:44 PM eu.bavenir.vicinity.gatewayapi.restapi.security.AuthenticationVerifier verify
FINE: Valid credentials received from a client with IP 127.0.0.1.
Jul 04, 2017 5:47:44 PM eu.bavenir.vicinity.gatewayapi.xmpp.CommunicationNode isConnected
WARNING: Null record in the connection descriptor pool. XMPP user: '235ad597-008a-41eb-9d94-3efe646e37f2'.
Jul 04, 2017 5:47:44 PM eu.bavenir.vicinity.gatewayapi.xmpp.AgentCommunicator <init>
CONFIG: HTTPS protocol disabled for Agent communication
Jul 04, 2017 5:47:44 PM eu.bavenir.vicinity.gatewayapi.xmpp.XmppConnectionDescriptor buildNewConnection
CONFIG: Creating a new connection to XMPP server 'dev_be.bavenir.eu:5222' as '235ad597-008a-41eb-9d94-3efe646e37f2@vicinity.eu'
Jul 04, 2017 5:47:44 PM eu.bavenir.vicinity.gatewayapi.xmpp.XmppConnectionDescriptor buildNewConnection
CONFIG: XMPP SECURE CONNECTION IS DISABLED.
Jul 04, 2017 5:47:45 PM eu.bavenir.vicinity.gatewayapi.xmpp.XmppConnectionDescriptor connect
CONFIG: Listening for changes in roster is enabled.
Jul 04, 2017 5:47:45 PM eu.bavenir.vicinity.gatewayapi.xmpp.CommunicationNode establishConnection
INFO: XMPP connection for '235ad597-008a-41eb-9d94-3efe646e37f2' was established.
Jul 04, 2017 5:47:45 PM eu.bavenir.vicinity.gatewayapi.xmpp.CommunicationNode establishConnection
FINEST: A new connection for '235ad597-008a-41eb-9d94-3efe646e37f2' was added into connection pool.
Jul 04, 2017 5:47:45 PM eu.bavenir.vicinity.gatewayapi.restapi.security.AuthenticationVerifier verify
FINE: Valid credentials received from a client with IP 127.0.0.1.
Jul 04, 2017 5:51:49 PM eu.bavenir.vicinity.gatewayapi.restapi.security.AuthenticationVerifier verify
FINE: Valid credentials received from a client with IP 127.0.0.1.
Jul 04, 2017 5:53:40 PM eu.bavenir.vicinity.gatewayapi.restapi.security.AuthenticationVerifier verify
FINE: Valid credentials received from a client with IP 127.0.0.1.
Jul 04, 2017 5:53:40 PM eu.bavenir.vicinity.gatewayapi.xmpp.XmppConnectionDescriptor disconnect
FINE: XMPP user '235ad597-008a-41eb-9d94-3efe646e37f2' disconnected.
Jul 04, 2017 5:53:40 PM eu.bavenir.vicinity.gatewayapi.xmpp.CommunicationNode terminateConnection
INFO: Connection to XMPP for user '235ad597-008a-41eb-9d94-3efe646e37f2' destroyed.
Jul 04, 2017 5:53:40 PM eu.bavenir.vicinity.gatewayapi.restapi.security.AuthenticationVerifier verify
FINE: Valid credentials received from a client with IP 127.0.0.1.
Jul 04, 2017 5:53:40 PM eu.bavenir.vicinity.gatewayapi.xmpp.XmppConnectionDescriptor disconnect
FINE: XMPP user 'test_vcnt0' disconnected.
Jul 04, 2017 5:53:40 PM eu.bavenir.vicinity.gatewayapi.xmpp.CommunicationNode terminateConnection
INFO: Connection to XMPP for user 'test_vcnt0' destroyed.
Jul 04, 2017 5:53:59 PM eu.bavenir.vicinity.gatewayapi.xmpp.CommunicationNode isConnected
WARNING: Null record in the connection descriptor pool. XMPP user: 'test_vcnt0'.
Jul 04, 2017 5:53:59 PM eu.bavenir.vicinity.gatewayapi.xmpp.AgentCommunicator <init>
CONFIG: HTTPS protocol disabled for Agent communication
Jul 04, 2017 5:53:59 PM eu.bavenir.vicinity.gatewayapi.xmpp.XmppConnectionDescriptor buildNewConnection
CONFIG: Creating a new connection to XMPP server 'dev_be.bavenir.eu:5222' as 'test_vcnt0@vicinity.eu'
Jul 04, 2017 5:53:59 PM eu.bavenir.vicinity.gatewayapi.xmpp.XmppConnectionDescriptor buildNewConnection
CONFIG: XMPP SECURE CONNECTION IS DISABLED.
Jul 04, 2017 5:54:00 PM eu.bavenir.vicinity.gatewayapi.xmpp.XmppConnectionDescriptor connect
CONFIG: Listening for changes in roster is enabled.
Jul 04, 2017 5:54:00 PM eu.bavenir.vicinity.gatewayapi.xmpp.CommunicationNode establishConnection
INFO: XMPP connection for 'test_vcnt0' was established.
Jul 04, 2017 5:54:00 PM eu.bavenir.vicinity.gatewayapi.xmpp.CommunicationNode establishConnection
FINEST: A new connection for 'test_vcnt0' was added into connection pool.
Jul 04, 2017 5:54:00 PM eu.bavenir.vicinity.gatewayapi.restapi.security.AuthenticationVerifier verify
FINE: Valid credentials received from a client with IP 127.0.0.1.
Jul 04, 2017 5:54:00 PM eu.bavenir.vicinity.gatewayapi.xmpp.CommunicationNode isConnected
WARNING: Null record in the connection descriptor pool. XMPP user: '235ad597-008a-41eb-9d94-3efe646e37f2'.
Jul 04, 2017 5:54:00 PM eu.bavenir.vicinity.gatewayapi.xmpp.AgentCommunicator <init>
CONFIG: HTTPS protocol disabled for Agent communication
Jul 04, 2017 5:54:00 PM eu.bavenir.vicinity.gatewayapi.xmpp.XmppConnectionDescriptor buildNewConnection
CONFIG: Creating a new connection to XMPP server 'dev_be.bavenir.eu:5222' as '235ad597-008a-41eb-9d94-3efe646e37f2@vicinity.eu'
Jul 04, 2017 5:54:00 PM eu.bavenir.vicinity.gatewayapi.xmpp.XmppConnectionDescriptor buildNewConnection
CONFIG: XMPP SECURE CONNECTION IS DISABLED.
Jul 04, 2017 5:54:00 PM eu.bavenir.vicinity.gatewayapi.xmpp.XmppConnectionDescriptor connect
CONFIG: Listening for changes in roster is enabled.
Jul 04, 2017 5:54:00 PM eu.bavenir.vicinity.gatewayapi.xmpp.CommunicationNode establishConnection
INFO: XMPP connection for '235ad597-008a-41eb-9d94-3efe646e37f2' was established.
Jul 04, 2017 5:54:00 PM eu.bavenir.vicinity.gatewayapi.xmpp.CommunicationNode establishConnection
FINEST: A new connection for '235ad597-008a-41eb-9d94-3efe646e37f2' was added into connection pool.
Jul 04, 2017 5:54:00 PM eu.bavenir.vicinity.gatewayapi.restapi.security.AuthenticationVerifier verify
FINE: Valid credentials received from a client with IP 127.0.0.1.
Jul 04, 2017 5:54:16 PM eu.bavenir.vicinity.gatewayapi.xmpp.XmppConnectionDescriptor processMessage
FINEST: New message from test_vcnt4@vicinity.eu: {"messageType":1,"requestId":818524587,"requestOperation":"post","requestBody":"{}","attributes":{"objects":"test_vcnt5","events":"volaco"},"parameters":{}}
Jul 04, 2017 5:54:16 PM eu.bavenir.vicinity.gatewayapi.xmpp.XmppConnectionDescriptor processMessage
FINEST: The message is a request. Processing...
Jul 04, 2017 5:54:16 PM eu.bavenir.vicinity.gatewayapi.xmpp.AgentCommunicator assembleAgentUrl
FINEST: Assembled URL: http://4cf43466.ngrok.io:9997/agent/objects/test_vcnt5/events/volaco
Jul 04, 2017 5:54:16 PM eu.bavenir.vicinity.gatewayapi.xmpp.XmppConnectionDescriptor processMessage
FINEST: New message from test_vcnt5@vicinity.eu: {"messageType":2,"requestId":1350825007,"responseCode":200,"responseBody":""}
Jul 04, 2017 5:54:16 PM eu.bavenir.vicinity.gatewayapi.xmpp.XmppConnectionDescriptor processMessage
FINEST: This message is a response. Adding to incoming queue...
Jul 04, 2017 5:55:28 PM eu.bavenir.vicinity.gatewayapi.restapi.security.AuthenticationVerifier verify
FINE: Valid credentials received from a client with IP 127.0.0.1.
Jul 04, 2017 5:55:28 PM eu.bavenir.vicinity.gatewayapi.xmpp.XmppConnectionDescriptor disconnect
FINE: XMPP user '235ad597-008a-41eb-9d94-3efe646e37f2' disconnected.
Jul 04, 2017 5:55:28 PM eu.bavenir.vicinity.gatewayapi.xmpp.CommunicationNode terminateConnection
INFO: Connection to XMPP for user '235ad597-008a-41eb-9d94-3efe646e37f2' destroyed.
Jul 04, 2017 5:55:29 PM eu.bavenir.vicinity.gatewayapi.restapi.security.AuthenticationVerifier verify
FINE: Valid credentials received from a client with IP 127.0.0.1.
Jul 04, 2017 5:55:29 PM eu.bavenir.vicinity.gatewayapi.xmpp.XmppConnectionDescriptor disconnect
FINE: XMPP user 'test_vcnt0' disconnected.
Jul 04, 2017 5:55:29 PM eu.bavenir.vicinity.gatewayapi.xmpp.CommunicationNode terminateConnection
INFO: Connection to XMPP for user 'test_vcnt0' destroyed.
Jul 04, 2017 5:58:05 PM eu.bavenir.vicinity.gatewayapi.xmpp.CommunicationNode isConnected
WARNING: Null record in the connection descriptor pool. XMPP user: 'test_vcnt0'.
Jul 04, 2017 5:58:05 PM eu.bavenir.vicinity.gatewayapi.xmpp.AgentCommunicator <init>
CONFIG: HTTPS protocol disabled for Agent communication
Jul 04, 2017 5:58:05 PM eu.bavenir.vicinity.gatewayapi.xmpp.XmppConnectionDescriptor buildNewConnection
CONFIG: Creating a new connection to XMPP server 'dev_be.bavenir.eu:5222' as 'test_vcnt0@vicinity.eu'
Jul 04, 2017 5:58:05 PM eu.bavenir.vicinity.gatewayapi.xmpp.XmppConnectionDescriptor buildNewConnection
CONFIG: XMPP SECURE CONNECTION IS DISABLED.
Jul 04, 2017 5:58:05 PM eu.bavenir.vicinity.gatewayapi.xmpp.XmppConnectionDescriptor connect
CONFIG: Listening for changes in roster is enabled.
Jul 04, 2017 5:58:05 PM eu.bavenir.vicinity.gatewayapi.xmpp.CommunicationNode establishConnection
INFO: XMPP connection for 'test_vcnt0' was established.
Jul 04, 2017 5:58:05 PM eu.bavenir.vicinity.gatewayapi.xmpp.CommunicationNode establishConnection
FINEST: A new connection for 'test_vcnt0' was added into connection pool.
Jul 04, 2017 5:58:05 PM eu.bavenir.vicinity.gatewayapi.restapi.security.AuthenticationVerifier verify
FINE: Valid credentials received from a client with IP 127.0.0.1.
Jul 04, 2017 5:58:06 PM eu.bavenir.vicinity.gatewayapi.xmpp.CommunicationNode isConnected
WARNING: Null record in the connection descriptor pool. XMPP user: '235ad597-008a-41eb-9d94-3efe646e37f2'.
Jul 04, 2017 5:58:06 PM eu.bavenir.vicinity.gatewayapi.xmpp.AgentCommunicator <init>
CONFIG: HTTPS protocol disabled for Agent communication
Jul 04, 2017 5:58:06 PM eu.bavenir.vicinity.gatewayapi.xmpp.XmppConnectionDescriptor buildNewConnection
CONFIG: Creating a new connection to XMPP server 'dev_be.bavenir.eu:5222' as '235ad597-008a-41eb-9d94-3efe646e37f2@vicinity.eu'
Jul 04, 2017 5:58:06 PM eu.bavenir.vicinity.gatewayapi.xmpp.XmppConnectionDescriptor buildNewConnection
CONFIG: XMPP SECURE CONNECTION IS DISABLED.
Jul 04, 2017 5:58:06 PM eu.bavenir.vicinity.gatewayapi.xmpp.XmppConnectionDescriptor connect
CONFIG: Listening for changes in roster is enabled.
Jul 04, 2017 5:58:06 PM eu.bavenir.vicinity.gatewayapi.xmpp.CommunicationNode establishConnection
INFO: XMPP connection for '235ad597-008a-41eb-9d94-3efe646e37f2' was established.
Jul 04, 2017 5:58:06 PM eu.bavenir.vicinity.gatewayapi.xmpp.CommunicationNode establishConnection
FINEST: A new connection for '235ad597-008a-41eb-9d94-3efe646e37f2' was added into connection pool.
Jul 04, 2017 5:58:06 PM eu.bavenir.vicinity.gatewayapi.restapi.security.AuthenticationVerifier verify
FINE: Valid credentials received from a client with IP 127.0.0.1.
Jul 04, 2017 5:59:19 PM eu.bavenir.vicinity.gatewayapi.restapi.security.AuthenticationVerifier verify
FINE: Valid credentials received from a client with IP 127.0.0.1.
Jul 04, 2017 5:59:19 PM eu.bavenir.vicinity.gatewayapi.xmpp.XmppConnectionDescriptor disconnect
FINE: XMPP user '235ad597-008a-41eb-9d94-3efe646e37f2' disconnected.
Jul 04, 2017 5:59:19 PM eu.bavenir.vicinity.gatewayapi.xmpp.CommunicationNode terminateConnection
INFO: Connection to XMPP for user '235ad597-008a-41eb-9d94-3efe646e37f2' destroyed.
Jul 04, 2017 5:59:19 PM eu.bavenir.vicinity.gatewayapi.restapi.security.AuthenticationVerifier verify
FINE: Valid credentials received from a client with IP 127.0.0.1.
Jul 04, 2017 5:59:19 PM eu.bavenir.vicinity.gatewayapi.xmpp.XmppConnectionDescriptor disconnect
FINE: XMPP user 'test_vcnt0' disconnected.
Jul 04, 2017 5:59:19 PM eu.bavenir.vicinity.gatewayapi.xmpp.CommunicationNode terminateConnection
INFO: Connection to XMPP for user 'test_vcnt0' destroyed.
Jul 04, 2017 5:59:43 PM eu.bavenir.vicinity.gatewayapi.xmpp.CommunicationNode isConnected
WARNING: Null record in the connection descriptor pool. XMPP user: 'test_vcnt0'.
Jul 04, 2017 5:59:43 PM eu.bavenir.vicinity.gatewayapi.xmpp.AgentCommunicator <init>
CONFIG: HTTPS protocol disabled for Agent communication
Jul 04, 2017 5:59:43 PM eu.bavenir.vicinity.gatewayapi.xmpp.XmppConnectionDescriptor buildNewConnection
CONFIG: Creating a new connection to XMPP server 'dev_be.bavenir.eu:5222' as 'test_vcnt0@vicinity.eu'
Jul 04, 2017 5:59:43 PM eu.bavenir.vicinity.gatewayapi.xmpp.XmppConnectionDescriptor buildNewConnection
CONFIG: XMPP SECURE CONNECTION IS DISABLED.
Jul 04, 2017 5:59:43 PM eu.bavenir.vicinity.gatewayapi.xmpp.XmppConnectionDescriptor connect
CONFIG: Listening for changes in roster is enabled.
Jul 04, 2017 5:59:43 PM eu.bavenir.vicinity.gatewayapi.xmpp.CommunicationNode establishConnection
INFO: XMPP connection for 'test_vcnt0' was established.
Jul 04, 2017 5:59:43 PM eu.bavenir.vicinity.gatewayapi.xmpp.CommunicationNode establishConnection
FINEST: A new connection for 'test_vcnt0' was added into connection pool.
Jul 04, 2017 5:59:43 PM eu.bavenir.vicinity.gatewayapi.restapi.security.AuthenticationVerifier verify
FINE: Valid credentials received from a client with IP 127.0.0.1.
Jul 04, 2017 5:59:43 PM eu.bavenir.vicinity.gatewayapi.xmpp.CommunicationNode isConnected
WARNING: Null record in the connection descriptor pool. XMPP user: '235ad597-008a-41eb-9d94-3efe646e37f2'.
Jul 04, 2017 5:59:43 PM eu.bavenir.vicinity.gatewayapi.xmpp.AgentCommunicator <init>
CONFIG: HTTPS protocol disabled for Agent communication
Jul 04, 2017 5:59:43 PM eu.bavenir.vicinity.gatewayapi.xmpp.XmppConnectionDescriptor buildNewConnection
CONFIG: Creating a new connection to XMPP server 'dev_be.bavenir.eu:5222' as '235ad597-008a-41eb-9d94-3efe646e37f2@vicinity.eu'
Jul 04, 2017 5:59:43 PM eu.bavenir.vicinity.gatewayapi.xmpp.XmppConnectionDescriptor buildNewConnection
CONFIG: XMPP SECURE CONNECTION IS DISABLED.
Jul 04, 2017 5:59:43 PM eu.bavenir.vicinity.gatewayapi.xmpp.XmppConnectionDescriptor connect
CONFIG: Listening for changes in roster is enabled.
Jul 04, 2017 5:59:43 PM eu.bavenir.vicinity.gatewayapi.xmpp.CommunicationNode establishConnection
INFO: XMPP connection for '235ad597-008a-41eb-9d94-3efe646e37f2' was established.
Jul 04, 2017 5:59:43 PM eu.bavenir.vicinity.gatewayapi.xmpp.CommunicationNode establishConnection
FINEST: A new connection for '235ad597-008a-41eb-9d94-3efe646e37f2' was added into connection pool.
Jul 04, 2017 5:59:44 PM eu.bavenir.vicinity.gatewayapi.restapi.security.AuthenticationVerifier verify
FINE: Valid credentials received from a client with IP 127.0.0.1.
Jul 04, 2017 6:01:05 PM eu.bavenir.vicinity.gatewayapi.restapi.security.AuthenticationVerifier verify
FINE: Valid credentials received from a client with IP 127.0.0.1.
Jul 04, 2017 6:01:05 PM eu.bavenir.vicinity.gatewayapi.xmpp.XmppConnectionDescriptor disconnect
FINE: XMPP user '235ad597-008a-41eb-9d94-3efe646e37f2' disconnected.
Jul 04, 2017 6:01:05 PM eu.bavenir.vicinity.gatewayapi.xmpp.CommunicationNode terminateConnection
INFO: Connection to XMPP for user '235ad597-008a-41eb-9d94-3efe646e37f2' destroyed.
Jul 04, 2017 6:01:05 PM eu.bavenir.vicinity.gatewayapi.restapi.security.AuthenticationVerifier verify
FINE: Valid credentials received from a client with IP 127.0.0.1.
Jul 04, 2017 6:01:06 PM eu.bavenir.vicinity.gatewayapi.xmpp.XmppConnectionDescriptor disconnect
FINE: XMPP user 'test_vcnt0' disconnected.
Jul 04, 2017 6:01:06 PM eu.bavenir.vicinity.gatewayapi.xmpp.CommunicationNode terminateConnection
INFO: Connection to XMPP for user 'test_vcnt0' destroyed.
Jul 04, 2017 6:01:19 PM eu.bavenir.vicinity.gatewayapi.xmpp.CommunicationNode isConnected
WARNING: Null record in the connection descriptor pool. XMPP user: 'test_vcnt0'.
Jul 04, 2017 6:01:19 PM eu.bavenir.vicinity.gatewayapi.xmpp.AgentCommunicator <init>
CONFIG: HTTPS protocol disabled for Agent communication
Jul 04, 2017 6:01:19 PM eu.bavenir.vicinity.gatewayapi.xmpp.XmppConnectionDescriptor buildNewConnection
CONFIG: Creating a new connection to XMPP server 'dev_be.bavenir.eu:5222' as 'test_vcnt0@vicinity.eu'
Jul 04, 2017 6:01:19 PM eu.bavenir.vicinity.gatewayapi.xmpp.XmppConnectionDescriptor buildNewConnection
CONFIG: XMPP SECURE CONNECTION IS DISABLED.
Jul 04, 2017 6:01:19 PM eu.bavenir.vicinity.gatewayapi.xmpp.XmppConnectionDescriptor connect
CONFIG: Listening for changes in roster is enabled.
Jul 04, 2017 6:01:19 PM eu.bavenir.vicinity.gatewayapi.xmpp.CommunicationNode establishConnection
INFO: XMPP connection for 'test_vcnt0' was established.
Jul 04, 2017 6:01:19 PM eu.bavenir.vicinity.gatewayapi.xmpp.CommunicationNode establishConnection
FINEST: A new connection for 'test_vcnt0' was added into connection pool.
Jul 04, 2017 6:01:19 PM eu.bavenir.vicinity.gatewayapi.restapi.security.AuthenticationVerifier verify
FINE: Valid credentials received from a client with IP 127.0.0.1.
Jul 04, 2017 6:01:20 PM eu.bavenir.vicinity.gatewayapi.xmpp.CommunicationNode isConnected
WARNING: Null record in the connection descriptor pool. XMPP user: '235ad597-008a-41eb-9d94-3efe646e37f2'.
Jul 04, 2017 6:01:20 PM eu.bavenir.vicinity.gatewayapi.xmpp.AgentCommunicator <init>
CONFIG: HTTPS protocol disabled for Agent communication
Jul 04, 2017 6:01:20 PM eu.bavenir.vicinity.gatewayapi.xmpp.XmppConnectionDescriptor buildNewConnection
CONFIG: Creating a new connection to XMPP server 'dev_be.bavenir.eu:5222' as '235ad597-008a-41eb-9d94-3efe646e37f2@vicinity.eu'
Jul 04, 2017 6:01:20 PM eu.bavenir.vicinity.gatewayapi.xmpp.XmppConnectionDescriptor buildNewConnection
CONFIG: XMPP SECURE CONNECTION IS DISABLED.
Jul 04, 2017 6:01:20 PM eu.bavenir.vicinity.gatewayapi.xmpp.XmppConnectionDescriptor connect
CONFIG: Listening for changes in roster is enabled.
Jul 04, 2017 6:01:20 PM eu.bavenir.vicinity.gatewayapi.xmpp.CommunicationNode establishConnection
INFO: XMPP connection for '235ad597-008a-41eb-9d94-3efe646e37f2' was established.
Jul 04, 2017 6:01:20 PM eu.bavenir.vicinity.gatewayapi.xmpp.CommunicationNode establishConnection
FINEST: A new connection for '235ad597-008a-41eb-9d94-3efe646e37f2' was added into connection pool.
Jul 04, 2017 6:01:20 PM eu.bavenir.vicinity.gatewayapi.restapi.security.AuthenticationVerifier verify
FINE: Valid credentials received from a client with IP 127.0.0.1.
Jul 04, 2017 6:02:54 PM eu.bavenir.vicinity.gatewayapi.restapi.security.AuthenticationVerifier verify
FINE: Valid credentials received from a client with IP 127.0.0.1.
Jul 04, 2017 6:02:54 PM eu.bavenir.vicinity.gatewayapi.xmpp.XmppConnectionDescriptor disconnect
FINE: XMPP user '235ad597-008a-41eb-9d94-3efe646e37f2' disconnected.
Jul 04, 2017 6:02:54 PM eu.bavenir.vicinity.gatewayapi.xmpp.CommunicationNode terminateConnection
INFO: Connection to XMPP for user '235ad597-008a-41eb-9d94-3efe646e37f2' destroyed.
Jul 04, 2017 6:02:55 PM eu.bavenir.vicinity.gatewayapi.restapi.security.AuthenticationVerifier verify
FINE: Valid credentials received from a client with IP 127.0.0.1.
Jul 04, 2017 6:02:55 PM eu.bavenir.vicinity.gatewayapi.xmpp.XmppConnectionDescriptor disconnect
FINE: XMPP user 'test_vcnt0' disconnected.
Jul 04, 2017 6:02:55 PM eu.bavenir.vicinity.gatewayapi.xmpp.CommunicationNode terminateConnection
INFO: Connection to XMPP for user 'test_vcnt0' destroyed.
Jul 04, 2017 6:03:10 PM eu.bavenir.vicinity.gatewayapi.xmpp.CommunicationNode isConnected
WARNING: Null record in the connection descriptor pool. XMPP user: 'test_vcnt0'.
Jul 04, 2017 6:03:10 PM eu.bavenir.vicinity.gatewayapi.xmpp.AgentCommunicator <init>
CONFIG: HTTPS protocol disabled for Agent communication
Jul 04, 2017 6:03:10 PM eu.bavenir.vicinity.gatewayapi.xmpp.XmppConnectionDescriptor buildNewConnection
CONFIG: Creating a new connection to XMPP server 'dev_be.bavenir.eu:5222' as 'test_vcnt0@vicinity.eu'
Jul 04, 2017 6:03:10 PM eu.bavenir.vicinity.gatewayapi.xmpp.XmppConnectionDescriptor buildNewConnection
CONFIG: XMPP SECURE CONNECTION IS DISABLED.
Jul 04, 2017 6:03:10 PM eu.bavenir.vicinity.gatewayapi.xmpp.XmppConnectionDescriptor connect
CONFIG: Listening for changes in roster is enabled.
Jul 04, 2017 6:03:10 PM eu.bavenir.vicinity.gatewayapi.xmpp.CommunicationNode establishConnection
INFO: XMPP connection for 'test_vcnt0' was established.
Jul 04, 2017 6:03:10 PM eu.bavenir.vicinity.gatewayapi.xmpp.CommunicationNode establishConnection
FINEST: A new connection for 'test_vcnt0' was added into connection pool.
Jul 04, 2017 6:03:10 PM eu.bavenir.vicinity.gatewayapi.restapi.security.AuthenticationVerifier verify
FINE: Valid credentials received from a client with IP 127.0.0.1.
Jul 04, 2017 6:03:11 PM eu.bavenir.vicinity.gatewayapi.xmpp.CommunicationNode isConnected
WARNING: Null record in the connection descriptor pool. XMPP user: '235ad597-008a-41eb-9d94-3efe646e37f2'.
Jul 04, 2017 6:03:11 PM eu.bavenir.vicinity.gatewayapi.xmpp.AgentCommunicator <init>
CONFIG: HTTPS protocol disabled for Agent communication
Jul 04, 2017 6:03:11 PM eu.bavenir.vicinity.gatewayapi.xmpp.XmppConnectionDescriptor buildNewConnection
CONFIG: Creating a new connection to XMPP server 'dev_be.bavenir.eu:5222' as '235ad597-008a-41eb-9d94-3efe646e37f2@vicinity.eu'
Jul 04, 2017 6:03:11 PM eu.bavenir.vicinity.gatewayapi.xmpp.XmppConnectionDescriptor buildNewConnection
CONFIG: XMPP SECURE CONNECTION IS DISABLED.
Jul 04, 2017 6:03:11 PM eu.bavenir.vicinity.gatewayapi.xmpp.XmppConnectionDescriptor connect
CONFIG: Listening for changes in roster is enabled.
Jul 04, 2017 6:03:11 PM eu.bavenir.vicinity.gatewayapi.xmpp.CommunicationNode establishConnection
INFO: XMPP connection for '235ad597-008a-41eb-9d94-3efe646e37f2' was established.
Jul 04, 2017 6:03:11 PM eu.bavenir.vicinity.gatewayapi.xmpp.CommunicationNode establishConnection
FINEST: A new connection for '235ad597-008a-41eb-9d94-3efe646e37f2' was added into connection pool.
Jul 04, 2017 6:03:11 PM eu.bavenir.vicinity.gatewayapi.restapi.security.AuthenticationVerifier verify
FINE: Valid credentials received from a client with IP 127.0.0.1.
Jul 04, 2017 6:04:34 PM eu.bavenir.vicinity.gatewayapi.restapi.security.AuthenticationVerifier verify
FINE: Valid credentials received from a client with IP 127.0.0.1.
Jul 04, 2017 6:05:57 PM eu.bavenir.vicinity.gatewayapi.restapi.security.AuthenticationVerifier verify
FINE: Valid credentials received from a client with IP 127.0.0.1.
Jul 04, 2017 6:06:26 PM eu.bavenir.vicinity.gatewayapi.restapi.security.AuthenticationVerifier verify
FINE: Valid credentials received from a client with IP 127.0.0.1.
